<!DOCTYPE html>
<html>
<head>
<meta http-equiv="Content-Type" content="text/html; charset=utf-8"/>
<meta http-equiv="x-ua-compatible" content="IE=edge"/>
<title>Test results - Class com.commercetools.pspadapter.payone.PaymentHandlerTest</title>
<link href="../css/base-style.css" rel="stylesheet" type="text/css"/>
<link href="../css/style.css" rel="stylesheet" type="text/css"/>
<script src="../js/report.js" type="text/javascript"></script>
</head>
<body>
<div id="content">
<h1>Class com.commercetools.pspadapter.payone.PaymentHandlerTest</h1>
<div class="breadcrumbs">
<a href="../index.html">all</a> &gt; 
<a href="../packages/com.commercetools.pspadapter.payone.html">com.commercetools.pspadapter.payone</a> &gt; PaymentHandlerTest</div>
<div id="summary">
<table>
<tr>
<td>
<div class="summaryGroup">
<table>
<tr>
<td>
<div class="infoBox" id="tests">
<div class="counter">9</div>
<p>tests</p>
</div>
</td>
<td>
<div class="infoBox" id="failures">
<div class="counter">2</div>
<p>failures</p>
</div>
</td>
<td>
<div class="infoBox" id="ignored">
<div class="counter">0</div>
<p>ignored</p>
</div>
</td>
<td>
<div class="infoBox" id="duration">
<div class="counter">2.408s</div>
<p>duration</p>
</div>
</td>
</tr>
</table>
</div>
</td>
<td>
<div class="infoBox failures" id="successRate">
<div class="percent">77%</div>
<p>successful</p>
</div>
</td>
</tr>
</table>
</div>
<div id="tabs">
<ul class="tabLinks">
<li>
<a href="#tab0">Failed tests</a>
</li>
<li>
<a href="#tab1">Tests</a>
</li>
<li>
<a href="#tab2">Standard output</a>
</li>
</ul>
<div id="tab0" class="tab">
<h2>Failed tests</h2>
<div class="test">
<a name="returnsStatusCodeNotFound404InCaseOfCartLikeMissing"></a>
<h3 class="failures">returnsStatusCodeNotFound404InCaseOfCartLikeMissing</h3>
<span class="code">
<pre>java.lang.AssertionError: 
Expecting:
 &lt;&quot;Error on processing payment with ID [129959377] as payment or cart could not be found&quot;&gt;
to contain:
 &lt;&quot;Could not process payment with ID [129959377]: order or cart not found&quot;&gt; 
	at com.commercetools.pspadapter.payone.PaymentHandlerTest.returnsStatusCodeNotFound404InCaseOfCartLikeMissing(PaymentHandlerTest.java:169)
	at sun.reflect.NativeMethodAccessorImpl.invoke0(Native Method)
	at sun.reflect.NativeMethodAccessorImpl.invoke(NativeMethodAccessorImpl.java:62)
	at sun.reflect.DelegatingMethodAccessorImpl.invoke(DelegatingMethodAccessorImpl.java:43)
	at java.lang.reflect.Method.invoke(Method.java:498)
	at org.junit.runners.model.FrameworkMethod$1.runReflectiveCall(FrameworkMethod.java:50)
	at org.junit.internal.runners.model.ReflectiveCallable.run(ReflectiveCallable.java:12)
	at org.junit.runners.model.FrameworkMethod.invokeExplosively(FrameworkMethod.java:47)
	at org.junit.internal.runners.statements.InvokeMethod.evaluate(InvokeMethod.java:17)
	at org.junit.internal.runners.statements.RunBefores.evaluate(RunBefores.java:26)
	at org.mockito.internal.junit.JUnitRule$1.evaluate(JUnitRule.java:16)
	at org.junit.runners.ParentRunner.runLeaf(ParentRunner.java:325)
	at org.junit.runners.BlockJUnit4ClassRunner.runChild(BlockJUnit4ClassRunner.java:78)
	at org.junit.runners.BlockJUnit4ClassRunner.runChild(BlockJUnit4ClassRunner.java:57)
	at org.junit.runners.ParentRunner$3.run(ParentRunner.java:290)
	at org.junit.runners.ParentRunner$1.schedule(ParentRunner.java:71)
	at org.junit.runners.ParentRunner.runChildren(ParentRunner.java:288)
	at org.junit.runners.ParentRunner.access$000(ParentRunner.java:58)
	at org.junit.runners.ParentRunner$2.evaluate(ParentRunner.java:268)
	at org.junit.runners.ParentRunner.run(ParentRunner.java:363)
	at org.gradle.api.internal.tasks.testing.junit.JUnitTestClassExecuter.runTestClass(JUnitTestClassExecuter.java:114)
	at org.gradle.api.internal.tasks.testing.junit.JUnitTestClassExecuter.execute(JUnitTestClassExecuter.java:57)
	at org.gradle.api.internal.tasks.testing.junit.JUnitTestClassProcessor.processTestClass(JUnitTestClassProcessor.java:66)
	at org.gradle.api.internal.tasks.testing.SuiteTestClassProcessor.processTestClass(SuiteTestClassProcessor.java:51)
	at sun.reflect.GeneratedMethodAccessor60.invoke(Unknown Source)
	at sun.reflect.DelegatingMethodAccessorImpl.invoke(DelegatingMethodAccessorImpl.java:43)
	at java.lang.reflect.Method.invoke(Method.java:498)
	at org.gradle.internal.dispatch.ReflectionDispatch.dispatch(ReflectionDispatch.java:35)
	at org.gradle.internal.dispatch.ReflectionDispatch.dispatch(ReflectionDispatch.java:24)
	at org.gradle.internal.dispatch.ContextClassLoaderDispatch.dispatch(ContextClassLoaderDispatch.java:32)
	at org.gradle.internal.dispatch.ProxyDispatchAdapter$DispatchingInvocationHandler.invoke(ProxyDispatchAdapter.java:93)
	at com.sun.proxy.$Proxy1.processTestClass(Unknown Source)
	at org.gradle.api.internal.tasks.testing.worker.TestWorker.processTestClass(TestWorker.java:108)
	at sun.reflect.GeneratedMethodAccessor59.invoke(Unknown Source)
	at sun.reflect.DelegatingMethodAccessorImpl.invoke(DelegatingMethodAccessorImpl.java:43)
	at java.lang.reflect.Method.invoke(Method.java:498)
	at org.gradle.internal.dispatch.ReflectionDispatch.dispatch(ReflectionDispatch.java:35)
	at org.gradle.internal.dispatch.ReflectionDispatch.dispatch(ReflectionDispatch.java:24)
	at org.gradle.internal.remote.internal.hub.MessageHubBackedObjectConnection$DispatchWrapper.dispatch(MessageHubBackedObjectConnection.java:146)
	at org.gradle.internal.remote.internal.hub.MessageHubBackedObjectConnection$DispatchWrapper.dispatch(MessageHubBackedObjectConnection.java:128)
	at org.gradle.internal.remote.internal.hub.MessageHub$Handler.run(MessageHub.java:404)
	at org.gradle.internal.concurrent.ExecutorPolicy$CatchAndRecordFailures.onExecute(ExecutorPolicy.java:63)
	at org.gradle.internal.concurrent.ManagedExecutorImpl$1.run(ManagedExecutorImpl.java:46)
	at java.util.concurrent.ThreadPoolExecutor.runWorker(ThreadPoolExecutor.java:1149)
	at java.util.concurrent.ThreadPoolExecutor$Worker.run(ThreadPoolExecutor.java:624)
	at org.gradle.internal.concurrent.ThreadFactoryImpl$ManagedThreadRunnable.run(ThreadFactoryImpl.java:55)
	at java.lang.Thread.run(Thread.java:748)
</pre>
</span>
</div>
<div class="test">
<a name="returnsStatusCodeNotFound404InCaseOfUnknownPayment"></a>
<h3 class="failures">returnsStatusCodeNotFound404InCaseOfUnknownPayment</h3>
<span class="code">
<pre>java.lang.AssertionError: 
Expecting:
 &lt;&quot;Error on processing payment with ID [670610794] as payment or cart could not be found&quot;&gt;
to contain:
 &lt;&quot;Could not process payment with ID [670610794]: order or cart not found&quot;&gt; 
	at com.commercetools.pspadapter.payone.PaymentHandlerTest.returnsStatusCodeNotFound404InCaseOfUnknownPayment(PaymentHandlerTest.java:152)
	at sun.reflect.NativeMethodAccessorImpl.invoke0(Native Method)
	at sun.reflect.NativeMethodAccessorImpl.invoke(NativeMethodAccessorImpl.java:62)
	at sun.reflect.DelegatingMethodAccessorImpl.invoke(DelegatingMethodAccessorImpl.java:43)
	at java.lang.reflect.Method.invoke(Method.java:498)
	at org.junit.runners.model.FrameworkMethod$1.runReflectiveCall(FrameworkMethod.java:50)
	at org.junit.internal.runners.model.ReflectiveCallable.run(ReflectiveCallable.java:12)
	at org.junit.runners.model.FrameworkMethod.invokeExplosively(FrameworkMethod.java:47)
	at org.junit.internal.runners.statements.InvokeMethod.evaluate(InvokeMethod.java:17)
	at org.junit.internal.runners.statements.RunBefores.evaluate(RunBefores.java:26)
	at org.mockito.internal.junit.JUnitRule$1.evaluate(JUnitRule.java:16)
	at org.junit.runners.ParentRunner.runLeaf(ParentRunner.java:325)
	at org.junit.runners.BlockJUnit4ClassRunner.runChild(BlockJUnit4ClassRunner.java:78)
	at org.junit.runners.BlockJUnit4ClassRunner.runChild(BlockJUnit4ClassRunner.java:57)
	at org.junit.runners.ParentRunner$3.run(ParentRunner.java:290)
	at org.junit.runners.ParentRunner$1.schedule(ParentRunner.java:71)
	at org.junit.runners.ParentRunner.runChildren(ParentRunner.java:288)
	at org.junit.runners.ParentRunner.access$000(ParentRunner.java:58)
	at org.junit.runners.ParentRunner$2.evaluate(ParentRunner.java:268)
	at org.junit.runners.ParentRunner.run(ParentRunner.java:363)
	at org.gradle.api.internal.tasks.testing.junit.JUnitTestClassExecuter.runTestClass(JUnitTestClassExecuter.java:114)
	at org.gradle.api.internal.tasks.testing.junit.JUnitTestClassExecuter.execute(JUnitTestClassExecuter.java:57)
	at org.gradle.api.internal.tasks.testing.junit.JUnitTestClassProcessor.processTestClass(JUnitTestClassProcessor.java:66)
	at org.gradle.api.internal.tasks.testing.SuiteTestClassProcessor.processTestClass(SuiteTestClassProcessor.java:51)
	at sun.reflect.GeneratedMethodAccessor60.invoke(Unknown Source)
	at sun.reflect.DelegatingMethodAccessorImpl.invoke(DelegatingMethodAccessorImpl.java:43)
	at java.lang.reflect.Method.invoke(Method.java:498)
	at org.gradle.internal.dispatch.ReflectionDispatch.dispatch(ReflectionDispatch.java:35)
	at org.gradle.internal.dispatch.ReflectionDispatch.dispatch(ReflectionDispatch.java:24)
	at org.gradle.internal.dispatch.ContextClassLoaderDispatch.dispatch(ContextClassLoaderDispatch.java:32)
	at org.gradle.internal.dispatch.ProxyDispatchAdapter$DispatchingInvocationHandler.invoke(ProxyDispatchAdapter.java:93)
	at com.sun.proxy.$Proxy1.processTestClass(Unknown Source)
	at org.gradle.api.internal.tasks.testing.worker.TestWorker.processTestClass(TestWorker.java:108)
	at sun.reflect.GeneratedMethodAccessor59.invoke(Unknown Source)
	at sun.reflect.DelegatingMethodAccessorImpl.invoke(DelegatingMethodAccessorImpl.java:43)
	at java.lang.reflect.Method.invoke(Method.java:498)
	at org.gradle.internal.dispatch.ReflectionDispatch.dispatch(ReflectionDispatch.java:35)
	at org.gradle.internal.dispatch.ReflectionDispatch.dispatch(ReflectionDispatch.java:24)
	at org.gradle.internal.remote.internal.hub.MessageHubBackedObjectConnection$DispatchWrapper.dispatch(MessageHubBackedObjectConnection.java:146)
	at org.gradle.internal.remote.internal.hub.MessageHubBackedObjectConnection$DispatchWrapper.dispatch(MessageHubBackedObjectConnection.java:128)
	at org.gradle.internal.remote.internal.hub.MessageHub$Handler.run(MessageHub.java:404)
	at org.gradle.internal.concurrent.ExecutorPolicy$CatchAndRecordFailures.onExecute(ExecutorPolicy.java:63)
	at org.gradle.internal.concurrent.ManagedExecutorImpl$1.run(ManagedExecutorImpl.java:46)
	at java.util.concurrent.ThreadPoolExecutor.runWorker(ThreadPoolExecutor.java:1149)
	at java.util.concurrent.ThreadPoolExecutor$Worker.run(ThreadPoolExecutor.java:624)
	at org.gradle.internal.concurrent.ThreadFactoryImpl$ManagedThreadRunnable.run(ThreadFactoryImpl.java:55)
	at java.lang.Thread.run(Thread.java:748)
</pre>
</span>
</div>
</div>
<div id="tab1" class="tab">
<h2>Tests</h2>
<table>
<thead>
<tr>
<th>Test</th>
<th>Duration</th>
<th>Result</th>
</tr>
</thead>
<tr>
<td class="success">returnsStatusCodeAccepted202InCaseOfOngoingConcurrentPaymentHandling</td>
<td>2.019s</td>
<td class="success">passed</td>
</tr>
<tr>
<td class="success">returnsStatusCodeBadRequest400InCaseOfPaymentWithOtherPaymentInterface</td>
<td>0.002s</td>
<td class="success">passed</td>
</tr>
<tr>
<td class="success">returnsStatusCodeInternalServerError500InCaseOfUnexpectedExceptionFromCommercetoolsQuery</td>
<td>0.007s</td>
<td class="success">passed</td>
</tr>
<tr>
<td class="success">returnsStatusCodeInternalServerError500InCaseOfUnexpectedExceptionFromPaymentDispatcher</td>
<td>0.014s</td>
<td class="success">passed</td>
</tr>
<tr>
<td class="success">returnsStatusCodeInternalServerError500InCaseOfUnexpectedExceptionFromPaymentWithCartLike</td>
<td>0.005s</td>
<td class="success">passed</td>
</tr>
<tr>
<td class="failures">returnsStatusCodeNotFound404InCaseOfCartLikeMissing</td>
<td>0.009s</td>
<td class="failures">failed</td>
</tr>
<tr>
<td class="failures">returnsStatusCodeNotFound404InCaseOfUnknownPayment</td>
<td>0.034s</td>
<td class="failures">failed</td>
</tr>
<tr>
<td class="success">returnsStatusCodeOk200InCaseOfSuccessfulConcurrentPaymentHandling</td>
<td>0.313s</td>
<td class="success">passed</td>
</tr>
<tr>
<td class="success">returnsStatusCodeOk200InCaseOfSuccessfulPaymentHandling</td>
<td>0.005s</td>
<td class="success">passed</td>
</tr>
</table>
</div>
<div id="tab2" class="tab">
<h2>Standard output</h2>
<span class="code">
<pre>15:05:19.027 ?[1;31m[ERROR]?[0;39m ?[36mc.c.p.p.PaymentHandler[tenant testTenantName]?[0;39m [Test worker] - Error on processing payment with ID [670610794] as payment or cart could not be found
io.sphere.sdk.client.NotFoundException: http response: &lt;unknown&gt;
SDK: 1.29.0
project: &lt;unknown&gt;
Java: 1.8.0_151
cwd: /home/travis/build/commercetools/commercetools-payone-integration/service
sphere request: &lt;unknown&gt;
additional notes: []
Javadoc: http://commercetools.github.io/commercetools-jvm-sdk/apidocs/io/sphere/sdk/client/NotFoundException.html

	at org.junit.runners.ParentRunner.runLeaf(ParentRunner.java:325)
	at org.junit.runners.BlockJUnit4ClassRunner.runChild(BlockJUnit4ClassRunner.java:78)
	at org.junit.runners.BlockJUnit4ClassRunner.runChild(BlockJUnit4ClassRunner.java:57)
	at org.junit.runners.ParentRunner$3.run(ParentRunner.java:290)
	at org.junit.runners.ParentRunner$1.schedule(ParentRunner.java:71)
	at org.junit.runners.ParentRunner.runChildren(ParentRunner.java:288)
	at org.junit.runners.ParentRunner.access$000(ParentRunner.java:58)
	at org.junit.runners.ParentRunner$2.evaluate(ParentRunner.java:268)
	at org.junit.runners.ParentRunner.run(ParentRunner.java:363)
	at org.gradle.api.internal.tasks.testing.junit.JUnitTestClassExecuter.runTestClass(JUnitTestClassExecuter.java:114)
15:05:19.055 ?[31m[WARN ]?[0;39m ?[36mc.c.p.p.PaymentHandler[tenant testTenantName]?[0;39m [Test worker] - Exception on dispatchPayment with id [425978197]. Retry 1 of 20
15:05:19.156 ?[31m[WARN ]?[0;39m ?[36mc.c.p.p.PaymentHandler[tenant testTenantName]?[0;39m [Test worker] - Exception on dispatchPayment with id [425978197]. Retry 2 of 20
15:05:19.257 ?[31m[WARN ]?[0;39m ?[36mc.c.p.p.PaymentHandler[tenant testTenantName]?[0;39m [Test worker] - Exception on dispatchPayment with id [425978197]. Retry 3 of 20
15:05:19.364 ?[1;31m[ERROR]?[0;39m ?[36mc.c.p.p.PaymentHandler[tenant testTenantName]?[0;39m [Test worker] - Completion exception error: com.commercetools.pspadapter.payone.PaymentHandlerTest$1: 242002176
Cause: null
15:05:19.367 ?[31m[WARN ]?[0;39m ?[36mc.c.p.p.PaymentHandler[tenant testTenantName]?[0;39m [Test worker] - Wrong payment interface name: expected [TestIntegrationServicePaymentMethodName], found [other than TestIntegrationServicePaymentMethodName]
15:05:19.389 ?[31m[WARN ]?[0;39m ?[36mc.c.p.p.PaymentHandler[tenant testTenantName]?[0;39m [Test worker] - Exception on dispatchPayment with id [130513059]. Retry 1 of 20
15:05:19.497 ?[31m[WARN ]?[0;39m ?[36mc.c.p.p.PaymentHandler[tenant testTenantName]?[0;39m [Test worker] - Exception on dispatchPayment with id [130513059]. Retry 2 of 20
15:05:19.598 ?[31m[WARN ]?[0;39m ?[36mc.c.p.p.PaymentHandler[tenant testTenantName]?[0;39m [Test worker] - Exception on dispatchPayment with id [130513059]. Retry 3 of 20
15:05:19.698 ?[31m[WARN ]?[0;39m ?[36mc.c.p.p.PaymentHandler[tenant testTenantName]?[0;39m [Test worker] - Exception on dispatchPayment with id [130513059]. Retry 4 of 20
15:05:19.798 ?[31m[WARN ]?[0;39m ?[36mc.c.p.p.PaymentHandler[tenant testTenantName]?[0;39m [Test worker] - Exception on dispatchPayment with id [130513059]. Retry 5 of 20
15:05:19.899 ?[31m[WARN ]?[0;39m ?[36mc.c.p.p.PaymentHandler[tenant testTenantName]?[0;39m [Test worker] - Exception on dispatchPayment with id [130513059]. Retry 6 of 20
15:05:19.999 ?[31m[WARN ]?[0;39m ?[36mc.c.p.p.PaymentHandler[tenant testTenantName]?[0;39m [Test worker] - Exception on dispatchPayment with id [130513059]. Retry 7 of 20
15:05:20.100 ?[31m[WARN ]?[0;39m ?[36mc.c.p.p.PaymentHandler[tenant testTenantName]?[0;39m [Test worker] - Exception on dispatchPayment with id [130513059]. Retry 8 of 20
15:05:20.200 ?[31m[WARN ]?[0;39m ?[36mc.c.p.p.PaymentHandler[tenant testTenantName]?[0;39m [Test worker] - Exception on dispatchPayment with id [130513059]. Retry 9 of 20
15:05:20.301 ?[31m[WARN ]?[0;39m ?[36mc.c.p.p.PaymentHandler[tenant testTenantName]?[0;39m [Test worker] - Exception on dispatchPayment with id [130513059]. Retry 10 of 20
15:05:20.401 ?[31m[WARN ]?[0;39m ?[36mc.c.p.p.PaymentHandler[tenant testTenantName]?[0;39m [Test worker] - Exception on dispatchPayment with id [130513059]. Retry 11 of 20
15:05:20.502 ?[31m[WARN ]?[0;39m ?[36mc.c.p.p.PaymentHandler[tenant testTenantName]?[0;39m [Test worker] - Exception on dispatchPayment with id [130513059]. Retry 12 of 20
15:05:20.602 ?[31m[WARN ]?[0;39m ?[36mc.c.p.p.PaymentHandler[tenant testTenantName]?[0;39m [Test worker] - Exception on dispatchPayment with id [130513059]. Retry 13 of 20
15:05:20.703 ?[31m[WARN ]?[0;39m ?[36mc.c.p.p.PaymentHandler[tenant testTenantName]?[0;39m [Test worker] - Exception on dispatchPayment with id [130513059]. Retry 14 of 20
15:05:20.803 ?[31m[WARN ]?[0;39m ?[36mc.c.p.p.PaymentHandler[tenant testTenantName]?[0;39m [Test worker] - Exception on dispatchPayment with id [130513059]. Retry 15 of 20
15:05:20.903 ?[31m[WARN ]?[0;39m ?[36mc.c.p.p.PaymentHandler[tenant testTenantName]?[0;39m [Test worker] - Exception on dispatchPayment with id [130513059]. Retry 16 of 20
15:05:21.004 ?[31m[WARN ]?[0;39m ?[36mc.c.p.p.PaymentHandler[tenant testTenantName]?[0;39m [Test worker] - Exception on dispatchPayment with id [130513059]. Retry 17 of 20
15:05:21.104 ?[31m[WARN ]?[0;39m ?[36mc.c.p.p.PaymentHandler[tenant testTenantName]?[0;39m [Test worker] - Exception on dispatchPayment with id [130513059]. Retry 18 of 20
15:05:21.205 ?[31m[WARN ]?[0;39m ?[36mc.c.p.p.PaymentHandler[tenant testTenantName]?[0;39m [Test worker] - Exception on dispatchPayment with id [130513059]. Retry 19 of 20
15:05:21.305 ?[31m[WARN ]?[0;39m ?[36mc.c.p.p.PaymentHandler[tenant testTenantName]?[0;39m [Test worker] - Exception on dispatchPayment with id [130513059]. Retry 20 of 20
15:05:21.405 ?[1;31m[ERROR]?[0;39m ?[36mc.c.p.p.PaymentHandler[tenant testTenantName]?[0;39m [Test worker] - The payment [130513059] couldn't be processed after 20 retries
15:05:21.411 ?[1;31m[ERROR]?[0;39m ?[36mc.c.p.p.PaymentHandler[tenant testTenantName]?[0;39m [Test worker] - Error in response: 
java.lang.RuntimeException: 617720737
	at org.junit.runners.ParentRunner.runLeaf(ParentRunner.java:325)
	at org.junit.runners.BlockJUnit4ClassRunner.runChild(BlockJUnit4ClassRunner.java:78)
	at org.junit.runners.BlockJUnit4ClassRunner.runChild(BlockJUnit4ClassRunner.java:57)
	at org.junit.runners.ParentRunner$3.run(ParentRunner.java:290)
	at org.junit.runners.ParentRunner$1.schedule(ParentRunner.java:71)
	at org.junit.runners.ParentRunner.runChildren(ParentRunner.java:288)
	at org.junit.runners.ParentRunner.access$000(ParentRunner.java:58)
	at org.junit.runners.ParentRunner$2.evaluate(ParentRunner.java:268)
	at org.junit.runners.ParentRunner.run(ParentRunner.java:363)
	at org.gradle.api.internal.tasks.testing.junit.JUnitTestClassExecuter.runTestClass(JUnitTestClassExecuter.java:114)
15:05:21.419 ?[1;31m[ERROR]?[0;39m ?[36mc.c.p.p.PaymentHandler[tenant testTenantName]?[0;39m [Test worker] - Error on processing payment with ID [129959377] as payment or cart could not be found
com.commercetools.pspadapter.payone.domain.ctp.exceptions.NoCartLikeFoundException: No Order or Cart found for the payment
	at org.junit.runners.ParentRunner.runLeaf(ParentRunner.java:325)
	at org.junit.runners.BlockJUnit4ClassRunner.runChild(BlockJUnit4ClassRunner.java:78)
	at org.junit.runners.BlockJUnit4ClassRunner.runChild(BlockJUnit4ClassRunner.java:57)
	at org.junit.runners.ParentRunner$3.run(ParentRunner.java:290)
	at org.junit.runners.ParentRunner$1.schedule(ParentRunner.java:71)
	at org.junit.runners.ParentRunner.runChildren(ParentRunner.java:288)
	at org.junit.runners.ParentRunner.access$000(ParentRunner.java:58)
	at org.junit.runners.ParentRunner$2.evaluate(ParentRunner.java:268)
	at org.junit.runners.ParentRunner.run(ParentRunner.java:363)
	at org.gradle.api.internal.tasks.testing.junit.JUnitTestClassExecuter.runTestClass(JUnitTestClassExecuter.java:114)
</pre>
</span>
</div>
</div>
<div id="footer">
<p>
<div>
<label class="hidden" id="label-for-line-wrapping-toggle" for="line-wrapping-toggle">Wrap lines
<input id="line-wrapping-toggle" type="checkbox" autocomplete="off"/>
</label>
</div>Generated by 
<a href="http://www.gradle.org">Gradle 4.5.1</a> at Sep 4, 2019 3:09:48 PM</p>
</div>
</div>
</body>
</html>
