<!DOCTYPE html>
<html>
<head>
<meta http-equiv="Content-Type" content="text/html; charset=utf-8"/>
<meta http-equiv="x-ua-compatible" content="IE=edge"/>
<title>Test results - Class com.commercetools.pspadapter.payone.IntegrationServiceTest</title>
<link href="../css/base-style.css" rel="stylesheet" type="text/css"/>
<link href="../css/style.css" rel="stylesheet" type="text/css"/>
<script src="../js/report.js" type="text/javascript"></script>
</head>
<body>
<div id="content">
<h1>Class com.commercetools.pspadapter.payone.IntegrationServiceTest</h1>
<div class="breadcrumbs">
<a href="../index.html">all</a> &gt; 
<a href="../packages/com.commercetools.pspadapter.payone.html">com.commercetools.pspadapter.payone</a> &gt; IntegrationServiceTest</div>
<div id="summary">
<table>
<tr>
<td>
<div class="summaryGroup">
<table>
<tr>
<td>
<div class="infoBox" id="tests">
<div class="counter">3</div>
<p>tests</p>
</div>
</td>
<td>
<div class="infoBox" id="failures">
<div class="counter">0</div>
<p>failures</p>
</div>
</td>
<td>
<div class="infoBox" id="ignored">
<div class="counter">0</div>
<p>ignored</p>
</div>
</td>
<td>
<div class="infoBox" id="duration">
<div class="counter">0.093s</div>
<p>duration</p>
</div>
</td>
</tr>
</table>
</div>
</td>
<td>
<div class="infoBox success" id="successRate">
<div class="percent">100%</div>
<p>successful</p>
</div>
</td>
</tr>
</table>
</div>
<div id="tabs">
<ul class="tabLinks">
<li>
<a href="#tab0">Tests</a>
</li>
<li>
<a href="#tab1">Standard output</a>
</li>
</ul>
<div id="tab0" class="tab">
<h2>Tests</h2>
<table>
<thead>
<tr>
<th>Test</th>
<th>Duration</th>
<th>Result</th>
</tr>
</thead>
<tr>
<td class="success">createHealthResponse_allTenantsAreNotWorking_shouldReturnErrorStatus</td>
<td>0.065s</td>
<td class="success">passed</td>
</tr>
<tr>
<td class="success">createHealthResponse_oneTenantIsNotWorking_shouldReturnErrorStatus</td>
<td>0.017s</td>
<td class="success">passed</td>
</tr>
<tr>
<td class="success">createHealthResponse_tenantConfigIsWorking_shouldReturnOkStatus</td>
<td>0.011s</td>
<td class="success">passed</td>
</tr>
</table>
</div>
<div id="tab1" class="tab">
<h2>Standard output</h2>
<span class="code">
<pre>10:36:08.770 ?[1;31m[ERROR]?[0;39m ?[36mc.c.p.p.IntegrationService?[0;39m [Test worker] - Cannot query payments for the tenant tenant1
io.sphere.sdk.client.SphereTimeoutException: http response: &lt;unknown&gt;
SDK: 1.29.0
project: &lt;unknown&gt;
Java: 1.8.0_151
cwd: /home/travis/build/commercetools/commercetools-payone-integration/service
sphere request: &lt;unknown&gt;
additional notes: []
Javadoc: http://commercetools.github.io/commercetools-jvm-sdk/apidocs/io/sphere/sdk/client/SphereTimeoutException.html

	at com.commercetools.pspadapter.payone.IntegrationServiceTest.createTenantFactory(IntegrationServiceTest.java:81)
	at com.commercetools.pspadapter.payone.IntegrationServiceTest.createHealthResponse_allTenantsAreNotWorking_shouldReturnErrorStatus(IntegrationServiceTest.java:49)
	at sun.reflect.NativeMethodAccessorImpl.invoke0(Native Method)
	at sun.reflect.NativeMethodAccessorImpl.invoke(NativeMethodAccessorImpl.java:62)
	at sun.reflect.DelegatingMethodAccessorImpl.invoke(DelegatingMethodAccessorImpl.java:43)
	at java.lang.reflect.Method.invoke(Method.java:498)
	at org.junit.runners.model.FrameworkMethod$1.runReflectiveCall(FrameworkMethod.java:50)
	at org.junit.internal.runners.model.ReflectiveCallable.run(ReflectiveCallable.java:12)
	at org.junit.runners.model.FrameworkMethod.invokeExplosively(FrameworkMethod.java:47)
	at org.junit.internal.runners.statements.InvokeMethod.evaluate(InvokeMethod.java:17)
Caused by: java.util.concurrent.TimeoutException: null
	at com.commercetools.pspadapter.payone.IntegrationServiceTest.createTenantFactory(IntegrationServiceTest.java:81)
	at com.commercetools.pspadapter.payone.IntegrationServiceTest.createHealthResponse_allTenantsAreNotWorking_shouldReturnErrorStatus(IntegrationServiceTest.java:49)
	at sun.reflect.NativeMethodAccessorImpl.invoke0(Native Method)
	at sun.reflect.NativeMethodAccessorImpl.invoke(NativeMethodAccessorImpl.java:62)
	at sun.reflect.DelegatingMethodAccessorImpl.invoke(DelegatingMethodAccessorImpl.java:43)
	at java.lang.reflect.Method.invoke(Method.java:498)
	at org.junit.runners.model.FrameworkMethod$1.runReflectiveCall(FrameworkMethod.java:50)
	at org.junit.internal.runners.model.ReflectiveCallable.run(ReflectiveCallable.java:12)
	at org.junit.runners.model.FrameworkMethod.invokeExplosively(FrameworkMethod.java:47)
	at org.junit.internal.runners.statements.InvokeMethod.evaluate(InvokeMethod.java:17)
10:36:08.771 ?[1;31m[ERROR]?[0;39m ?[36mc.c.p.p.IntegrationService?[0;39m [Test worker] - Cannot query payments for the tenant tenant2
io.sphere.sdk.client.SphereTimeoutException: http response: &lt;unknown&gt;
SDK: 1.29.0
project: &lt;unknown&gt;
Java: 1.8.0_151
cwd: /home/travis/build/commercetools/commercetools-payone-integration/service
sphere request: &lt;unknown&gt;
additional notes: []
Javadoc: http://commercetools.github.io/commercetools-jvm-sdk/apidocs/io/sphere/sdk/client/SphereTimeoutException.html

	at com.commercetools.pspadapter.payone.IntegrationServiceTest.createTenantFactory(IntegrationServiceTest.java:81)
	at com.commercetools.pspadapter.payone.IntegrationServiceTest.createHealthResponse_allTenantsAreNotWorking_shouldReturnErrorStatus(IntegrationServiceTest.java:50)
	at sun.reflect.NativeMethodAccessorImpl.invoke0(Native Method)
	at sun.reflect.NativeMethodAccessorImpl.invoke(NativeMethodAccessorImpl.java:62)
	at sun.reflect.DelegatingMethodAccessorImpl.invoke(DelegatingMethodAccessorImpl.java:43)
	at java.lang.reflect.Method.invoke(Method.java:498)
	at org.junit.runners.model.FrameworkMethod$1.runReflectiveCall(FrameworkMethod.java:50)
	at org.junit.internal.runners.model.ReflectiveCallable.run(ReflectiveCallable.java:12)
	at org.junit.runners.model.FrameworkMethod.invokeExplosively(FrameworkMethod.java:47)
	at org.junit.internal.runners.statements.InvokeMethod.evaluate(InvokeMethod.java:17)
Caused by: java.util.concurrent.TimeoutException: null
	at com.commercetools.pspadapter.payone.IntegrationServiceTest.createTenantFactory(IntegrationServiceTest.java:81)
	at com.commercetools.pspadapter.payone.IntegrationServiceTest.createHealthResponse_allTenantsAreNotWorking_shouldReturnErrorStatus(IntegrationServiceTest.java:50)
	at sun.reflect.NativeMethodAccessorImpl.invoke0(Native Method)
	at sun.reflect.NativeMethodAccessorImpl.invoke(NativeMethodAccessorImpl.java:62)
	at sun.reflect.DelegatingMethodAccessorImpl.invoke(DelegatingMethodAccessorImpl.java:43)
	at java.lang.reflect.Method.invoke(Method.java:498)
	at org.junit.runners.model.FrameworkMethod$1.runReflectiveCall(FrameworkMethod.java:50)
	at org.junit.internal.runners.model.ReflectiveCallable.run(ReflectiveCallable.java:12)
	at org.junit.runners.model.FrameworkMethod.invokeExplosively(FrameworkMethod.java:47)
	at org.junit.internal.runners.statements.InvokeMethod.evaluate(InvokeMethod.java:17)
10:36:08.796 ?[1;31m[ERROR]?[0;39m ?[36mc.c.p.p.IntegrationService?[0;39m [Test worker] - Cannot query payments for the tenant tenant1
io.sphere.sdk.client.SphereTimeoutException: http response: &lt;unknown&gt;
SDK: 1.29.0
project: &lt;unknown&gt;
Java: 1.8.0_151
cwd: /home/travis/build/commercetools/commercetools-payone-integration/service
sphere request: &lt;unknown&gt;
additional notes: []
Javadoc: http://commercetools.github.io/commercetools-jvm-sdk/apidocs/io/sphere/sdk/client/SphereTimeoutException.html

	at com.commercetools.pspadapter.payone.IntegrationServiceTest.createTenantFactory(IntegrationServiceTest.java:81)
	at com.commercetools.pspadapter.payone.IntegrationServiceTest.createHealthResponse_oneTenantIsNotWorking_shouldReturnErrorStatus(IntegrationServiceTest.java:64)
	at sun.reflect.NativeMethodAccessorImpl.invoke0(Native Method)
	at sun.reflect.NativeMethodAccessorImpl.invoke(NativeMethodAccessorImpl.java:62)
	at sun.reflect.DelegatingMethodAccessorImpl.invoke(DelegatingMethodAccessorImpl.java:43)
	at java.lang.reflect.Method.invoke(Method.java:498)
	at org.junit.runners.model.FrameworkMethod$1.runReflectiveCall(FrameworkMethod.java:50)
	at org.junit.internal.runners.model.ReflectiveCallable.run(ReflectiveCallable.java:12)
	at org.junit.runners.model.FrameworkMethod.invokeExplosively(FrameworkMethod.java:47)
	at org.junit.internal.runners.statements.InvokeMethod.evaluate(InvokeMethod.java:17)
Caused by: java.util.concurrent.TimeoutException: null
	at com.commercetools.pspadapter.payone.IntegrationServiceTest.createTenantFactory(IntegrationServiceTest.java:81)
	at com.commercetools.pspadapter.payone.IntegrationServiceTest.createHealthResponse_oneTenantIsNotWorking_shouldReturnErrorStatus(IntegrationServiceTest.java:64)
	at sun.reflect.NativeMethodAccessorImpl.invoke0(Native Method)
	at sun.reflect.NativeMethodAccessorImpl.invoke(NativeMethodAccessorImpl.java:62)
	at sun.reflect.DelegatingMethodAccessorImpl.invoke(DelegatingMethodAccessorImpl.java:43)
	at java.lang.reflect.Method.invoke(Method.java:498)
	at org.junit.runners.model.FrameworkMethod$1.runReflectiveCall(FrameworkMethod.java:50)
	at org.junit.internal.runners.model.ReflectiveCallable.run(ReflectiveCallable.java:12)
	at org.junit.runners.model.FrameworkMethod.invokeExplosively(FrameworkMethod.java:47)
	at org.junit.internal.runners.statements.InvokeMethod.evaluate(InvokeMethod.java:17)
</pre>
</span>
</div>
</div>
<div id="footer">
<p>
<div>
<label class="hidden" id="label-for-line-wrapping-toggle" for="line-wrapping-toggle">Wrap lines
<input id="line-wrapping-toggle" type="checkbox" autocomplete="off"/>
</label>
</div>Generated by 
<a href="http://www.gradle.org">Gradle 4.5.1</a> at Jan 25, 2019 10:40:37 AM</p>
</div>
</div>
</body>
</html>
