<!DOCTYPE html>
<html>
<head>
<meta http-equiv="Content-Type" content="text/html; charset=utf-8"/>
<meta http-equiv="x-ua-compatible" content="IE=edge"/>
<title>Test results - Class com.commercetools.pspadapter.payone.transaction.common.AuthorizationTransaction_attemptExecutionTest</title>
<link href="../css/base-style.css" rel="stylesheet" type="text/css"/>
<link href="../css/style.css" rel="stylesheet" type="text/css"/>
<script src="../js/report.js" type="text/javascript"></script>
</head>
<body>
<div id="content">
<h1>Class com.commercetools.pspadapter.payone.transaction.common.AuthorizationTransaction_attemptExecutionTest</h1>
<div class="breadcrumbs">
<a href="../index.html">all</a> &gt; 
<a href="../packages/com.commercetools.pspadapter.payone.transaction.common.html">com.commercetools.pspadapter.payone.transaction.common</a> &gt; AuthorizationTransaction_attemptExecutionTest</div>
<div id="summary">
<table>
<tr>
<td>
<div class="summaryGroup">
<table>
<tr>
<td>
<div class="infoBox" id="tests">
<div class="counter">6</div>
<p>tests</p>
</div>
</td>
<td>
<div class="infoBox" id="failures">
<div class="counter">1</div>
<p>failures</p>
</div>
</td>
<td>
<div class="infoBox" id="ignored">
<div class="counter">0</div>
<p>ignored</p>
</div>
</td>
<td>
<div class="infoBox" id="duration">
<div class="counter">0.049s</div>
<p>duration</p>
</div>
</td>
</tr>
</table>
</div>
</td>
<td>
<div class="infoBox failures" id="successRate">
<div class="percent">83%</div>
<p>successful</p>
</div>
</td>
</tr>
</table>
</div>
<div id="tabs">
<ul class="tabLinks">
<li>
<a href="#tab0">Failed tests</a>
</li>
<li>
<a href="#tab1">Tests</a>
</li>
<li>
<a href="#tab2">Standard output</a>
</li>
</ul>
<div id="tab0" class="tab">
<h2>Failed tests</h2>
<div class="test">
<a name="attemptExecution_withUnexpectedResponseStatus_throwsException"></a>
<h3 class="failures">attemptExecution_withUnexpectedResponseStatus_throwsException</h3>
<span class="code">
<pre>java.lang.AssertionError: 
Expecting:
 &lt;&quot;Unknown Payone status: OH-NO-DAVID-BLAINE&quot;&gt;
to contain:
 &lt;&quot;Unknown PayOne status&quot;&gt; 
	at com.commercetools.pspadapter.payone.transaction.BaseTransaction_attemptExecutionTest.attemptExecution_withUnexpectedResponseStatus_throwsException(BaseTransaction_attemptExecutionTest.java:194)
	at com.commercetools.pspadapter.payone.transaction.common.AuthorizationTransaction_attemptExecutionTest.attemptExecution_withUnexpectedResponseStatus_throwsException(AuthorizationTransaction_attemptExecutionTest.java:62)
	at sun.reflect.NativeMethodAccessorImpl.invoke0(Native Method)
	at sun.reflect.NativeMethodAccessorImpl.invoke(NativeMethodAccessorImpl.java:62)
	at sun.reflect.DelegatingMethodAccessorImpl.invoke(DelegatingMethodAccessorImpl.java:43)
	at java.lang.reflect.Method.invoke(Method.java:498)
	at org.junit.runners.model.FrameworkMethod$1.runReflectiveCall(FrameworkMethod.java:50)
	at org.junit.internal.runners.model.ReflectiveCallable.run(ReflectiveCallable.java:12)
	at org.junit.runners.model.FrameworkMethod.invokeExplosively(FrameworkMethod.java:47)
	at org.junit.internal.runners.statements.InvokeMethod.evaluate(InvokeMethod.java:17)
	at org.junit.internal.runners.statements.RunBefores.evaluate(RunBefores.java:26)
	at org.junit.runners.ParentRunner.runLeaf(ParentRunner.java:325)
	at org.junit.runners.BlockJUnit4ClassRunner.runChild(BlockJUnit4ClassRunner.java:78)
	at org.junit.runners.BlockJUnit4ClassRunner.runChild(BlockJUnit4ClassRunner.java:57)
	at org.junit.runners.ParentRunner$3.run(ParentRunner.java:290)
	at org.junit.runners.ParentRunner$1.schedule(ParentRunner.java:71)
	at org.junit.runners.ParentRunner.runChildren(ParentRunner.java:288)
	at org.junit.runners.ParentRunner.access$000(ParentRunner.java:58)
	at org.junit.runners.ParentRunner$2.evaluate(ParentRunner.java:268)
	at org.junit.runners.ParentRunner.run(ParentRunner.java:363)
	at org.mockito.internal.runners.JUnit45AndHigherRunnerImpl.run(JUnit45AndHigherRunnerImpl.java:37)
	at org.mockito.runners.MockitoJUnitRunner.run(MockitoJUnitRunner.java:62)
	at org.gradle.api.internal.tasks.testing.junit.JUnitTestClassExecuter.runTestClass(JUnitTestClassExecuter.java:114)
	at org.gradle.api.internal.tasks.testing.junit.JUnitTestClassExecuter.execute(JUnitTestClassExecuter.java:57)
	at org.gradle.api.internal.tasks.testing.junit.JUnitTestClassProcessor.processTestClass(JUnitTestClassProcessor.java:66)
	at org.gradle.api.internal.tasks.testing.SuiteTestClassProcessor.processTestClass(SuiteTestClassProcessor.java:51)
	at sun.reflect.GeneratedMethodAccessor60.invoke(Unknown Source)
	at sun.reflect.DelegatingMethodAccessorImpl.invoke(DelegatingMethodAccessorImpl.java:43)
	at java.lang.reflect.Method.invoke(Method.java:498)
	at org.gradle.internal.dispatch.ReflectionDispatch.dispatch(ReflectionDispatch.java:35)
	at org.gradle.internal.dispatch.ReflectionDispatch.dispatch(ReflectionDispatch.java:24)
	at org.gradle.internal.dispatch.ContextClassLoaderDispatch.dispatch(ContextClassLoaderDispatch.java:32)
	at org.gradle.internal.dispatch.ProxyDispatchAdapter$DispatchingInvocationHandler.invoke(ProxyDispatchAdapter.java:93)
	at com.sun.proxy.$Proxy1.processTestClass(Unknown Source)
	at org.gradle.api.internal.tasks.testing.worker.TestWorker.processTestClass(TestWorker.java:108)
	at sun.reflect.GeneratedMethodAccessor59.invoke(Unknown Source)
	at sun.reflect.DelegatingMethodAccessorImpl.invoke(DelegatingMethodAccessorImpl.java:43)
	at java.lang.reflect.Method.invoke(Method.java:498)
	at org.gradle.internal.dispatch.ReflectionDispatch.dispatch(ReflectionDispatch.java:35)
	at org.gradle.internal.dispatch.ReflectionDispatch.dispatch(ReflectionDispatch.java:24)
	at org.gradle.internal.remote.internal.hub.MessageHubBackedObjectConnection$DispatchWrapper.dispatch(MessageHubBackedObjectConnection.java:146)
	at org.gradle.internal.remote.internal.hub.MessageHubBackedObjectConnection$DispatchWrapper.dispatch(MessageHubBackedObjectConnection.java:128)
	at org.gradle.internal.remote.internal.hub.MessageHub$Handler.run(MessageHub.java:404)
	at org.gradle.internal.concurrent.ExecutorPolicy$CatchAndRecordFailures.onExecute(ExecutorPolicy.java:63)
	at org.gradle.internal.concurrent.ManagedExecutorImpl$1.run(ManagedExecutorImpl.java:46)
	at java.util.concurrent.ThreadPoolExecutor.runWorker(ThreadPoolExecutor.java:1149)
	at java.util.concurrent.ThreadPoolExecutor$Worker.run(ThreadPoolExecutor.java:624)
	at org.gradle.internal.concurrent.ThreadFactoryImpl$ManagedThreadRunnable.run(ThreadFactoryImpl.java:55)
	at java.lang.Thread.run(Thread.java:748)
</pre>
</span>
</div>
</div>
<div id="tab1" class="tab">
<h2>Tests</h2>
<table>
<thead>
<tr>
<th>Test</th>
<th>Duration</th>
<th>Result</th>
</tr>
</thead>
<tr>
<td class="success">attemptExecution_withApprovedResponse_createsUpdateActions</td>
<td>0.018s</td>
<td class="success">passed</td>
</tr>
<tr>
<td class="success">attemptExecution_withErrorResponse_createsUpdateActions</td>
<td>0.003s</td>
<td class="success">passed</td>
</tr>
<tr>
<td class="success">attemptExecution_withPayoneException_createsUpdateActions</td>
<td>0.005s</td>
<td class="success">passed</td>
</tr>
<tr>
<td class="success">attemptExecution_withPendingResponse_createsUpdateActions</td>
<td>0.004s</td>
<td class="success">passed</td>
</tr>
<tr>
<td class="success">attemptExecution_withRedirectResponse_createsUpdateActions</td>
<td>0.009s</td>
<td class="success">passed</td>
</tr>
<tr>
<td class="failures">attemptExecution_withUnexpectedResponseStatus_throwsException</td>
<td>0.010s</td>
<td class="failures">failed</td>
</tr>
</table>
</div>
<div id="tab2" class="tab">
<h2>Standard output</h2>
<span class="code">
<pre>{&quot;message&quot;:&quot;Request to Payone failed for commercetools Payment with id 'null' and Transaction with id 'transaction-mock-id'.&quot;,&quot;timestamp&quot;:&quot;2019-12-23T10:07:05.478Z&quot;,&quot;loggerName&quot;:&quot;com.commercetools.pspadapter.payone.transaction.common.AuthorizationTransactionExecutor&quot;,&quot;severity&quot;:&quot;ERROR&quot;,&quot;stackHash&quot;:&quot;02da6d51&quot;,&quot;stackTrace&quot;:&quot;c.c.p.p.d.p.e.PayoneException: payone exception message\n\tat c.c.p.p.t.BaseDefaultTransactionExecutor.attemptExecution(BaseDefaultTransactionExecutor.java:126)\n\tat c.c.p.p.t.BaseTransaction_attemptExecutionTest.attemptExecution_withPayoneException_createsUpdateActions(BaseTransaction_attemptExecutionTest.java:172)\n\tat c.c.p.p.t.c.AuthorizationTransaction_attemptExecutionTest.attemptExecution_withPayoneException_createsUpdateActions(AuthorizationTransaction_attemptExecutionTest.java:57)\n\tat s.r.NativeMethodAccessorImpl.invoke0(NativeMethodAccessorImpl.java)\n\tat s.r.NativeMethodAccessorImpl.invoke(NativeMethodAccessorImpl.java:62)\n\tat s.r.DelegatingMethodAccessorImpl.invoke(DelegatingMethodAccessorImpl.java:43)\n\tat j.l.reflect.Method.invoke(Method.java:498)\n\tat o.j.r.m.FrameworkMethod$1.runReflectiveCall(FrameworkMethod.java:50)\n\tat o.j.i.r.m.ReflectiveCallable.run(ReflectiveCallable.java:12)\n\tat o.j.r.m.FrameworkMethod.invokeExplosively(FrameworkMethod.java:47)\n\tat o.j.i.r.s.InvokeMethod.evaluate(InvokeMethod.java:17)\n\tat o.j.i.r.s.RunBefores.evaluate(RunBefores.java:26)\n\tat o.j.r.ParentRunner.runLeaf(ParentRunner.java:325)\n\tat o.j.r.BlockJUnit4ClassRunner.runChild(BlockJUnit4ClassRunner.java:78)\n\tat o.j.r.BlockJUnit4ClassRunner.runChild(BlockJUnit4ClassRunner.java:57)\n\tat o.j.r.ParentRunner$3.run(ParentRunner.java:290)\n\tat o.j.r.ParentRunner$1.schedule(ParentRunner.java:71)\n\tat o.j.r.ParentRunner.runChildren(ParentRunner.java:288)\n\tat o.j.r.ParentRunner.access$000(ParentRunner.java:58)\n\tat o.j.r.ParentRunner$2.evaluate(ParentRunner.java:268)\n\tat o.j.r.ParentRunner.run(ParentRunner.java:363)\n\tat o.m.i.r.JUnit45AndHigherRunnerImpl.run(JUnit45AndHigherRunnerImpl.java:37)\n\tat o.m.r.MockitoJUnitRunner.run(MockitoJUnitRunner.java:62)\n\tat o.g.a.i.t.t.j.JUnitTestClassExecuter.runTestClass(JUnitTestClassExecuter.java:114)\n\tat o.g.a.i.t.t.j.JUnitTestClassExecuter.execute(JUnitTestClassExecuter.java:57)\n\tat o.g.a.i.t.t.j.JUnitTestClassProcessor.processTestClass(JUnitTestClassProcessor.java:66)\n\tat o.g.a.i.t.t.SuiteTestCl...\n&quot;}
</pre>
</span>
</div>
</div>
<div id="footer">
<p>
<div>
<label class="hidden" id="label-for-line-wrapping-toggle" for="line-wrapping-toggle">Wrap lines
<input id="line-wrapping-toggle" type="checkbox" autocomplete="off"/>
</label>
</div>Generated by 
<a href="http://www.gradle.org">Gradle 4.5.1</a> at Dec 23, 2019 10:10:54 AM</p>
</div>
</div>
</body>
</html>
