<!DOCTYPE html>
<html>
<head>
<meta http-equiv="Content-Type" content="text/html; charset=utf-8"/>
<meta http-equiv="x-ua-compatible" content="IE=edge"/>
<title>Test results - Class com.commercetools.pspadapter.payone.transaction.paymentinadvance.BankTransferInAdvanceChargeTransaction_attemptExecutionTest</title>
<link href="../css/base-style.css" rel="stylesheet" type="text/css"/>
<link href="../css/style.css" rel="stylesheet" type="text/css"/>
<script src="../js/report.js" type="text/javascript"></script>
</head>
<body>
<div id="content">
<h1>Class com.commercetools.pspadapter.payone.transaction.paymentinadvance.BankTransferInAdvanceChargeTransaction_attemptExecutionTest</h1>
<div class="breadcrumbs">
<a href="../index.html">all</a> &gt; 
<a href="../packages/com.commercetools.pspadapter.payone.transaction.paymentinadvance.html">com.commercetools.pspadapter.payone.transaction.paymentinadvance</a> &gt; BankTransferInAdvanceChargeTransaction_attemptExecutionTest</div>
<div id="summary">
<table>
<tr>
<td>
<div class="summaryGroup">
<table>
<tr>
<td>
<div class="infoBox" id="tests">
<div class="counter">6</div>
<p>tests</p>
</div>
</td>
<td>
<div class="infoBox" id="failures">
<div class="counter">0</div>
<p>failures</p>
</div>
</td>
<td>
<div class="infoBox" id="ignored">
<div class="counter">0</div>
<p>ignored</p>
</div>
</td>
<td>
<div class="infoBox" id="duration">
<div class="counter">0.031s</div>
<p>duration</p>
</div>
</td>
</tr>
</table>
</div>
</td>
<td>
<div class="infoBox success" id="successRate">
<div class="percent">100%</div>
<p>successful</p>
</div>
</td>
</tr>
</table>
</div>
<div id="tabs">
<ul class="tabLinks">
<li>
<a href="#tab0">Tests</a>
</li>
<li>
<a href="#tab1">Standard output</a>
</li>
</ul>
<div id="tab0" class="tab">
<h2>Tests</h2>
<table>
<thead>
<tr>
<th>Test</th>
<th>Duration</th>
<th>Result</th>
</tr>
</thead>
<tr>
<td class="success">attemptExecution_withApprovedResponse_createsUpdateActions</td>
<td>0.009s</td>
<td class="success">passed</td>
</tr>
<tr>
<td class="success">attemptExecution_withErrorResponse_createsUpdateActions</td>
<td>0.003s</td>
<td class="success">passed</td>
</tr>
<tr>
<td class="success">attemptExecution_withPayoneException_createsUpdateActions</td>
<td>0.003s</td>
<td class="success">passed</td>
</tr>
<tr>
<td class="success">attemptExecution_withPendingResponse_createsUpdateActions</td>
<td>0.003s</td>
<td class="success">passed</td>
</tr>
<tr>
<td class="success">attemptExecution_withRedirectResponse_throwsException</td>
<td>0.008s</td>
<td class="success">passed</td>
</tr>
<tr>
<td class="success">attemptExecution_withUnexpectedResponseStatus_throwsException</td>
<td>0.005s</td>
<td class="success">passed</td>
</tr>
</table>
</div>
<div id="tab1" class="tab">
<h2>Standard output</h2>
<span class="code">
<pre>15:21:59.068 ?[1;31m[ERROR]?[0;39m ?[36mc.c.p.p.t.p.BankTransferInAdvanceChargeTransactionExecutor?[0;39m [Test worker] - Payone request exception: 
com.commercetools.pspadapter.payone.domain.payone.exceptions.PayoneException: payone exception message
	at com.commercetools.pspadapter.payone.transaction.paymentinadvance.BankTransferInAdvanceChargeTransactionExecutor.attemptExecution(BankTransferInAdvanceChargeTransactionExecutor.java:124)
	at com.commercetools.pspadapter.payone.transaction.BaseTransaction_attemptExecutionTest.attemptExecution_withPayoneException_createsUpdateActions(BaseTransaction_attemptExecutionTest.java:172)
	at com.commercetools.pspadapter.payone.transaction.paymentinadvance.BankTransferInAdvanceChargeTransaction_attemptExecutionTest.attemptExecution_withPayoneException_createsUpdateActions(BankTransferInAdvanceChargeTransaction_attemptExecutionTest.java:86)
	at sun.reflect.NativeMethodAccessorImpl.invoke0(Native Method)
	at sun.reflect.NativeMethodAccessorImpl.invoke(NativeMethodAccessorImpl.java:62)
	at sun.reflect.DelegatingMethodAccessorImpl.invoke(DelegatingMethodAccessorImpl.java:43)
	at java.lang.reflect.Method.invoke(Method.java:498)
	at org.junit.runners.model.FrameworkMethod$1.runReflectiveCall(FrameworkMethod.java:50)
	at org.junit.internal.runners.model.ReflectiveCallable.run(ReflectiveCallable.java:12)
	at org.junit.runners.model.FrameworkMethod.invokeExplosively(FrameworkMethod.java:47)
</pre>
</span>
</div>
</div>
<div id="footer">
<p>
<div>
<label class="hidden" id="label-for-line-wrapping-toggle" for="line-wrapping-toggle">Wrap lines
<input id="line-wrapping-toggle" type="checkbox" autocomplete="off"/>
</label>
</div>Generated by 
<a href="http://www.gradle.org">Gradle 4.3</a> at Jan 25, 2018 3:22:58 PM</p>
</div>
</div>
</body>
</html>
