<!DOCTYPE html>
<html>
<head>
<meta http-equiv="Content-Type" content="text/html; charset=utf-8"/>
<meta http-equiv="x-ua-compatible" content="IE=edge"/>
<title>Test results - Class com.commercetools.pspadapter.payone.config.ServiceConfigTest</title>
<link href="../css/base-style.css" rel="stylesheet" type="text/css"/>
<link href="../css/style.css" rel="stylesheet" type="text/css"/>
<script src="../js/report.js" type="text/javascript"></script>
</head>
<body>
<div id="content">
<h1>Class com.commercetools.pspadapter.payone.config.ServiceConfigTest</h1>
<div class="breadcrumbs">
<a href="../index.html">all</a> &gt; 
<a href="../packages/com.commercetools.pspadapter.payone.config.html">com.commercetools.pspadapter.payone.config</a> &gt; ServiceConfigTest</div>
<div id="summary">
<table>
<tr>
<td>
<div class="summaryGroup">
<table>
<tr>
<td>
<div class="infoBox" id="tests">
<div class="counter">8</div>
<p>tests</p>
</div>
</td>
<td>
<div class="infoBox" id="failures">
<div class="counter">1</div>
<p>failures</p>
</div>
</td>
<td>
<div class="infoBox" id="ignored">
<div class="counter">0</div>
<p>ignored</p>
</div>
</td>
<td>
<div class="infoBox" id="duration">
<div class="counter">0.032s</div>
<p>duration</p>
</div>
</td>
</tr>
</table>
</div>
</td>
<td>
<div class="infoBox failures" id="successRate">
<div class="percent">87%</div>
<p>successful</p>
</div>
</td>
</tr>
</table>
</div>
<div id="tabs">
<ul class="tabLinks">
<li>
<a href="#tab0">Failed tests</a>
</li>
<li>
<a href="#tab1">Tests</a>
</li>
<li>
<a href="#tab2">Standard output</a>
</li>
</ul>
<div id="tab0" class="tab">
<h2>Failed tests</h2>
<div class="test">
<a name="getsApplicationInfo"></a>
<h3 class="failures">getsApplicationInfo</h3>
<span class="code">
<pre>org.junit.ComparisonFailure: expected:&lt;&quot;DEBUG-V[E]RSION&quot;&gt; but was:&lt;&quot;DEBUG-V[]RSION&quot;&gt;
	at sun.reflect.NativeConstructorAccessorImpl.newInstance0(Native Method)
	at sun.reflect.NativeConstructorAccessorImpl.newInstance(NativeConstructorAccessorImpl.java:62)
	at sun.reflect.DelegatingConstructorAccessorImpl.newInstance(DelegatingConstructorAccessorImpl.java:45)
	at com.commercetools.pspadapter.payone.config.ServiceConfigTest.getsApplicationInfo(ServiceConfigTest.java:74)
	at sun.reflect.NativeMethodAccessorImpl.invoke0(Native Method)
	at sun.reflect.NativeMethodAccessorImpl.invoke(NativeMethodAccessorImpl.java:62)
	at sun.reflect.DelegatingMethodAccessorImpl.invoke(DelegatingMethodAccessorImpl.java:43)
	at java.lang.reflect.Method.invoke(Method.java:498)
	at org.junit.runners.model.FrameworkMethod$1.runReflectiveCall(FrameworkMethod.java:50)
	at org.junit.internal.runners.model.ReflectiveCallable.run(ReflectiveCallable.java:12)
	at org.junit.runners.model.FrameworkMethod.invokeExplosively(FrameworkMethod.java:47)
	at org.junit.internal.runners.statements.InvokeMethod.evaluate(InvokeMethod.java:17)
	at org.junit.runners.ParentRunner.runLeaf(ParentRunner.java:325)
	at org.junit.runners.BlockJUnit4ClassRunner.runChild(BlockJUnit4ClassRunner.java:78)
	at org.junit.runners.BlockJUnit4ClassRunner.runChild(BlockJUnit4ClassRunner.java:57)
	at org.junit.runners.ParentRunner$3.run(ParentRunner.java:290)
	at org.junit.runners.ParentRunner$1.schedule(ParentRunner.java:71)
	at org.junit.runners.ParentRunner.runChildren(ParentRunner.java:288)
	at org.junit.runners.ParentRunner.access$000(ParentRunner.java:58)
	at org.junit.runners.ParentRunner$2.evaluate(ParentRunner.java:268)
	at org.junit.runners.ParentRunner.run(ParentRunner.java:363)
	at org.mockito.internal.runners.JUnit45AndHigherRunnerImpl.run(JUnit45AndHigherRunnerImpl.java:37)
	at org.mockito.runners.MockitoJUnitRunner.run(MockitoJUnitRunner.java:62)
	at org.gradle.api.internal.tasks.testing.junit.JUnitTestClassExecuter.runTestClass(JUnitTestClassExecuter.java:114)
	at org.gradle.api.internal.tasks.testing.junit.JUnitTestClassExecuter.execute(JUnitTestClassExecuter.java:57)
	at org.gradle.api.internal.tasks.testing.junit.JUnitTestClassProcessor.processTestClass(JUnitTestClassProcessor.java:66)
	at org.gradle.api.internal.tasks.testing.SuiteTestClassProcessor.processTestClass(SuiteTestClassProcessor.java:51)
	at sun.reflect.NativeMethodAccessorImpl.invoke0(Native Method)
	at sun.reflect.NativeMethodAccessorImpl.invoke(NativeMethodAccessorImpl.java:62)
	at sun.reflect.DelegatingMethodAccessorImpl.invoke(DelegatingMethodAccessorImpl.java:43)
	at java.lang.reflect.Method.invoke(Method.java:498)
	at org.gradle.internal.dispatch.ReflectionDispatch.dispatch(ReflectionDispatch.java:35)
	at org.gradle.internal.dispatch.ReflectionDispatch.dispatch(ReflectionDispatch.java:24)
	at org.gradle.internal.dispatch.ContextClassLoaderDispatch.dispatch(ContextClassLoaderDispatch.java:32)
	at org.gradle.internal.dispatch.ProxyDispatchAdapter$DispatchingInvocationHandler.invoke(ProxyDispatchAdapter.java:93)
	at com.sun.proxy.$Proxy1.processTestClass(Unknown Source)
	at org.gradle.api.internal.tasks.testing.worker.TestWorker.processTestClass(TestWorker.java:108)
	at sun.reflect.NativeMethodAccessorImpl.invoke0(Native Method)
	at sun.reflect.NativeMethodAccessorImpl.invoke(NativeMethodAccessorImpl.java:62)
	at sun.reflect.DelegatingMethodAccessorImpl.invoke(DelegatingMethodAccessorImpl.java:43)
	at java.lang.reflect.Method.invoke(Method.java:498)
	at org.gradle.internal.dispatch.ReflectionDispatch.dispatch(ReflectionDispatch.java:35)
	at org.gradle.internal.dispatch.ReflectionDispatch.dispatch(ReflectionDispatch.java:24)
	at org.gradle.internal.remote.internal.hub.MessageHubBackedObjectConnection$DispatchWrapper.dispatch(MessageHubBackedObjectConnection.java:146)
	at org.gradle.internal.remote.internal.hub.MessageHubBackedObjectConnection$DispatchWrapper.dispatch(MessageHubBackedObjectConnection.java:128)
	at org.gradle.internal.remote.internal.hub.MessageHub$Handler.run(MessageHub.java:404)
	at org.gradle.internal.concurrent.ExecutorPolicy$CatchAndRecordFailures.onExecute(ExecutorPolicy.java:63)
	at org.gradle.internal.concurrent.ManagedExecutorImpl$1.run(ManagedExecutorImpl.java:46)
	at java.util.concurrent.ThreadPoolExecutor.runWorker(ThreadPoolExecutor.java:1149)
	at java.util.concurrent.ThreadPoolExecutor$Worker.run(ThreadPoolExecutor.java:624)
	at org.gradle.internal.concurrent.ThreadFactoryImpl$ManagedThreadRunnable.run(ThreadFactoryImpl.java:55)
	at java.lang.Thread.run(Thread.java:748)
</pre>
</span>
</div>
</div>
<div id="tab1" class="tab">
<h2>Tests</h2>
<table>
<thead>
<tr>
<th>Test</th>
<th>Duration</th>
<th>Result</th>
</tr>
</thead>
<tr>
<td class="failures">getsApplicationInfo</td>
<td>0s</td>
<td class="failures">failed</td>
</tr>
<tr>
<td class="success">getsDefaultScheduledJobCronForLongTimeFramePollIfPropertyIsNotProvided</td>
<td>0.001s</td>
<td class="success">passed</td>
</tr>
<tr>
<td class="success">getsDefaultScheduledJobCronForShortTimeFramePollIfPropertyIsNotProvided</td>
<td>0.002s</td>
<td class="success">passed</td>
</tr>
<tr>
<td class="success">getsMultipleTenantNameAndTrimsWhitespaces</td>
<td>0.005s</td>
<td class="success">passed</td>
</tr>
<tr>
<td class="success">getsScheduledJobCronForLongTimeFramePoll</td>
<td>0s</td>
<td class="success">passed</td>
</tr>
<tr>
<td class="success">getsScheduledJobCronForShortTimeFramePoll</td>
<td>0.001s</td>
<td class="success">passed</td>
</tr>
<tr>
<td class="success">getsSingleTenantName</td>
<td>0s</td>
<td class="success">passed</td>
</tr>
<tr>
<td class="success">throwsExceptionIfTenantNameIsEmpty</td>
<td>0.023s</td>
<td class="success">passed</td>
</tr>
</table>
</div>
<div id="tab2" class="tab">
<h2>Standard output</h2>
<span class="code">
<pre>16:07:27.930 ?[1;31m[ERROR]?[0;39m ?[36msphere.oauth?[0;39m [pool-45-thread-1] - Can't fetch tokens.
java.util.concurrent.CompletionException: io.sphere.sdk.client.InvalidClientCredentialsException: detailMessage: Invalid credentials for test-key on https://auth.sphere.io
summary: POST https://auth.sphere.io/oauth/token failed  with response code 401 with X-Correlation-ID `test-key/daee424c-b16a-487b-b9cf-10ae9650a141` on 2019-01-30T16:07:27.801Z
http response formatted body: {
  &quot;statusCode&quot; : 401,
  &quot;message&quot; : &quot;Please provide valid client credentials using HTTP Basic Authentication.&quot;,
  &quot;errors&quot; : [ {
    &quot;code&quot; : &quot;invalid_client&quot;,
    &quot;message&quot; : &quot;Please provide valid client credentials using HTTP Basic Authentication.&quot;
  } ],
  &quot;error&quot; : &quot;invalid_client&quot;,
  &quot;error_description&quot; : &quot;Please provide valid client credentials using HTTP Basic Authentication.&quot;
}
http response: io.sphere.sdk.http.HttpResponseImpl@1dbeeb41[statusCode=401,headers={Alt-Svc=[clear], Server=[nginx], Access-Control-Allow-Origin=[*], Access-Control-Allow-Methods=[GET, POST, DELETE, OPTIONS], X-Correlation-ID=[test-key/daee424c-b16a-487b-b9cf-10ae9650a141], Server-Timing=[auth;dur=2], WWW-Authenticate=[Bearer realm=&quot;sphere&quot;, error=&quot;invalid_client&quot;, error_description=&quot;Please provide valid client credentials using HTTP Basic Authentication.&quot;], Pragma=[no-cache], Access-Control-Allow-Headers=[Accept, Authorization, Content-Type, Origin, User-Agent], Date=[Wed, 30 Jan 2019 16:07:27 GMT], Via=[1.1 google], Cache-Control=[no-store], X-Served-By=[auth-gce-fcaf4933.sphere.prod.commercetools.de], X-Served-Config=[sphere-auth-ws-1.0], Access-Control-Max-Age=[299], Content-Length=[345], Content-Type=[application/json; charset=utf-8]},associatedRequest=&lt;null&gt;,textInterpretedBody={&quot;statusCode&quot;:401,&quot;message&quot;:&quot;Please provide valid client credentials using HTTP Basic Authentication.&quot;,&quot;errors&quot;:[{&quot;code&quot;:&quot;invalid_client&quot;,&quot;message&quot;:&quot;Please provide valid client credentials using HTTP Basic Authentication.&quot;}],&quot;error&quot;:&quot;invalid_client&quot;,&quot;error_description&quot;:&quot;Please provide valid client credentials using HTTP Basic Authentication.&quot;}]
SDK: 1.29.0
project: test-key
Java: 1.8.0_151
cwd: /home/travis/build/commercetools/commercetools-payone-integration/service
sphere request: &lt;unknown&gt;
http request: HttpRequestImpl[httpMethod=POST,url=https://auth.sphere.io/oauth/token,headers={Authorization=[**removed from output**], User-Agent=[commercetools-jvm-sdk/1.29.0 (AHC/2.0) Java/1.8.0_151-b12 (Linux; amd64)], X-Correlation-ID=[test-key/daee424c-b16a-487b-b9cf-10ae9650a141], Content-Type=[application/x-www-form-urlencoded]},body=FormUrlEncodedHttpRequestBody[data=[NameValuePairImpl[name=grant_type,value=client_credentials], NameValuePairImpl[name=scope,value=manage_project:test-key]]]]
additional notes: []
Javadoc: http://commercetools.github.io/commercetools-jvm-sdk/apidocs/io/sphere/sdk/client/InvalidClientCredentialsException.html

	at java.util.concurrent.CompletableFuture.encodeThrowable(CompletableFuture.java:273)
	at java.util.concurrent.CompletableFuture.completeThrowable(CompletableFuture.java:280)
	at java.util.concurrent.CompletableFuture.uniApply(CompletableFuture.java:604)
	at java.util.concurrent.CompletableFuture$UniApply.tryFire(CompletableFuture.java:577)
	at java.util.concurrent.CompletableFuture.postComplete(CompletableFuture.java:474)
	at java.util.concurrent.CompletableFuture.complete(CompletableFuture.java:1962)
	at io.sphere.sdk.http.HttpClientAdapterBase.lambda$execute$1(HttpClientAdapterBase.java:58)
	at java.util.concurrent.CompletableFuture.uniWhenComplete(CompletableFuture.java:760)
	at java.util.concurrent.CompletableFuture$UniWhenComplete.tryFire(CompletableFuture.java:736)
	at java.util.concurrent.CompletableFuture.postComplete(CompletableFuture.java:474)
Caused by: io.sphere.sdk.client.InvalidClientCredentialsException: detailMessage: Invalid credentials for test-key on https://auth.sphere.io
summary: POST https://auth.sphere.io/oauth/token failed  with response code 401 with X-Correlation-ID `test-key/daee424c-b16a-487b-b9cf-10ae9650a141` on 2019-01-30T16:07:27.801Z
http response formatted body: {
  &quot;statusCode&quot; : 401,
  &quot;message&quot; : &quot;Please provide valid client credentials using HTTP Basic Authentication.&quot;,
  &quot;errors&quot; : [ {
    &quot;code&quot; : &quot;invalid_client&quot;,
    &quot;message&quot; : &quot;Please provide valid client credentials using HTTP Basic Authentication.&quot;
  } ],
  &quot;error&quot; : &quot;invalid_client&quot;,
  &quot;error_description&quot; : &quot;Please provide valid client credentials using HTTP Basic Authentication.&quot;
}
http response: io.sphere.sdk.http.HttpResponseImpl@1dbeeb41[statusCode=401,headers={Alt-Svc=[clear], Server=[nginx], Access-Control-Allow-Origin=[*], Access-Control-Allow-Methods=[GET, POST, DELETE, OPTIONS], X-Correlation-ID=[test-key/daee424c-b16a-487b-b9cf-10ae9650a141], Server-Timing=[auth;dur=2], WWW-Authenticate=[Bearer realm=&quot;sphere&quot;, error=&quot;invalid_client&quot;, error_description=&quot;Please provide valid client credentials using HTTP Basic Authentication.&quot;], Pragma=[no-cache], Access-Control-Allow-Headers=[Accept, Authorization, Content-Type, Origin, User-Agent], Date=[Wed, 30 Jan 2019 16:07:27 GMT], Via=[1.1 google], Cache-Control=[no-store], X-Served-By=[auth-gce-fcaf4933.sphere.prod.commercetools.de], X-Served-Config=[sphere-auth-ws-1.0], Access-Control-Max-Age=[299], Content-Length=[345], Content-Type=[application/json; charset=utf-8]},associatedRequest=&lt;null&gt;,textInterpretedBody={&quot;statusCode&quot;:401,&quot;message&quot;:&quot;Please provide valid client credentials using HTTP Basic Authentication.&quot;,&quot;errors&quot;:[{&quot;code&quot;:&quot;invalid_client&quot;,&quot;message&quot;:&quot;Please provide valid client credentials using HTTP Basic Authentication.&quot;}],&quot;error&quot;:&quot;invalid_client&quot;,&quot;error_description&quot;:&quot;Please provide valid client credentials using HTTP Basic Authentication.&quot;}]
SDK: 1.29.0
project: test-key
Java: 1.8.0_151
cwd: /home/travis/build/commercetools/commercetools-payone-integration/service
sphere request: &lt;unknown&gt;
http request: HttpRequestImpl[httpMethod=POST,url=https://auth.sphere.io/oauth/token,headers={Authorization=[**removed from output**], User-Agent=[commercetools-jvm-sdk/1.29.0 (AHC/2.0) Java/1.8.0_151-b12 (Linux; amd64)], X-Correlation-ID=[test-key/daee424c-b16a-487b-b9cf-10ae9650a141], Content-Type=[application/x-www-form-urlencoded]},body=FormUrlEncodedHttpRequestBody[data=[NameValuePairImpl[name=grant_type,value=client_credentials], NameValuePairImpl[name=scope,value=manage_project:test-key]]]]
additional notes: []
Javadoc: http://commercetools.github.io/commercetools-jvm-sdk/apidocs/io/sphere/sdk/client/InvalidClientCredentialsException.html

	at io.sphere.sdk.client.TokensSupplierImpl.parseResponse(TokensSupplierImpl.java:122)
	at io.sphere.sdk.client.TokensSupplierImpl.lambda$get$1(TokensSupplierImpl.java:55)
	at java.util.concurrent.CompletableFuture.uniApply(CompletableFuture.java:602)
	at java.util.concurrent.CompletableFuture$UniApply.tryFire(CompletableFuture.java:577)
	at java.util.concurrent.CompletableFuture.postComplete(CompletableFuture.java:474)
	at java.util.concurrent.CompletableFuture.complete(CompletableFuture.java:1962)
	at io.sphere.sdk.http.HttpClientAdapterBase.lambda$execute$1(HttpClientAdapterBase.java:58)
	at java.util.concurrent.CompletableFuture.uniWhenComplete(CompletableFuture.java:760)
	at java.util.concurrent.CompletableFuture$UniWhenComplete.tryFire(CompletableFuture.java:736)
	at java.util.concurrent.CompletableFuture.postComplete(CompletableFuture.java:474)
</pre>
</span>
</div>
</div>
<div id="footer">
<p>
<div>
<label class="hidden" id="label-for-line-wrapping-toggle" for="line-wrapping-toggle">Wrap lines
<input id="line-wrapping-toggle" type="checkbox" autocomplete="off"/>
</label>
</div>Generated by 
<a href="http://www.gradle.org">Gradle 4.5.1</a> at Jan 30, 2019 4:12:03 PM</p>
</div>
</div>
</body>
</html>
