<!DOCTYPE html>
<html>
<head>
<meta http-equiv="Content-Type" content="text/html; charset=utf-8"/>
<meta http-equiv="x-ua-compatible" content="IE=edge"/>
<title>Test results - Class com.commercetools.util.PayoneHttpClientUtilTimeoutTest</title>
<link href="../css/base-style.css" rel="stylesheet" type="text/css"/>
<link href="../css/style.css" rel="stylesheet" type="text/css"/>
<script src="../js/report.js" type="text/javascript"></script>
</head>
<body>
<div id="content">
<h1>Class com.commercetools.util.PayoneHttpClientUtilTimeoutTest</h1>
<div class="breadcrumbs">
<a href="../index.html">all</a> &gt; 
<a href="../packages/com.commercetools.util.html">com.commercetools.util</a> &gt; PayoneHttpClientUtilTimeoutTest</div>
<div id="summary">
<table>
<tr>
<td>
<div class="summaryGroup">
<table>
<tr>
<td>
<div class="infoBox" id="tests">
<div class="counter">3</div>
<p>tests</p>
</div>
</td>
<td>
<div class="infoBox" id="failures">
<div class="counter">0</div>
<p>failures</p>
</div>
</td>
<td>
<div class="infoBox" id="ignored">
<div class="counter">0</div>
<p>ignored</p>
</div>
</td>
<td>
<div class="infoBox" id="duration">
<div class="counter">38.404s</div>
<p>duration</p>
</div>
</td>
</tr>
</table>
</div>
</td>
<td>
<div class="infoBox success" id="successRate">
<div class="percent">100%</div>
<p>successful</p>
</div>
</td>
</tr>
</table>
</div>
<div id="tabs">
<ul class="tabLinks">
<li>
<a href="#tab0">Tests</a>
</li>
<li>
<a href="#tab1">Standard output</a>
</li>
<li>
<a href="#tab2">Standard error</a>
</li>
</ul>
<div id="tab0" class="tab">
<h2>Tests</h2>
<table>
<thead>
<tr>
<th>Test</th>
<th>Duration</th>
<th>Result</th>
</tr>
</thead>
<tr>
<td class="success">longGetRequest_shouldFailLong</td>
<td class="success">30.038s</td>
<td class="success">passed</td>
</tr>
<tr>
<td class="success">longPostRequest_shouldFailFast</td>
<td class="success">5.024s</td>
<td class="success">passed</td>
</tr>
<tr>
<td class="success">shortGetRequest_shouldSuccess</td>
<td class="success">3.342s</td>
<td class="success">passed</td>
</tr>
</table>
</div>
<div id="tab1" class="tab">
<h2>Standard output</h2>
<span class="code">
<pre>{&quot;message&quot;:&quot;Mock http server makes 20000 msec delay&quot;,&quot;timestamp&quot;:&quot;2021-06-14T04:37:57.043Z&quot;,&quot;loggerName&quot;:&quot;com.commercetools.util.PayoneHttpClientUtilTimeoutTest&quot;,&quot;severity&quot;:&quot;INFO&quot;}
{&quot;message&quot;:&quot;Failed to fetch token.&quot;,&quot;timestamp&quot;:&quot;2021-06-14T04:37:57.081Z&quot;,&quot;loggerName&quot;:&quot;sphere.oauth&quot;,&quot;severity&quot;:&quot;ERROR&quot;,&quot;stackHash&quot;:&quot;cc46f123&quot;,&quot;stackTrace&quot;:&quot;java.util.concurrent.CompletionException: io.sphere.sdk.client.InvalidClientCredentialsException: detailMessage: Invalid credentials for test-key on https://auth.europe-west1.gcp.commercetools.com\nsummary: POST https://auth.europe-west1.gcp.commercetools.com/oauth/token failed  with response code 401 with X-Correlation-ID `test-key/2d341d3b-7310-407f-b921-693d76ea6c20` on 2021-06-14T04:37:57.072Z\nhttp response formatted body: {\n  \&quot;statusCode\&quot; : 401,\n  \&quot;message\&quot; : \&quot;Please provide valid client credentials using HTTP Basic Authentication.\&quot;,\n  \&quot;errors\&quot; : [ {\n    \&quot;code\&quot; : \&quot;invalid_client\&quot;,\n    \&quot;message\&quot; : \&quot;Please provide valid client credentials using HTTP Basic Authentication.\&quot;\n  } ],\n  \&quot;error\&quot; : \&quot;invalid_client\&quot;,\n  \&quot;error_description\&quot; : \&quot;Please provide valid client credentials using HTTP Basic Authentication.\&quot;\n}\nhttp response: io.sphere.sdk.http.HttpResponseImpl@24409503[statusCode=401,headers={date=[Mon, 14 Jun 2021 04:37:56 GMT], content-length=[345], server=[istio-envoy], x-envoy-upstream-service-time=[1], Alt-Svc=[clear], access-control-allow-headers=[Accept, Authorization, Content-Type, Origin, User-Agent, X-Correlation-ID], www-authenticate=[Bearer realm=\&quot;sphere\&quot;, error=\&quot;invalid_client\&quot;, error_description=\&quot;Please provide valid client credentials using HTTP Basic Authentication.\&quot;], x-correlation-id=[test-key/2d341d3b-7310-407f-b921-693d76ea6c20], access-control-allow-methods=[GET, POST, DELETE, OPTIONS], pragma=[no-cache], Via=[1.1 google], access-control-allow-origin=[*], access-control-max-age=[299], content-type=[application/json; charset=utf-8], server-timing=[auth;dur=0], cache-control=[no-store]},associatedRequest=&lt;null&gt;,textInterpretedBody={\&quot;statusCode\&quot;:401,\&quot;message\&quot;:\&quot;Please provide valid client credentials using HTTP Basic Authentication.\&quot;,\&quot;errors\&quot;:[{\&quot;code\&quot;:\&quot;invalid_client\&quot;,\&quot;message\&quot;:\&quot;Please provide valid client credentials using HTTP Basic Authentication.\&quot;}],\&quot;error\&quot;:\&quot;invalid_client\&quot;,\&quot;error_description\&quot;:\&quot;Please provide valid client credentials using HTTP Basic Authentication.\&quot;}]\nSDK: 1.63.0\nproject: test-key\nJava: 1.8.0_151\ncwd: /home/travis/build/commercetools/commercetools-payone-integration/service\nsphere request: &lt;unknown&gt;\nhttp request: HttpRequestImpl[body=FormUrlEncodedHttpRequestBody[data=[NameValuePairImpl[name=grant_type,value=client_credentials], NameValuePairImpl[name=scope,value=manage_project:test-key]]],headers={Authorization=[**removed from output**], User-Agent=[commercetools-jvm-sdk/1.63.0 (AHC/2.0) Java/1.8.0_151-b12 (Linux; amd64)], X-Correlation-ID=[test-key/2d341d3b-7310-407f-b921-693d76ea6c20], Content-Type=[application/x-www-form-urlencoded]},httpMethod=POST,url=https://auth.europe-west1.gcp.commercetools.com/oauth/token]\nadditional notes: []\nJavadoc: https://commercetools.github.io/commercetools-jvm-sdk/apidocs/io/sphere/sdk/client/InvalidClientCredentialsException.html\n\n\tat java.util.concurrent.CompletableFuture.encodeThrowable(CompletableFuture.java:273)\n\tat java.util.concurrent.CompletableFuture.completeThrowable(CompletableFuture.java:280)\n\tat java.util.concurrent.CompletableFuture.uniApply(CompletableFuture.java:604)\n\tat java.util.concurrent.CompletableFuture$UniApply.tryFire(CompletableFuture.java:577)\n\tat java.util.concurrent.CompletableFuture.postComplete(CompletableFuture.java:474)\n\tat java.util.concurrent.CompletableFuture.complete(CompletableFuture.java:1962)\n\tat io.sphere.sdk.http.HttpClientAdapterBase.lambda$execute$1(HttpClientAdapterBase.java:58)\n\tat java.util.concurrent.CompletableFuture.uniWhenComplete(CompletableFuture.java:760)\n\tat java.util.concurrent.CompletableFuture$UniWhenComplete.tryFire(CompletableFuture.java:736)\n\tat java.util.concurrent.CompletableFuture.postComplete(CompletableFuture.java:474)\n\tat java.util.concurrent.CompletableFuture.postFire(CompletableFuture.java:561)\n\tat java.util.concurrent.CompletableFuture$UniApply.tryFire(CompletableFuture.java:580)\n\tat java.util.concurrent.CompletableFuture$Completion.exec(CompletableFuture.java:443)\n\tat java.util.concurrent.ForkJoinTask.doExec(ForkJoinTask.java:289)\n\tat java.util.concurrent.ForkJoinPool$WorkQueue.runTask(ForkJoinPool.java:1056)\n\tat java.util.concurrent.ForkJoinPool.runWorker(ForkJoinPool.java:1692)\n\tat java.util.concurrent.ForkJoinWorkerThread.run(ForkJoinWorkerThread.java:157)\nCaused by: io.sphere.sdk.client.InvalidClientCredentialsException: detailMessage: Invalid credentials for test-key on https://auth.europe-west1.gcp.commercetools.com\nsummary: POST https://auth.europe-west1.gcp.commercetools.com/oauth/token failed  with response code 401 with X-Correlation-ID `test-key/2d341d3b-7310-407f-b921-693d76ea6c20` on 2021-06-14T04:37:57.072Z\nhttp response formatted body: {\n  \&quot;statusCode\&quot; : 401,\n  \&quot;message\&quot; : \&quot;Please provide valid client credentials using HTTP Basic Authentication.\&quot;,\n  \&quot;errors\&quot; : [ {\n    \&quot;code\&quot; : \&quot;invalid_client\&quot;,\n    \&quot;message\&quot; : \&quot;Please provide valid client credentials using HTTP Basic Authentication.\&quot;\n  } ],\n  \&quot;error\&quot; : \&quot;invalid_client\&quot;,\n  \&quot;error_description\&quot; : \&quot;Please provide valid client credentials using HTTP Basic Authentication.\&quot;\n}\nhttp response: io.sphere.sdk.http.HttpResponseImpl@24409503[statusCode=401,headers={date=[Mon, 14 Jun 2021 04:37:56 GMT], content-length=[345], server=[istio-envoy], x-envoy-upstream-service-time=[1], Alt-Svc=[clear], access-control-allow-headers=[Accept, Authorization, Content-Type, Origin, User-Agent, X-Correlation-ID], www-authenticate=[Bearer realm=\&quot;sphere\&quot;, error=\&quot;invalid_client\&quot;, error_description=\&quot;Please provide valid client credentials using HTTP Basic Authentication.\&quot;], x-correlation-id=[test-key/2d341d3b-7310-407f-b921-693d76ea6c20], access-control-allow-methods=[GET, POST, DELETE, OPTIONS], pragma=[no-cache], Via=[1.1 google], access-control-allow-origin=[*], access-control-max-age=[299], content-type=[application/json; charset=utf-8], server-timing=[auth;dur=0], cache-control=[no-store]},associatedRequest=&lt;null&gt;,textInterpretedBody={\&quot;statusCode\&quot;:401,\&quot;message\&quot;:\&quot;Please provide valid client credentials using HTTP Basic Authentication.\&quot;,\&quot;errors\&quot;:[{\&quot;code\&quot;:\&quot;invalid_client\&quot;,\&quot;message\&quot;:\&quot;Please provide valid client credentials using HTTP Basic Authentication.\&quot;}],\&quot;error\&quot;:\&quot;invalid_client\&quot;,\&quot;error_description\&quot;:\&quot;Please provide valid client credentials using HTTP Basic Authentication.\&quot;}]\nSDK: 1.63.0\nproject: test-key\nJava: 1.8.0_151\ncwd: /home/travis/build/commercetools/commercetools-payone-integration/service\nsphere request: &lt;unknown&gt;\nhttp request: HttpRequestImpl[body=FormUrlEncodedHttpRequestBody[data=[NameValuePairImpl[name=grant_type,value=client_credentials], NameValuePairImpl[name=scope,value=manage_project:test-key]]],headers={Authorization=[**removed from output**], User-Agent=[commercetools-jvm-sdk/1.63.0 (AHC/2.0) Java/1.8.0_151-b12 (Linux; amd64)], X-Correlation-ID=[test-key/2d341d3b-7310-407f-b921-693d76ea6c20], Content-Type=[application/x-www-form-urlencoded]},httpMethod=POST,url=https://auth.europe-west1.gcp.commercetools.com/oauth/token]\nadditional notes: []\nJavadoc: https://commercetools.github.io/commercetools-jvm-sdk/apidocs/io/sphere/sdk/client/InvalidClientCredentialsException.html\n\n\tat io.sphere.sdk.client.TokensSupplierImpl.parseResponse(TokensSupplierImpl.java:129)\n\tat io.sphere.sdk.client.TokensSupplierImpl.lambda$get$1(TokensSupplierImpl.java:61)\n\tat java.util.concurrent.CompletableFuture.uniApply(CompletableFuture.java:602)\n\t... 14 common frames omitted\n&quot;}
{&quot;message&quot;:&quot;Can't fetch tokens.&quot;,&quot;timestamp&quot;:&quot;2021-06-14T04:37:57.083Z&quot;,&quot;loggerName&quot;:&quot;sphere.oauth&quot;,&quot;severity&quot;:&quot;ERROR&quot;,&quot;stackHash&quot;:&quot;0ed0a80f&quot;,&quot;stackTrace&quot;:&quot;io.sphere.sdk.client.InvalidClientCredentialsException: detailMessage: Invalid credentials for test-key on https://auth.europe-west1.gcp.commercetools.com\nsummary: POST https://auth.europe-west1.gcp.commercetools.com/oauth/token failed  with response code 401 with X-Correlation-ID `test-key/2d341d3b-7310-407f-b921-693d76ea6c20` on 2021-06-14T04:37:57.072Z\nhttp response formatted body: {\n  \&quot;statusCode\&quot; : 401,\n  \&quot;message\&quot; : \&quot;Please provide valid client credentials using HTTP Basic Authentication.\&quot;,\n  \&quot;errors\&quot; : [ {\n    \&quot;code\&quot; : \&quot;invalid_client\&quot;,\n    \&quot;message\&quot; : \&quot;Please provide valid client credentials using HTTP Basic Authentication.\&quot;\n  } ],\n  \&quot;error\&quot; : \&quot;invalid_client\&quot;,\n  \&quot;error_description\&quot; : \&quot;Please provide valid client credentials using HTTP Basic Authentication.\&quot;\n}\nhttp response: io.sphere.sdk.http.HttpResponseImpl@24409503[statusCode=401,headers={date=[Mon, 14 Jun 2021 04:37:56 GMT], content-length=[345], server=[istio-envoy], x-envoy-upstream-service-time=[1], Alt-Svc=[clear], access-control-allow-headers=[Accept, Authorization, Content-Type, Origin, User-Agent, X-Correlation-ID], www-authenticate=[Bearer realm=\&quot;sphere\&quot;, error=\&quot;invalid_client\&quot;, error_description=\&quot;Please provide valid client credentials using HTTP Basic Authentication.\&quot;], x-correlation-id=[test-key/2d341d3b-7310-407f-b921-693d76ea6c20], access-control-allow-methods=[GET, POST, DELETE, OPTIONS], pragma=[no-cache], Via=[1.1 google], access-control-allow-origin=[*], access-control-max-age=[299], content-type=[application/json; charset=utf-8], server-timing=[auth;dur=0], cache-control=[no-store]},associatedRequest=&lt;null&gt;,textInterpretedBody={\&quot;statusCode\&quot;:401,\&quot;message\&quot;:\&quot;Please provide valid client credentials using HTTP Basic Authentication.\&quot;,\&quot;errors\&quot;:[{\&quot;code\&quot;:\&quot;invalid_client\&quot;,\&quot;message\&quot;:\&quot;Please provide valid client credentials using HTTP Basic Authentication.\&quot;}],\&quot;error\&quot;:\&quot;invalid_client\&quot;,\&quot;error_description\&quot;:\&quot;Please provide valid client credentials using HTTP Basic Authentication.\&quot;}]\nSDK: 1.63.0\nproject: test-key\nJava: 1.8.0_151\ncwd: /home/travis/build/commercetools/commercetools-payone-integration/service\nsphere request: &lt;unknown&gt;\nhttp request: HttpRequestImpl[body=FormUrlEncodedHttpRequestBody[data=[NameValuePairImpl[name=grant_type,value=client_credentials], NameValuePairImpl[name=scope,value=manage_project:test-key]]],headers={Authorization=[**removed from output**], User-Agent=[commercetools-jvm-sdk/1.63.0 (AHC/2.0) Java/1.8.0_151-b12 (Linux; amd64)], X-Correlation-ID=[test-key/2d341d3b-7310-407f-b921-693d76ea6c20], Content-Type=[application/x-www-form-urlencoded]},httpMethod=POST,url=https://auth.europe-west1.gcp.commercetools.com/oauth/token]\nadditional notes: []\nJavadoc: https://commercetools.github.io/commercetools-jvm-sdk/apidocs/io/sphere/sdk/client/InvalidClientCredentialsException.html\n\n\tat io.sphere.sdk.client.TokensSupplierImpl.parseResponse(TokensSupplierImpl.java:129)\n\tat io.sphere.sdk.client.TokensSupplierImpl.lambda$get$1(TokensSupplierImpl.java:61)\n\tat java.util.concurrent.CompletableFuture.uniApply(CompletableFuture.java:602)\n\tat java.util.concurrent.CompletableFuture$UniApply.tryFire(CompletableFuture.java:577)\n\tat java.util.concurrent.CompletableFuture.postComplete(CompletableFuture.java:474)\n\tat java.util.concurrent.CompletableFuture.complete(CompletableFuture.java:1962)\n\tat io.sphere.sdk.http.HttpClientAdapterBase.lambda$execute$1(HttpClientAdapterBase.java:58)\n\tat java.util.concurrent.CompletableFuture.uniWhenComplete(CompletableFuture.java:760)\n\tat java.util.concurrent.CompletableFuture$UniWhenComplete.tryFire(CompletableFuture.java:736)\n\tat java.util.concurrent.CompletableFuture.postComplete(CompletableFuture.java:474)\n\tat java.util.concurrent.CompletableFuture.postFire(CompletableFuture.java:561)\n\tat java.util.concurrent.CompletableFuture$UniApply.tryFire(CompletableFuture.java:580)\n\tat java.util.concurrent.CompletableFuture$Completion.exec(CompletableFuture.java:443)\n\tat java.util.concurrent.ForkJoinTask.doExec(ForkJoinTask.java:289)\n\tat java.util.concurrent.ForkJoinPool$WorkQueue.runTask(ForkJoinPool.java:1056)\n\tat java.util.concurrent.ForkJoinPool.runWorker(ForkJoinPool.java:1692)\n\tat java.util.concurrent.ForkJoinWorkerThread.run(ForkJoinWorkerThread.java:157)\n&quot;}
{&quot;message&quot;:&quot;Failed to fetch token.&quot;,&quot;timestamp&quot;:&quot;2021-06-14T04:37:57.185Z&quot;,&quot;loggerName&quot;:&quot;sphere.oauth&quot;,&quot;severity&quot;:&quot;ERROR&quot;,&quot;stackHash&quot;:&quot;cc46f123&quot;,&quot;stackTrace&quot;:&quot;java.util.concurrent.CompletionException: io.sphere.sdk.client.InvalidClientCredentialsException: detailMessage: Invalid credentials for test-key on https://auth.europe-west1.gcp.commercetools.com\nsummary: POST https://auth.europe-west1.gcp.commercetools.com/oauth/token failed  with response code 401 with X-Correlation-ID `test-key/f7362a11-4c61-40ab-ad9c-066e5caafb66` on 2021-06-14T04:37:57.184Z\nhttp response formatted body: {\n  \&quot;statusCode\&quot; : 401,\n  \&quot;message\&quot; : \&quot;Please provide valid client credentials using HTTP Basic Authentication.\&quot;,\n  \&quot;errors\&quot; : [ {\n    \&quot;code\&quot; : \&quot;invalid_client\&quot;,\n    \&quot;message\&quot; : \&quot;Please provide valid client credentials using HTTP Basic Authentication.\&quot;\n  } ],\n  \&quot;error\&quot; : \&quot;invalid_client\&quot;,\n  \&quot;error_description\&quot; : \&quot;Please provide valid client credentials using HTTP Basic Authentication.\&quot;\n}\nhttp response: io.sphere.sdk.http.HttpResponseImpl@2265ab5[statusCode=401,headers={date=[Mon, 14 Jun 2021 04:37:56 GMT], content-length=[345], server=[istio-envoy], x-envoy-upstream-service-time=[1], Alt-Svc=[clear], access-control-allow-headers=[Accept, Authorization, Content-Type, Origin, User-Agent, X-Correlation-ID], www-authenticate=[Bearer realm=\&quot;sphere\&quot;, error=\&quot;invalid_client\&quot;, error_description=\&quot;Please provide valid client credentials using HTTP Basic Authentication.\&quot;], x-correlation-id=[test-key/f7362a11-4c61-40ab-ad9c-066e5caafb66], access-control-allow-methods=[GET, POST, DELETE, OPTIONS], pragma=[no-cache], Via=[1.1 google], access-control-allow-origin=[*], access-control-max-age=[299], content-type=[application/json; charset=utf-8], server-timing=[auth;dur=0], cache-control=[no-store]},associatedRequest=&lt;null&gt;,textInterpretedBody={\&quot;statusCode\&quot;:401,\&quot;message\&quot;:\&quot;Please provide valid client credentials using HTTP Basic Authentication.\&quot;,\&quot;errors\&quot;:[{\&quot;code\&quot;:\&quot;invalid_client\&quot;,\&quot;message\&quot;:\&quot;Please provide valid client credentials using HTTP Basic Authentication.\&quot;}],\&quot;error\&quot;:\&quot;invalid_client\&quot;,\&quot;error_description\&quot;:\&quot;Please provide valid client credentials using HTTP Basic Authentication.\&quot;}]\nSDK: 1.63.0\nproject: test-key\nJava: 1.8.0_151\ncwd: /home/travis/build/commercetools/commercetools-payone-integration/service\nsphere request: &lt;unknown&gt;\nhttp request: HttpRequestImpl[body=FormUrlEncodedHttpRequestBody[data=[NameValuePairImpl[name=grant_type,value=client_credentials], NameValuePairImpl[name=scope,value=manage_project:test-key]]],headers={Authorization=[**removed from output**], User-Agent=[commercetools-jvm-sdk/1.63.0 (AHC/2.0) Java/1.8.0_151-b12 (Linux; amd64)], X-Correlation-ID=[test-key/f7362a11-4c61-40ab-ad9c-066e5caafb66], Content-Type=[application/x-www-form-urlencoded]},httpMethod=POST,url=https://auth.europe-west1.gcp.commercetools.com/oauth/token]\nadditional notes: []\nJavadoc: https://commercetools.github.io/commercetools-jvm-sdk/apidocs/io/sphere/sdk/client/InvalidClientCredentialsException.html\n\n\tat java.util.concurrent.CompletableFuture.encodeThrowable(CompletableFuture.java:273)\n\tat java.util.concurrent.CompletableFuture.completeThrowable(CompletableFuture.java:280)\n\tat java.util.concurrent.CompletableFuture.uniApply(CompletableFuture.java:604)\n\tat java.util.concurrent.CompletableFuture$UniApply.tryFire(CompletableFuture.java:577)\n\tat java.util.concurrent.CompletableFuture.postComplete(CompletableFuture.java:474)\n\tat java.util.concurrent.CompletableFuture.complete(CompletableFuture.java:1962)\n\tat io.sphere.sdk.http.HttpClientAdapterBase.lambda$execute$1(HttpClientAdapterBase.java:58)\n\tat java.util.concurrent.CompletableFuture.uniWhenComplete(CompletableFuture.java:760)\n\tat java.util.concurrent.CompletableFuture$UniWhenComplete.tryFire(CompletableFuture.java:736)\n\tat java.util.concurrent.CompletableFuture.postComplete(CompletableFuture.java:474)\n\tat java.util.concurrent.CompletableFuture.postFire(CompletableFuture.java:561)\n\tat java.util.concurrent.CompletableFuture$UniApply.tryFire(CompletableFuture.java:580)\n\tat java.util.concurrent.CompletableFuture$Completion.exec(CompletableFuture.java:443)\n\tat java.util.concurrent.ForkJoinTask.doExec(ForkJoinTask.java:289)\n\tat java.util.concurrent.ForkJoinPool$WorkQueue.runTask(ForkJoinPool.java:1056)\n\tat java.util.concurrent.ForkJoinPool.runWorker(ForkJoinPool.java:1692)\n\tat java.util.concurrent.ForkJoinWorkerThread.run(ForkJoinWorkerThread.java:157)\nCaused by: io.sphere.sdk.client.InvalidClientCredentialsException: detailMessage: Invalid credentials for test-key on https://auth.europe-west1.gcp.commercetools.com\nsummary: POST https://auth.europe-west1.gcp.commercetools.com/oauth/token failed  with response code 401 with X-Correlation-ID `test-key/f7362a11-4c61-40ab-ad9c-066e5caafb66` on 2021-06-14T04:37:57.184Z\nhttp response formatted body: {\n  \&quot;statusCode\&quot; : 401,\n  \&quot;message\&quot; : \&quot;Please provide valid client credentials using HTTP Basic Authentication.\&quot;,\n  \&quot;errors\&quot; : [ {\n    \&quot;code\&quot; : \&quot;invalid_client\&quot;,\n    \&quot;message\&quot; : \&quot;Please provide valid client credentials using HTTP Basic Authentication.\&quot;\n  } ],\n  \&quot;error\&quot; : \&quot;invalid_client\&quot;,\n  \&quot;error_description\&quot; : \&quot;Please provide valid client credentials using HTTP Basic Authentication.\&quot;\n}\nhttp response: io.sphere.sdk.http.HttpResponseImpl@2265ab5[statusCode=401,headers={date=[Mon, 14 Jun 2021 04:37:56 GMT], content-length=[345], server=[istio-envoy], x-envoy-upstream-service-time=[1], Alt-Svc=[clear], access-control-allow-headers=[Accept, Authorization, Content-Type, Origin, User-Agent, X-Correlation-ID], www-authenticate=[Bearer realm=\&quot;sphere\&quot;, error=\&quot;invalid_client\&quot;, error_description=\&quot;Please provide valid client credentials using HTTP Basic Authentication.\&quot;], x-correlation-id=[test-key/f7362a11-4c61-40ab-ad9c-066e5caafb66], access-control-allow-methods=[GET, POST, DELETE, OPTIONS], pragma=[no-cache], Via=[1.1 google], access-control-allow-origin=[*], access-control-max-age=[299], content-type=[application/json; charset=utf-8], server-timing=[auth;dur=0], cache-control=[no-store]},associatedRequest=&lt;null&gt;,textInterpretedBody={\&quot;statusCode\&quot;:401,\&quot;message\&quot;:\&quot;Please provide valid client credentials using HTTP Basic Authentication.\&quot;,\&quot;errors\&quot;:[{\&quot;code\&quot;:\&quot;invalid_client\&quot;,\&quot;message\&quot;:\&quot;Please provide valid client credentials using HTTP Basic Authentication.\&quot;}],\&quot;error\&quot;:\&quot;invalid_client\&quot;,\&quot;error_description\&quot;:\&quot;Please provide valid client credentials using HTTP Basic Authentication.\&quot;}]\nSDK: 1.63.0\nproject: test-key\nJava: 1.8.0_151\ncwd: /home/travis/build/commercetools/commercetools-payone-integration/service\nsphere request: &lt;unknown&gt;\nhttp request: HttpRequestImpl[body=FormUrlEncodedHttpRequestBody[data=[NameValuePairImpl[name=grant_type,value=client_credentials], NameValuePairImpl[name=scope,value=manage_project:test-key]]],headers={Authorization=[**removed from output**], User-Agent=[commercetools-jvm-sdk/1.63.0 (AHC/2.0) Java/1.8.0_151-b12 (Linux; amd64)], X-Correlation-ID=[test-key/f7362a11-4c61-40ab-ad9c-066e5caafb66], Content-Type=[application/x-www-form-urlencoded]},httpMethod=POST,url=https://auth.europe-west1.gcp.commercetools.com/oauth/token]\nadditional notes: []\nJavadoc: https://commercetools.github.io/commercetools-jvm-sdk/apidocs/io/sphere/sdk/client/InvalidClientCredentialsException.html\n\n\tat io.sphere.sdk.client.TokensSupplierImpl.parseResponse(TokensSupplierImpl.java:129)\n\tat io.sphere.sdk.client.TokensSupplierImpl.lambda$get$1(TokensSupplierImpl.java:61)\n\tat java.util.concurrent.CompletableFuture.uniApply(CompletableFuture.java:602)\n\t... 14 common frames omitted\n&quot;}
{&quot;message&quot;:&quot;Handle payment request to payone service endpoint failed. We have already retried [1] times. We are going to retry again...&quot;,&quot;timestamp&quot;:&quot;2021-06-14T04:38:02.043Z&quot;,&quot;loggerName&quot;:&quot;com.commercetools.util.PayoneHttpClientUtil&quot;,&quot;severity&quot;:&quot;ERROR&quot;,&quot;stackHash&quot;:&quot;deb61e66&quot;,&quot;stackTrace&quot;:&quot;java.net.SocketTimeoutException: Read timed out\n\tat java.net.SocketInputStream.socketRead0(Native Method)\n\tat java.net.SocketInputStream.socketRead(SocketInputStream.java:116)\n\tat java.net.SocketInputStream.read(SocketInputStream.java:171)\n\tat java.net.SocketInputStream.read(SocketInputStream.java:141)\n\tat org.apache.http.impl.io.SessionInputBufferImpl.streamRead(SessionInputBufferImpl.java:137)\n\tat org.apache.http.impl.io.SessionInputBufferImpl.fillBuffer(SessionInputBufferImpl.java:153)\n\tat org.apache.http.impl.io.SessionInputBufferImpl.readLine(SessionInputBufferImpl.java:280)\n\tat org.apache.http.impl.conn.DefaultHttpResponseParser.parseHead(DefaultHttpResponseParser.java:138)\n\tat org.apache.http.impl.conn.DefaultHttpResponseParser.parseHead(DefaultHttpResponseParser.java:56)\n\tat org.apache.http.impl.io.AbstractMessageParser.parse(AbstractMessageParser.java:259)\n\tat org.apache.http.impl.DefaultBHttpClientConnection.receiveResponseHeader(DefaultBHttpClientConnection.java:163)\n\tat org.apache.http.impl.conn.CPoolProxy.receiveResponseHeader(CPoolProxy.java:157)\n\tat org.apache.http.protocol.HttpRequestExecutor.doReceiveResponse(HttpRequestExecutor.java:273)\n\tat org.apache.http.protocol.HttpRequestExecutor.execute(HttpRequestExecutor.java:125)\n\tat org.apache.http.impl.execchain.MainClientExec.execute(MainClientExec.java:272)\n\tat org.apache.http.impl.execchain.ProtocolExec.execute(ProtocolExec.java:186)\n\tat org.apache.http.impl.execchain.RetryExec.execute(RetryExec.java:89)\n\tat org.apache.http.impl.execchain.ServiceUnavailableRetryExec.execute(ServiceUnavailableRetryExec.java:85)\n\tat org.apache.http.impl.execchain.RedirectExec.execute(RedirectExec.java:110)\n\tat org.apache.http.impl.client.InternalHttpClient.doExecute(InternalHttpClient.java:185)\n\tat org.apache.http.impl.client.CloseableHttpClient.execute(CloseableHttpClient.java:83)\n\tat org.apache.http.impl.client.CloseableHttpClient.execute(CloseableHttpClient.java:108)\n\tat com.commercetools.pspadapter.payone.domain.payone.PayonePostServiceImpl.executeReadAndCloseRequest(PayonePostServiceImpl.java:176)\n\tat com.commercetools.pspadapter.payone.domain.payone.PayonePostServiceImpl.executePostRequest(PayonePostServiceImpl.java:158)\n\tat com.commercetools.util.PayoneHttpClientUtilTimeoutTest.lambda$longPostRequest_shouldFailFast$3(PayoneHttpClientUtilTimeoutTest.java:163)\n\tat org.assertj.core.api.ThrowableAssert.catchThrowable(ThrowableAssert.java:62)\n\tat org.assertj.core.api.ThrowableTypeAssert.isThrownBy(ThrowableTypeAssert.java:59)\n\tat com.commercetools.util.PayoneHttpClientUtilTimeoutTest.longPostRequest_shouldFailFast(PayoneHttpClientUtilTimeoutTest.java:163)\n\tat sun.reflect.NativeMethodAccessorImpl.invoke0(Native Method)\n\tat sun.reflect.NativeMethodAccessorImpl.invoke(NativeMethodAccessorImpl.java:62)\n\tat sun.reflect.DelegatingMethodAccessorImpl.invoke(DelegatingMethodAccessorImpl.java:43)\n\tat java.lang.reflect.Method.invoke(Method.java:498)\n\tat org.junit.runners.model.FrameworkMethod$1.runReflectiveCall(FrameworkMethod.java:59)\n\tat org.junit.internal.runners.model.ReflectiveCallable.run(ReflectiveCallable.java:12)\n\tat org.junit.runners.model.FrameworkMethod.invokeExplosively(FrameworkMethod.java:56)\n\tat org.junit.internal.runners.statements.InvokeMethod.evaluate(InvokeMethod.java:17)\n\tat org.junit.internal.runners.statements.RunBefores.evaluate(RunBefores.java:26)\n\tat org.junit.internal.runners.statements.RunAfters.evaluate(RunAfters.java:27)\n\tat org.junit.runners.ParentRunner$3.evaluate(ParentRunner.java:306)\n\tat org.junit.runners.BlockJUnit4ClassRunner$1.evaluate(BlockJUnit4ClassRunner.java:100)\n\tat org.junit.runners.ParentRunner.runLeaf(ParentRunner.java:366)\n\tat org.junit.runners.BlockJUnit4ClassRunner.runChild(BlockJUnit4ClassRunner.java:103)\n\tat org.junit.runners.BlockJUnit4ClassRunner.runChild(BlockJUnit4ClassRunner.java:63)\n\tat org.junit.runners.ParentRunner$4.run(ParentRunner.java:331)\n\tat org.junit.runners.ParentRunner$1.schedule(ParentRunner.java:79)\n\tat org.junit.runners.ParentRunner.runChildren(ParentRunner.java:329)\n\tat org.junit.runners.ParentRunner.access$100(ParentRunner.java:66)\n\tat org.junit.runners.ParentRunner$2.evaluate(ParentRunner.java:293)\n\tat org.junit.runners.ParentRunner$3.evaluate(ParentRunner.java:306)\n\tat org.junit.runners.ParentRunner.run(ParentRunner.java:413)\n\tat org.gradle.api.internal.tasks.testing.junit.JUnitTestClassExecutor.runTestClass(JUnitTestClassExecutor.java:110)\n\tat org.gradle.api.internal.tasks.testing.junit.JUnitTestClassExecutor.execute(JUnitTestClassExecutor.java:58)\n\tat org.gradle.api.internal.tasks.testing.junit.JUnitTestClassExecutor.execute(JUnitTestClassExecutor.java:38)\n\tat org.gradle.api.internal.tasks.testing.junit.AbstractJUnitTestClassProcessor.processTestClass(AbstractJUnitTestClassProcessor.java:62)\n\tat org.gradle.api.internal.tasks.testing.SuiteTestClassProcessor.processTestClass(SuiteTestClassProcessor.java:51)\n\tat sun.reflect.GeneratedMethodAccessor87.invoke(Unknown Source)\n\tat sun.reflect.DelegatingMethodAccessorImpl.invoke(DelegatingMethodAccessorImpl.java:43)\n\tat java.lang.reflect.Method.invoke(Method.java:498)\n\tat org.gradle.internal.dispatch.ReflectionDispatch.dispatch(ReflectionDispatch.java:36)\n\tat org.gradle.internal.dispatch.ReflectionDispatch.dispatch(ReflectionDispatch.java:24)\n\tat org.gradle.internal.dispatch.ContextClassLoaderDispatch.dispatch(ContextClassLoaderDispatch.java:33)\n\tat org.gradle.internal.dispatch.ProxyDispatchAdapter$DispatchingInvocationHandler.invoke(ProxyDispatchAdapter.java:94)\n\tat com.sun.proxy.$Proxy2.processTestClass(Unknown Source)\n\tat org.gradle.api.internal.tasks.testing.worker.TestWorker.processTestClass(TestWorker.java:118)\n\tat sun.reflect.GeneratedMethodAccessor86.invoke(Unknown Source)\n\tat sun.reflect.DelegatingMethodAccessorImpl.invoke(DelegatingMethodAccessorImpl.java:43)\n\tat java.lang.reflect.Method.invoke(Method.java:498)\n\tat org.gradle.internal.dispatch.ReflectionDispatch.dispatch(ReflectionDispatch.java:36)\n\tat org.gradle.internal.dispatch.ReflectionDispatch.dispatch(ReflectionDispatch.java:24)\n\tat org.gradle.internal.remote.internal.hub.MessageHubBackedObjectConnection$DispatchWrapper.dispatch(MessageHubBackedObjectConnection.java:182)\n\tat org.gradle.internal.remote.internal.hub.MessageHubBackedObjectConnection$DispatchWrapper.dispatch(MessageHubBackedObjectConnection.java:164)\n\tat org.gradle.internal.remote.internal.hub.MessageHub$Handler.run(MessageHub.java:412)\n\tat org.gradle.internal.concurrent.ExecutorPolicy$CatchAndRecordFailures.onExecute(ExecutorPolicy.java:64)\n\tat org.gradle.internal.concurrent.ManagedExecutorImpl$1.run(ManagedExecutorImpl.java:48)\n\tat java.util.concurrent.ThreadPoolExecutor.runWorker(ThreadPoolExecutor.java:1149)\n\tat java.util.concurrent.ThreadPoolExecutor$Worker.run(ThreadPoolExecutor.java:624)\n\tat org.gradle.internal.concurrent.ThreadFactoryImpl$ManagedThreadRunnable.run(ThreadFactoryImpl.java:56)\n\tat java.lang.Thread.run(Thread.java:748)\n&quot;}
{&quot;message&quot;:&quot;Mock http server makes 3333 msec delay&quot;,&quot;timestamp&quot;:&quot;2021-06-14T04:38:02.049Z&quot;,&quot;loggerName&quot;:&quot;com.commercetools.util.PayoneHttpClientUtilTimeoutTest&quot;,&quot;severity&quot;:&quot;INFO&quot;}
{&quot;message&quot;:&quot;Mock http server continue response after 3333 msec &quot;,&quot;timestamp&quot;:&quot;2021-06-14T04:38:05.382Z&quot;,&quot;loggerName&quot;:&quot;com.commercetools.util.PayoneHttpClientUtilTimeoutTest&quot;,&quot;severity&quot;:&quot;INFO&quot;}
{&quot;message&quot;:&quot;Mock http server makes 10000 msec delay&quot;,&quot;timestamp&quot;:&quot;2021-06-14T04:38:05.396Z&quot;,&quot;loggerName&quot;:&quot;com.commercetools.util.PayoneHttpClientUtilTimeoutTest&quot;,&quot;severity&quot;:&quot;INFO&quot;}
{&quot;message&quot;:&quot;Handle payment request to payone service endpoint failed. We have already retried [1] times. We are going to retry again...&quot;,&quot;timestamp&quot;:&quot;2021-06-14T04:38:10.396Z&quot;,&quot;loggerName&quot;:&quot;com.commercetools.util.PayoneHttpClientUtil&quot;,&quot;severity&quot;:&quot;ERROR&quot;,&quot;stackHash&quot;:&quot;3e1d2402&quot;,&quot;stackTrace&quot;:&quot;java.net.SocketTimeoutException: Read timed out\n\tat java.net.SocketInputStream.socketRead0(Native Method)\n\tat java.net.SocketInputStream.socketRead(SocketInputStream.java:116)\n\tat java.net.SocketInputStream.read(SocketInputStream.java:171)\n\tat java.net.SocketInputStream.read(SocketInputStream.java:141)\n\tat org.apache.http.impl.io.SessionInputBufferImpl.streamRead(SessionInputBufferImpl.java:137)\n\tat org.apache.http.impl.io.SessionInputBufferImpl.fillBuffer(SessionInputBufferImpl.java:153)\n\tat org.apache.http.impl.io.SessionInputBufferImpl.readLine(SessionInputBufferImpl.java:280)\n\tat org.apache.http.impl.conn.DefaultHttpResponseParser.parseHead(DefaultHttpResponseParser.java:138)\n\tat org.apache.http.impl.conn.DefaultHttpResponseParser.parseHead(DefaultHttpResponseParser.java:56)\n\tat org.apache.http.impl.io.AbstractMessageParser.parse(AbstractMessageParser.java:259)\n\tat org.apache.http.impl.DefaultBHttpClientConnection.receiveResponseHeader(DefaultBHttpClientConnection.java:163)\n\tat org.apache.http.impl.conn.CPoolProxy.receiveResponseHeader(CPoolProxy.java:157)\n\tat org.apache.http.protocol.HttpRequestExecutor.doReceiveResponse(HttpRequestExecutor.java:273)\n\tat org.apache.http.protocol.HttpRequestExecutor.execute(HttpRequestExecutor.java:125)\n\tat org.apache.http.impl.execchain.MainClientExec.execute(MainClientExec.java:272)\n\tat org.apache.http.impl.execchain.ProtocolExec.execute(ProtocolExec.java:186)\n\tat org.apache.http.impl.execchain.RetryExec.execute(RetryExec.java:89)\n\tat org.apache.http.impl.execchain.ServiceUnavailableRetryExec.execute(ServiceUnavailableRetryExec.java:85)\n\tat org.apache.http.impl.execchain.RedirectExec.execute(RedirectExec.java:110)\n\tat org.apache.http.impl.client.InternalHttpClient.doExecute(InternalHttpClient.java:185)\n\tat org.apache.http.impl.client.CloseableHttpClient.execute(CloseableHttpClient.java:83)\n\tat org.apache.http.impl.client.CloseableHttpClient.execute(CloseableHttpClient.java:108)\n\tat com.commercetools.pspadapter.payone.domain.payone.PayonePostServiceImpl.executeReadAndCloseRequest(PayonePostServiceImpl.java:176)\n\tat com.commercetools.pspadapter.payone.domain.payone.PayonePostServiceImpl.executeGetRequest(PayonePostServiceImpl.java:201)\n\tat com.commercetools.util.PayoneHttpClientUtilTimeoutTest.lambda$longGetRequest_shouldFailLong$2(PayoneHttpClientUtilTimeoutTest.java:140)\n\tat org.assertj.core.api.ThrowableAssert.catchThrowable(ThrowableAssert.java:62)\n\tat org.assertj.core.api.ThrowableTypeAssert.isThrownBy(ThrowableTypeAssert.java:59)\n\tat com.commercetools.util.PayoneHttpClientUtilTimeoutTest.longGetRequest_shouldFailLong(PayoneHttpClientUtilTimeoutTest.java:140)\n\tat sun.reflect.NativeMethodAccessorImpl.invoke0(Native Method)\n\tat sun.reflect.NativeMethodAccessorImpl.invoke(NativeMethodAccessorImpl.java:62)\n\tat sun.reflect.DelegatingMethodAccessorImpl.invoke(DelegatingMethodAccessorImpl.java:43)\n\tat java.lang.reflect.Method.invoke(Method.java:498)\n\tat org.junit.runners.model.FrameworkMethod$1.runReflectiveCall(FrameworkMethod.java:59)\n\tat org.junit.internal.runners.model.ReflectiveCallable.run(ReflectiveCallable.java:12)\n\tat org.junit.runners.model.FrameworkMethod.invokeExplosively(FrameworkMethod.java:56)\n\tat org.junit.internal.runners.statements.InvokeMethod.evaluate(InvokeMethod.java:17)\n\tat org.junit.internal.runners.statements.RunBefores.evaluate(RunBefores.java:26)\n\tat org.junit.internal.runners.statements.RunAfters.evaluate(RunAfters.java:27)\n\tat org.junit.runners.ParentRunner$3.evaluate(ParentRunner.java:306)\n\tat org.junit.runners.BlockJUnit4ClassRunner$1.evaluate(BlockJUnit4ClassRunner.java:100)\n\tat org.junit.runners.ParentRunner.runLeaf(ParentRunner.java:366)\n\tat org.junit.runners.BlockJUnit4ClassRunner.runChild(BlockJUnit4ClassRunner.java:103)\n\tat org.junit.runners.BlockJUnit4ClassRunner.runChild(BlockJUnit4ClassRunner.java:63)\n\tat org.junit.runners.ParentRunner$4.run(ParentRunner.java:331)\n\tat org.junit.runners.ParentRunner$1.schedule(ParentRunner.java:79)\n\tat org.junit.runners.ParentRunner.runChildren(ParentRunner.java:329)\n\tat org.junit.runners.ParentRunner.access$100(ParentRunner.java:66)\n\tat org.junit.runners.ParentRunner$2.evaluate(ParentRunner.java:293)\n\tat org.junit.runners.ParentRunner$3.evaluate(ParentRunner.java:306)\n\tat org.junit.runners.ParentRunner.run(ParentRunner.java:413)\n\tat org.gradle.api.internal.tasks.testing.junit.JUnitTestClassExecutor.runTestClass(JUnitTestClassExecutor.java:110)\n\tat org.gradle.api.internal.tasks.testing.junit.JUnitTestClassExecutor.execute(JUnitTestClassExecutor.java:58)\n\tat org.gradle.api.internal.tasks.testing.junit.JUnitTestClassExecutor.execute(JUnitTestClassExecutor.java:38)\n\tat org.gradle.api.internal.tasks.testing.junit.AbstractJUnitTestClassProcessor.processTestClass(AbstractJUnitTestClassProcessor.java:62)\n\tat org.gradle.api.internal.tasks.testing.SuiteTestClassProcessor.processTestClass(SuiteTestClassProcessor.java:51)\n\tat sun.reflect.GeneratedMethodAccessor87.invoke(Unknown Source)\n\tat sun.reflect.DelegatingMethodAccessorImpl.invoke(DelegatingMethodAccessorImpl.java:43)\n\tat java.lang.reflect.Method.invoke(Method.java:498)\n\tat org.gradle.internal.dispatch.ReflectionDispatch.dispatch(ReflectionDispatch.java:36)\n\tat org.gradle.internal.dispatch.ReflectionDispatch.dispatch(ReflectionDispatch.java:24)\n\tat org.gradle.internal.dispatch.ContextClassLoaderDispatch.dispatch(ContextClassLoaderDispatch.java:33)\n\tat org.gradle.internal.dispatch.ProxyDispatchAdapter$DispatchingInvocationHandler.invoke(ProxyDispatchAdapter.java:94)\n\tat com.sun.proxy.$Proxy2.processTestClass(Unknown Source)\n\tat org.gradle.api.internal.tasks.testing.worker.TestWorker.processTestClass(TestWorker.java:118)\n\tat sun.reflect.GeneratedMethodAccessor86.invoke(Unknown Source)\n\tat sun.reflect.DelegatingMethodAccessorImpl.invoke(DelegatingMethodAccessorImpl.java:43)\n\tat java.lang.reflect.Method.invoke(Method.java:498)\n\tat org.gradle.internal.dispatch.ReflectionDispatch.dispatch(ReflectionDispatch.java:36)\n\tat org.gradle.internal.dispatch.ReflectionDispatch.dispatch(ReflectionDispatch.java:24)\n\tat org.gradle.internal.remote.internal.hub.MessageHubBackedObjectConnection$DispatchWrapper.dispatch(MessageHubBackedObjectConnection.java:182)\n\tat org.gradle.internal.remote.internal.hub.MessageHubBackedObjectConnection$DispatchWrapper.dispatch(MessageHubBackedObjectConnection.java:164)\n\tat org.gradle.internal.remote.internal.hub.MessageHub$Handler.run(MessageHub.java:412)\n\tat org.gradle.internal.concurrent.ExecutorPolicy$CatchAndRecordFailures.onExecute(ExecutorPolicy.java:64)\n\tat org.gradle.internal.concurrent.ManagedExecutorImpl$1.run(ManagedExecutorImpl.java:48)\n\tat java.util.concurrent.ThreadPoolExecutor.runWorker(ThreadPoolExecutor.java:1149)\n\tat java.util.concurrent.ThreadPoolExecutor$Worker.run(ThreadPoolExecutor.java:624)\n\tat org.gradle.internal.concurrent.ThreadFactoryImpl$ManagedThreadRunnable.run(ThreadFactoryImpl.java:56)\n\tat java.lang.Thread.run(Thread.java:748)\n&quot;}
{&quot;message&quot;:&quot;Mock http server continue response after 10000 msec &quot;,&quot;timestamp&quot;:&quot;2021-06-14T04:38:15.396Z&quot;,&quot;loggerName&quot;:&quot;com.commercetools.util.PayoneHttpClientUtilTimeoutTest&quot;,&quot;severity&quot;:&quot;INFO&quot;}
{&quot;message&quot;:&quot;Mock http server makes 10000 msec delay&quot;,&quot;timestamp&quot;:&quot;2021-06-14T04:38:15.397Z&quot;,&quot;loggerName&quot;:&quot;com.commercetools.util.PayoneHttpClientUtilTimeoutTest&quot;,&quot;severity&quot;:&quot;INFO&quot;}
{&quot;message&quot;:&quot;Handle payment request to payone service endpoint failed. We have already retried [2] times. We are going to retry again...&quot;,&quot;timestamp&quot;:&quot;2021-06-14T04:38:15.399Z&quot;,&quot;loggerName&quot;:&quot;com.commercetools.util.PayoneHttpClientUtil&quot;,&quot;severity&quot;:&quot;ERROR&quot;,&quot;stackHash&quot;:&quot;3e1d2402&quot;,&quot;stackTrace&quot;:&quot;java.net.SocketTimeoutException: Read timed out\n\tat java.net.SocketInputStream.socketRead0(Native Method)\n\tat java.net.SocketInputStream.socketRead(SocketInputStream.java:116)\n\tat java.net.SocketInputStream.read(SocketInputStream.java:171)\n\tat java.net.SocketInputStream.read(SocketInputStream.java:141)\n\tat org.apache.http.impl.io.SessionInputBufferImpl.streamRead(SessionInputBufferImpl.java:137)\n\tat org.apache.http.impl.io.SessionInputBufferImpl.fillBuffer(SessionInputBufferImpl.java:153)\n\tat org.apache.http.impl.io.SessionInputBufferImpl.readLine(SessionInputBufferImpl.java:280)\n\tat org.apache.http.impl.conn.DefaultHttpResponseParser.parseHead(DefaultHttpResponseParser.java:138)\n\tat org.apache.http.impl.conn.DefaultHttpResponseParser.parseHead(DefaultHttpResponseParser.java:56)\n\tat org.apache.http.impl.io.AbstractMessageParser.parse(AbstractMessageParser.java:259)\n\tat org.apache.http.impl.DefaultBHttpClientConnection.receiveResponseHeader(DefaultBHttpClientConnection.java:163)\n\tat org.apache.http.impl.conn.CPoolProxy.receiveResponseHeader(CPoolProxy.java:157)\n\tat org.apache.http.protocol.HttpRequestExecutor.doReceiveResponse(HttpRequestExecutor.java:273)\n\tat org.apache.http.protocol.HttpRequestExecutor.execute(HttpRequestExecutor.java:125)\n\tat org.apache.http.impl.execchain.MainClientExec.execute(MainClientExec.java:272)\n\tat org.apache.http.impl.execchain.ProtocolExec.execute(ProtocolExec.java:186)\n\tat org.apache.http.impl.execchain.RetryExec.execute(RetryExec.java:89)\n\tat org.apache.http.impl.execchain.ServiceUnavailableRetryExec.execute(ServiceUnavailableRetryExec.java:85)\n\tat org.apache.http.impl.execchain.RedirectExec.execute(RedirectExec.java:110)\n\tat org.apache.http.impl.client.InternalHttpClient.doExecute(InternalHttpClient.java:185)\n\tat org.apache.http.impl.client.CloseableHttpClient.execute(CloseableHttpClient.java:83)\n\tat org.apache.http.impl.client.CloseableHttpClient.execute(CloseableHttpClient.java:108)\n\tat com.commercetools.pspadapter.payone.domain.payone.PayonePostServiceImpl.executeReadAndCloseRequest(PayonePostServiceImpl.java:176)\n\tat com.commercetools.pspadapter.payone.domain.payone.PayonePostServiceImpl.executeGetRequest(PayonePostServiceImpl.java:201)\n\tat com.commercetools.util.PayoneHttpClientUtilTimeoutTest.lambda$longGetRequest_shouldFailLong$2(PayoneHttpClientUtilTimeoutTest.java:140)\n\tat org.assertj.core.api.ThrowableAssert.catchThrowable(ThrowableAssert.java:62)\n\tat org.assertj.core.api.ThrowableTypeAssert.isThrownBy(ThrowableTypeAssert.java:59)\n\tat com.commercetools.util.PayoneHttpClientUtilTimeoutTest.longGetRequest_shouldFailLong(PayoneHttpClientUtilTimeoutTest.java:140)\n\tat sun.reflect.NativeMethodAccessorImpl.invoke0(Native Method)\n\tat sun.reflect.NativeMethodAccessorImpl.invoke(NativeMethodAccessorImpl.java:62)\n\tat sun.reflect.DelegatingMethodAccessorImpl.invoke(DelegatingMethodAccessorImpl.java:43)\n\tat java.lang.reflect.Method.invoke(Method.java:498)\n\tat org.junit.runners.model.FrameworkMethod$1.runReflectiveCall(FrameworkMethod.java:59)\n\tat org.junit.internal.runners.model.ReflectiveCallable.run(ReflectiveCallable.java:12)\n\tat org.junit.runners.model.FrameworkMethod.invokeExplosively(FrameworkMethod.java:56)\n\tat org.junit.internal.runners.statements.InvokeMethod.evaluate(InvokeMethod.java:17)\n\tat org.junit.internal.runners.statements.RunBefores.evaluate(RunBefores.java:26)\n\tat org.junit.internal.runners.statements.RunAfters.evaluate(RunAfters.java:27)\n\tat org.junit.runners.ParentRunner$3.evaluate(ParentRunner.java:306)\n\tat org.junit.runners.BlockJUnit4ClassRunner$1.evaluate(BlockJUnit4ClassRunner.java:100)\n\tat org.junit.runners.ParentRunner.runLeaf(ParentRunner.java:366)\n\tat org.junit.runners.BlockJUnit4ClassRunner.runChild(BlockJUnit4ClassRunner.java:103)\n\tat org.junit.runners.BlockJUnit4ClassRunner.runChild(BlockJUnit4ClassRunner.java:63)\n\tat org.junit.runners.ParentRunner$4.run(ParentRunner.java:331)\n\tat org.junit.runners.ParentRunner$1.schedule(ParentRunner.java:79)\n\tat org.junit.runners.ParentRunner.runChildren(ParentRunner.java:329)\n\tat org.junit.runners.ParentRunner.access$100(ParentRunner.java:66)\n\tat org.junit.runners.ParentRunner$2.evaluate(ParentRunner.java:293)\n\tat org.junit.runners.ParentRunner$3.evaluate(ParentRunner.java:306)\n\tat org.junit.runners.ParentRunner.run(ParentRunner.java:413)\n\tat org.gradle.api.internal.tasks.testing.junit.JUnitTestClassExecutor.runTestClass(JUnitTestClassExecutor.java:110)\n\tat org.gradle.api.internal.tasks.testing.junit.JUnitTestClassExecutor.execute(JUnitTestClassExecutor.java:58)\n\tat org.gradle.api.internal.tasks.testing.junit.JUnitTestClassExecutor.execute(JUnitTestClassExecutor.java:38)\n\tat org.gradle.api.internal.tasks.testing.junit.AbstractJUnitTestClassProcessor.processTestClass(AbstractJUnitTestClassProcessor.java:62)\n\tat org.gradle.api.internal.tasks.testing.SuiteTestClassProcessor.processTestClass(SuiteTestClassProcessor.java:51)\n\tat sun.reflect.GeneratedMethodAccessor87.invoke(Unknown Source)\n\tat sun.reflect.DelegatingMethodAccessorImpl.invoke(DelegatingMethodAccessorImpl.java:43)\n\tat java.lang.reflect.Method.invoke(Method.java:498)\n\tat org.gradle.internal.dispatch.ReflectionDispatch.dispatch(ReflectionDispatch.java:36)\n\tat org.gradle.internal.dispatch.ReflectionDispatch.dispatch(ReflectionDispatch.java:24)\n\tat org.gradle.internal.dispatch.ContextClassLoaderDispatch.dispatch(ContextClassLoaderDispatch.java:33)\n\tat org.gradle.internal.dispatch.ProxyDispatchAdapter$DispatchingInvocationHandler.invoke(ProxyDispatchAdapter.java:94)\n\tat com.sun.proxy.$Proxy2.processTestClass(Unknown Source)\n\tat org.gradle.api.internal.tasks.testing.worker.TestWorker.processTestClass(TestWorker.java:118)\n\tat sun.reflect.GeneratedMethodAccessor86.invoke(Unknown Source)\n\tat sun.reflect.DelegatingMethodAccessorImpl.invoke(DelegatingMethodAccessorImpl.java:43)\n\tat java.lang.reflect.Method.invoke(Method.java:498)\n\tat org.gradle.internal.dispatch.ReflectionDispatch.dispatch(ReflectionDispatch.java:36)\n\tat org.gradle.internal.dispatch.ReflectionDispatch.dispatch(ReflectionDispatch.java:24)\n\tat org.gradle.internal.remote.internal.hub.MessageHubBackedObjectConnection$DispatchWrapper.dispatch(MessageHubBackedObjectConnection.java:182)\n\tat org.gradle.internal.remote.internal.hub.MessageHubBackedObjectConnection$DispatchWrapper.dispatch(MessageHubBackedObjectConnection.java:164)\n\tat org.gradle.internal.remote.internal.hub.MessageHub$Handler.run(MessageHub.java:412)\n\tat org.gradle.internal.concurrent.ExecutorPolicy$CatchAndRecordFailures.onExecute(ExecutorPolicy.java:64)\n\tat org.gradle.internal.concurrent.ManagedExecutorImpl$1.run(ManagedExecutorImpl.java:48)\n\tat java.util.concurrent.ThreadPoolExecutor.runWorker(ThreadPoolExecutor.java:1149)\n\tat java.util.concurrent.ThreadPoolExecutor$Worker.run(ThreadPoolExecutor.java:624)\n\tat org.gradle.internal.concurrent.ThreadFactoryImpl$ManagedThreadRunnable.run(ThreadFactoryImpl.java:56)\n\tat java.lang.Thread.run(Thread.java:748)\n&quot;}
{&quot;message&quot;:&quot;Mock http server continue response after 20000 msec &quot;,&quot;timestamp&quot;:&quot;2021-06-14T04:38:17.043Z&quot;,&quot;loggerName&quot;:&quot;com.commercetools.util.PayoneHttpClientUtilTimeoutTest&quot;,&quot;severity&quot;:&quot;INFO&quot;}
{&quot;message&quot;:&quot;Handle payment request to payone service endpoint failed. We have already retried [3] times. We are going to retry again...&quot;,&quot;timestamp&quot;:&quot;2021-06-14T04:38:20.406Z&quot;,&quot;loggerName&quot;:&quot;com.commercetools.util.PayoneHttpClientUtil&quot;,&quot;severity&quot;:&quot;ERROR&quot;,&quot;stackHash&quot;:&quot;3e1d2402&quot;,&quot;stackTrace&quot;:&quot;java.net.SocketTimeoutException: Read timed out\n\tat java.net.SocketInputStream.socketRead0(Native Method)\n\tat java.net.SocketInputStream.socketRead(SocketInputStream.java:116)\n\tat java.net.SocketInputStream.read(SocketInputStream.java:171)\n\tat java.net.SocketInputStream.read(SocketInputStream.java:141)\n\tat org.apache.http.impl.io.SessionInputBufferImpl.streamRead(SessionInputBufferImpl.java:137)\n\tat org.apache.http.impl.io.SessionInputBufferImpl.fillBuffer(SessionInputBufferImpl.java:153)\n\tat org.apache.http.impl.io.SessionInputBufferImpl.readLine(SessionInputBufferImpl.java:280)\n\tat org.apache.http.impl.conn.DefaultHttpResponseParser.parseHead(DefaultHttpResponseParser.java:138)\n\tat org.apache.http.impl.conn.DefaultHttpResponseParser.parseHead(DefaultHttpResponseParser.java:56)\n\tat org.apache.http.impl.io.AbstractMessageParser.parse(AbstractMessageParser.java:259)\n\tat org.apache.http.impl.DefaultBHttpClientConnection.receiveResponseHeader(DefaultBHttpClientConnection.java:163)\n\tat org.apache.http.impl.conn.CPoolProxy.receiveResponseHeader(CPoolProxy.java:157)\n\tat org.apache.http.protocol.HttpRequestExecutor.doReceiveResponse(HttpRequestExecutor.java:273)\n\tat org.apache.http.protocol.HttpRequestExecutor.execute(HttpRequestExecutor.java:125)\n\tat org.apache.http.impl.execchain.MainClientExec.execute(MainClientExec.java:272)\n\tat org.apache.http.impl.execchain.ProtocolExec.execute(ProtocolExec.java:186)\n\tat org.apache.http.impl.execchain.RetryExec.execute(RetryExec.java:89)\n\tat org.apache.http.impl.execchain.ServiceUnavailableRetryExec.execute(ServiceUnavailableRetryExec.java:85)\n\tat org.apache.http.impl.execchain.RedirectExec.execute(RedirectExec.java:110)\n\tat org.apache.http.impl.client.InternalHttpClient.doExecute(InternalHttpClient.java:185)\n\tat org.apache.http.impl.client.CloseableHttpClient.execute(CloseableHttpClient.java:83)\n\tat org.apache.http.impl.client.CloseableHttpClient.execute(CloseableHttpClient.java:108)\n\tat com.commercetools.pspadapter.payone.domain.payone.PayonePostServiceImpl.executeReadAndCloseRequest(PayonePostServiceImpl.java:176)\n\tat com.commercetools.pspadapter.payone.domain.payone.PayonePostServiceImpl.executeGetRequest(PayonePostServiceImpl.java:201)\n\tat com.commercetools.util.PayoneHttpClientUtilTimeoutTest.lambda$longGetRequest_shouldFailLong$2(PayoneHttpClientUtilTimeoutTest.java:140)\n\tat org.assertj.core.api.ThrowableAssert.catchThrowable(ThrowableAssert.java:62)\n\tat org.assertj.core.api.ThrowableTypeAssert.isThrownBy(ThrowableTypeAssert.java:59)\n\tat com.commercetools.util.PayoneHttpClientUtilTimeoutTest.longGetRequest_shouldFailLong(PayoneHttpClientUtilTimeoutTest.java:140)\n\tat sun.reflect.NativeMethodAccessorImpl.invoke0(Native Method)\n\tat sun.reflect.NativeMethodAccessorImpl.invoke(NativeMethodAccessorImpl.java:62)\n\tat sun.reflect.DelegatingMethodAccessorImpl.invoke(DelegatingMethodAccessorImpl.java:43)\n\tat java.lang.reflect.Method.invoke(Method.java:498)\n\tat org.junit.runners.model.FrameworkMethod$1.runReflectiveCall(FrameworkMethod.java:59)\n\tat org.junit.internal.runners.model.ReflectiveCallable.run(ReflectiveCallable.java:12)\n\tat org.junit.runners.model.FrameworkMethod.invokeExplosively(FrameworkMethod.java:56)\n\tat org.junit.internal.runners.statements.InvokeMethod.evaluate(InvokeMethod.java:17)\n\tat org.junit.internal.runners.statements.RunBefores.evaluate(RunBefores.java:26)\n\tat org.junit.internal.runners.statements.RunAfters.evaluate(RunAfters.java:27)\n\tat org.junit.runners.ParentRunner$3.evaluate(ParentRunner.java:306)\n\tat org.junit.runners.BlockJUnit4ClassRunner$1.evaluate(BlockJUnit4ClassRunner.java:100)\n\tat org.junit.runners.ParentRunner.runLeaf(ParentRunner.java:366)\n\tat org.junit.runners.BlockJUnit4ClassRunner.runChild(BlockJUnit4ClassRunner.java:103)\n\tat org.junit.runners.BlockJUnit4ClassRunner.runChild(BlockJUnit4ClassRunner.java:63)\n\tat org.junit.runners.ParentRunner$4.run(ParentRunner.java:331)\n\tat org.junit.runners.ParentRunner$1.schedule(ParentRunner.java:79)\n\tat org.junit.runners.ParentRunner.runChildren(ParentRunner.java:329)\n\tat org.junit.runners.ParentRunner.access$100(ParentRunner.java:66)\n\tat org.junit.runners.ParentRunner$2.evaluate(ParentRunner.java:293)\n\tat org.junit.runners.ParentRunner$3.evaluate(ParentRunner.java:306)\n\tat org.junit.runners.ParentRunner.run(ParentRunner.java:413)\n\tat org.gradle.api.internal.tasks.testing.junit.JUnitTestClassExecutor.runTestClass(JUnitTestClassExecutor.java:110)\n\tat org.gradle.api.internal.tasks.testing.junit.JUnitTestClassExecutor.execute(JUnitTestClassExecutor.java:58)\n\tat org.gradle.api.internal.tasks.testing.junit.JUnitTestClassExecutor.execute(JUnitTestClassExecutor.java:38)\n\tat org.gradle.api.internal.tasks.testing.junit.AbstractJUnitTestClassProcessor.processTestClass(AbstractJUnitTestClassProcessor.java:62)\n\tat org.gradle.api.internal.tasks.testing.SuiteTestClassProcessor.processTestClass(SuiteTestClassProcessor.java:51)\n\tat sun.reflect.GeneratedMethodAccessor87.invoke(Unknown Source)\n\tat sun.reflect.DelegatingMethodAccessorImpl.invoke(DelegatingMethodAccessorImpl.java:43)\n\tat java.lang.reflect.Method.invoke(Method.java:498)\n\tat org.gradle.internal.dispatch.ReflectionDispatch.dispatch(ReflectionDispatch.java:36)\n\tat org.gradle.internal.dispatch.ReflectionDispatch.dispatch(ReflectionDispatch.java:24)\n\tat org.gradle.internal.dispatch.ContextClassLoaderDispatch.dispatch(ContextClassLoaderDispatch.java:33)\n\tat org.gradle.internal.dispatch.ProxyDispatchAdapter$DispatchingInvocationHandler.invoke(ProxyDispatchAdapter.java:94)\n\tat com.sun.proxy.$Proxy2.processTestClass(Unknown Source)\n\tat org.gradle.api.internal.tasks.testing.worker.TestWorker.processTestClass(TestWorker.java:118)\n\tat sun.reflect.GeneratedMethodAccessor86.invoke(Unknown Source)\n\tat sun.reflect.DelegatingMethodAccessorImpl.invoke(DelegatingMethodAccessorImpl.java:43)\n\tat java.lang.reflect.Method.invoke(Method.java:498)\n\tat org.gradle.internal.dispatch.ReflectionDispatch.dispatch(ReflectionDispatch.java:36)\n\tat org.gradle.internal.dispatch.ReflectionDispatch.dispatch(ReflectionDispatch.java:24)\n\tat org.gradle.internal.remote.internal.hub.MessageHubBackedObjectConnection$DispatchWrapper.dispatch(MessageHubBackedObjectConnection.java:182)\n\tat org.gradle.internal.remote.internal.hub.MessageHubBackedObjectConnection$DispatchWrapper.dispatch(MessageHubBackedObjectConnection.java:164)\n\tat org.gradle.internal.remote.internal.hub.MessageHub$Handler.run(MessageHub.java:412)\n\tat org.gradle.internal.concurrent.ExecutorPolicy$CatchAndRecordFailures.onExecute(ExecutorPolicy.java:64)\n\tat org.gradle.internal.concurrent.ManagedExecutorImpl$1.run(ManagedExecutorImpl.java:48)\n\tat java.util.concurrent.ThreadPoolExecutor.runWorker(ThreadPoolExecutor.java:1149)\n\tat java.util.concurrent.ThreadPoolExecutor$Worker.run(ThreadPoolExecutor.java:624)\n\tat org.gradle.internal.concurrent.ThreadFactoryImpl$ManagedThreadRunnable.run(ThreadFactoryImpl.java:56)\n\tat java.lang.Thread.run(Thread.java:748)\n&quot;}
{&quot;message&quot;:&quot;Mock http server continue response after 10000 msec &quot;,&quot;timestamp&quot;:&quot;2021-06-14T04:38:25.397Z&quot;,&quot;loggerName&quot;:&quot;com.commercetools.util.PayoneHttpClientUtilTimeoutTest&quot;,&quot;severity&quot;:&quot;INFO&quot;}
{&quot;message&quot;:&quot;Mock http server makes 10000 msec delay&quot;,&quot;timestamp&quot;:&quot;2021-06-14T04:38:25.398Z&quot;,&quot;loggerName&quot;:&quot;com.commercetools.util.PayoneHttpClientUtilTimeoutTest&quot;,&quot;severity&quot;:&quot;INFO&quot;}
{&quot;message&quot;:&quot;Handle payment request to payone service endpoint failed. We have already retried [4] times. We are going to retry again...&quot;,&quot;timestamp&quot;:&quot;2021-06-14T04:38:25.410Z&quot;,&quot;loggerName&quot;:&quot;com.commercetools.util.PayoneHttpClientUtil&quot;,&quot;severity&quot;:&quot;ERROR&quot;,&quot;stackHash&quot;:&quot;3e1d2402&quot;,&quot;stackTrace&quot;:&quot;java.net.SocketTimeoutException: Read timed out\n\tat java.net.SocketInputStream.socketRead0(Native Method)\n\tat java.net.SocketInputStream.socketRead(SocketInputStream.java:116)\n\tat java.net.SocketInputStream.read(SocketInputStream.java:171)\n\tat java.net.SocketInputStream.read(SocketInputStream.java:141)\n\tat org.apache.http.impl.io.SessionInputBufferImpl.streamRead(SessionInputBufferImpl.java:137)\n\tat org.apache.http.impl.io.SessionInputBufferImpl.fillBuffer(SessionInputBufferImpl.java:153)\n\tat org.apache.http.impl.io.SessionInputBufferImpl.readLine(SessionInputBufferImpl.java:280)\n\tat org.apache.http.impl.conn.DefaultHttpResponseParser.parseHead(DefaultHttpResponseParser.java:138)\n\tat org.apache.http.impl.conn.DefaultHttpResponseParser.parseHead(DefaultHttpResponseParser.java:56)\n\tat org.apache.http.impl.io.AbstractMessageParser.parse(AbstractMessageParser.java:259)\n\tat org.apache.http.impl.DefaultBHttpClientConnection.receiveResponseHeader(DefaultBHttpClientConnection.java:163)\n\tat org.apache.http.impl.conn.CPoolProxy.receiveResponseHeader(CPoolProxy.java:157)\n\tat org.apache.http.protocol.HttpRequestExecutor.doReceiveResponse(HttpRequestExecutor.java:273)\n\tat org.apache.http.protocol.HttpRequestExecutor.execute(HttpRequestExecutor.java:125)\n\tat org.apache.http.impl.execchain.MainClientExec.execute(MainClientExec.java:272)\n\tat org.apache.http.impl.execchain.ProtocolExec.execute(ProtocolExec.java:186)\n\tat org.apache.http.impl.execchain.RetryExec.execute(RetryExec.java:89)\n\tat org.apache.http.impl.execchain.ServiceUnavailableRetryExec.execute(ServiceUnavailableRetryExec.java:85)\n\tat org.apache.http.impl.execchain.RedirectExec.execute(RedirectExec.java:110)\n\tat org.apache.http.impl.client.InternalHttpClient.doExecute(InternalHttpClient.java:185)\n\tat org.apache.http.impl.client.CloseableHttpClient.execute(CloseableHttpClient.java:83)\n\tat org.apache.http.impl.client.CloseableHttpClient.execute(CloseableHttpClient.java:108)\n\tat com.commercetools.pspadapter.payone.domain.payone.PayonePostServiceImpl.executeReadAndCloseRequest(PayonePostServiceImpl.java:176)\n\tat com.commercetools.pspadapter.payone.domain.payone.PayonePostServiceImpl.executeGetRequest(PayonePostServiceImpl.java:201)\n\tat com.commercetools.util.PayoneHttpClientUtilTimeoutTest.lambda$longGetRequest_shouldFailLong$2(PayoneHttpClientUtilTimeoutTest.java:140)\n\tat org.assertj.core.api.ThrowableAssert.catchThrowable(ThrowableAssert.java:62)\n\tat org.assertj.core.api.ThrowableTypeAssert.isThrownBy(ThrowableTypeAssert.java:59)\n\tat com.commercetools.util.PayoneHttpClientUtilTimeoutTest.longGetRequest_shouldFailLong(PayoneHttpClientUtilTimeoutTest.java:140)\n\tat sun.reflect.NativeMethodAccessorImpl.invoke0(Native Method)\n\tat sun.reflect.NativeMethodAccessorImpl.invoke(NativeMethodAccessorImpl.java:62)\n\tat sun.reflect.DelegatingMethodAccessorImpl.invoke(DelegatingMethodAccessorImpl.java:43)\n\tat java.lang.reflect.Method.invoke(Method.java:498)\n\tat org.junit.runners.model.FrameworkMethod$1.runReflectiveCall(FrameworkMethod.java:59)\n\tat org.junit.internal.runners.model.ReflectiveCallable.run(ReflectiveCallable.java:12)\n\tat org.junit.runners.model.FrameworkMethod.invokeExplosively(FrameworkMethod.java:56)\n\tat org.junit.internal.runners.statements.InvokeMethod.evaluate(InvokeMethod.java:17)\n\tat org.junit.internal.runners.statements.RunBefores.evaluate(RunBefores.java:26)\n\tat org.junit.internal.runners.statements.RunAfters.evaluate(RunAfters.java:27)\n\tat org.junit.runners.ParentRunner$3.evaluate(ParentRunner.java:306)\n\tat org.junit.runners.BlockJUnit4ClassRunner$1.evaluate(BlockJUnit4ClassRunner.java:100)\n\tat org.junit.runners.ParentRunner.runLeaf(ParentRunner.java:366)\n\tat org.junit.runners.BlockJUnit4ClassRunner.runChild(BlockJUnit4ClassRunner.java:103)\n\tat org.junit.runners.BlockJUnit4ClassRunner.runChild(BlockJUnit4ClassRunner.java:63)\n\tat org.junit.runners.ParentRunner$4.run(ParentRunner.java:331)\n\tat org.junit.runners.ParentRunner$1.schedule(ParentRunner.java:79)\n\tat org.junit.runners.ParentRunner.runChildren(ParentRunner.java:329)\n\tat org.junit.runners.ParentRunner.access$100(ParentRunner.java:66)\n\tat org.junit.runners.ParentRunner$2.evaluate(ParentRunner.java:293)\n\tat org.junit.runners.ParentRunner$3.evaluate(ParentRunner.java:306)\n\tat org.junit.runners.ParentRunner.run(ParentRunner.java:413)\n\tat org.gradle.api.internal.tasks.testing.junit.JUnitTestClassExecutor.runTestClass(JUnitTestClassExecutor.java:110)\n\tat org.gradle.api.internal.tasks.testing.junit.JUnitTestClassExecutor.execute(JUnitTestClassExecutor.java:58)\n\tat org.gradle.api.internal.tasks.testing.junit.JUnitTestClassExecutor.execute(JUnitTestClassExecutor.java:38)\n\tat org.gradle.api.internal.tasks.testing.junit.AbstractJUnitTestClassProcessor.processTestClass(AbstractJUnitTestClassProcessor.java:62)\n\tat org.gradle.api.internal.tasks.testing.SuiteTestClassProcessor.processTestClass(SuiteTestClassProcessor.java:51)\n\tat sun.reflect.GeneratedMethodAccessor87.invoke(Unknown Source)\n\tat sun.reflect.DelegatingMethodAccessorImpl.invoke(DelegatingMethodAccessorImpl.java:43)\n\tat java.lang.reflect.Method.invoke(Method.java:498)\n\tat org.gradle.internal.dispatch.ReflectionDispatch.dispatch(ReflectionDispatch.java:36)\n\tat org.gradle.internal.dispatch.ReflectionDispatch.dispatch(ReflectionDispatch.java:24)\n\tat org.gradle.internal.dispatch.ContextClassLoaderDispatch.dispatch(ContextClassLoaderDispatch.java:33)\n\tat org.gradle.internal.dispatch.ProxyDispatchAdapter$DispatchingInvocationHandler.invoke(ProxyDispatchAdapter.java:94)\n\tat com.sun.proxy.$Proxy2.processTestClass(Unknown Source)\n\tat org.gradle.api.internal.tasks.testing.worker.TestWorker.processTestClass(TestWorker.java:118)\n\tat sun.reflect.GeneratedMethodAccessor86.invoke(Unknown Source)\n\tat sun.reflect.DelegatingMethodAccessorImpl.invoke(DelegatingMethodAccessorImpl.java:43)\n\tat java.lang.reflect.Method.invoke(Method.java:498)\n\tat org.gradle.internal.dispatch.ReflectionDispatch.dispatch(ReflectionDispatch.java:36)\n\tat org.gradle.internal.dispatch.ReflectionDispatch.dispatch(ReflectionDispatch.java:24)\n\tat org.gradle.internal.remote.internal.hub.MessageHubBackedObjectConnection$DispatchWrapper.dispatch(MessageHubBackedObjectConnection.java:182)\n\tat org.gradle.internal.remote.internal.hub.MessageHubBackedObjectConnection$DispatchWrapper.dispatch(MessageHubBackedObjectConnection.java:164)\n\tat org.gradle.internal.remote.internal.hub.MessageHub$Handler.run(MessageHub.java:412)\n\tat org.gradle.internal.concurrent.ExecutorPolicy$CatchAndRecordFailures.onExecute(ExecutorPolicy.java:64)\n\tat org.gradle.internal.concurrent.ManagedExecutorImpl$1.run(ManagedExecutorImpl.java:48)\n\tat java.util.concurrent.ThreadPoolExecutor.runWorker(ThreadPoolExecutor.java:1149)\n\tat java.util.concurrent.ThreadPoolExecutor$Worker.run(ThreadPoolExecutor.java:624)\n\tat org.gradle.internal.concurrent.ThreadFactoryImpl$ManagedThreadRunnable.run(ThreadFactoryImpl.java:56)\n\tat java.lang.Thread.run(Thread.java:748)\n&quot;}
{&quot;message&quot;:&quot;Handle payment request to payone service endpoint failed. We have already retried [5] times. We are going to retry again...&quot;,&quot;timestamp&quot;:&quot;2021-06-14T04:38:30.417Z&quot;,&quot;loggerName&quot;:&quot;com.commercetools.util.PayoneHttpClientUtil&quot;,&quot;severity&quot;:&quot;ERROR&quot;,&quot;stackHash&quot;:&quot;3e1d2402&quot;,&quot;stackTrace&quot;:&quot;java.net.SocketTimeoutException: Read timed out\n\tat java.net.SocketInputStream.socketRead0(Native Method)\n\tat java.net.SocketInputStream.socketRead(SocketInputStream.java:116)\n\tat java.net.SocketInputStream.read(SocketInputStream.java:171)\n\tat java.net.SocketInputStream.read(SocketInputStream.java:141)\n\tat org.apache.http.impl.io.SessionInputBufferImpl.streamRead(SessionInputBufferImpl.java:137)\n\tat org.apache.http.impl.io.SessionInputBufferImpl.fillBuffer(SessionInputBufferImpl.java:153)\n\tat org.apache.http.impl.io.SessionInputBufferImpl.readLine(SessionInputBufferImpl.java:280)\n\tat org.apache.http.impl.conn.DefaultHttpResponseParser.parseHead(DefaultHttpResponseParser.java:138)\n\tat org.apache.http.impl.conn.DefaultHttpResponseParser.parseHead(DefaultHttpResponseParser.java:56)\n\tat org.apache.http.impl.io.AbstractMessageParser.parse(AbstractMessageParser.java:259)\n\tat org.apache.http.impl.DefaultBHttpClientConnection.receiveResponseHeader(DefaultBHttpClientConnection.java:163)\n\tat org.apache.http.impl.conn.CPoolProxy.receiveResponseHeader(CPoolProxy.java:157)\n\tat org.apache.http.protocol.HttpRequestExecutor.doReceiveResponse(HttpRequestExecutor.java:273)\n\tat org.apache.http.protocol.HttpRequestExecutor.execute(HttpRequestExecutor.java:125)\n\tat org.apache.http.impl.execchain.MainClientExec.execute(MainClientExec.java:272)\n\tat org.apache.http.impl.execchain.ProtocolExec.execute(ProtocolExec.java:186)\n\tat org.apache.http.impl.execchain.RetryExec.execute(RetryExec.java:89)\n\tat org.apache.http.impl.execchain.ServiceUnavailableRetryExec.execute(ServiceUnavailableRetryExec.java:85)\n\tat org.apache.http.impl.execchain.RedirectExec.execute(RedirectExec.java:110)\n\tat org.apache.http.impl.client.InternalHttpClient.doExecute(InternalHttpClient.java:185)\n\tat org.apache.http.impl.client.CloseableHttpClient.execute(CloseableHttpClient.java:83)\n\tat org.apache.http.impl.client.CloseableHttpClient.execute(CloseableHttpClient.java:108)\n\tat com.commercetools.pspadapter.payone.domain.payone.PayonePostServiceImpl.executeReadAndCloseRequest(PayonePostServiceImpl.java:176)\n\tat com.commercetools.pspadapter.payone.domain.payone.PayonePostServiceImpl.executeGetRequest(PayonePostServiceImpl.java:201)\n\tat com.commercetools.util.PayoneHttpClientUtilTimeoutTest.lambda$longGetRequest_shouldFailLong$2(PayoneHttpClientUtilTimeoutTest.java:140)\n\tat org.assertj.core.api.ThrowableAssert.catchThrowable(ThrowableAssert.java:62)\n\tat org.assertj.core.api.ThrowableTypeAssert.isThrownBy(ThrowableTypeAssert.java:59)\n\tat com.commercetools.util.PayoneHttpClientUtilTimeoutTest.longGetRequest_shouldFailLong(PayoneHttpClientUtilTimeoutTest.java:140)\n\tat sun.reflect.NativeMethodAccessorImpl.invoke0(Native Method)\n\tat sun.reflect.NativeMethodAccessorImpl.invoke(NativeMethodAccessorImpl.java:62)\n\tat sun.reflect.DelegatingMethodAccessorImpl.invoke(DelegatingMethodAccessorImpl.java:43)\n\tat java.lang.reflect.Method.invoke(Method.java:498)\n\tat org.junit.runners.model.FrameworkMethod$1.runReflectiveCall(FrameworkMethod.java:59)\n\tat org.junit.internal.runners.model.ReflectiveCallable.run(ReflectiveCallable.java:12)\n\tat org.junit.runners.model.FrameworkMethod.invokeExplosively(FrameworkMethod.java:56)\n\tat org.junit.internal.runners.statements.InvokeMethod.evaluate(InvokeMethod.java:17)\n\tat org.junit.internal.runners.statements.RunBefores.evaluate(RunBefores.java:26)\n\tat org.junit.internal.runners.statements.RunAfters.evaluate(RunAfters.java:27)\n\tat org.junit.runners.ParentRunner$3.evaluate(ParentRunner.java:306)\n\tat org.junit.runners.BlockJUnit4ClassRunner$1.evaluate(BlockJUnit4ClassRunner.java:100)\n\tat org.junit.runners.ParentRunner.runLeaf(ParentRunner.java:366)\n\tat org.junit.runners.BlockJUnit4ClassRunner.runChild(BlockJUnit4ClassRunner.java:103)\n\tat org.junit.runners.BlockJUnit4ClassRunner.runChild(BlockJUnit4ClassRunner.java:63)\n\tat org.junit.runners.ParentRunner$4.run(ParentRunner.java:331)\n\tat org.junit.runners.ParentRunner$1.schedule(ParentRunner.java:79)\n\tat org.junit.runners.ParentRunner.runChildren(ParentRunner.java:329)\n\tat org.junit.runners.ParentRunner.access$100(ParentRunner.java:66)\n\tat org.junit.runners.ParentRunner$2.evaluate(ParentRunner.java:293)\n\tat org.junit.runners.ParentRunner$3.evaluate(ParentRunner.java:306)\n\tat org.junit.runners.ParentRunner.run(ParentRunner.java:413)\n\tat org.gradle.api.internal.tasks.testing.junit.JUnitTestClassExecutor.runTestClass(JUnitTestClassExecutor.java:110)\n\tat org.gradle.api.internal.tasks.testing.junit.JUnitTestClassExecutor.execute(JUnitTestClassExecutor.java:58)\n\tat org.gradle.api.internal.tasks.testing.junit.JUnitTestClassExecutor.execute(JUnitTestClassExecutor.java:38)\n\tat org.gradle.api.internal.tasks.testing.junit.AbstractJUnitTestClassProcessor.processTestClass(AbstractJUnitTestClassProcessor.java:62)\n\tat org.gradle.api.internal.tasks.testing.SuiteTestClassProcessor.processTestClass(SuiteTestClassProcessor.java:51)\n\tat sun.reflect.GeneratedMethodAccessor87.invoke(Unknown Source)\n\tat sun.reflect.DelegatingMethodAccessorImpl.invoke(DelegatingMethodAccessorImpl.java:43)\n\tat java.lang.reflect.Method.invoke(Method.java:498)\n\tat org.gradle.internal.dispatch.ReflectionDispatch.dispatch(ReflectionDispatch.java:36)\n\tat org.gradle.internal.dispatch.ReflectionDispatch.dispatch(ReflectionDispatch.java:24)\n\tat org.gradle.internal.dispatch.ContextClassLoaderDispatch.dispatch(ContextClassLoaderDispatch.java:33)\n\tat org.gradle.internal.dispatch.ProxyDispatchAdapter$DispatchingInvocationHandler.invoke(ProxyDispatchAdapter.java:94)\n\tat com.sun.proxy.$Proxy2.processTestClass(Unknown Source)\n\tat org.gradle.api.internal.tasks.testing.worker.TestWorker.processTestClass(TestWorker.java:118)\n\tat sun.reflect.GeneratedMethodAccessor86.invoke(Unknown Source)\n\tat sun.reflect.DelegatingMethodAccessorImpl.invoke(DelegatingMethodAccessorImpl.java:43)\n\tat java.lang.reflect.Method.invoke(Method.java:498)\n\tat org.gradle.internal.dispatch.ReflectionDispatch.dispatch(ReflectionDispatch.java:36)\n\tat org.gradle.internal.dispatch.ReflectionDispatch.dispatch(ReflectionDispatch.java:24)\n\tat org.gradle.internal.remote.internal.hub.MessageHubBackedObjectConnection$DispatchWrapper.dispatch(MessageHubBackedObjectConnection.java:182)\n\tat org.gradle.internal.remote.internal.hub.MessageHubBackedObjectConnection$DispatchWrapper.dispatch(MessageHubBackedObjectConnection.java:164)\n\tat org.gradle.internal.remote.internal.hub.MessageHub$Handler.run(MessageHub.java:412)\n\tat org.gradle.internal.concurrent.ExecutorPolicy$CatchAndRecordFailures.onExecute(ExecutorPolicy.java:64)\n\tat org.gradle.internal.concurrent.ManagedExecutorImpl$1.run(ManagedExecutorImpl.java:48)\n\tat java.util.concurrent.ThreadPoolExecutor.runWorker(ThreadPoolExecutor.java:1149)\n\tat java.util.concurrent.ThreadPoolExecutor$Worker.run(ThreadPoolExecutor.java:624)\n\tat org.gradle.internal.concurrent.ThreadFactoryImpl$ManagedThreadRunnable.run(ThreadFactoryImpl.java:56)\n\tat java.lang.Thread.run(Thread.java:748)\n&quot;}
{&quot;message&quot;:&quot;Mock http server continue response after 10000 msec &quot;,&quot;timestamp&quot;:&quot;2021-06-14T04:38:35.398Z&quot;,&quot;loggerName&quot;:&quot;com.commercetools.util.PayoneHttpClientUtilTimeoutTest&quot;,&quot;severity&quot;:&quot;INFO&quot;}
{&quot;message&quot;:&quot;Mock http server makes 10000 msec delay&quot;,&quot;timestamp&quot;:&quot;2021-06-14T04:38:35.399Z&quot;,&quot;loggerName&quot;:&quot;com.commercetools.util.PayoneHttpClientUtilTimeoutTest&quot;,&quot;severity&quot;:&quot;INFO&quot;}
{&quot;message&quot;:&quot;Handle payment request to payone service endpoint failed. We have already retried [6] times. We are going to retry again...&quot;,&quot;timestamp&quot;:&quot;2021-06-14T04:38:35.424Z&quot;,&quot;loggerName&quot;:&quot;com.commercetools.util.PayoneHttpClientUtil&quot;,&quot;severity&quot;:&quot;ERROR&quot;,&quot;stackHash&quot;:&quot;3e1d2402&quot;,&quot;stackTrace&quot;:&quot;java.net.SocketTimeoutException: Read timed out\n\tat java.net.SocketInputStream.socketRead0(Native Method)\n\tat java.net.SocketInputStream.socketRead(SocketInputStream.java:116)\n\tat java.net.SocketInputStream.read(SocketInputStream.java:171)\n\tat java.net.SocketInputStream.read(SocketInputStream.java:141)\n\tat org.apache.http.impl.io.SessionInputBufferImpl.streamRead(SessionInputBufferImpl.java:137)\n\tat org.apache.http.impl.io.SessionInputBufferImpl.fillBuffer(SessionInputBufferImpl.java:153)\n\tat org.apache.http.impl.io.SessionInputBufferImpl.readLine(SessionInputBufferImpl.java:280)\n\tat org.apache.http.impl.conn.DefaultHttpResponseParser.parseHead(DefaultHttpResponseParser.java:138)\n\tat org.apache.http.impl.conn.DefaultHttpResponseParser.parseHead(DefaultHttpResponseParser.java:56)\n\tat org.apache.http.impl.io.AbstractMessageParser.parse(AbstractMessageParser.java:259)\n\tat org.apache.http.impl.DefaultBHttpClientConnection.receiveResponseHeader(DefaultBHttpClientConnection.java:163)\n\tat org.apache.http.impl.conn.CPoolProxy.receiveResponseHeader(CPoolProxy.java:157)\n\tat org.apache.http.protocol.HttpRequestExecutor.doReceiveResponse(HttpRequestExecutor.java:273)\n\tat org.apache.http.protocol.HttpRequestExecutor.execute(HttpRequestExecutor.java:125)\n\tat org.apache.http.impl.execchain.MainClientExec.execute(MainClientExec.java:272)\n\tat org.apache.http.impl.execchain.ProtocolExec.execute(ProtocolExec.java:186)\n\tat org.apache.http.impl.execchain.RetryExec.execute(RetryExec.java:89)\n\tat org.apache.http.impl.execchain.ServiceUnavailableRetryExec.execute(ServiceUnavailableRetryExec.java:85)\n\tat org.apache.http.impl.execchain.RedirectExec.execute(RedirectExec.java:110)\n\tat org.apache.http.impl.client.InternalHttpClient.doExecute(InternalHttpClient.java:185)\n\tat org.apache.http.impl.client.CloseableHttpClient.execute(CloseableHttpClient.java:83)\n\tat org.apache.http.impl.client.CloseableHttpClient.execute(CloseableHttpClient.java:108)\n\tat com.commercetools.pspadapter.payone.domain.payone.PayonePostServiceImpl.executeReadAndCloseRequest(PayonePostServiceImpl.java:176)\n\tat com.commercetools.pspadapter.payone.domain.payone.PayonePostServiceImpl.executeGetRequest(PayonePostServiceImpl.java:201)\n\tat com.commercetools.util.PayoneHttpClientUtilTimeoutTest.lambda$longGetRequest_shouldFailLong$2(PayoneHttpClientUtilTimeoutTest.java:140)\n\tat org.assertj.core.api.ThrowableAssert.catchThrowable(ThrowableAssert.java:62)\n\tat org.assertj.core.api.ThrowableTypeAssert.isThrownBy(ThrowableTypeAssert.java:59)\n\tat com.commercetools.util.PayoneHttpClientUtilTimeoutTest.longGetRequest_shouldFailLong(PayoneHttpClientUtilTimeoutTest.java:140)\n\tat sun.reflect.NativeMethodAccessorImpl.invoke0(Native Method)\n\tat sun.reflect.NativeMethodAccessorImpl.invoke(NativeMethodAccessorImpl.java:62)\n\tat sun.reflect.DelegatingMethodAccessorImpl.invoke(DelegatingMethodAccessorImpl.java:43)\n\tat java.lang.reflect.Method.invoke(Method.java:498)\n\tat org.junit.runners.model.FrameworkMethod$1.runReflectiveCall(FrameworkMethod.java:59)\n\tat org.junit.internal.runners.model.ReflectiveCallable.run(ReflectiveCallable.java:12)\n\tat org.junit.runners.model.FrameworkMethod.invokeExplosively(FrameworkMethod.java:56)\n\tat org.junit.internal.runners.statements.InvokeMethod.evaluate(InvokeMethod.java:17)\n\tat org.junit.internal.runners.statements.RunBefores.evaluate(RunBefores.java:26)\n\tat org.junit.internal.runners.statements.RunAfters.evaluate(RunAfters.java:27)\n\tat org.junit.runners.ParentRunner$3.evaluate(ParentRunner.java:306)\n\tat org.junit.runners.BlockJUnit4ClassRunner$1.evaluate(BlockJUnit4ClassRunner.java:100)\n\tat org.junit.runners.ParentRunner.runLeaf(ParentRunner.java:366)\n\tat org.junit.runners.BlockJUnit4ClassRunner.runChild(BlockJUnit4ClassRunner.java:103)\n\tat org.junit.runners.BlockJUnit4ClassRunner.runChild(BlockJUnit4ClassRunner.java:63)\n\tat org.junit.runners.ParentRunner$4.run(ParentRunner.java:331)\n\tat org.junit.runners.ParentRunner$1.schedule(ParentRunner.java:79)\n\tat org.junit.runners.ParentRunner.runChildren(ParentRunner.java:329)\n\tat org.junit.runners.ParentRunner.access$100(ParentRunner.java:66)\n\tat org.junit.runners.ParentRunner$2.evaluate(ParentRunner.java:293)\n\tat org.junit.runners.ParentRunner$3.evaluate(ParentRunner.java:306)\n\tat org.junit.runners.ParentRunner.run(ParentRunner.java:413)\n\tat org.gradle.api.internal.tasks.testing.junit.JUnitTestClassExecutor.runTestClass(JUnitTestClassExecutor.java:110)\n\tat org.gradle.api.internal.tasks.testing.junit.JUnitTestClassExecutor.execute(JUnitTestClassExecutor.java:58)\n\tat org.gradle.api.internal.tasks.testing.junit.JUnitTestClassExecutor.execute(JUnitTestClassExecutor.java:38)\n\tat org.gradle.api.internal.tasks.testing.junit.AbstractJUnitTestClassProcessor.processTestClass(AbstractJUnitTestClassProcessor.java:62)\n\tat org.gradle.api.internal.tasks.testing.SuiteTestClassProcessor.processTestClass(SuiteTestClassProcessor.java:51)\n\tat sun.reflect.GeneratedMethodAccessor87.invoke(Unknown Source)\n\tat sun.reflect.DelegatingMethodAccessorImpl.invoke(DelegatingMethodAccessorImpl.java:43)\n\tat java.lang.reflect.Method.invoke(Method.java:498)\n\tat org.gradle.internal.dispatch.ReflectionDispatch.dispatch(ReflectionDispatch.java:36)\n\tat org.gradle.internal.dispatch.ReflectionDispatch.dispatch(ReflectionDispatch.java:24)\n\tat org.gradle.internal.dispatch.ContextClassLoaderDispatch.dispatch(ContextClassLoaderDispatch.java:33)\n\tat org.gradle.internal.dispatch.ProxyDispatchAdapter$DispatchingInvocationHandler.invoke(ProxyDispatchAdapter.java:94)\n\tat com.sun.proxy.$Proxy2.processTestClass(Unknown Source)\n\tat org.gradle.api.internal.tasks.testing.worker.TestWorker.processTestClass(TestWorker.java:118)\n\tat sun.reflect.GeneratedMethodAccessor86.invoke(Unknown Source)\n\tat sun.reflect.DelegatingMethodAccessorImpl.invoke(DelegatingMethodAccessorImpl.java:43)\n\tat java.lang.reflect.Method.invoke(Method.java:498)\n\tat org.gradle.internal.dispatch.ReflectionDispatch.dispatch(ReflectionDispatch.java:36)\n\tat org.gradle.internal.dispatch.ReflectionDispatch.dispatch(ReflectionDispatch.java:24)\n\tat org.gradle.internal.remote.internal.hub.MessageHubBackedObjectConnection$DispatchWrapper.dispatch(MessageHubBackedObjectConnection.java:182)\n\tat org.gradle.internal.remote.internal.hub.MessageHubBackedObjectConnection$DispatchWrapper.dispatch(MessageHubBackedObjectConnection.java:164)\n\tat org.gradle.internal.remote.internal.hub.MessageHub$Handler.run(MessageHub.java:412)\n\tat org.gradle.internal.concurrent.ExecutorPolicy$CatchAndRecordFailures.onExecute(ExecutorPolicy.java:64)\n\tat org.gradle.internal.concurrent.ManagedExecutorImpl$1.run(ManagedExecutorImpl.java:48)\n\tat java.util.concurrent.ThreadPoolExecutor.runWorker(ThreadPoolExecutor.java:1149)\n\tat java.util.concurrent.ThreadPoolExecutor$Worker.run(ThreadPoolExecutor.java:624)\n\tat org.gradle.internal.concurrent.ThreadFactoryImpl$ManagedThreadRunnable.run(ThreadFactoryImpl.java:56)\n\tat java.lang.Thread.run(Thread.java:748)\n&quot;}
</pre>
</span>
</div>
<div id="tab2" class="tab">
<h2>Standard error</h2>
<span class="code">
<pre>Jun 14, 2021 4:38:10 AM org.apache.http.impl.execchain.RetryExec execute
INFO: I/O exception (java.net.SocketTimeoutException) caught when processing request to {}-&gt;http://localhost:64952: Read timed out
Jun 14, 2021 4:38:10 AM org.apache.http.impl.execchain.RetryExec execute
INFO: Retrying request to {}-&gt;http://localhost:64952
Jun 14, 2021 4:38:15 AM org.apache.http.impl.execchain.RetryExec execute
INFO: I/O exception (java.net.SocketTimeoutException) caught when processing request to {}-&gt;http://localhost:64952: Read timed out
Jun 14, 2021 4:38:15 AM org.apache.http.impl.execchain.RetryExec execute
INFO: Retrying request to {}-&gt;http://localhost:64952
Jun 14, 2021 4:38:20 AM org.apache.http.impl.execchain.RetryExec execute
INFO: I/O exception (java.net.SocketTimeoutException) caught when processing request to {}-&gt;http://localhost:64952: Read timed out
Jun 14, 2021 4:38:20 AM org.apache.http.impl.execchain.RetryExec execute
INFO: Retrying request to {}-&gt;http://localhost:64952
Jun 14, 2021 4:38:25 AM org.apache.http.impl.execchain.RetryExec execute
INFO: I/O exception (java.net.SocketTimeoutException) caught when processing request to {}-&gt;http://localhost:64952: Read timed out
Jun 14, 2021 4:38:25 AM org.apache.http.impl.execchain.RetryExec execute
INFO: Retrying request to {}-&gt;http://localhost:64952
Jun 14, 2021 4:38:30 AM org.apache.http.impl.execchain.RetryExec execute
INFO: I/O exception (java.net.SocketTimeoutException) caught when processing request to {}-&gt;http://localhost:64952: Read timed out
Jun 14, 2021 4:38:30 AM org.apache.http.impl.execchain.RetryExec execute
INFO: Retrying request to {}-&gt;http://localhost:64952
</pre>
</span>
</div>
</div>
<div id="footer">
<p>
<div>
<label class="hidden" id="label-for-line-wrapping-toggle" for="line-wrapping-toggle">Wrap lines
<input id="line-wrapping-toggle" type="checkbox" autocomplete="off"/>
</label>
</div>Generated by 
<a href="http://www.gradle.org">Gradle 5.6.4</a> at Jun 14, 2021 4:38:37 AM</p>
</div>
</div>
</body>
</html>
