<?xml version="1.0" encoding="UTF-8"?><html xmlns:c="http://www.concordion.org/2007/concordion">
<head><script type="text/javascript">/* Stack Trace Toggling */

function getElementById(id) {
  var element;

  if (document.getElementById) { // standard
    return document.getElementById(id);
  } else if (document.all) { // old IE versions
    return document.all[id];
  } else if (document.layers) { // nn4
    return document.layers[id];
  }
  alert("Sorry, but your web browser is not supported by Concordion.");
}

function isVisible(element) {
  return element.style.display;
}

function makeVisible(element) {
  element.style.display = "block";
}

function makeInvisible(element) {
  element.style.display = "";
}

function toggleStackTrace(stackTraceNumber) {
  var stackTrace = getElementById("stackTrace" + stackTraceNumber);
  var stackTraceButton = getElementById("stackTraceButton" + stackTraceNumber);
  if (isVisible(stackTrace)) {
    makeInvisible(stackTrace);
    stackTraceButton.value = "View Stack";
  } else {
    makeVisible(stackTrace);
    stackTraceButton.value = "Hide Stack";
  }
}
</script><style>* {
  font-family: Arial;
}
body {
  padding: 32px;  
}
pre {
  padding: 6px 28px 6px 28px;
  background-color: #E8EEF7;
}
pre, pre *, code, code *, kbd {
  font-family: Courier New, Courier;
  font-size: 10pt;
}
h1, h1 * {
  font-size: 24pt;	
}
p, td, th, li, .breadcrumbs {
  font-size: 10pt;
}
p, li {
  line-height: 140%;
  max-width: 720px;
}
table {
  border-collapse: collapse;
  empty-cells: show;
  margin: 8px 0px 8px 0px;
}
th, td {
  border: 1px solid black;
  padding: 3px;
}
td {
  background-color: white;
  vertical-align: top;
}
th {
  background-color: #C3D9FF;
}
li {
  margin-top: 6px;
  margin-bottom: 6px; 
}

.example {
  padding: 6px 16px 6px 16px;
  border: 1px solid #C3D9FF;
  margin: 6px 0px 28px 0px;
  background-color: #F5F9FD;
}
.example h3 {
  margin-top: 8px;
  margin-bottom: 8px;
  font-size: 12pt;
}

p.success {
  padding: 2px;
}
.success, .success * {
  background-color: #afa !important;
}
.success pre {
  background-color: #bbffbb;
}
.failure, .failure * {
  background-color: #ffb0b0;
  padding: 1px;
}
.failure .expected {
  text-decoration: line-through;
  color: #bb5050;
}
.ignored, .ignored * {
  background-color: #f0f0f0 !important;	
}

ins {
  text-decoration: none;	
}

.exceptionMessage {
  background-color: #fdd;
  font-family: Courier New, Courier, Monospace;
  font-size: 10pt;
  display: block;
  font-weight: normal;
  padding: 4px;
  text-decoration: none !important;
}
.stackTrace, .stackTrace * {
  font-weight: normal;
}
.stackTrace {
  display: none;
  padding: 1px 4px 4px 4px;
  background-color: #fdd;
  border-top: 1px dotted black;
}
.stackTraceExceptionMessage {
  display: block;
  font-family: Courier New, Courier, Monospace;
  font-size: 8pt;
  white-space: wrap;
  padding: 1px 0px 1px 0px;
}
.stackTraceEntry {
  white-space: nowrap;
  font-family: Courier New, Courier, Monospace;
  display: block;
  font-size: 8pt;
  padding: 1px 0px 1px 32px;
}
.stackTraceButton {
  font-size: 8pt;
  margin: 2px 8px 2px 0px;
  font-weight: normal;
  font-family: Arial;
}

.special {
  font-style: italic;
}
.missing, .missing * {
  background-color: #ff9999;
  color:#bb5050;
  text-decoration: line-through;
}
.surplus, .surplus * {
  background-color: #ff9999;
}
.footer {
  text-align: right;
  margin-top: 40px;
  font-size: 8pt;
  width: 100%;
  color: #999;
}
.footer .testTime {
  padding: 2px 10px 0px 0px;
}

.idea {
  font-size: 9pt;
  color: #888;
  font-style: italic;	
}
.tight li {
  margin-top: 1px;
  margin-bottom: 1px; 
}
.commentary {
  float: right;
  width: 200px;
  background-color: #ffffd0;
  padding:8px;
  border: 3px solid #eeeeb0;	 
  margin: 10px 0px 10px 10px;	 
}
.commentary, .commentary * {
  font-size: 8pt;
}
</style>
    <title>I18nPayoneResponseFixture</title>
    <meta http-equiv="Content-Type" content="text/html; charset=UTF-8" />
<link type="text/css" rel="stylesheet" href="../../inputstyle.css" /></head>
<body><span class="breadcrumbs"><a href="../Specs.html">commercetools - PAYONE - Integration Service</a> &gt;</span>
<h1>Payone responses localization (internationalization) test</h1>
<p>
    Test that Payone service returns error messages in user language, not only English or other default.
</p>

<div class="example">
    <p>
    <ul>
        <li>payment.paymentMethodInfo.method: <span c:set="#creditCardpaymentMethod" class="inputvalue">CREDIT_CARD</span></li>
        <li>payment.transactions[0].type: <span c:set="#transactionType" class="inputvalue">AUTHORIZATION</span></li>
    </ul>
    Given the following payments for <strong>Credit Card</strong>:
    </p>
    <table c:execute="#paymentId = createCardPayment(#paymentName, #creditCardpaymentMethod, #transactionType, #centAmount, #currencyCode, #languageCode)">
        <tr>
            <th c:set="#paymentName">Payment Name</th>
            <th c:set="#centAmount">Cent Amount</th>
            <th c:set="#currencyCode">Currency Code</th>
            <th c:set="#languageCode">Language Code</th>
            <th c:echo="#paymentId">Payment ID (for information only)</th>
        </tr>
        <tr><span class="failure"><del class="expected">
            <td class="inputvalue">Payment 1</td>
            <td class="inputvalue">0</td>
            <td class="inputvalue">EUR</td>
            <td class="inputvalue">de</td>
            <td />
        </del></span><span class="exceptionMessage">io.sphere.sdk.client.GatewayTimeoutException: detailMessage: {
  "statusCode": 504,
  "message": "The server was acting as a gateway or proxy and did not receive a timely response from the upstream server.",
  "errors": [
   { "code":"GatewayTimeout", "message": "The server was acting as a gateway or proxy and did not receive a timely response from the upstream server." },
  ]
}

summary: POST https://api.sphere.io/payone-integration-tests-heroku-17/payments failed  with response code 504 on 2017-09-21T13:41:56.284Z
http response: io.sphere.sdk.http.HttpResponseImpl@1d0dc670[statusCode=504,headers={Alt-Svc=[clear], Server=[nginx], Access-Control-Allow-Origin=[*], Access-Control-Allow-Methods=[GET, POST, DELETE, OPTIONS], Access-Control-Allow-Headers=[Accept, Authorization, Content-Type, Origin, User-Agent], Date=[Thu, 21 Sep 2017 13:41:56 GMT], Via=[1.1 google], ETag=["58f9d7af-141"], X-Served-By=[api-gce-bf772e57.sphere.prod.commercetools.de], X-Served-Config=[sphere-projects-ws-1.0], Access-Control-Max-Age=[299], Content-Length=[321], Content-Type=[application/json]},associatedRequest=&lt;null&gt;,textInterpretedBody={
  "statusCode": 504,
  "message": "The server was acting as a gateway or proxy and did not receive a timely response from the upstream server.",
  "errors": [
   { "code":"GatewayTimeout", "message": "The server was acting as a gateway or proxy and did not receive a timely response from the upstream server." },
  ]
}
]
SDK: 1.13.0
project: payone-integration-tests-heroku-17
endpoint: POST /payments
Java: 1.8.0_144
cwd: /home/travis/build/commercetools/commercetools-payone-integration/functionaltests
sphere request: PaymentCreateCommandImpl[body=PaymentDraftDsl[customer=&lt;null&gt;,externalId=&lt;null&gt;,interfaceId=&lt;null&gt;,amountPlanned=EUR 0.00000,amountAuthorized=&lt;null&gt;,authorizedUntil=&lt;null&gt;,amountPaid=&lt;null&gt;,amountRefunded=&lt;null&gt;,paymentMethodInfo=PaymentMethodInfoImpl[paymentInterface=PAYONE,method=CREDIT_CARD,name=&lt;null&gt;],custom=CustomFieldsDraftImpl[type=ResourceIdentifierImpl[id=&lt;null&gt;,key=payment-CREDIT_CARD,typeId=&lt;null&gt;],fields={reference="&lt;placeholder&gt;", cardDataPlaceholder="9410010000036855526", languageCode="de"}],paymentStatus=&lt;null&gt;,transactions=&lt;null&gt;,interfaceInteractions=&lt;null&gt;],expansionModel=PaymentExpansionModelImpl[pathExpressions=[]],javaType=[simple type, class io.sphere.sdk.payments.Payment],endpoint=/payments,expansionPaths=[],creationFunction=io.sphere.sdk.payments.commands.PaymentCreateCommandImpl$$Lambda$152/1319642054@67b268d8]
http request: HttpRequestImpl[httpMethod=POST,url=https://api.sphere.io/payone-integration-tests-heroku-17/payments,headers={Authorization=[**removed from output**], User-Agent=[commercetools-jvm-sdk/1.13.0 (AHC/2.0) Java/1.8.0_144-b01 (Linux; amd64)], Accept-Encoding=[gzip]},body=io.sphere.sdk.http.StringHttpRequestBody@3f61bfc4[body={"amountPlanned":{"centAmount":0,"currencyCode":"EUR"},"custom":{"type":{"key":"payment-CREDIT_CARD"},"fields":{"reference":"&lt;placeholder&gt;","cardDataPlaceholder":"9410010000036855526","languageCode":"de"}},"paymentMethodInfo":{"paymentInterface":"PAYONE","method":"CREDIT_CARD"}}]]
http request formatted body: {
  "amountPlanned" : {
    "centAmount" : 0,
    "currencyCode" : "EUR"
  },
  "custom" : {
    "type" : {
      "key" : "payment-CREDIT_CARD"
    },
    "fields" : {
      "reference" : "&lt;placeholder&gt;",
      "cardDataPlaceholder" : "9410010000036855526",
      "languageCode" : "de"
    }
  },
  "paymentMethodInfo" : {
    "paymentInterface" : "PAYONE",
    "method" : "CREDIT_CARD"
  }
}
additional notes: []
Javadoc: http://commercetools.github.io/commercetools-jvm-sdk/apidocs/io/sphere/sdk/client/GatewayTimeoutException.html
</span><input class="stackTraceButton" id="stackTraceButton1" type="button" onclick="javascript:toggleStackTrace('1')" value="View Stack" /><div class="stackTrace" id="stackTrace1"><p>While evaluating expression: <code>#paymentId = createCardPayment(#paymentName, #creditCardpaymentMethod, #transactionType, #centAmount, #currencyCode, #languageCode)</code></p><div class="stackTraceExceptionMessage">org.concordion.internal.InvalidExpressionException: io.sphere.sdk.client.GatewayTimeoutException: detailMessage: {
  "statusCode": 504,
  "message": "The server was acting as a gateway or proxy and did not receive a timely response from the upstream server.",
  "errors": [
   { "code":"GatewayTimeout", "message": "The server was acting as a gateway or proxy and did not receive a timely response from the upstream server." },
  ]
}

summary: POST https://api.sphere.io/payone-integration-tests-heroku-17/payments failed  with response code 504 on 2017-09-21T13:41:56.284Z
http response: io.sphere.sdk.http.HttpResponseImpl@1d0dc670[statusCode=504,headers={Alt-Svc=[clear], Server=[nginx], Access-Control-Allow-Origin=[*], Access-Control-Allow-Methods=[GET, POST, DELETE, OPTIONS], Access-Control-Allow-Headers=[Accept, Authorization, Content-Type, Origin, User-Agent], Date=[Thu, 21 Sep 2017 13:41:56 GMT], Via=[1.1 google], ETag=["58f9d7af-141"], X-Served-By=[api-gce-bf772e57.sphere.prod.commercetools.de], X-Served-Config=[sphere-projects-ws-1.0], Access-Control-Max-Age=[299], Content-Length=[321], Content-Type=[application/json]},associatedRequest=&lt;null&gt;,textInterpretedBody={
  "statusCode": 504,
  "message": "The server was acting as a gateway or proxy and did not receive a timely response from the upstream server.",
  "errors": [
   { "code":"GatewayTimeout", "message": "The server was acting as a gateway or proxy and did not receive a timely response from the upstream server." },
  ]
}
]
SDK: 1.13.0
project: payone-integration-tests-heroku-17
endpoint: POST /payments
Java: 1.8.0_144
cwd: /home/travis/build/commercetools/commercetools-payone-integration/functionaltests
sphere request: PaymentCreateCommandImpl[body=PaymentDraftDsl[customer=&lt;null&gt;,externalId=&lt;null&gt;,interfaceId=&lt;null&gt;,amountPlanned=EUR 0.00000,amountAuthorized=&lt;null&gt;,authorizedUntil=&lt;null&gt;,amountPaid=&lt;null&gt;,amountRefunded=&lt;null&gt;,paymentMethodInfo=PaymentMethodInfoImpl[paymentInterface=PAYONE,method=CREDIT_CARD,name=&lt;null&gt;],custom=CustomFieldsDraftImpl[type=ResourceIdentifierImpl[id=&lt;null&gt;,key=payment-CREDIT_CARD,typeId=&lt;null&gt;],fields={reference="&lt;placeholder&gt;", cardDataPlaceholder="9410010000036855526", languageCode="de"}],paymentStatus=&lt;null&gt;,transactions=&lt;null&gt;,interfaceInteractions=&lt;null&gt;],expansionModel=PaymentExpansionModelImpl[pathExpressions=[]],javaType=[simple type, class io.sphere.sdk.payments.Payment],endpoint=/payments,expansionPaths=[],creationFunction=io.sphere.sdk.payments.commands.PaymentCreateCommandImpl$$Lambda$152/1319642054@67b268d8]
http request: HttpRequestImpl[httpMethod=POST,url=https://api.sphere.io/payone-integration-tests-heroku-17/payments,headers={Authorization=[**removed from output**], User-Agent=[commercetools-jvm-sdk/1.13.0 (AHC/2.0) Java/1.8.0_144-b01 (Linux; amd64)], Accept-Encoding=[gzip]},body=io.sphere.sdk.http.StringHttpRequestBody@3f61bfc4[body={"amountPlanned":{"centAmount":0,"currencyCode":"EUR"},"custom":{"type":{"key":"payment-CREDIT_CARD"},"fields":{"reference":"&lt;placeholder&gt;","cardDataPlaceholder":"9410010000036855526","languageCode":"de"}},"paymentMethodInfo":{"paymentInterface":"PAYONE","method":"CREDIT_CARD"}}]]
http request formatted body: {
  "amountPlanned" : {
    "centAmount" : 0,
    "currencyCode" : "EUR"
  },
  "custom" : {
    "type" : {
      "key" : "payment-CREDIT_CARD"
    },
    "fields" : {
      "reference" : "&lt;placeholder&gt;",
      "cardDataPlaceholder" : "9410010000036855526",
      "languageCode" : "de"
    }
  },
  "paymentMethodInfo" : {
    "paymentInterface" : "PAYONE",
    "method" : "CREDIT_CARD"
  }
}
additional notes: []
Javadoc: http://commercetools.github.io/commercetools-jvm-sdk/apidocs/io/sphere/sdk/client/GatewayTimeoutException.html
</div><div class="stackTraceEntry">at io.sphere.sdk.client.ExceptionFactory.lambda$of$10 (ExceptionFactory.java:49)</div><div class="stackTraceEntry">at io.sphere.sdk.client.ExceptionFactory.lambda$whenStatus$1 (ExceptionFactory.java:31)</div><div class="stackTraceEntry">at io.sphere.sdk.client.ExceptionFactory.createException (ExceptionFactory.java:76)</div><div class="stackTraceEntry">at io.sphere.sdk.client.SphereClientImpl.createExceptionFor (SphereClientImpl.java:148)</div><div class="stackTraceEntry">at io.sphere.sdk.client.SphereClientImpl.parse (SphereClientImpl.java:133)</div><div class="stackTraceEntry">at io.sphere.sdk.client.SphereClientImpl.processHttpResponse (SphereClientImpl.java:127)</div><div class="stackTraceEntry">at io.sphere.sdk.client.SphereClientImpl.lambda$executeWithRecover$5 (SphereClientImpl.java:86)</div><div class="stackTraceEntry">at java.util.concurrent.CompletableFuture.uniApply (CompletableFuture.java:602)</div><div class="stackTraceEntry">at java.util.concurrent.CompletableFuture$UniApply.tryFire (CompletableFuture.java:577)</div><div class="stackTraceEntry">at java.util.concurrent.CompletableFuture$Completion.run (CompletableFuture.java:442)</div><div class="stackTraceEntry">at java.lang.Thread.run (Thread.java:748)</div><div class="stackTraceExceptionMessage">io.sphere.sdk.client.GatewayTimeoutException: detailMessage: {
  "statusCode": 504,
  "message": "The server was acting as a gateway or proxy and did not receive a timely response from the upstream server.",
  "errors": [
   { "code":"GatewayTimeout", "message": "The server was acting as a gateway or proxy and did not receive a timely response from the upstream server." },
  ]
}

summary: POST https://api.sphere.io/payone-integration-tests-heroku-17/payments failed  with response code 504 on 2017-09-21T13:41:56.284Z
http response: io.sphere.sdk.http.HttpResponseImpl@1d0dc670[statusCode=504,headers={Alt-Svc=[clear], Server=[nginx], Access-Control-Allow-Origin=[*], Access-Control-Allow-Methods=[GET, POST, DELETE, OPTIONS], Access-Control-Allow-Headers=[Accept, Authorization, Content-Type, Origin, User-Agent], Date=[Thu, 21 Sep 2017 13:41:56 GMT], Via=[1.1 google], ETag=["58f9d7af-141"], X-Served-By=[api-gce-bf772e57.sphere.prod.commercetools.de], X-Served-Config=[sphere-projects-ws-1.0], Access-Control-Max-Age=[299], Content-Length=[321], Content-Type=[application/json]},associatedRequest=&lt;null&gt;,textInterpretedBody={
  "statusCode": 504,
  "message": "The server was acting as a gateway or proxy and did not receive a timely response from the upstream server.",
  "errors": [
   { "code":"GatewayTimeout", "message": "The server was acting as a gateway or proxy and did not receive a timely response from the upstream server." },
  ]
}
]
SDK: 1.13.0
project: payone-integration-tests-heroku-17
endpoint: POST /payments
Java: 1.8.0_144
cwd: /home/travis/build/commercetools/commercetools-payone-integration/functionaltests
sphere request: PaymentCreateCommandImpl[body=PaymentDraftDsl[customer=&lt;null&gt;,externalId=&lt;null&gt;,interfaceId=&lt;null&gt;,amountPlanned=EUR 0.00000,amountAuthorized=&lt;null&gt;,authorizedUntil=&lt;null&gt;,amountPaid=&lt;null&gt;,amountRefunded=&lt;null&gt;,paymentMethodInfo=PaymentMethodInfoImpl[paymentInterface=PAYONE,method=CREDIT_CARD,name=&lt;null&gt;],custom=CustomFieldsDraftImpl[type=ResourceIdentifierImpl[id=&lt;null&gt;,key=payment-CREDIT_CARD,typeId=&lt;null&gt;],fields={reference="&lt;placeholder&gt;", cardDataPlaceholder="9410010000036855526", languageCode="de"}],paymentStatus=&lt;null&gt;,transactions=&lt;null&gt;,interfaceInteractions=&lt;null&gt;],expansionModel=PaymentExpansionModelImpl[pathExpressions=[]],javaType=[simple type, class io.sphere.sdk.payments.Payment],endpoint=/payments,expansionPaths=[],creationFunction=io.sphere.sdk.payments.commands.PaymentCreateCommandImpl$$Lambda$152/1319642054@67b268d8]
http request: HttpRequestImpl[httpMethod=POST,url=https://api.sphere.io/payone-integration-tests-heroku-17/payments,headers={Authorization=[**removed from output**], User-Agent=[commercetools-jvm-sdk/1.13.0 (AHC/2.0) Java/1.8.0_144-b01 (Linux; amd64)], Accept-Encoding=[gzip]},body=io.sphere.sdk.http.StringHttpRequestBody@3f61bfc4[body={"amountPlanned":{"centAmount":0,"currencyCode":"EUR"},"custom":{"type":{"key":"payment-CREDIT_CARD"},"fields":{"reference":"&lt;placeholder&gt;","cardDataPlaceholder":"9410010000036855526","languageCode":"de"}},"paymentMethodInfo":{"paymentInterface":"PAYONE","method":"CREDIT_CARD"}}]]
http request formatted body: {
  "amountPlanned" : {
    "centAmount" : 0,
    "currencyCode" : "EUR"
  },
  "custom" : {
    "type" : {
      "key" : "payment-CREDIT_CARD"
    },
    "fields" : {
      "reference" : "&lt;placeholder&gt;",
      "cardDataPlaceholder" : "9410010000036855526",
      "languageCode" : "de"
    }
  },
  "paymentMethodInfo" : {
    "paymentInterface" : "PAYONE",
    "method" : "CREDIT_CARD"
  }
}
additional notes: []
Javadoc: http://commercetools.github.io/commercetools-jvm-sdk/apidocs/io/sphere/sdk/client/GatewayTimeoutException.html
</div><div class="stackTraceEntry">at io.sphere.sdk.client.ExceptionFactory.lambda$of$10 (ExceptionFactory.java:49)</div><div class="stackTraceEntry">at io.sphere.sdk.client.ExceptionFactory.lambda$whenStatus$1 (ExceptionFactory.java:31)</div><div class="stackTraceEntry">at io.sphere.sdk.client.ExceptionFactory.createException (ExceptionFactory.java:76)</div><div class="stackTraceEntry">at io.sphere.sdk.client.SphereClientImpl.createExceptionFor (SphereClientImpl.java:148)</div><div class="stackTraceEntry">at io.sphere.sdk.client.SphereClientImpl.parse (SphereClientImpl.java:133)</div><div class="stackTraceEntry">at io.sphere.sdk.client.SphereClientImpl.processHttpResponse (SphereClientImpl.java:127)</div><div class="stackTraceEntry">at io.sphere.sdk.client.SphereClientImpl.lambda$executeWithRecover$5 (SphereClientImpl.java:86)</div><div class="stackTraceEntry">at java.util.concurrent.CompletableFuture.uniApply (CompletableFuture.java:602)</div><div class="stackTraceEntry">at java.util.concurrent.CompletableFuture$UniApply.tryFire (CompletableFuture.java:577)</div><div class="stackTraceEntry">at java.util.concurrent.CompletableFuture$Completion.run (CompletableFuture.java:442)</div><div class="stackTraceEntry">at java.lang.Thread.run (Thread.java:748)</div></div></tr>
        <tr><span class="failure"><del class="expected">
            <td class="inputvalue">Payment 2</td>
            <td class="inputvalue">0</td>
            <td class="inputvalue">USD</td>
            <td class="inputvalue">en</td>
            <td />
        </del></span><span class="exceptionMessage">io.sphere.sdk.client.BadGatewayException: detailMessage: 
&lt;html&gt;&lt;head&gt;
&lt;meta http-equiv="content-type" content="text/html;charset=utf-8"&gt;
&lt;title&gt;502 Server Error&lt;/title&gt;
&lt;/head&gt;
&lt;body text=#000000 bgcolor=#ffffff&gt;
&lt;h1&gt;Error: Server Error&lt;/h1&gt;
&lt;h2&gt;The server encountered a temporary error and could not complete your request.&lt;p&gt;Please try again in 30 seconds.&lt;/h2&gt;
&lt;h2&gt;&lt;/h2&gt;
&lt;/body&gt;&lt;/html&gt;

summary: POST https://api.sphere.io/payone-integration-tests-heroku-17/payments failed  with response code 502 on 2017-09-21T13:41:56.416Z
http response: io.sphere.sdk.http.HttpResponseImpl@3b6bf35a[statusCode=502,headers={Referrer-Policy=[no-referrer], Alt-Svc=[clear], Content-Length=[332], Date=[Thu, 21 Sep 2017 13:41:56 GMT], Content-Type=[text/html; charset=UTF-8]},associatedRequest=&lt;null&gt;,textInterpretedBody=
&lt;html&gt;&lt;head&gt;
&lt;meta http-equiv="content-type" content="text/html;charset=utf-8"&gt;
&lt;title&gt;502 Server Error&lt;/title&gt;
&lt;/head&gt;
&lt;body text=#000000 bgcolor=#ffffff&gt;
&lt;h1&gt;Error: Server Error&lt;/h1&gt;
&lt;h2&gt;The server encountered a temporary error and could not complete your request.&lt;p&gt;Please try again in 30 seconds.&lt;/h2&gt;
&lt;h2&gt;&lt;/h2&gt;
&lt;/body&gt;&lt;/html&gt;
]
SDK: 1.13.0
project: payone-integration-tests-heroku-17
endpoint: POST /payments
Java: 1.8.0_144
cwd: /home/travis/build/commercetools/commercetools-payone-integration/functionaltests
sphere request: PaymentCreateCommandImpl[body=PaymentDraftDsl[customer=&lt;null&gt;,externalId=&lt;null&gt;,interfaceId=&lt;null&gt;,amountPlanned=USD 0.00000,amountAuthorized=&lt;null&gt;,authorizedUntil=&lt;null&gt;,amountPaid=&lt;null&gt;,amountRefunded=&lt;null&gt;,paymentMethodInfo=PaymentMethodInfoImpl[paymentInterface=PAYONE,method=CREDIT_CARD,name=&lt;null&gt;],custom=CustomFieldsDraftImpl[type=ResourceIdentifierImpl[id=&lt;null&gt;,key=payment-CREDIT_CARD,typeId=&lt;null&gt;],fields={reference="&lt;placeholder&gt;", cardDataPlaceholder="9410010000036855526", languageCode="en"}],paymentStatus=&lt;null&gt;,transactions=&lt;null&gt;,interfaceInteractions=&lt;null&gt;],expansionModel=PaymentExpansionModelImpl[pathExpressions=[]],javaType=[simple type, class io.sphere.sdk.payments.Payment],endpoint=/payments,expansionPaths=[],creationFunction=io.sphere.sdk.payments.commands.PaymentCreateCommandImpl$$Lambda$152/1319642054@67b268d8]
http request: HttpRequestImpl[httpMethod=POST,url=https://api.sphere.io/payone-integration-tests-heroku-17/payments,headers={Authorization=[**removed from output**], User-Agent=[commercetools-jvm-sdk/1.13.0 (AHC/2.0) Java/1.8.0_144-b01 (Linux; amd64)], Accept-Encoding=[gzip]},body=io.sphere.sdk.http.StringHttpRequestBody@90b2ca3[body={"amountPlanned":{"centAmount":0,"currencyCode":"USD"},"custom":{"type":{"key":"payment-CREDIT_CARD"},"fields":{"reference":"&lt;placeholder&gt;","cardDataPlaceholder":"9410010000036855526","languageCode":"en"}},"paymentMethodInfo":{"paymentInterface":"PAYONE","method":"CREDIT_CARD"}}]]
http request formatted body: {
  "amountPlanned" : {
    "centAmount" : 0,
    "currencyCode" : "USD"
  },
  "custom" : {
    "type" : {
      "key" : "payment-CREDIT_CARD"
    },
    "fields" : {
      "reference" : "&lt;placeholder&gt;",
      "cardDataPlaceholder" : "9410010000036855526",
      "languageCode" : "en"
    }
  },
  "paymentMethodInfo" : {
    "paymentInterface" : "PAYONE",
    "method" : "CREDIT_CARD"
  }
}
additional notes: []
Javadoc: http://commercetools.github.io/commercetools-jvm-sdk/apidocs/io/sphere/sdk/client/BadGatewayException.html
</span><input class="stackTraceButton" id="stackTraceButton2" type="button" onclick="javascript:toggleStackTrace('2')" value="View Stack" /><div class="stackTrace" id="stackTrace2"><p>While evaluating expression: <code>#paymentId = createCardPayment(#paymentName, #creditCardpaymentMethod, #transactionType, #centAmount, #currencyCode, #languageCode)</code></p><div class="stackTraceExceptionMessage">org.concordion.internal.InvalidExpressionException: io.sphere.sdk.client.BadGatewayException: detailMessage: 
&lt;html&gt;&lt;head&gt;
&lt;meta http-equiv="content-type" content="text/html;charset=utf-8"&gt;
&lt;title&gt;502 Server Error&lt;/title&gt;
&lt;/head&gt;
&lt;body text=#000000 bgcolor=#ffffff&gt;
&lt;h1&gt;Error: Server Error&lt;/h1&gt;
&lt;h2&gt;The server encountered a temporary error and could not complete your request.&lt;p&gt;Please try again in 30 seconds.&lt;/h2&gt;
&lt;h2&gt;&lt;/h2&gt;
&lt;/body&gt;&lt;/html&gt;

summary: POST https://api.sphere.io/payone-integration-tests-heroku-17/payments failed  with response code 502 on 2017-09-21T13:41:56.416Z
http response: io.sphere.sdk.http.HttpResponseImpl@3b6bf35a[statusCode=502,headers={Referrer-Policy=[no-referrer], Alt-Svc=[clear], Content-Length=[332], Date=[Thu, 21 Sep 2017 13:41:56 GMT], Content-Type=[text/html; charset=UTF-8]},associatedRequest=&lt;null&gt;,textInterpretedBody=
&lt;html&gt;&lt;head&gt;
&lt;meta http-equiv="content-type" content="text/html;charset=utf-8"&gt;
&lt;title&gt;502 Server Error&lt;/title&gt;
&lt;/head&gt;
&lt;body text=#000000 bgcolor=#ffffff&gt;
&lt;h1&gt;Error: Server Error&lt;/h1&gt;
&lt;h2&gt;The server encountered a temporary error and could not complete your request.&lt;p&gt;Please try again in 30 seconds.&lt;/h2&gt;
&lt;h2&gt;&lt;/h2&gt;
&lt;/body&gt;&lt;/html&gt;
]
SDK: 1.13.0
project: payone-integration-tests-heroku-17
endpoint: POST /payments
Java: 1.8.0_144
cwd: /home/travis/build/commercetools/commercetools-payone-integration/functionaltests
sphere request: PaymentCreateCommandImpl[body=PaymentDraftDsl[customer=&lt;null&gt;,externalId=&lt;null&gt;,interfaceId=&lt;null&gt;,amountPlanned=USD 0.00000,amountAuthorized=&lt;null&gt;,authorizedUntil=&lt;null&gt;,amountPaid=&lt;null&gt;,amountRefunded=&lt;null&gt;,paymentMethodInfo=PaymentMethodInfoImpl[paymentInterface=PAYONE,method=CREDIT_CARD,name=&lt;null&gt;],custom=CustomFieldsDraftImpl[type=ResourceIdentifierImpl[id=&lt;null&gt;,key=payment-CREDIT_CARD,typeId=&lt;null&gt;],fields={reference="&lt;placeholder&gt;", cardDataPlaceholder="9410010000036855526", languageCode="en"}],paymentStatus=&lt;null&gt;,transactions=&lt;null&gt;,interfaceInteractions=&lt;null&gt;],expansionModel=PaymentExpansionModelImpl[pathExpressions=[]],javaType=[simple type, class io.sphere.sdk.payments.Payment],endpoint=/payments,expansionPaths=[],creationFunction=io.sphere.sdk.payments.commands.PaymentCreateCommandImpl$$Lambda$152/1319642054@67b268d8]
http request: HttpRequestImpl[httpMethod=POST,url=https://api.sphere.io/payone-integration-tests-heroku-17/payments,headers={Authorization=[**removed from output**], User-Agent=[commercetools-jvm-sdk/1.13.0 (AHC/2.0) Java/1.8.0_144-b01 (Linux; amd64)], Accept-Encoding=[gzip]},body=io.sphere.sdk.http.StringHttpRequestBody@90b2ca3[body={"amountPlanned":{"centAmount":0,"currencyCode":"USD"},"custom":{"type":{"key":"payment-CREDIT_CARD"},"fields":{"reference":"&lt;placeholder&gt;","cardDataPlaceholder":"9410010000036855526","languageCode":"en"}},"paymentMethodInfo":{"paymentInterface":"PAYONE","method":"CREDIT_CARD"}}]]
http request formatted body: {
  "amountPlanned" : {
    "centAmount" : 0,
    "currencyCode" : "USD"
  },
  "custom" : {
    "type" : {
      "key" : "payment-CREDIT_CARD"
    },
    "fields" : {
      "reference" : "&lt;placeholder&gt;",
      "cardDataPlaceholder" : "9410010000036855526",
      "languageCode" : "en"
    }
  },
  "paymentMethodInfo" : {
    "paymentInterface" : "PAYONE",
    "method" : "CREDIT_CARD"
  }
}
additional notes: []
Javadoc: http://commercetools.github.io/commercetools-jvm-sdk/apidocs/io/sphere/sdk/client/BadGatewayException.html
</div><div class="stackTraceEntry">at io.sphere.sdk.client.ExceptionFactory.lambda$of$8 (ExceptionFactory.java:47)</div><div class="stackTraceEntry">at io.sphere.sdk.client.ExceptionFactory.lambda$whenStatus$1 (ExceptionFactory.java:31)</div><div class="stackTraceEntry">at io.sphere.sdk.client.ExceptionFactory.createException (ExceptionFactory.java:76)</div><div class="stackTraceEntry">at io.sphere.sdk.client.SphereClientImpl.createExceptionFor (SphereClientImpl.java:148)</div><div class="stackTraceEntry">at io.sphere.sdk.client.SphereClientImpl.parse (SphereClientImpl.java:133)</div><div class="stackTraceEntry">at io.sphere.sdk.client.SphereClientImpl.processHttpResponse (SphereClientImpl.java:127)</div><div class="stackTraceEntry">at io.sphere.sdk.client.SphereClientImpl.lambda$executeWithRecover$5 (SphereClientImpl.java:86)</div><div class="stackTraceEntry">at java.util.concurrent.CompletableFuture.uniApply (CompletableFuture.java:602)</div><div class="stackTraceEntry">at java.util.concurrent.CompletableFuture$UniApply.tryFire (CompletableFuture.java:577)</div><div class="stackTraceEntry">at java.util.concurrent.CompletableFuture$Completion.run (CompletableFuture.java:442)</div><div class="stackTraceEntry">at java.lang.Thread.run (Thread.java:748)</div><div class="stackTraceExceptionMessage">io.sphere.sdk.client.BadGatewayException: detailMessage: 
&lt;html&gt;&lt;head&gt;
&lt;meta http-equiv="content-type" content="text/html;charset=utf-8"&gt;
&lt;title&gt;502 Server Error&lt;/title&gt;
&lt;/head&gt;
&lt;body text=#000000 bgcolor=#ffffff&gt;
&lt;h1&gt;Error: Server Error&lt;/h1&gt;
&lt;h2&gt;The server encountered a temporary error and could not complete your request.&lt;p&gt;Please try again in 30 seconds.&lt;/h2&gt;
&lt;h2&gt;&lt;/h2&gt;
&lt;/body&gt;&lt;/html&gt;

summary: POST https://api.sphere.io/payone-integration-tests-heroku-17/payments failed  with response code 502 on 2017-09-21T13:41:56.416Z
http response: io.sphere.sdk.http.HttpResponseImpl@3b6bf35a[statusCode=502,headers={Referrer-Policy=[no-referrer], Alt-Svc=[clear], Content-Length=[332], Date=[Thu, 21 Sep 2017 13:41:56 GMT], Content-Type=[text/html; charset=UTF-8]},associatedRequest=&lt;null&gt;,textInterpretedBody=
&lt;html&gt;&lt;head&gt;
&lt;meta http-equiv="content-type" content="text/html;charset=utf-8"&gt;
&lt;title&gt;502 Server Error&lt;/title&gt;
&lt;/head&gt;
&lt;body text=#000000 bgcolor=#ffffff&gt;
&lt;h1&gt;Error: Server Error&lt;/h1&gt;
&lt;h2&gt;The server encountered a temporary error and could not complete your request.&lt;p&gt;Please try again in 30 seconds.&lt;/h2&gt;
&lt;h2&gt;&lt;/h2&gt;
&lt;/body&gt;&lt;/html&gt;
]
SDK: 1.13.0
project: payone-integration-tests-heroku-17
endpoint: POST /payments
Java: 1.8.0_144
cwd: /home/travis/build/commercetools/commercetools-payone-integration/functionaltests
sphere request: PaymentCreateCommandImpl[body=PaymentDraftDsl[customer=&lt;null&gt;,externalId=&lt;null&gt;,interfaceId=&lt;null&gt;,amountPlanned=USD 0.00000,amountAuthorized=&lt;null&gt;,authorizedUntil=&lt;null&gt;,amountPaid=&lt;null&gt;,amountRefunded=&lt;null&gt;,paymentMethodInfo=PaymentMethodInfoImpl[paymentInterface=PAYONE,method=CREDIT_CARD,name=&lt;null&gt;],custom=CustomFieldsDraftImpl[type=ResourceIdentifierImpl[id=&lt;null&gt;,key=payment-CREDIT_CARD,typeId=&lt;null&gt;],fields={reference="&lt;placeholder&gt;", cardDataPlaceholder="9410010000036855526", languageCode="en"}],paymentStatus=&lt;null&gt;,transactions=&lt;null&gt;,interfaceInteractions=&lt;null&gt;],expansionModel=PaymentExpansionModelImpl[pathExpressions=[]],javaType=[simple type, class io.sphere.sdk.payments.Payment],endpoint=/payments,expansionPaths=[],creationFunction=io.sphere.sdk.payments.commands.PaymentCreateCommandImpl$$Lambda$152/1319642054@67b268d8]
http request: HttpRequestImpl[httpMethod=POST,url=https://api.sphere.io/payone-integration-tests-heroku-17/payments,headers={Authorization=[**removed from output**], User-Agent=[commercetools-jvm-sdk/1.13.0 (AHC/2.0) Java/1.8.0_144-b01 (Linux; amd64)], Accept-Encoding=[gzip]},body=io.sphere.sdk.http.StringHttpRequestBody@90b2ca3[body={"amountPlanned":{"centAmount":0,"currencyCode":"USD"},"custom":{"type":{"key":"payment-CREDIT_CARD"},"fields":{"reference":"&lt;placeholder&gt;","cardDataPlaceholder":"9410010000036855526","languageCode":"en"}},"paymentMethodInfo":{"paymentInterface":"PAYONE","method":"CREDIT_CARD"}}]]
http request formatted body: {
  "amountPlanned" : {
    "centAmount" : 0,
    "currencyCode" : "USD"
  },
  "custom" : {
    "type" : {
      "key" : "payment-CREDIT_CARD"
    },
    "fields" : {
      "reference" : "&lt;placeholder&gt;",
      "cardDataPlaceholder" : "9410010000036855526",
      "languageCode" : "en"
    }
  },
  "paymentMethodInfo" : {
    "paymentInterface" : "PAYONE",
    "method" : "CREDIT_CARD"
  }
}
additional notes: []
Javadoc: http://commercetools.github.io/commercetools-jvm-sdk/apidocs/io/sphere/sdk/client/BadGatewayException.html
</div><div class="stackTraceEntry">at io.sphere.sdk.client.ExceptionFactory.lambda$of$8 (ExceptionFactory.java:47)</div><div class="stackTraceEntry">at io.sphere.sdk.client.ExceptionFactory.lambda$whenStatus$1 (ExceptionFactory.java:31)</div><div class="stackTraceEntry">at io.sphere.sdk.client.ExceptionFactory.createException (ExceptionFactory.java:76)</div><div class="stackTraceEntry">at io.sphere.sdk.client.SphereClientImpl.createExceptionFor (SphereClientImpl.java:148)</div><div class="stackTraceEntry">at io.sphere.sdk.client.SphereClientImpl.parse (SphereClientImpl.java:133)</div><div class="stackTraceEntry">at io.sphere.sdk.client.SphereClientImpl.processHttpResponse (SphereClientImpl.java:127)</div><div class="stackTraceEntry">at io.sphere.sdk.client.SphereClientImpl.lambda$executeWithRecover$5 (SphereClientImpl.java:86)</div><div class="stackTraceEntry">at java.util.concurrent.CompletableFuture.uniApply (CompletableFuture.java:602)</div><div class="stackTraceEntry">at java.util.concurrent.CompletableFuture$UniApply.tryFire (CompletableFuture.java:577)</div><div class="stackTraceEntry">at java.util.concurrent.CompletableFuture$Completion.run (CompletableFuture.java:442)</div><div class="stackTraceEntry">at java.lang.Thread.run (Thread.java:748)</div></div></tr>
        <tr><span class="failure"><del class="expected">
            <td class="inputvalue">Payment 3</td>
            <td class="inputvalue">42</td>
            <td class="inputvalue">USD</td>
            <td class="inputvalue">nl</td>
            <td />
        </del></span><span class="exceptionMessage">io.sphere.sdk.client.BadGatewayException: detailMessage: 
&lt;html&gt;&lt;head&gt;
&lt;meta http-equiv="content-type" content="text/html;charset=utf-8"&gt;
&lt;title&gt;502 Server Error&lt;/title&gt;
&lt;/head&gt;
&lt;body text=#000000 bgcolor=#ffffff&gt;
&lt;h1&gt;Error: Server Error&lt;/h1&gt;
&lt;h2&gt;The server encountered a temporary error and could not complete your request.&lt;p&gt;Please try again in 30 seconds.&lt;/h2&gt;
&lt;h2&gt;&lt;/h2&gt;
&lt;/body&gt;&lt;/html&gt;

summary: POST https://api.sphere.io/payone-integration-tests-heroku-17/payments failed  with response code 502 on 2017-09-21T13:41:56.496Z
http response: io.sphere.sdk.http.HttpResponseImpl@4854ad0d[statusCode=502,headers={Referrer-Policy=[no-referrer], Alt-Svc=[clear], Content-Length=[332], Date=[Thu, 21 Sep 2017 13:41:56 GMT], Content-Type=[text/html; charset=UTF-8]},associatedRequest=&lt;null&gt;,textInterpretedBody=
&lt;html&gt;&lt;head&gt;
&lt;meta http-equiv="content-type" content="text/html;charset=utf-8"&gt;
&lt;title&gt;502 Server Error&lt;/title&gt;
&lt;/head&gt;
&lt;body text=#000000 bgcolor=#ffffff&gt;
&lt;h1&gt;Error: Server Error&lt;/h1&gt;
&lt;h2&gt;The server encountered a temporary error and could not complete your request.&lt;p&gt;Please try again in 30 seconds.&lt;/h2&gt;
&lt;h2&gt;&lt;/h2&gt;
&lt;/body&gt;&lt;/html&gt;
]
SDK: 1.13.0
project: payone-integration-tests-heroku-17
endpoint: POST /payments
Java: 1.8.0_144
cwd: /home/travis/build/commercetools/commercetools-payone-integration/functionaltests
sphere request: PaymentCreateCommandImpl[body=PaymentDraftDsl[customer=&lt;null&gt;,externalId=&lt;null&gt;,interfaceId=&lt;null&gt;,amountPlanned=USD 0.42000,amountAuthorized=&lt;null&gt;,authorizedUntil=&lt;null&gt;,amountPaid=&lt;null&gt;,amountRefunded=&lt;null&gt;,paymentMethodInfo=PaymentMethodInfoImpl[paymentInterface=PAYONE,method=CREDIT_CARD,name=&lt;null&gt;],custom=CustomFieldsDraftImpl[type=ResourceIdentifierImpl[id=&lt;null&gt;,key=payment-CREDIT_CARD,typeId=&lt;null&gt;],fields={reference="&lt;placeholder&gt;", cardDataPlaceholder="9410010000036855526", languageCode="nl"}],paymentStatus=&lt;null&gt;,transactions=&lt;null&gt;,interfaceInteractions=&lt;null&gt;],expansionModel=PaymentExpansionModelImpl[pathExpressions=[]],javaType=[simple type, class io.sphere.sdk.payments.Payment],endpoint=/payments,expansionPaths=[],creationFunction=io.sphere.sdk.payments.commands.PaymentCreateCommandImpl$$Lambda$152/1319642054@67b268d8]
http request: HttpRequestImpl[httpMethod=POST,url=https://api.sphere.io/payone-integration-tests-heroku-17/payments,headers={Authorization=[**removed from output**], User-Agent=[commercetools-jvm-sdk/1.13.0 (AHC/2.0) Java/1.8.0_144-b01 (Linux; amd64)], Accept-Encoding=[gzip]},body=io.sphere.sdk.http.StringHttpRequestBody@212d5ac9[body={"amountPlanned":{"centAmount":42,"currencyCode":"USD"},"custom":{"type":{"key":"payment-CREDIT_CARD"},"fields":{"reference":"&lt;placeholder&gt;","cardDataPlaceholder":"9410010000036855526","languageCode":"nl"}},"paymentMethodInfo":{"paymentInterface":"PAYONE","method":"CREDIT_CARD"}}]]
http request formatted body: {
  "amountPlanned" : {
    "centAmount" : 42,
    "currencyCode" : "USD"
  },
  "custom" : {
    "type" : {
      "key" : "payment-CREDIT_CARD"
    },
    "fields" : {
      "reference" : "&lt;placeholder&gt;",
      "cardDataPlaceholder" : "9410010000036855526",
      "languageCode" : "nl"
    }
  },
  "paymentMethodInfo" : {
    "paymentInterface" : "PAYONE",
    "method" : "CREDIT_CARD"
  }
}
additional notes: []
Javadoc: http://commercetools.github.io/commercetools-jvm-sdk/apidocs/io/sphere/sdk/client/BadGatewayException.html
</span><input class="stackTraceButton" id="stackTraceButton3" type="button" onclick="javascript:toggleStackTrace('3')" value="View Stack" /><div class="stackTrace" id="stackTrace3"><p>While evaluating expression: <code>#paymentId = createCardPayment(#paymentName, #creditCardpaymentMethod, #transactionType, #centAmount, #currencyCode, #languageCode)</code></p><div class="stackTraceExceptionMessage">org.concordion.internal.InvalidExpressionException: io.sphere.sdk.client.BadGatewayException: detailMessage: 
&lt;html&gt;&lt;head&gt;
&lt;meta http-equiv="content-type" content="text/html;charset=utf-8"&gt;
&lt;title&gt;502 Server Error&lt;/title&gt;
&lt;/head&gt;
&lt;body text=#000000 bgcolor=#ffffff&gt;
&lt;h1&gt;Error: Server Error&lt;/h1&gt;
&lt;h2&gt;The server encountered a temporary error and could not complete your request.&lt;p&gt;Please try again in 30 seconds.&lt;/h2&gt;
&lt;h2&gt;&lt;/h2&gt;
&lt;/body&gt;&lt;/html&gt;

summary: POST https://api.sphere.io/payone-integration-tests-heroku-17/payments failed  with response code 502 on 2017-09-21T13:41:56.496Z
http response: io.sphere.sdk.http.HttpResponseImpl@4854ad0d[statusCode=502,headers={Referrer-Policy=[no-referrer], Alt-Svc=[clear], Content-Length=[332], Date=[Thu, 21 Sep 2017 13:41:56 GMT], Content-Type=[text/html; charset=UTF-8]},associatedRequest=&lt;null&gt;,textInterpretedBody=
&lt;html&gt;&lt;head&gt;
&lt;meta http-equiv="content-type" content="text/html;charset=utf-8"&gt;
&lt;title&gt;502 Server Error&lt;/title&gt;
&lt;/head&gt;
&lt;body text=#000000 bgcolor=#ffffff&gt;
&lt;h1&gt;Error: Server Error&lt;/h1&gt;
&lt;h2&gt;The server encountered a temporary error and could not complete your request.&lt;p&gt;Please try again in 30 seconds.&lt;/h2&gt;
&lt;h2&gt;&lt;/h2&gt;
&lt;/body&gt;&lt;/html&gt;
]
SDK: 1.13.0
project: payone-integration-tests-heroku-17
endpoint: POST /payments
Java: 1.8.0_144
cwd: /home/travis/build/commercetools/commercetools-payone-integration/functionaltests
sphere request: PaymentCreateCommandImpl[body=PaymentDraftDsl[customer=&lt;null&gt;,externalId=&lt;null&gt;,interfaceId=&lt;null&gt;,amountPlanned=USD 0.42000,amountAuthorized=&lt;null&gt;,authorizedUntil=&lt;null&gt;,amountPaid=&lt;null&gt;,amountRefunded=&lt;null&gt;,paymentMethodInfo=PaymentMethodInfoImpl[paymentInterface=PAYONE,method=CREDIT_CARD,name=&lt;null&gt;],custom=CustomFieldsDraftImpl[type=ResourceIdentifierImpl[id=&lt;null&gt;,key=payment-CREDIT_CARD,typeId=&lt;null&gt;],fields={reference="&lt;placeholder&gt;", cardDataPlaceholder="9410010000036855526", languageCode="nl"}],paymentStatus=&lt;null&gt;,transactions=&lt;null&gt;,interfaceInteractions=&lt;null&gt;],expansionModel=PaymentExpansionModelImpl[pathExpressions=[]],javaType=[simple type, class io.sphere.sdk.payments.Payment],endpoint=/payments,expansionPaths=[],creationFunction=io.sphere.sdk.payments.commands.PaymentCreateCommandImpl$$Lambda$152/1319642054@67b268d8]
http request: HttpRequestImpl[httpMethod=POST,url=https://api.sphere.io/payone-integration-tests-heroku-17/payments,headers={Authorization=[**removed from output**], User-Agent=[commercetools-jvm-sdk/1.13.0 (AHC/2.0) Java/1.8.0_144-b01 (Linux; amd64)], Accept-Encoding=[gzip]},body=io.sphere.sdk.http.StringHttpRequestBody@212d5ac9[body={"amountPlanned":{"centAmount":42,"currencyCode":"USD"},"custom":{"type":{"key":"payment-CREDIT_CARD"},"fields":{"reference":"&lt;placeholder&gt;","cardDataPlaceholder":"9410010000036855526","languageCode":"nl"}},"paymentMethodInfo":{"paymentInterface":"PAYONE","method":"CREDIT_CARD"}}]]
http request formatted body: {
  "amountPlanned" : {
    "centAmount" : 42,
    "currencyCode" : "USD"
  },
  "custom" : {
    "type" : {
      "key" : "payment-CREDIT_CARD"
    },
    "fields" : {
      "reference" : "&lt;placeholder&gt;",
      "cardDataPlaceholder" : "9410010000036855526",
      "languageCode" : "nl"
    }
  },
  "paymentMethodInfo" : {
    "paymentInterface" : "PAYONE",
    "method" : "CREDIT_CARD"
  }
}
additional notes: []
Javadoc: http://commercetools.github.io/commercetools-jvm-sdk/apidocs/io/sphere/sdk/client/BadGatewayException.html
</div><div class="stackTraceEntry">at io.sphere.sdk.client.ExceptionFactory.lambda$of$8 (ExceptionFactory.java:47)</div><div class="stackTraceEntry">at io.sphere.sdk.client.ExceptionFactory.lambda$whenStatus$1 (ExceptionFactory.java:31)</div><div class="stackTraceEntry">at io.sphere.sdk.client.ExceptionFactory.createException (ExceptionFactory.java:76)</div><div class="stackTraceEntry">at io.sphere.sdk.client.SphereClientImpl.createExceptionFor (SphereClientImpl.java:148)</div><div class="stackTraceEntry">at io.sphere.sdk.client.SphereClientImpl.parse (SphereClientImpl.java:133)</div><div class="stackTraceEntry">at io.sphere.sdk.client.SphereClientImpl.processHttpResponse (SphereClientImpl.java:127)</div><div class="stackTraceEntry">at io.sphere.sdk.client.SphereClientImpl.lambda$executeWithRecover$5 (SphereClientImpl.java:86)</div><div class="stackTraceEntry">at java.util.concurrent.CompletableFuture.uniApply (CompletableFuture.java:602)</div><div class="stackTraceEntry">at java.util.concurrent.CompletableFuture$UniApply.tryFire (CompletableFuture.java:577)</div><div class="stackTraceEntry">at java.util.concurrent.CompletableFuture$Completion.run (CompletableFuture.java:442)</div><div class="stackTraceEntry">at java.lang.Thread.run (Thread.java:748)</div><div class="stackTraceExceptionMessage">io.sphere.sdk.client.BadGatewayException: detailMessage: 
&lt;html&gt;&lt;head&gt;
&lt;meta http-equiv="content-type" content="text/html;charset=utf-8"&gt;
&lt;title&gt;502 Server Error&lt;/title&gt;
&lt;/head&gt;
&lt;body text=#000000 bgcolor=#ffffff&gt;
&lt;h1&gt;Error: Server Error&lt;/h1&gt;
&lt;h2&gt;The server encountered a temporary error and could not complete your request.&lt;p&gt;Please try again in 30 seconds.&lt;/h2&gt;
&lt;h2&gt;&lt;/h2&gt;
&lt;/body&gt;&lt;/html&gt;

summary: POST https://api.sphere.io/payone-integration-tests-heroku-17/payments failed  with response code 502 on 2017-09-21T13:41:56.496Z
http response: io.sphere.sdk.http.HttpResponseImpl@4854ad0d[statusCode=502,headers={Referrer-Policy=[no-referrer], Alt-Svc=[clear], Content-Length=[332], Date=[Thu, 21 Sep 2017 13:41:56 GMT], Content-Type=[text/html; charset=UTF-8]},associatedRequest=&lt;null&gt;,textInterpretedBody=
&lt;html&gt;&lt;head&gt;
&lt;meta http-equiv="content-type" content="text/html;charset=utf-8"&gt;
&lt;title&gt;502 Server Error&lt;/title&gt;
&lt;/head&gt;
&lt;body text=#000000 bgcolor=#ffffff&gt;
&lt;h1&gt;Error: Server Error&lt;/h1&gt;
&lt;h2&gt;The server encountered a temporary error and could not complete your request.&lt;p&gt;Please try again in 30 seconds.&lt;/h2&gt;
&lt;h2&gt;&lt;/h2&gt;
&lt;/body&gt;&lt;/html&gt;
]
SDK: 1.13.0
project: payone-integration-tests-heroku-17
endpoint: POST /payments
Java: 1.8.0_144
cwd: /home/travis/build/commercetools/commercetools-payone-integration/functionaltests
sphere request: PaymentCreateCommandImpl[body=PaymentDraftDsl[customer=&lt;null&gt;,externalId=&lt;null&gt;,interfaceId=&lt;null&gt;,amountPlanned=USD 0.42000,amountAuthorized=&lt;null&gt;,authorizedUntil=&lt;null&gt;,amountPaid=&lt;null&gt;,amountRefunded=&lt;null&gt;,paymentMethodInfo=PaymentMethodInfoImpl[paymentInterface=PAYONE,method=CREDIT_CARD,name=&lt;null&gt;],custom=CustomFieldsDraftImpl[type=ResourceIdentifierImpl[id=&lt;null&gt;,key=payment-CREDIT_CARD,typeId=&lt;null&gt;],fields={reference="&lt;placeholder&gt;", cardDataPlaceholder="9410010000036855526", languageCode="nl"}],paymentStatus=&lt;null&gt;,transactions=&lt;null&gt;,interfaceInteractions=&lt;null&gt;],expansionModel=PaymentExpansionModelImpl[pathExpressions=[]],javaType=[simple type, class io.sphere.sdk.payments.Payment],endpoint=/payments,expansionPaths=[],creationFunction=io.sphere.sdk.payments.commands.PaymentCreateCommandImpl$$Lambda$152/1319642054@67b268d8]
http request: HttpRequestImpl[httpMethod=POST,url=https://api.sphere.io/payone-integration-tests-heroku-17/payments,headers={Authorization=[**removed from output**], User-Agent=[commercetools-jvm-sdk/1.13.0 (AHC/2.0) Java/1.8.0_144-b01 (Linux; amd64)], Accept-Encoding=[gzip]},body=io.sphere.sdk.http.StringHttpRequestBody@212d5ac9[body={"amountPlanned":{"centAmount":42,"currencyCode":"USD"},"custom":{"type":{"key":"payment-CREDIT_CARD"},"fields":{"reference":"&lt;placeholder&gt;","cardDataPlaceholder":"9410010000036855526","languageCode":"nl"}},"paymentMethodInfo":{"paymentInterface":"PAYONE","method":"CREDIT_CARD"}}]]
http request formatted body: {
  "amountPlanned" : {
    "centAmount" : 42,
    "currencyCode" : "USD"
  },
  "custom" : {
    "type" : {
      "key" : "payment-CREDIT_CARD"
    },
    "fields" : {
      "reference" : "&lt;placeholder&gt;",
      "cardDataPlaceholder" : "9410010000036855526",
      "languageCode" : "nl"
    }
  },
  "paymentMethodInfo" : {
    "paymentInterface" : "PAYONE",
    "method" : "CREDIT_CARD"
  }
}
additional notes: []
Javadoc: http://commercetools.github.io/commercetools-jvm-sdk/apidocs/io/sphere/sdk/client/BadGatewayException.html
</div><div class="stackTraceEntry">at io.sphere.sdk.client.ExceptionFactory.lambda$of$8 (ExceptionFactory.java:47)</div><div class="stackTraceEntry">at io.sphere.sdk.client.ExceptionFactory.lambda$whenStatus$1 (ExceptionFactory.java:31)</div><div class="stackTraceEntry">at io.sphere.sdk.client.ExceptionFactory.createException (ExceptionFactory.java:76)</div><div class="stackTraceEntry">at io.sphere.sdk.client.SphereClientImpl.createExceptionFor (SphereClientImpl.java:148)</div><div class="stackTraceEntry">at io.sphere.sdk.client.SphereClientImpl.parse (SphereClientImpl.java:133)</div><div class="stackTraceEntry">at io.sphere.sdk.client.SphereClientImpl.processHttpResponse (SphereClientImpl.java:127)</div><div class="stackTraceEntry">at io.sphere.sdk.client.SphereClientImpl.lambda$executeWithRecover$5 (SphereClientImpl.java:86)</div><div class="stackTraceEntry">at java.util.concurrent.CompletableFuture.uniApply (CompletableFuture.java:602)</div><div class="stackTraceEntry">at java.util.concurrent.CompletableFuture$UniApply.tryFire (CompletableFuture.java:577)</div><div class="stackTraceEntry">at java.util.concurrent.CompletableFuture$Completion.run (CompletableFuture.java:442)</div><div class="stackTraceEntry">at java.lang.Thread.run (Thread.java:748)</div></div></tr>
        <tr><span class="failure"><del class="expected">
            <td class="inputvalue">Payment 4</td>
            <td class="inputvalue">0</td>
            <td class="inputvalue">EUR</td>
            <td class="inputvalue">es</td>
            <td />
        </del></span><span class="exceptionMessage">io.sphere.sdk.client.BadGatewayException: detailMessage: 
&lt;html&gt;&lt;head&gt;
&lt;meta http-equiv="content-type" content="text/html;charset=utf-8"&gt;
&lt;title&gt;502 Server Error&lt;/title&gt;
&lt;/head&gt;
&lt;body text=#000000 bgcolor=#ffffff&gt;
&lt;h1&gt;Error: Server Error&lt;/h1&gt;
&lt;h2&gt;The server encountered a temporary error and could not complete your request.&lt;p&gt;Please try again in 30 seconds.&lt;/h2&gt;
&lt;h2&gt;&lt;/h2&gt;
&lt;/body&gt;&lt;/html&gt;

summary: POST https://api.sphere.io/payone-integration-tests-heroku-17/payments failed  with response code 502 on 2017-09-21T13:41:56.697Z
http response: io.sphere.sdk.http.HttpResponseImpl@55c76549[statusCode=502,headers={Referrer-Policy=[no-referrer], Alt-Svc=[clear], Content-Length=[332], Date=[Thu, 21 Sep 2017 13:41:56 GMT], Content-Type=[text/html; charset=UTF-8]},associatedRequest=&lt;null&gt;,textInterpretedBody=
&lt;html&gt;&lt;head&gt;
&lt;meta http-equiv="content-type" content="text/html;charset=utf-8"&gt;
&lt;title&gt;502 Server Error&lt;/title&gt;
&lt;/head&gt;
&lt;body text=#000000 bgcolor=#ffffff&gt;
&lt;h1&gt;Error: Server Error&lt;/h1&gt;
&lt;h2&gt;The server encountered a temporary error and could not complete your request.&lt;p&gt;Please try again in 30 seconds.&lt;/h2&gt;
&lt;h2&gt;&lt;/h2&gt;
&lt;/body&gt;&lt;/html&gt;
]
SDK: 1.13.0
project: payone-integration-tests-heroku-17
endpoint: POST /payments
Java: 1.8.0_144
cwd: /home/travis/build/commercetools/commercetools-payone-integration/functionaltests
sphere request: PaymentCreateCommandImpl[body=PaymentDraftDsl[customer=&lt;null&gt;,externalId=&lt;null&gt;,interfaceId=&lt;null&gt;,amountPlanned=EUR 0.00000,amountAuthorized=&lt;null&gt;,authorizedUntil=&lt;null&gt;,amountPaid=&lt;null&gt;,amountRefunded=&lt;null&gt;,paymentMethodInfo=PaymentMethodInfoImpl[paymentInterface=PAYONE,method=CREDIT_CARD,name=&lt;null&gt;],custom=CustomFieldsDraftImpl[type=ResourceIdentifierImpl[id=&lt;null&gt;,key=payment-CREDIT_CARD,typeId=&lt;null&gt;],fields={reference="&lt;placeholder&gt;", cardDataPlaceholder="9410010000036855526", languageCode="es"}],paymentStatus=&lt;null&gt;,transactions=&lt;null&gt;,interfaceInteractions=&lt;null&gt;],expansionModel=PaymentExpansionModelImpl[pathExpressions=[]],javaType=[simple type, class io.sphere.sdk.payments.Payment],endpoint=/payments,expansionPaths=[],creationFunction=io.sphere.sdk.payments.commands.PaymentCreateCommandImpl$$Lambda$152/1319642054@67b268d8]
http request: HttpRequestImpl[httpMethod=POST,url=https://api.sphere.io/payone-integration-tests-heroku-17/payments,headers={Authorization=[**removed from output**], User-Agent=[commercetools-jvm-sdk/1.13.0 (AHC/2.0) Java/1.8.0_144-b01 (Linux; amd64)], Accept-Encoding=[gzip]},body=io.sphere.sdk.http.StringHttpRequestBody@12c9ecef[body={"amountPlanned":{"centAmount":0,"currencyCode":"EUR"},"custom":{"type":{"key":"payment-CREDIT_CARD"},"fields":{"reference":"&lt;placeholder&gt;","cardDataPlaceholder":"9410010000036855526","languageCode":"es"}},"paymentMethodInfo":{"paymentInterface":"PAYONE","method":"CREDIT_CARD"}}]]
http request formatted body: {
  "amountPlanned" : {
    "centAmount" : 0,
    "currencyCode" : "EUR"
  },
  "custom" : {
    "type" : {
      "key" : "payment-CREDIT_CARD"
    },
    "fields" : {
      "reference" : "&lt;placeholder&gt;",
      "cardDataPlaceholder" : "9410010000036855526",
      "languageCode" : "es"
    }
  },
  "paymentMethodInfo" : {
    "paymentInterface" : "PAYONE",
    "method" : "CREDIT_CARD"
  }
}
additional notes: []
Javadoc: http://commercetools.github.io/commercetools-jvm-sdk/apidocs/io/sphere/sdk/client/BadGatewayException.html
</span><input class="stackTraceButton" id="stackTraceButton4" type="button" onclick="javascript:toggleStackTrace('4')" value="View Stack" /><div class="stackTrace" id="stackTrace4"><p>While evaluating expression: <code>#paymentId = createCardPayment(#paymentName, #creditCardpaymentMethod, #transactionType, #centAmount, #currencyCode, #languageCode)</code></p><div class="stackTraceExceptionMessage">org.concordion.internal.InvalidExpressionException: io.sphere.sdk.client.BadGatewayException: detailMessage: 
&lt;html&gt;&lt;head&gt;
&lt;meta http-equiv="content-type" content="text/html;charset=utf-8"&gt;
&lt;title&gt;502 Server Error&lt;/title&gt;
&lt;/head&gt;
&lt;body text=#000000 bgcolor=#ffffff&gt;
&lt;h1&gt;Error: Server Error&lt;/h1&gt;
&lt;h2&gt;The server encountered a temporary error and could not complete your request.&lt;p&gt;Please try again in 30 seconds.&lt;/h2&gt;
&lt;h2&gt;&lt;/h2&gt;
&lt;/body&gt;&lt;/html&gt;

summary: POST https://api.sphere.io/payone-integration-tests-heroku-17/payments failed  with response code 502 on 2017-09-21T13:41:56.697Z
http response: io.sphere.sdk.http.HttpResponseImpl@55c76549[statusCode=502,headers={Referrer-Policy=[no-referrer], Alt-Svc=[clear], Content-Length=[332], Date=[Thu, 21 Sep 2017 13:41:56 GMT], Content-Type=[text/html; charset=UTF-8]},associatedRequest=&lt;null&gt;,textInterpretedBody=
&lt;html&gt;&lt;head&gt;
&lt;meta http-equiv="content-type" content="text/html;charset=utf-8"&gt;
&lt;title&gt;502 Server Error&lt;/title&gt;
&lt;/head&gt;
&lt;body text=#000000 bgcolor=#ffffff&gt;
&lt;h1&gt;Error: Server Error&lt;/h1&gt;
&lt;h2&gt;The server encountered a temporary error and could not complete your request.&lt;p&gt;Please try again in 30 seconds.&lt;/h2&gt;
&lt;h2&gt;&lt;/h2&gt;
&lt;/body&gt;&lt;/html&gt;
]
SDK: 1.13.0
project: payone-integration-tests-heroku-17
endpoint: POST /payments
Java: 1.8.0_144
cwd: /home/travis/build/commercetools/commercetools-payone-integration/functionaltests
sphere request: PaymentCreateCommandImpl[body=PaymentDraftDsl[customer=&lt;null&gt;,externalId=&lt;null&gt;,interfaceId=&lt;null&gt;,amountPlanned=EUR 0.00000,amountAuthorized=&lt;null&gt;,authorizedUntil=&lt;null&gt;,amountPaid=&lt;null&gt;,amountRefunded=&lt;null&gt;,paymentMethodInfo=PaymentMethodInfoImpl[paymentInterface=PAYONE,method=CREDIT_CARD,name=&lt;null&gt;],custom=CustomFieldsDraftImpl[type=ResourceIdentifierImpl[id=&lt;null&gt;,key=payment-CREDIT_CARD,typeId=&lt;null&gt;],fields={reference="&lt;placeholder&gt;", cardDataPlaceholder="9410010000036855526", languageCode="es"}],paymentStatus=&lt;null&gt;,transactions=&lt;null&gt;,interfaceInteractions=&lt;null&gt;],expansionModel=PaymentExpansionModelImpl[pathExpressions=[]],javaType=[simple type, class io.sphere.sdk.payments.Payment],endpoint=/payments,expansionPaths=[],creationFunction=io.sphere.sdk.payments.commands.PaymentCreateCommandImpl$$Lambda$152/1319642054@67b268d8]
http request: HttpRequestImpl[httpMethod=POST,url=https://api.sphere.io/payone-integration-tests-heroku-17/payments,headers={Authorization=[**removed from output**], User-Agent=[commercetools-jvm-sdk/1.13.0 (AHC/2.0) Java/1.8.0_144-b01 (Linux; amd64)], Accept-Encoding=[gzip]},body=io.sphere.sdk.http.StringHttpRequestBody@12c9ecef[body={"amountPlanned":{"centAmount":0,"currencyCode":"EUR"},"custom":{"type":{"key":"payment-CREDIT_CARD"},"fields":{"reference":"&lt;placeholder&gt;","cardDataPlaceholder":"9410010000036855526","languageCode":"es"}},"paymentMethodInfo":{"paymentInterface":"PAYONE","method":"CREDIT_CARD"}}]]
http request formatted body: {
  "amountPlanned" : {
    "centAmount" : 0,
    "currencyCode" : "EUR"
  },
  "custom" : {
    "type" : {
      "key" : "payment-CREDIT_CARD"
    },
    "fields" : {
      "reference" : "&lt;placeholder&gt;",
      "cardDataPlaceholder" : "9410010000036855526",
      "languageCode" : "es"
    }
  },
  "paymentMethodInfo" : {
    "paymentInterface" : "PAYONE",
    "method" : "CREDIT_CARD"
  }
}
additional notes: []
Javadoc: http://commercetools.github.io/commercetools-jvm-sdk/apidocs/io/sphere/sdk/client/BadGatewayException.html
</div><div class="stackTraceEntry">at io.sphere.sdk.client.ExceptionFactory.lambda$of$8 (ExceptionFactory.java:47)</div><div class="stackTraceEntry">at io.sphere.sdk.client.ExceptionFactory.lambda$whenStatus$1 (ExceptionFactory.java:31)</div><div class="stackTraceEntry">at io.sphere.sdk.client.ExceptionFactory.createException (ExceptionFactory.java:76)</div><div class="stackTraceEntry">at io.sphere.sdk.client.SphereClientImpl.createExceptionFor (SphereClientImpl.java:148)</div><div class="stackTraceEntry">at io.sphere.sdk.client.SphereClientImpl.parse (SphereClientImpl.java:133)</div><div class="stackTraceEntry">at io.sphere.sdk.client.SphereClientImpl.processHttpResponse (SphereClientImpl.java:127)</div><div class="stackTraceEntry">at io.sphere.sdk.client.SphereClientImpl.lambda$executeWithRecover$5 (SphereClientImpl.java:86)</div><div class="stackTraceEntry">at java.util.concurrent.CompletableFuture.uniApply (CompletableFuture.java:602)</div><div class="stackTraceEntry">at java.util.concurrent.CompletableFuture$UniApply.tryFire (CompletableFuture.java:577)</div><div class="stackTraceEntry">at java.util.concurrent.CompletableFuture$Completion.run (CompletableFuture.java:442)</div><div class="stackTraceEntry">at java.lang.Thread.run (Thread.java:748)</div><div class="stackTraceExceptionMessage">io.sphere.sdk.client.BadGatewayException: detailMessage: 
&lt;html&gt;&lt;head&gt;
&lt;meta http-equiv="content-type" content="text/html;charset=utf-8"&gt;
&lt;title&gt;502 Server Error&lt;/title&gt;
&lt;/head&gt;
&lt;body text=#000000 bgcolor=#ffffff&gt;
&lt;h1&gt;Error: Server Error&lt;/h1&gt;
&lt;h2&gt;The server encountered a temporary error and could not complete your request.&lt;p&gt;Please try again in 30 seconds.&lt;/h2&gt;
&lt;h2&gt;&lt;/h2&gt;
&lt;/body&gt;&lt;/html&gt;

summary: POST https://api.sphere.io/payone-integration-tests-heroku-17/payments failed  with response code 502 on 2017-09-21T13:41:56.697Z
http response: io.sphere.sdk.http.HttpResponseImpl@55c76549[statusCode=502,headers={Referrer-Policy=[no-referrer], Alt-Svc=[clear], Content-Length=[332], Date=[Thu, 21 Sep 2017 13:41:56 GMT], Content-Type=[text/html; charset=UTF-8]},associatedRequest=&lt;null&gt;,textInterpretedBody=
&lt;html&gt;&lt;head&gt;
&lt;meta http-equiv="content-type" content="text/html;charset=utf-8"&gt;
&lt;title&gt;502 Server Error&lt;/title&gt;
&lt;/head&gt;
&lt;body text=#000000 bgcolor=#ffffff&gt;
&lt;h1&gt;Error: Server Error&lt;/h1&gt;
&lt;h2&gt;The server encountered a temporary error and could not complete your request.&lt;p&gt;Please try again in 30 seconds.&lt;/h2&gt;
&lt;h2&gt;&lt;/h2&gt;
&lt;/body&gt;&lt;/html&gt;
]
SDK: 1.13.0
project: payone-integration-tests-heroku-17
endpoint: POST /payments
Java: 1.8.0_144
cwd: /home/travis/build/commercetools/commercetools-payone-integration/functionaltests
sphere request: PaymentCreateCommandImpl[body=PaymentDraftDsl[customer=&lt;null&gt;,externalId=&lt;null&gt;,interfaceId=&lt;null&gt;,amountPlanned=EUR 0.00000,amountAuthorized=&lt;null&gt;,authorizedUntil=&lt;null&gt;,amountPaid=&lt;null&gt;,amountRefunded=&lt;null&gt;,paymentMethodInfo=PaymentMethodInfoImpl[paymentInterface=PAYONE,method=CREDIT_CARD,name=&lt;null&gt;],custom=CustomFieldsDraftImpl[type=ResourceIdentifierImpl[id=&lt;null&gt;,key=payment-CREDIT_CARD,typeId=&lt;null&gt;],fields={reference="&lt;placeholder&gt;", cardDataPlaceholder="9410010000036855526", languageCode="es"}],paymentStatus=&lt;null&gt;,transactions=&lt;null&gt;,interfaceInteractions=&lt;null&gt;],expansionModel=PaymentExpansionModelImpl[pathExpressions=[]],javaType=[simple type, class io.sphere.sdk.payments.Payment],endpoint=/payments,expansionPaths=[],creationFunction=io.sphere.sdk.payments.commands.PaymentCreateCommandImpl$$Lambda$152/1319642054@67b268d8]
http request: HttpRequestImpl[httpMethod=POST,url=https://api.sphere.io/payone-integration-tests-heroku-17/payments,headers={Authorization=[**removed from output**], User-Agent=[commercetools-jvm-sdk/1.13.0 (AHC/2.0) Java/1.8.0_144-b01 (Linux; amd64)], Accept-Encoding=[gzip]},body=io.sphere.sdk.http.StringHttpRequestBody@12c9ecef[body={"amountPlanned":{"centAmount":0,"currencyCode":"EUR"},"custom":{"type":{"key":"payment-CREDIT_CARD"},"fields":{"reference":"&lt;placeholder&gt;","cardDataPlaceholder":"9410010000036855526","languageCode":"es"}},"paymentMethodInfo":{"paymentInterface":"PAYONE","method":"CREDIT_CARD"}}]]
http request formatted body: {
  "amountPlanned" : {
    "centAmount" : 0,
    "currencyCode" : "EUR"
  },
  "custom" : {
    "type" : {
      "key" : "payment-CREDIT_CARD"
    },
    "fields" : {
      "reference" : "&lt;placeholder&gt;",
      "cardDataPlaceholder" : "9410010000036855526",
      "languageCode" : "es"
    }
  },
  "paymentMethodInfo" : {
    "paymentInterface" : "PAYONE",
    "method" : "CREDIT_CARD"
  }
}
additional notes: []
Javadoc: http://commercetools.github.io/commercetools-jvm-sdk/apidocs/io/sphere/sdk/client/BadGatewayException.html
</div><div class="stackTraceEntry">at io.sphere.sdk.client.ExceptionFactory.lambda$of$8 (ExceptionFactory.java:47)</div><div class="stackTraceEntry">at io.sphere.sdk.client.ExceptionFactory.lambda$whenStatus$1 (ExceptionFactory.java:31)</div><div class="stackTraceEntry">at io.sphere.sdk.client.ExceptionFactory.createException (ExceptionFactory.java:76)</div><div class="stackTraceEntry">at io.sphere.sdk.client.SphereClientImpl.createExceptionFor (SphereClientImpl.java:148)</div><div class="stackTraceEntry">at io.sphere.sdk.client.SphereClientImpl.parse (SphereClientImpl.java:133)</div><div class="stackTraceEntry">at io.sphere.sdk.client.SphereClientImpl.processHttpResponse (SphereClientImpl.java:127)</div><div class="stackTraceEntry">at io.sphere.sdk.client.SphereClientImpl.lambda$executeWithRecover$5 (SphereClientImpl.java:86)</div><div class="stackTraceEntry">at java.util.concurrent.CompletableFuture.uniApply (CompletableFuture.java:602)</div><div class="stackTraceEntry">at java.util.concurrent.CompletableFuture$UniApply.tryFire (CompletableFuture.java:577)</div><div class="stackTraceEntry">at java.util.concurrent.CompletableFuture$Completion.run (CompletableFuture.java:442)</div><div class="stackTraceEntry">at java.lang.Thread.run (Thread.java:748)</div></div></tr>
        <tr><span class="failure"><del class="expected">
            <td class="inputvalue">Payment 5</td>
            <td class="inputvalue">0</td>
            <td class="inputvalue">USD</td>
            <td class="inputvalue" /><!-- With empty language we expect to have error message in English -->
            <td />
        </del></span><span class="exceptionMessage">io.sphere.sdk.client.BadGatewayException: detailMessage: 
&lt;html&gt;&lt;head&gt;
&lt;meta http-equiv="content-type" content="text/html;charset=utf-8"&gt;
&lt;title&gt;502 Server Error&lt;/title&gt;
&lt;/head&gt;
&lt;body text=#000000 bgcolor=#ffffff&gt;
&lt;h1&gt;Error: Server Error&lt;/h1&gt;
&lt;h2&gt;The server encountered a temporary error and could not complete your request.&lt;p&gt;Please try again in 30 seconds.&lt;/h2&gt;
&lt;h2&gt;&lt;/h2&gt;
&lt;/body&gt;&lt;/html&gt;

summary: POST https://api.sphere.io/payone-integration-tests-heroku-17/payments failed  with response code 502 on 2017-09-21T13:41:56.752Z
http response: io.sphere.sdk.http.HttpResponseImpl@77babe0d[statusCode=502,headers={Referrer-Policy=[no-referrer], Alt-Svc=[clear], Content-Length=[332], Date=[Thu, 21 Sep 2017 13:41:56 GMT], Content-Type=[text/html; charset=UTF-8]},associatedRequest=&lt;null&gt;,textInterpretedBody=
&lt;html&gt;&lt;head&gt;
&lt;meta http-equiv="content-type" content="text/html;charset=utf-8"&gt;
&lt;title&gt;502 Server Error&lt;/title&gt;
&lt;/head&gt;
&lt;body text=#000000 bgcolor=#ffffff&gt;
&lt;h1&gt;Error: Server Error&lt;/h1&gt;
&lt;h2&gt;The server encountered a temporary error and could not complete your request.&lt;p&gt;Please try again in 30 seconds.&lt;/h2&gt;
&lt;h2&gt;&lt;/h2&gt;
&lt;/body&gt;&lt;/html&gt;
]
SDK: 1.13.0
project: payone-integration-tests-heroku-17
endpoint: POST /payments
Java: 1.8.0_144
cwd: /home/travis/build/commercetools/commercetools-payone-integration/functionaltests
sphere request: PaymentCreateCommandImpl[body=PaymentDraftDsl[customer=&lt;null&gt;,externalId=&lt;null&gt;,interfaceId=&lt;null&gt;,amountPlanned=USD 0.00000,amountAuthorized=&lt;null&gt;,authorizedUntil=&lt;null&gt;,amountPaid=&lt;null&gt;,amountRefunded=&lt;null&gt;,paymentMethodInfo=PaymentMethodInfoImpl[paymentInterface=PAYONE,method=CREDIT_CARD,name=&lt;null&gt;],custom=CustomFieldsDraftImpl[type=ResourceIdentifierImpl[id=&lt;null&gt;,key=payment-CREDIT_CARD,typeId=&lt;null&gt;],fields={reference="&lt;placeholder&gt;", cardDataPlaceholder="9410010000036855526", languageCode=""}],paymentStatus=&lt;null&gt;,transactions=&lt;null&gt;,interfaceInteractions=&lt;null&gt;],expansionModel=PaymentExpansionModelImpl[pathExpressions=[]],javaType=[simple type, class io.sphere.sdk.payments.Payment],endpoint=/payments,expansionPaths=[],creationFunction=io.sphere.sdk.payments.commands.PaymentCreateCommandImpl$$Lambda$152/1319642054@67b268d8]
http request: HttpRequestImpl[httpMethod=POST,url=https://api.sphere.io/payone-integration-tests-heroku-17/payments,headers={Authorization=[**removed from output**], User-Agent=[commercetools-jvm-sdk/1.13.0 (AHC/2.0) Java/1.8.0_144-b01 (Linux; amd64)], Accept-Encoding=[gzip]},body=io.sphere.sdk.http.StringHttpRequestBody@478cd775[body={"amountPlanned":{"centAmount":0,"currencyCode":"USD"},"custom":{"type":{"key":"payment-CREDIT_CARD"},"fields":{"reference":"&lt;placeholder&gt;","cardDataPlaceholder":"9410010000036855526","languageCode":""}},"paymentMethodInfo":{"paymentInterface":"PAYONE","method":"CREDIT_CARD"}}]]
http request formatted body: {
  "amountPlanned" : {
    "centAmount" : 0,
    "currencyCode" : "USD"
  },
  "custom" : {
    "type" : {
      "key" : "payment-CREDIT_CARD"
    },
    "fields" : {
      "reference" : "&lt;placeholder&gt;",
      "cardDataPlaceholder" : "9410010000036855526",
      "languageCode" : ""
    }
  },
  "paymentMethodInfo" : {
    "paymentInterface" : "PAYONE",
    "method" : "CREDIT_CARD"
  }
}
additional notes: []
Javadoc: http://commercetools.github.io/commercetools-jvm-sdk/apidocs/io/sphere/sdk/client/BadGatewayException.html
</span><input class="stackTraceButton" id="stackTraceButton5" type="button" onclick="javascript:toggleStackTrace('5')" value="View Stack" /><div class="stackTrace" id="stackTrace5"><p>While evaluating expression: <code>#paymentId = createCardPayment(#paymentName, #creditCardpaymentMethod, #transactionType, #centAmount, #currencyCode, #languageCode)</code></p><div class="stackTraceExceptionMessage">org.concordion.internal.InvalidExpressionException: io.sphere.sdk.client.BadGatewayException: detailMessage: 
&lt;html&gt;&lt;head&gt;
&lt;meta http-equiv="content-type" content="text/html;charset=utf-8"&gt;
&lt;title&gt;502 Server Error&lt;/title&gt;
&lt;/head&gt;
&lt;body text=#000000 bgcolor=#ffffff&gt;
&lt;h1&gt;Error: Server Error&lt;/h1&gt;
&lt;h2&gt;The server encountered a temporary error and could not complete your request.&lt;p&gt;Please try again in 30 seconds.&lt;/h2&gt;
&lt;h2&gt;&lt;/h2&gt;
&lt;/body&gt;&lt;/html&gt;

summary: POST https://api.sphere.io/payone-integration-tests-heroku-17/payments failed  with response code 502 on 2017-09-21T13:41:56.752Z
http response: io.sphere.sdk.http.HttpResponseImpl@77babe0d[statusCode=502,headers={Referrer-Policy=[no-referrer], Alt-Svc=[clear], Content-Length=[332], Date=[Thu, 21 Sep 2017 13:41:56 GMT], Content-Type=[text/html; charset=UTF-8]},associatedRequest=&lt;null&gt;,textInterpretedBody=
&lt;html&gt;&lt;head&gt;
&lt;meta http-equiv="content-type" content="text/html;charset=utf-8"&gt;
&lt;title&gt;502 Server Error&lt;/title&gt;
&lt;/head&gt;
&lt;body text=#000000 bgcolor=#ffffff&gt;
&lt;h1&gt;Error: Server Error&lt;/h1&gt;
&lt;h2&gt;The server encountered a temporary error and could not complete your request.&lt;p&gt;Please try again in 30 seconds.&lt;/h2&gt;
&lt;h2&gt;&lt;/h2&gt;
&lt;/body&gt;&lt;/html&gt;
]
SDK: 1.13.0
project: payone-integration-tests-heroku-17
endpoint: POST /payments
Java: 1.8.0_144
cwd: /home/travis/build/commercetools/commercetools-payone-integration/functionaltests
sphere request: PaymentCreateCommandImpl[body=PaymentDraftDsl[customer=&lt;null&gt;,externalId=&lt;null&gt;,interfaceId=&lt;null&gt;,amountPlanned=USD 0.00000,amountAuthorized=&lt;null&gt;,authorizedUntil=&lt;null&gt;,amountPaid=&lt;null&gt;,amountRefunded=&lt;null&gt;,paymentMethodInfo=PaymentMethodInfoImpl[paymentInterface=PAYONE,method=CREDIT_CARD,name=&lt;null&gt;],custom=CustomFieldsDraftImpl[type=ResourceIdentifierImpl[id=&lt;null&gt;,key=payment-CREDIT_CARD,typeId=&lt;null&gt;],fields={reference="&lt;placeholder&gt;", cardDataPlaceholder="9410010000036855526", languageCode=""}],paymentStatus=&lt;null&gt;,transactions=&lt;null&gt;,interfaceInteractions=&lt;null&gt;],expansionModel=PaymentExpansionModelImpl[pathExpressions=[]],javaType=[simple type, class io.sphere.sdk.payments.Payment],endpoint=/payments,expansionPaths=[],creationFunction=io.sphere.sdk.payments.commands.PaymentCreateCommandImpl$$Lambda$152/1319642054@67b268d8]
http request: HttpRequestImpl[httpMethod=POST,url=https://api.sphere.io/payone-integration-tests-heroku-17/payments,headers={Authorization=[**removed from output**], User-Agent=[commercetools-jvm-sdk/1.13.0 (AHC/2.0) Java/1.8.0_144-b01 (Linux; amd64)], Accept-Encoding=[gzip]},body=io.sphere.sdk.http.StringHttpRequestBody@478cd775[body={"amountPlanned":{"centAmount":0,"currencyCode":"USD"},"custom":{"type":{"key":"payment-CREDIT_CARD"},"fields":{"reference":"&lt;placeholder&gt;","cardDataPlaceholder":"9410010000036855526","languageCode":""}},"paymentMethodInfo":{"paymentInterface":"PAYONE","method":"CREDIT_CARD"}}]]
http request formatted body: {
  "amountPlanned" : {
    "centAmount" : 0,
    "currencyCode" : "USD"
  },
  "custom" : {
    "type" : {
      "key" : "payment-CREDIT_CARD"
    },
    "fields" : {
      "reference" : "&lt;placeholder&gt;",
      "cardDataPlaceholder" : "9410010000036855526",
      "languageCode" : ""
    }
  },
  "paymentMethodInfo" : {
    "paymentInterface" : "PAYONE",
    "method" : "CREDIT_CARD"
  }
}
additional notes: []
Javadoc: http://commercetools.github.io/commercetools-jvm-sdk/apidocs/io/sphere/sdk/client/BadGatewayException.html
</div><div class="stackTraceEntry">at io.sphere.sdk.client.ExceptionFactory.lambda$of$8 (ExceptionFactory.java:47)</div><div class="stackTraceEntry">at io.sphere.sdk.client.ExceptionFactory.lambda$whenStatus$1 (ExceptionFactory.java:31)</div><div class="stackTraceEntry">at io.sphere.sdk.client.ExceptionFactory.createException (ExceptionFactory.java:76)</div><div class="stackTraceEntry">at io.sphere.sdk.client.SphereClientImpl.createExceptionFor (SphereClientImpl.java:148)</div><div class="stackTraceEntry">at io.sphere.sdk.client.SphereClientImpl.parse (SphereClientImpl.java:133)</div><div class="stackTraceEntry">at io.sphere.sdk.client.SphereClientImpl.processHttpResponse (SphereClientImpl.java:127)</div><div class="stackTraceEntry">at io.sphere.sdk.client.SphereClientImpl.lambda$executeWithRecover$5 (SphereClientImpl.java:86)</div><div class="stackTraceEntry">at java.util.concurrent.CompletableFuture.uniApply (CompletableFuture.java:602)</div><div class="stackTraceEntry">at java.util.concurrent.CompletableFuture$UniApply.tryFire (CompletableFuture.java:577)</div><div class="stackTraceEntry">at java.util.concurrent.CompletableFuture$Completion.run (CompletableFuture.java:442)</div><div class="stackTraceEntry">at java.lang.Thread.run (Thread.java:748)</div><div class="stackTraceExceptionMessage">io.sphere.sdk.client.BadGatewayException: detailMessage: 
&lt;html&gt;&lt;head&gt;
&lt;meta http-equiv="content-type" content="text/html;charset=utf-8"&gt;
&lt;title&gt;502 Server Error&lt;/title&gt;
&lt;/head&gt;
&lt;body text=#000000 bgcolor=#ffffff&gt;
&lt;h1&gt;Error: Server Error&lt;/h1&gt;
&lt;h2&gt;The server encountered a temporary error and could not complete your request.&lt;p&gt;Please try again in 30 seconds.&lt;/h2&gt;
&lt;h2&gt;&lt;/h2&gt;
&lt;/body&gt;&lt;/html&gt;

summary: POST https://api.sphere.io/payone-integration-tests-heroku-17/payments failed  with response code 502 on 2017-09-21T13:41:56.752Z
http response: io.sphere.sdk.http.HttpResponseImpl@77babe0d[statusCode=502,headers={Referrer-Policy=[no-referrer], Alt-Svc=[clear], Content-Length=[332], Date=[Thu, 21 Sep 2017 13:41:56 GMT], Content-Type=[text/html; charset=UTF-8]},associatedRequest=&lt;null&gt;,textInterpretedBody=
&lt;html&gt;&lt;head&gt;
&lt;meta http-equiv="content-type" content="text/html;charset=utf-8"&gt;
&lt;title&gt;502 Server Error&lt;/title&gt;
&lt;/head&gt;
&lt;body text=#000000 bgcolor=#ffffff&gt;
&lt;h1&gt;Error: Server Error&lt;/h1&gt;
&lt;h2&gt;The server encountered a temporary error and could not complete your request.&lt;p&gt;Please try again in 30 seconds.&lt;/h2&gt;
&lt;h2&gt;&lt;/h2&gt;
&lt;/body&gt;&lt;/html&gt;
]
SDK: 1.13.0
project: payone-integration-tests-heroku-17
endpoint: POST /payments
Java: 1.8.0_144
cwd: /home/travis/build/commercetools/commercetools-payone-integration/functionaltests
sphere request: PaymentCreateCommandImpl[body=PaymentDraftDsl[customer=&lt;null&gt;,externalId=&lt;null&gt;,interfaceId=&lt;null&gt;,amountPlanned=USD 0.00000,amountAuthorized=&lt;null&gt;,authorizedUntil=&lt;null&gt;,amountPaid=&lt;null&gt;,amountRefunded=&lt;null&gt;,paymentMethodInfo=PaymentMethodInfoImpl[paymentInterface=PAYONE,method=CREDIT_CARD,name=&lt;null&gt;],custom=CustomFieldsDraftImpl[type=ResourceIdentifierImpl[id=&lt;null&gt;,key=payment-CREDIT_CARD,typeId=&lt;null&gt;],fields={reference="&lt;placeholder&gt;", cardDataPlaceholder="9410010000036855526", languageCode=""}],paymentStatus=&lt;null&gt;,transactions=&lt;null&gt;,interfaceInteractions=&lt;null&gt;],expansionModel=PaymentExpansionModelImpl[pathExpressions=[]],javaType=[simple type, class io.sphere.sdk.payments.Payment],endpoint=/payments,expansionPaths=[],creationFunction=io.sphere.sdk.payments.commands.PaymentCreateCommandImpl$$Lambda$152/1319642054@67b268d8]
http request: HttpRequestImpl[httpMethod=POST,url=https://api.sphere.io/payone-integration-tests-heroku-17/payments,headers={Authorization=[**removed from output**], User-Agent=[commercetools-jvm-sdk/1.13.0 (AHC/2.0) Java/1.8.0_144-b01 (Linux; amd64)], Accept-Encoding=[gzip]},body=io.sphere.sdk.http.StringHttpRequestBody@478cd775[body={"amountPlanned":{"centAmount":0,"currencyCode":"USD"},"custom":{"type":{"key":"payment-CREDIT_CARD"},"fields":{"reference":"&lt;placeholder&gt;","cardDataPlaceholder":"9410010000036855526","languageCode":""}},"paymentMethodInfo":{"paymentInterface":"PAYONE","method":"CREDIT_CARD"}}]]
http request formatted body: {
  "amountPlanned" : {
    "centAmount" : 0,
    "currencyCode" : "USD"
  },
  "custom" : {
    "type" : {
      "key" : "payment-CREDIT_CARD"
    },
    "fields" : {
      "reference" : "&lt;placeholder&gt;",
      "cardDataPlaceholder" : "9410010000036855526",
      "languageCode" : ""
    }
  },
  "paymentMethodInfo" : {
    "paymentInterface" : "PAYONE",
    "method" : "CREDIT_CARD"
  }
}
additional notes: []
Javadoc: http://commercetools.github.io/commercetools-jvm-sdk/apidocs/io/sphere/sdk/client/BadGatewayException.html
</div><div class="stackTraceEntry">at io.sphere.sdk.client.ExceptionFactory.lambda$of$8 (ExceptionFactory.java:47)</div><div class="stackTraceEntry">at io.sphere.sdk.client.ExceptionFactory.lambda$whenStatus$1 (ExceptionFactory.java:31)</div><div class="stackTraceEntry">at io.sphere.sdk.client.ExceptionFactory.createException (ExceptionFactory.java:76)</div><div class="stackTraceEntry">at io.sphere.sdk.client.SphereClientImpl.createExceptionFor (SphereClientImpl.java:148)</div><div class="stackTraceEntry">at io.sphere.sdk.client.SphereClientImpl.parse (SphereClientImpl.java:133)</div><div class="stackTraceEntry">at io.sphere.sdk.client.SphereClientImpl.processHttpResponse (SphereClientImpl.java:127)</div><div class="stackTraceEntry">at io.sphere.sdk.client.SphereClientImpl.lambda$executeWithRecover$5 (SphereClientImpl.java:86)</div><div class="stackTraceEntry">at java.util.concurrent.CompletableFuture.uniApply (CompletableFuture.java:602)</div><div class="stackTraceEntry">at java.util.concurrent.CompletableFuture$UniApply.tryFire (CompletableFuture.java:577)</div><div class="stackTraceEntry">at java.util.concurrent.CompletableFuture$Completion.run (CompletableFuture.java:442)</div><div class="stackTraceEntry">at java.lang.Thread.run (Thread.java:748)</div></div></tr>
        <tr><span class="failure"><del class="expected">
            <td class="inputvalue">Payment 6</td>
            <td class="inputvalue">0</td>
            <td class="inputvalue">EUR</td>
            <td class="inputvalue">zz</td><!-- With wrong language we expect to have error message in English -->
            <td />
        </del></span><span class="exceptionMessage">io.sphere.sdk.client.BadGatewayException: detailMessage: 
&lt;html&gt;&lt;head&gt;
&lt;meta http-equiv="content-type" content="text/html;charset=utf-8"&gt;
&lt;title&gt;502 Server Error&lt;/title&gt;
&lt;/head&gt;
&lt;body text=#000000 bgcolor=#ffffff&gt;
&lt;h1&gt;Error: Server Error&lt;/h1&gt;
&lt;h2&gt;The server encountered a temporary error and could not complete your request.&lt;p&gt;Please try again in 30 seconds.&lt;/h2&gt;
&lt;h2&gt;&lt;/h2&gt;
&lt;/body&gt;&lt;/html&gt;

summary: POST https://api.sphere.io/payone-integration-tests-heroku-17/payments failed  with response code 502 on 2017-09-21T13:41:56.818Z
http response: io.sphere.sdk.http.HttpResponseImpl@f8c18be[statusCode=502,headers={Referrer-Policy=[no-referrer], Alt-Svc=[clear], Content-Length=[332], Date=[Thu, 21 Sep 2017 13:41:56 GMT], Content-Type=[text/html; charset=UTF-8]},associatedRequest=&lt;null&gt;,textInterpretedBody=
&lt;html&gt;&lt;head&gt;
&lt;meta http-equiv="content-type" content="text/html;charset=utf-8"&gt;
&lt;title&gt;502 Server Error&lt;/title&gt;
&lt;/head&gt;
&lt;body text=#000000 bgcolor=#ffffff&gt;
&lt;h1&gt;Error: Server Error&lt;/h1&gt;
&lt;h2&gt;The server encountered a temporary error and could not complete your request.&lt;p&gt;Please try again in 30 seconds.&lt;/h2&gt;
&lt;h2&gt;&lt;/h2&gt;
&lt;/body&gt;&lt;/html&gt;
]
SDK: 1.13.0
project: payone-integration-tests-heroku-17
endpoint: POST /payments
Java: 1.8.0_144
cwd: /home/travis/build/commercetools/commercetools-payone-integration/functionaltests
sphere request: PaymentCreateCommandImpl[body=PaymentDraftDsl[customer=&lt;null&gt;,externalId=&lt;null&gt;,interfaceId=&lt;null&gt;,amountPlanned=EUR 0.00000,amountAuthorized=&lt;null&gt;,authorizedUntil=&lt;null&gt;,amountPaid=&lt;null&gt;,amountRefunded=&lt;null&gt;,paymentMethodInfo=PaymentMethodInfoImpl[paymentInterface=PAYONE,method=CREDIT_CARD,name=&lt;null&gt;],custom=CustomFieldsDraftImpl[type=ResourceIdentifierImpl[id=&lt;null&gt;,key=payment-CREDIT_CARD,typeId=&lt;null&gt;],fields={reference="&lt;placeholder&gt;", cardDataPlaceholder="9410010000036855526", languageCode="zz"}],paymentStatus=&lt;null&gt;,transactions=&lt;null&gt;,interfaceInteractions=&lt;null&gt;],expansionModel=PaymentExpansionModelImpl[pathExpressions=[]],javaType=[simple type, class io.sphere.sdk.payments.Payment],endpoint=/payments,expansionPaths=[],creationFunction=io.sphere.sdk.payments.commands.PaymentCreateCommandImpl$$Lambda$152/1319642054@67b268d8]
http request: HttpRequestImpl[httpMethod=POST,url=https://api.sphere.io/payone-integration-tests-heroku-17/payments,headers={Authorization=[**removed from output**], User-Agent=[commercetools-jvm-sdk/1.13.0 (AHC/2.0) Java/1.8.0_144-b01 (Linux; amd64)], Accept-Encoding=[gzip]},body=io.sphere.sdk.http.StringHttpRequestBody@56c75335[body={"amountPlanned":{"centAmount":0,"currencyCode":"EUR"},"custom":{"type":{"key":"payment-CREDIT_CARD"},"fields":{"reference":"&lt;placeholder&gt;","cardDataPlaceholder":"9410010000036855526","languageCode":"zz"}},"paymentMethodInfo":{"paymentInterface":"PAYONE","method":"CREDIT_CARD"}}]]
http request formatted body: {
  "amountPlanned" : {
    "centAmount" : 0,
    "currencyCode" : "EUR"
  },
  "custom" : {
    "type" : {
      "key" : "payment-CREDIT_CARD"
    },
    "fields" : {
      "reference" : "&lt;placeholder&gt;",
      "cardDataPlaceholder" : "9410010000036855526",
      "languageCode" : "zz"
    }
  },
  "paymentMethodInfo" : {
    "paymentInterface" : "PAYONE",
    "method" : "CREDIT_CARD"
  }
}
additional notes: []
Javadoc: http://commercetools.github.io/commercetools-jvm-sdk/apidocs/io/sphere/sdk/client/BadGatewayException.html
</span><input class="stackTraceButton" id="stackTraceButton6" type="button" onclick="javascript:toggleStackTrace('6')" value="View Stack" /><div class="stackTrace" id="stackTrace6"><p>While evaluating expression: <code>#paymentId = createCardPayment(#paymentName, #creditCardpaymentMethod, #transactionType, #centAmount, #currencyCode, #languageCode)</code></p><div class="stackTraceExceptionMessage">org.concordion.internal.InvalidExpressionException: io.sphere.sdk.client.BadGatewayException: detailMessage: 
&lt;html&gt;&lt;head&gt;
&lt;meta http-equiv="content-type" content="text/html;charset=utf-8"&gt;
&lt;title&gt;502 Server Error&lt;/title&gt;
&lt;/head&gt;
&lt;body text=#000000 bgcolor=#ffffff&gt;
&lt;h1&gt;Error: Server Error&lt;/h1&gt;
&lt;h2&gt;The server encountered a temporary error and could not complete your request.&lt;p&gt;Please try again in 30 seconds.&lt;/h2&gt;
&lt;h2&gt;&lt;/h2&gt;
&lt;/body&gt;&lt;/html&gt;

summary: POST https://api.sphere.io/payone-integration-tests-heroku-17/payments failed  with response code 502 on 2017-09-21T13:41:56.818Z
http response: io.sphere.sdk.http.HttpResponseImpl@f8c18be[statusCode=502,headers={Referrer-Policy=[no-referrer], Alt-Svc=[clear], Content-Length=[332], Date=[Thu, 21 Sep 2017 13:41:56 GMT], Content-Type=[text/html; charset=UTF-8]},associatedRequest=&lt;null&gt;,textInterpretedBody=
&lt;html&gt;&lt;head&gt;
&lt;meta http-equiv="content-type" content="text/html;charset=utf-8"&gt;
&lt;title&gt;502 Server Error&lt;/title&gt;
&lt;/head&gt;
&lt;body text=#000000 bgcolor=#ffffff&gt;
&lt;h1&gt;Error: Server Error&lt;/h1&gt;
&lt;h2&gt;The server encountered a temporary error and could not complete your request.&lt;p&gt;Please try again in 30 seconds.&lt;/h2&gt;
&lt;h2&gt;&lt;/h2&gt;
&lt;/body&gt;&lt;/html&gt;
]
SDK: 1.13.0
project: payone-integration-tests-heroku-17
endpoint: POST /payments
Java: 1.8.0_144
cwd: /home/travis/build/commercetools/commercetools-payone-integration/functionaltests
sphere request: PaymentCreateCommandImpl[body=PaymentDraftDsl[customer=&lt;null&gt;,externalId=&lt;null&gt;,interfaceId=&lt;null&gt;,amountPlanned=EUR 0.00000,amountAuthorized=&lt;null&gt;,authorizedUntil=&lt;null&gt;,amountPaid=&lt;null&gt;,amountRefunded=&lt;null&gt;,paymentMethodInfo=PaymentMethodInfoImpl[paymentInterface=PAYONE,method=CREDIT_CARD,name=&lt;null&gt;],custom=CustomFieldsDraftImpl[type=ResourceIdentifierImpl[id=&lt;null&gt;,key=payment-CREDIT_CARD,typeId=&lt;null&gt;],fields={reference="&lt;placeholder&gt;", cardDataPlaceholder="9410010000036855526", languageCode="zz"}],paymentStatus=&lt;null&gt;,transactions=&lt;null&gt;,interfaceInteractions=&lt;null&gt;],expansionModel=PaymentExpansionModelImpl[pathExpressions=[]],javaType=[simple type, class io.sphere.sdk.payments.Payment],endpoint=/payments,expansionPaths=[],creationFunction=io.sphere.sdk.payments.commands.PaymentCreateCommandImpl$$Lambda$152/1319642054@67b268d8]
http request: HttpRequestImpl[httpMethod=POST,url=https://api.sphere.io/payone-integration-tests-heroku-17/payments,headers={Authorization=[**removed from output**], User-Agent=[commercetools-jvm-sdk/1.13.0 (AHC/2.0) Java/1.8.0_144-b01 (Linux; amd64)], Accept-Encoding=[gzip]},body=io.sphere.sdk.http.StringHttpRequestBody@56c75335[body={"amountPlanned":{"centAmount":0,"currencyCode":"EUR"},"custom":{"type":{"key":"payment-CREDIT_CARD"},"fields":{"reference":"&lt;placeholder&gt;","cardDataPlaceholder":"9410010000036855526","languageCode":"zz"}},"paymentMethodInfo":{"paymentInterface":"PAYONE","method":"CREDIT_CARD"}}]]
http request formatted body: {
  "amountPlanned" : {
    "centAmount" : 0,
    "currencyCode" : "EUR"
  },
  "custom" : {
    "type" : {
      "key" : "payment-CREDIT_CARD"
    },
    "fields" : {
      "reference" : "&lt;placeholder&gt;",
      "cardDataPlaceholder" : "9410010000036855526",
      "languageCode" : "zz"
    }
  },
  "paymentMethodInfo" : {
    "paymentInterface" : "PAYONE",
    "method" : "CREDIT_CARD"
  }
}
additional notes: []
Javadoc: http://commercetools.github.io/commercetools-jvm-sdk/apidocs/io/sphere/sdk/client/BadGatewayException.html
</div><div class="stackTraceEntry">at io.sphere.sdk.client.ExceptionFactory.lambda$of$8 (ExceptionFactory.java:47)</div><div class="stackTraceEntry">at io.sphere.sdk.client.ExceptionFactory.lambda$whenStatus$1 (ExceptionFactory.java:31)</div><div class="stackTraceEntry">at io.sphere.sdk.client.ExceptionFactory.createException (ExceptionFactory.java:76)</div><div class="stackTraceEntry">at io.sphere.sdk.client.SphereClientImpl.createExceptionFor (SphereClientImpl.java:148)</div><div class="stackTraceEntry">at io.sphere.sdk.client.SphereClientImpl.parse (SphereClientImpl.java:133)</div><div class="stackTraceEntry">at io.sphere.sdk.client.SphereClientImpl.processHttpResponse (SphereClientImpl.java:127)</div><div class="stackTraceEntry">at io.sphere.sdk.client.SphereClientImpl.lambda$executeWithRecover$5 (SphereClientImpl.java:86)</div><div class="stackTraceEntry">at java.util.concurrent.CompletableFuture.uniApply (CompletableFuture.java:602)</div><div class="stackTraceEntry">at java.util.concurrent.CompletableFuture$UniApply.tryFire (CompletableFuture.java:577)</div><div class="stackTraceEntry">at java.util.concurrent.CompletableFuture$Completion.run (CompletableFuture.java:442)</div><div class="stackTraceEntry">at java.lang.Thread.run (Thread.java:748)</div><div class="stackTraceExceptionMessage">io.sphere.sdk.client.BadGatewayException: detailMessage: 
&lt;html&gt;&lt;head&gt;
&lt;meta http-equiv="content-type" content="text/html;charset=utf-8"&gt;
&lt;title&gt;502 Server Error&lt;/title&gt;
&lt;/head&gt;
&lt;body text=#000000 bgcolor=#ffffff&gt;
&lt;h1&gt;Error: Server Error&lt;/h1&gt;
&lt;h2&gt;The server encountered a temporary error and could not complete your request.&lt;p&gt;Please try again in 30 seconds.&lt;/h2&gt;
&lt;h2&gt;&lt;/h2&gt;
&lt;/body&gt;&lt;/html&gt;

summary: POST https://api.sphere.io/payone-integration-tests-heroku-17/payments failed  with response code 502 on 2017-09-21T13:41:56.818Z
http response: io.sphere.sdk.http.HttpResponseImpl@f8c18be[statusCode=502,headers={Referrer-Policy=[no-referrer], Alt-Svc=[clear], Content-Length=[332], Date=[Thu, 21 Sep 2017 13:41:56 GMT], Content-Type=[text/html; charset=UTF-8]},associatedRequest=&lt;null&gt;,textInterpretedBody=
&lt;html&gt;&lt;head&gt;
&lt;meta http-equiv="content-type" content="text/html;charset=utf-8"&gt;
&lt;title&gt;502 Server Error&lt;/title&gt;
&lt;/head&gt;
&lt;body text=#000000 bgcolor=#ffffff&gt;
&lt;h1&gt;Error: Server Error&lt;/h1&gt;
&lt;h2&gt;The server encountered a temporary error and could not complete your request.&lt;p&gt;Please try again in 30 seconds.&lt;/h2&gt;
&lt;h2&gt;&lt;/h2&gt;
&lt;/body&gt;&lt;/html&gt;
]
SDK: 1.13.0
project: payone-integration-tests-heroku-17
endpoint: POST /payments
Java: 1.8.0_144
cwd: /home/travis/build/commercetools/commercetools-payone-integration/functionaltests
sphere request: PaymentCreateCommandImpl[body=PaymentDraftDsl[customer=&lt;null&gt;,externalId=&lt;null&gt;,interfaceId=&lt;null&gt;,amountPlanned=EUR 0.00000,amountAuthorized=&lt;null&gt;,authorizedUntil=&lt;null&gt;,amountPaid=&lt;null&gt;,amountRefunded=&lt;null&gt;,paymentMethodInfo=PaymentMethodInfoImpl[paymentInterface=PAYONE,method=CREDIT_CARD,name=&lt;null&gt;],custom=CustomFieldsDraftImpl[type=ResourceIdentifierImpl[id=&lt;null&gt;,key=payment-CREDIT_CARD,typeId=&lt;null&gt;],fields={reference="&lt;placeholder&gt;", cardDataPlaceholder="9410010000036855526", languageCode="zz"}],paymentStatus=&lt;null&gt;,transactions=&lt;null&gt;,interfaceInteractions=&lt;null&gt;],expansionModel=PaymentExpansionModelImpl[pathExpressions=[]],javaType=[simple type, class io.sphere.sdk.payments.Payment],endpoint=/payments,expansionPaths=[],creationFunction=io.sphere.sdk.payments.commands.PaymentCreateCommandImpl$$Lambda$152/1319642054@67b268d8]
http request: HttpRequestImpl[httpMethod=POST,url=https://api.sphere.io/payone-integration-tests-heroku-17/payments,headers={Authorization=[**removed from output**], User-Agent=[commercetools-jvm-sdk/1.13.0 (AHC/2.0) Java/1.8.0_144-b01 (Linux; amd64)], Accept-Encoding=[gzip]},body=io.sphere.sdk.http.StringHttpRequestBody@56c75335[body={"amountPlanned":{"centAmount":0,"currencyCode":"EUR"},"custom":{"type":{"key":"payment-CREDIT_CARD"},"fields":{"reference":"&lt;placeholder&gt;","cardDataPlaceholder":"9410010000036855526","languageCode":"zz"}},"paymentMethodInfo":{"paymentInterface":"PAYONE","method":"CREDIT_CARD"}}]]
http request formatted body: {
  "amountPlanned" : {
    "centAmount" : 0,
    "currencyCode" : "EUR"
  },
  "custom" : {
    "type" : {
      "key" : "payment-CREDIT_CARD"
    },
    "fields" : {
      "reference" : "&lt;placeholder&gt;",
      "cardDataPlaceholder" : "9410010000036855526",
      "languageCode" : "zz"
    }
  },
  "paymentMethodInfo" : {
    "paymentInterface" : "PAYONE",
    "method" : "CREDIT_CARD"
  }
}
additional notes: []
Javadoc: http://commercetools.github.io/commercetools-jvm-sdk/apidocs/io/sphere/sdk/client/BadGatewayException.html
</div><div class="stackTraceEntry">at io.sphere.sdk.client.ExceptionFactory.lambda$of$8 (ExceptionFactory.java:47)</div><div class="stackTraceEntry">at io.sphere.sdk.client.ExceptionFactory.lambda$whenStatus$1 (ExceptionFactory.java:31)</div><div class="stackTraceEntry">at io.sphere.sdk.client.ExceptionFactory.createException (ExceptionFactory.java:76)</div><div class="stackTraceEntry">at io.sphere.sdk.client.SphereClientImpl.createExceptionFor (SphereClientImpl.java:148)</div><div class="stackTraceEntry">at io.sphere.sdk.client.SphereClientImpl.parse (SphereClientImpl.java:133)</div><div class="stackTraceEntry">at io.sphere.sdk.client.SphereClientImpl.processHttpResponse (SphereClientImpl.java:127)</div><div class="stackTraceEntry">at io.sphere.sdk.client.SphereClientImpl.lambda$executeWithRecover$5 (SphereClientImpl.java:86)</div><div class="stackTraceEntry">at java.util.concurrent.CompletableFuture.uniApply (CompletableFuture.java:602)</div><div class="stackTraceEntry">at java.util.concurrent.CompletableFuture$UniApply.tryFire (CompletableFuture.java:577)</div><div class="stackTraceEntry">at java.util.concurrent.CompletableFuture$Completion.run (CompletableFuture.java:442)</div><div class="stackTraceEntry">at java.lang.Thread.run (Thread.java:748)</div></div></tr>
    </table>

    <hr />

    <p><h3>Testing response error messages localization</h3></p>

    <p>
        Read following values from <strong>ERROR</strong> JSON responses:
    <ul>
        <li><span c:set="#status" class="inputvalue">status</span></li>
        <li><span c:set="#errorcode" class="inputvalue">errorcode</span></li>
        <li><span c:set="#errormessage" class="inputvalue">errormessage</span></li>
        <li><span c:set="#customermessage" class="inputvalue">customermessage</span></li>
    </ul>
    </p>
    <table c:execute="#response = handleErrorJsonResponse(#paymentName)">
        <tr>
            <th c:set="#paymentName">Payment Name</th>
            <th c:assertEquals="#response.jsonNode.get(#status).asText()">Status</th>
            <th c:assertEquals="#response.jsonNode.get(#errorcode).asText()">Error Code</th>
            <th c:assertEquals="#response.jsonNode.get(#errormessage).asText()">Error Message</th>
            <th c:assertEquals="#response.jsonNode.get(#customermessage).asText()">Customer Error (localised)</th>
            <th c:echo="#response.languageCode">Language</th>
        </tr>
        <tr><span class="failure"><del class="expected">
            <td class="inputvalue">Payment 1</td>
            <td>ERROR</td>
            <td>1016</td>
            <td>Parameter {amount} faulty or missing</td>
            <td>Bei der Bearbeitung dieser Transaktion ist ein Fehler aufgetreten (Falsche Parameter).</td>
            <td />
        </del></span><span class="exceptionMessage">NullPointerException</span><input class="stackTraceButton" id="stackTraceButton7" type="button" onclick="javascript:toggleStackTrace('7')" value="View Stack" /><div class="stackTrace" id="stackTrace7"><p>While evaluating expression: <code>#response = handleErrorJsonResponse(#paymentName)</code></p><div class="stackTraceExceptionMessage">org.concordion.internal.InvalidExpressionException: NullPointerException</div><div class="stackTraceEntry">at com.google.common.base.Preconditions.checkNotNull (Preconditions.java:228)</div><div class="stackTraceEntry">at specs.BaseFixture.fetchPaymentById (BaseFixture.java:448)</div><div class="stackTraceEntry">at specs.BaseFixture.fetchPaymentByLegibleName (BaseFixture.java:437)</div><div class="stackTraceEntry">at specs.response.I18nPayoneResponseFixture.handleErrorJsonResponse (I18nPayoneResponseFixture.java:34)</div><div class="stackTraceEntry">at sun.reflect.NativeMethodAccessorImpl.invoke0 (NativeMethodAccessorImpl.java:-2)</div><div class="stackTraceEntry">at sun.reflect.NativeMethodAccessorImpl.invoke (NativeMethodAccessorImpl.java:62)</div><div class="stackTraceEntry">at sun.reflect.DelegatingMethodAccessorImpl.invoke (DelegatingMethodAccessorImpl.java:43)</div><div class="stackTraceEntry">at java.lang.reflect.Method.invoke (Method.java:498)</div><div class="stackTraceEntry">at ognl.OgnlRuntime.invokeMethod (OgnlRuntime.java:532)</div><div class="stackTraceEntry">at ognl.OgnlRuntime.callAppropriateMethod (OgnlRuntime.java:826)</div><div class="stackTraceEntry">at ognl.ObjectMethodAccessor.callMethod (ObjectMethodAccessor.java:61)</div><div class="stackTraceEntry">at ognl.OgnlRuntime.callMethod (OgnlRuntime.java:860)</div><div class="stackTraceEntry">at ognl.ASTMethod.getValueBody (ASTMethod.java:73)</div><div class="stackTraceEntry">at ognl.SimpleNode.evaluateGetValueBody (SimpleNode.java:170)</div><div class="stackTraceEntry">at ognl.SimpleNode.getValue (SimpleNode.java:210)</div><div class="stackTraceEntry">at ognl.ASTAssign.getValueBody (ASTAssign.java:49)</div><div class="stackTraceEntry">at ognl.SimpleNode.evaluateGetValueBody (SimpleNode.java:170)</div><div class="stackTraceEntry">at ognl.SimpleNode.getValue (SimpleNode.java:210)</div><div class="stackTraceEntry">at ognl.Ognl.getValue (Ognl.java:333)</div><div class="stackTraceEntry">at ognl.Ognl.getValue (Ognl.java:378)</div><div class="stackTraceEntry">at ognl.Ognl.getValue (Ognl.java:357)</div><div class="stackTraceEntry">at org.concordion.internal.OgnlEvaluator.evaluate (OgnlEvaluator.java:32)</div><div class="stackTraceEntry">at org.concordion.internal.command.ExecuteCommand$DefaultStrategy.execute (ExecuteCommand.java:52)</div><div class="stackTraceEntry">at org.concordion.internal.command.ExecuteCommand.execute (ExecuteCommand.java:39)</div><div class="stackTraceEntry">at org.concordion.api.AbstractCommandDecorator$2.run (AbstractCommandDecorator.java:23)</div><div class="stackTraceEntry">at org.concordion.internal.command.LocalTextDecorator.process (LocalTextDecorator.java:26)</div><div class="stackTraceEntry">at org.concordion.api.AbstractCommandDecorator.execute (AbstractCommandDecorator.java:21)</div><div class="stackTraceEntry">at org.concordion.api.AbstractCommandDecorator$2.run (AbstractCommandDecorator.java:23)</div><div class="stackTraceEntry">at org.concordion.internal.command.ThrowableCatchingDecorator.process (ThrowableCatchingDecorator.java:42)</div><div class="stackTraceEntry">at org.concordion.api.AbstractCommandDecorator.execute (AbstractCommandDecorator.java:21)</div><div class="stackTraceEntry">at org.concordion.api.CommandCall.execute (CommandCall.java:29)</div><div class="stackTraceEntry">at org.concordion.internal.command.ExecuteCommand$TableStrategy.execute (ExecuteCommand.java:70)</div><div class="stackTraceEntry">at org.concordion.internal.command.ExecuteCommand.execute (ExecuteCommand.java:39)</div><div class="stackTraceEntry">at org.concordion.api.AbstractCommandDecorator$2.run (AbstractCommandDecorator.java:23)</div><div class="stackTraceEntry">at org.concordion.internal.command.LocalTextDecorator.process (LocalTextDecorator.java:26)</div><div class="stackTraceEntry">at org.concordion.api.AbstractCommandDecorator.execute (AbstractCommandDecorator.java:21)</div><div class="stackTraceEntry">at org.concordion.api.AbstractCommandDecorator$2.run (AbstractCommandDecorator.java:23)</div><div class="stackTraceEntry">at org.concordion.internal.command.ThrowableCatchingDecorator.process (ThrowableCatchingDecorator.java:42)</div><div class="stackTraceEntry">at org.concordion.api.AbstractCommandDecorator.execute (AbstractCommandDecorator.java:21)</div><div class="stackTraceEntry">at org.concordion.api.CommandCall.execute (CommandCall.java:29)</div><div class="stackTraceEntry">at org.concordion.api.CommandCallList.processSequentially (CommandCallList.java:30)</div><div class="stackTraceEntry">at org.concordion.internal.command.SpecificationCommand.execute (SpecificationCommand.java:31)</div><div class="stackTraceEntry">at org.concordion.api.CommandCall.execute (CommandCall.java:29)</div><div class="stackTraceEntry">at org.concordion.internal.XMLSpecification.process (XMLSpecification.java:17)</div><div class="stackTraceEntry">at org.concordion.Concordion.process (Concordion.java:33)</div><div class="stackTraceEntry">at org.concordion.Concordion.process (Concordion.java:26)</div><div class="stackTraceEntry">at org.concordion.internal.FixtureRunner.run (FixtureRunner.java:24)</div><div class="stackTraceEntry">at org.concordion.integration.junit4.ConcordionRunner$1.evaluate (ConcordionRunner.java:125)</div><div class="stackTraceEntry">at org.junit.internal.runners.statements.RunBefores.evaluate (RunBefores.java:26)</div><div class="stackTraceEntry">at org.junit.runners.ParentRunner.runLeaf (ParentRunner.java:325)</div><div class="stackTraceEntry">at org.junit.runners.BlockJUnit4ClassRunner.runChild (BlockJUnit4ClassRunner.java:78)</div><div class="stackTraceEntry">at org.concordion.integration.junit4.ConcordionRunner.runChild (ConcordionRunner.java:115)</div><div class="stackTraceEntry">at org.concordion.integration.junit4.ConcordionRunner.runChild (ConcordionRunner.java:21)</div><div class="stackTraceEntry">at org.junit.runners.ParentRunner$3.run (ParentRunner.java:290)</div><div class="stackTraceEntry">at org.junit.runners.ParentRunner$1.schedule (ParentRunner.java:71)</div><div class="stackTraceEntry">at org.junit.runners.ParentRunner.runChildren (ParentRunner.java:288)</div><div class="stackTraceEntry">at org.junit.runners.ParentRunner.access$000 (ParentRunner.java:58)</div><div class="stackTraceEntry">at org.junit.runners.ParentRunner$2.evaluate (ParentRunner.java:268)</div><div class="stackTraceEntry">at org.junit.internal.runners.statements.RunBefores.evaluate (RunBefores.java:26)</div><div class="stackTraceEntry">at org.junit.runners.ParentRunner.run (ParentRunner.java:363)</div><div class="stackTraceEntry">at org.junit.runners.Suite.runChild (Suite.java:128)</div><div class="stackTraceEntry">at org.junit.runners.Suite.runChild (Suite.java:27)</div><div class="stackTraceEntry">at org.junit.runners.ParentRunner$3.run (ParentRunner.java:290)</div><div class="stackTraceEntry">at org.junit.runners.ParentRunner$1.schedule (ParentRunner.java:71)</div><div class="stackTraceEntry">at org.junit.runners.ParentRunner.runChildren (ParentRunner.java:288)</div><div class="stackTraceEntry">at org.junit.runners.ParentRunner.access$000 (ParentRunner.java:58)</div><div class="stackTraceEntry">at org.junit.runners.ParentRunner$2.evaluate (ParentRunner.java:268)</div><div class="stackTraceEntry">at org.junit.runners.ParentRunner.run (ParentRunner.java:363)</div><div class="stackTraceEntry">at org.junit.runner.JUnitCore.run (JUnitCore.java:137)</div><div class="stackTraceEntry">at org.junit.runner.JUnitCore.run (JUnitCore.java:115)</div><div class="stackTraceEntry">at org.junit.runner.JUnitCore.run (JUnitCore.java:105)</div><div class="stackTraceEntry">at org.junit.runner.JUnitCore.runClasses (JUnitCore.java:62)</div><div class="stackTraceEntry">at org.junit.runner.JUnitCore.runClasses (JUnitCore.java:49)</div><div class="stackTraceEntry">at org.concordion.internal.runner.DefaultConcordionRunner.runJUnitClass (DefaultConcordionRunner.java:101)</div><div class="stackTraceEntry">at org.concordion.internal.runner.DefaultConcordionRunner.runTestClass (DefaultConcordionRunner.java:65)</div><div class="stackTraceEntry">at org.concordion.internal.runner.DefaultConcordionRunner.execute (DefaultConcordionRunner.java:28)</div><div class="stackTraceEntry">at org.concordion.ext.run.parallel.ParallelRunStrategy$1.call (ParallelRunStrategy.java:122)</div><div class="stackTraceEntry">at org.concordion.ext.run.parallel.ParallelRunStrategy$1.call (ParallelRunStrategy.java:117)</div><div class="stackTraceEntry">at com.google.common.util.concurrent.TrustedListenableFutureTask$TrustedFutureInterruptibleTask.runInterruptibly (TrustedListenableFutureTask.java:108)</div><div class="stackTraceEntry">at com.google.common.util.concurrent.InterruptibleTask.run (InterruptibleTask.java:41)</div><div class="stackTraceEntry">at com.google.common.util.concurrent.TrustedListenableFutureTask.run (TrustedListenableFutureTask.java:77)</div><div class="stackTraceEntry">at java.util.concurrent.ThreadPoolExecutor.runWorker (ThreadPoolExecutor.java:1149)</div><div class="stackTraceEntry">at java.util.concurrent.ThreadPoolExecutor$Worker.run (ThreadPoolExecutor.java:624)</div><div class="stackTraceEntry">at java.lang.Thread.run (Thread.java:748)</div><div class="stackTraceExceptionMessage">java.lang.NullPointerException: paymentId must not be null!</div><div class="stackTraceEntry">at com.google.common.base.Preconditions.checkNotNull (Preconditions.java:228)</div><div class="stackTraceEntry">at specs.BaseFixture.fetchPaymentById (BaseFixture.java:448)</div><div class="stackTraceEntry">at specs.BaseFixture.fetchPaymentByLegibleName (BaseFixture.java:437)</div><div class="stackTraceEntry">at specs.response.I18nPayoneResponseFixture.handleErrorJsonResponse (I18nPayoneResponseFixture.java:34)</div><div class="stackTraceEntry">at sun.reflect.NativeMethodAccessorImpl.invoke0 (NativeMethodAccessorImpl.java:-2)</div><div class="stackTraceEntry">at sun.reflect.NativeMethodAccessorImpl.invoke (NativeMethodAccessorImpl.java:62)</div><div class="stackTraceEntry">at sun.reflect.DelegatingMethodAccessorImpl.invoke (DelegatingMethodAccessorImpl.java:43)</div><div class="stackTraceEntry">at java.lang.reflect.Method.invoke (Method.java:498)</div><div class="stackTraceEntry">at ognl.OgnlRuntime.invokeMethod (OgnlRuntime.java:532)</div><div class="stackTraceEntry">at ognl.OgnlRuntime.callAppropriateMethod (OgnlRuntime.java:826)</div><div class="stackTraceEntry">at ognl.ObjectMethodAccessor.callMethod (ObjectMethodAccessor.java:61)</div><div class="stackTraceEntry">at ognl.OgnlRuntime.callMethod (OgnlRuntime.java:860)</div><div class="stackTraceEntry">at ognl.ASTMethod.getValueBody (ASTMethod.java:73)</div><div class="stackTraceEntry">at ognl.SimpleNode.evaluateGetValueBody (SimpleNode.java:170)</div><div class="stackTraceEntry">at ognl.SimpleNode.getValue (SimpleNode.java:210)</div><div class="stackTraceEntry">at ognl.ASTAssign.getValueBody (ASTAssign.java:49)</div><div class="stackTraceEntry">at ognl.SimpleNode.evaluateGetValueBody (SimpleNode.java:170)</div><div class="stackTraceEntry">at ognl.SimpleNode.getValue (SimpleNode.java:210)</div><div class="stackTraceEntry">at ognl.Ognl.getValue (Ognl.java:333)</div><div class="stackTraceEntry">at ognl.Ognl.getValue (Ognl.java:378)</div><div class="stackTraceEntry">at ognl.Ognl.getValue (Ognl.java:357)</div><div class="stackTraceEntry">at org.concordion.internal.OgnlEvaluator.evaluate (OgnlEvaluator.java:32)</div><div class="stackTraceEntry">at org.concordion.internal.command.ExecuteCommand$DefaultStrategy.execute (ExecuteCommand.java:52)</div><div class="stackTraceEntry">at org.concordion.internal.command.ExecuteCommand.execute (ExecuteCommand.java:39)</div><div class="stackTraceEntry">at org.concordion.api.AbstractCommandDecorator$2.run (AbstractCommandDecorator.java:23)</div><div class="stackTraceEntry">at org.concordion.internal.command.LocalTextDecorator.process (LocalTextDecorator.java:26)</div><div class="stackTraceEntry">at org.concordion.api.AbstractCommandDecorator.execute (AbstractCommandDecorator.java:21)</div><div class="stackTraceEntry">at org.concordion.api.AbstractCommandDecorator$2.run (AbstractCommandDecorator.java:23)</div><div class="stackTraceEntry">at org.concordion.internal.command.ThrowableCatchingDecorator.process (ThrowableCatchingDecorator.java:42)</div><div class="stackTraceEntry">at org.concordion.api.AbstractCommandDecorator.execute (AbstractCommandDecorator.java:21)</div><div class="stackTraceEntry">at org.concordion.api.CommandCall.execute (CommandCall.java:29)</div><div class="stackTraceEntry">at org.concordion.internal.command.ExecuteCommand$TableStrategy.execute (ExecuteCommand.java:70)</div><div class="stackTraceEntry">at org.concordion.internal.command.ExecuteCommand.execute (ExecuteCommand.java:39)</div><div class="stackTraceEntry">at org.concordion.api.AbstractCommandDecorator$2.run (AbstractCommandDecorator.java:23)</div><div class="stackTraceEntry">at org.concordion.internal.command.LocalTextDecorator.process (LocalTextDecorator.java:26)</div><div class="stackTraceEntry">at org.concordion.api.AbstractCommandDecorator.execute (AbstractCommandDecorator.java:21)</div><div class="stackTraceEntry">at org.concordion.api.AbstractCommandDecorator$2.run (AbstractCommandDecorator.java:23)</div><div class="stackTraceEntry">at org.concordion.internal.command.ThrowableCatchingDecorator.process (ThrowableCatchingDecorator.java:42)</div><div class="stackTraceEntry">at org.concordion.api.AbstractCommandDecorator.execute (AbstractCommandDecorator.java:21)</div><div class="stackTraceEntry">at org.concordion.api.CommandCall.execute (CommandCall.java:29)</div><div class="stackTraceEntry">at org.concordion.api.CommandCallList.processSequentially (CommandCallList.java:30)</div><div class="stackTraceEntry">at org.concordion.internal.command.SpecificationCommand.execute (SpecificationCommand.java:31)</div><div class="stackTraceEntry">at org.concordion.api.CommandCall.execute (CommandCall.java:29)</div><div class="stackTraceEntry">at org.concordion.internal.XMLSpecification.process (XMLSpecification.java:17)</div><div class="stackTraceEntry">at org.concordion.Concordion.process (Concordion.java:33)</div><div class="stackTraceEntry">at org.concordion.Concordion.process (Concordion.java:26)</div><div class="stackTraceEntry">at org.concordion.internal.FixtureRunner.run (FixtureRunner.java:24)</div><div class="stackTraceEntry">at org.concordion.integration.junit4.ConcordionRunner$1.evaluate (ConcordionRunner.java:125)</div><div class="stackTraceEntry">at org.junit.internal.runners.statements.RunBefores.evaluate (RunBefores.java:26)</div><div class="stackTraceEntry">at org.junit.runners.ParentRunner.runLeaf (ParentRunner.java:325)</div><div class="stackTraceEntry">at org.junit.runners.BlockJUnit4ClassRunner.runChild (BlockJUnit4ClassRunner.java:78)</div><div class="stackTraceEntry">at org.concordion.integration.junit4.ConcordionRunner.runChild (ConcordionRunner.java:115)</div><div class="stackTraceEntry">at org.concordion.integration.junit4.ConcordionRunner.runChild (ConcordionRunner.java:21)</div><div class="stackTraceEntry">at org.junit.runners.ParentRunner$3.run (ParentRunner.java:290)</div><div class="stackTraceEntry">at org.junit.runners.ParentRunner$1.schedule (ParentRunner.java:71)</div><div class="stackTraceEntry">at org.junit.runners.ParentRunner.runChildren (ParentRunner.java:288)</div><div class="stackTraceEntry">at org.junit.runners.ParentRunner.access$000 (ParentRunner.java:58)</div><div class="stackTraceEntry">at org.junit.runners.ParentRunner$2.evaluate (ParentRunner.java:268)</div><div class="stackTraceEntry">at org.junit.internal.runners.statements.RunBefores.evaluate (RunBefores.java:26)</div><div class="stackTraceEntry">at org.junit.runners.ParentRunner.run (ParentRunner.java:363)</div><div class="stackTraceEntry">at org.junit.runners.Suite.runChild (Suite.java:128)</div><div class="stackTraceEntry">at org.junit.runners.Suite.runChild (Suite.java:27)</div><div class="stackTraceEntry">at org.junit.runners.ParentRunner$3.run (ParentRunner.java:290)</div><div class="stackTraceEntry">at org.junit.runners.ParentRunner$1.schedule (ParentRunner.java:71)</div><div class="stackTraceEntry">at org.junit.runners.ParentRunner.runChildren (ParentRunner.java:288)</div><div class="stackTraceEntry">at org.junit.runners.ParentRunner.access$000 (ParentRunner.java:58)</div><div class="stackTraceEntry">at org.junit.runners.ParentRunner$2.evaluate (ParentRunner.java:268)</div><div class="stackTraceEntry">at org.junit.runners.ParentRunner.run (ParentRunner.java:363)</div><div class="stackTraceEntry">at org.junit.runner.JUnitCore.run (JUnitCore.java:137)</div><div class="stackTraceEntry">at org.junit.runner.JUnitCore.run (JUnitCore.java:115)</div><div class="stackTraceEntry">at org.junit.runner.JUnitCore.run (JUnitCore.java:105)</div><div class="stackTraceEntry">at org.junit.runner.JUnitCore.runClasses (JUnitCore.java:62)</div><div class="stackTraceEntry">at org.junit.runner.JUnitCore.runClasses (JUnitCore.java:49)</div><div class="stackTraceEntry">at org.concordion.internal.runner.DefaultConcordionRunner.runJUnitClass (DefaultConcordionRunner.java:101)</div><div class="stackTraceEntry">at org.concordion.internal.runner.DefaultConcordionRunner.runTestClass (DefaultConcordionRunner.java:65)</div><div class="stackTraceEntry">at org.concordion.internal.runner.DefaultConcordionRunner.execute (DefaultConcordionRunner.java:28)</div><div class="stackTraceEntry">at org.concordion.ext.run.parallel.ParallelRunStrategy$1.call (ParallelRunStrategy.java:122)</div><div class="stackTraceEntry">at org.concordion.ext.run.parallel.ParallelRunStrategy$1.call (ParallelRunStrategy.java:117)</div><div class="stackTraceEntry">at com.google.common.util.concurrent.TrustedListenableFutureTask$TrustedFutureInterruptibleTask.runInterruptibly (TrustedListenableFutureTask.java:108)</div><div class="stackTraceEntry">at com.google.common.util.concurrent.InterruptibleTask.run (InterruptibleTask.java:41)</div><div class="stackTraceEntry">at com.google.common.util.concurrent.TrustedListenableFutureTask.run (TrustedListenableFutureTask.java:77)</div><div class="stackTraceEntry">at java.util.concurrent.ThreadPoolExecutor.runWorker (ThreadPoolExecutor.java:1149)</div><div class="stackTraceEntry">at java.util.concurrent.ThreadPoolExecutor$Worker.run (ThreadPoolExecutor.java:624)</div><div class="stackTraceEntry">at java.lang.Thread.run (Thread.java:748)</div></div></tr>
        <tr><span class="failure"><del class="expected">
            <td class="inputvalue">Payment 2</td>
            <td>ERROR</td>
            <td>923</td>
            <td>Payment type not available for this currency or card type</td>
            <td>Configuration problem, please choose another payment method.</td>
            <td />
        </del></span><span class="exceptionMessage">NullPointerException</span><input class="stackTraceButton" id="stackTraceButton8" type="button" onclick="javascript:toggleStackTrace('8')" value="View Stack" /><div class="stackTrace" id="stackTrace8"><p>While evaluating expression: <code>#response = handleErrorJsonResponse(#paymentName)</code></p><div class="stackTraceExceptionMessage">org.concordion.internal.InvalidExpressionException: NullPointerException</div><div class="stackTraceEntry">at com.google.common.base.Preconditions.checkNotNull (Preconditions.java:228)</div><div class="stackTraceEntry">at specs.BaseFixture.fetchPaymentById (BaseFixture.java:448)</div><div class="stackTraceEntry">at specs.BaseFixture.fetchPaymentByLegibleName (BaseFixture.java:437)</div><div class="stackTraceEntry">at specs.response.I18nPayoneResponseFixture.handleErrorJsonResponse (I18nPayoneResponseFixture.java:34)</div><div class="stackTraceEntry">at sun.reflect.NativeMethodAccessorImpl.invoke0 (NativeMethodAccessorImpl.java:-2)</div><div class="stackTraceEntry">at sun.reflect.NativeMethodAccessorImpl.invoke (NativeMethodAccessorImpl.java:62)</div><div class="stackTraceEntry">at sun.reflect.DelegatingMethodAccessorImpl.invoke (DelegatingMethodAccessorImpl.java:43)</div><div class="stackTraceEntry">at java.lang.reflect.Method.invoke (Method.java:498)</div><div class="stackTraceEntry">at ognl.OgnlRuntime.invokeMethod (OgnlRuntime.java:532)</div><div class="stackTraceEntry">at ognl.OgnlRuntime.callAppropriateMethod (OgnlRuntime.java:826)</div><div class="stackTraceEntry">at ognl.ObjectMethodAccessor.callMethod (ObjectMethodAccessor.java:61)</div><div class="stackTraceEntry">at ognl.OgnlRuntime.callMethod (OgnlRuntime.java:860)</div><div class="stackTraceEntry">at ognl.ASTMethod.getValueBody (ASTMethod.java:73)</div><div class="stackTraceEntry">at ognl.SimpleNode.evaluateGetValueBody (SimpleNode.java:170)</div><div class="stackTraceEntry">at ognl.SimpleNode.getValue (SimpleNode.java:210)</div><div class="stackTraceEntry">at ognl.ASTAssign.getValueBody (ASTAssign.java:49)</div><div class="stackTraceEntry">at ognl.SimpleNode.evaluateGetValueBody (SimpleNode.java:170)</div><div class="stackTraceEntry">at ognl.SimpleNode.getValue (SimpleNode.java:210)</div><div class="stackTraceEntry">at ognl.Ognl.getValue (Ognl.java:333)</div><div class="stackTraceEntry">at ognl.Ognl.getValue (Ognl.java:378)</div><div class="stackTraceEntry">at ognl.Ognl.getValue (Ognl.java:357)</div><div class="stackTraceEntry">at org.concordion.internal.OgnlEvaluator.evaluate (OgnlEvaluator.java:32)</div><div class="stackTraceEntry">at org.concordion.internal.command.ExecuteCommand$DefaultStrategy.execute (ExecuteCommand.java:52)</div><div class="stackTraceEntry">at org.concordion.internal.command.ExecuteCommand.execute (ExecuteCommand.java:39)</div><div class="stackTraceEntry">at org.concordion.api.AbstractCommandDecorator$2.run (AbstractCommandDecorator.java:23)</div><div class="stackTraceEntry">at org.concordion.internal.command.LocalTextDecorator.process (LocalTextDecorator.java:26)</div><div class="stackTraceEntry">at org.concordion.api.AbstractCommandDecorator.execute (AbstractCommandDecorator.java:21)</div><div class="stackTraceEntry">at org.concordion.api.AbstractCommandDecorator$2.run (AbstractCommandDecorator.java:23)</div><div class="stackTraceEntry">at org.concordion.internal.command.ThrowableCatchingDecorator.process (ThrowableCatchingDecorator.java:42)</div><div class="stackTraceEntry">at org.concordion.api.AbstractCommandDecorator.execute (AbstractCommandDecorator.java:21)</div><div class="stackTraceEntry">at org.concordion.api.CommandCall.execute (CommandCall.java:29)</div><div class="stackTraceEntry">at org.concordion.internal.command.ExecuteCommand$TableStrategy.execute (ExecuteCommand.java:70)</div><div class="stackTraceEntry">at org.concordion.internal.command.ExecuteCommand.execute (ExecuteCommand.java:39)</div><div class="stackTraceEntry">at org.concordion.api.AbstractCommandDecorator$2.run (AbstractCommandDecorator.java:23)</div><div class="stackTraceEntry">at org.concordion.internal.command.LocalTextDecorator.process (LocalTextDecorator.java:26)</div><div class="stackTraceEntry">at org.concordion.api.AbstractCommandDecorator.execute (AbstractCommandDecorator.java:21)</div><div class="stackTraceEntry">at org.concordion.api.AbstractCommandDecorator$2.run (AbstractCommandDecorator.java:23)</div><div class="stackTraceEntry">at org.concordion.internal.command.ThrowableCatchingDecorator.process (ThrowableCatchingDecorator.java:42)</div><div class="stackTraceEntry">at org.concordion.api.AbstractCommandDecorator.execute (AbstractCommandDecorator.java:21)</div><div class="stackTraceEntry">at org.concordion.api.CommandCall.execute (CommandCall.java:29)</div><div class="stackTraceEntry">at org.concordion.api.CommandCallList.processSequentially (CommandCallList.java:30)</div><div class="stackTraceEntry">at org.concordion.internal.command.SpecificationCommand.execute (SpecificationCommand.java:31)</div><div class="stackTraceEntry">at org.concordion.api.CommandCall.execute (CommandCall.java:29)</div><div class="stackTraceEntry">at org.concordion.internal.XMLSpecification.process (XMLSpecification.java:17)</div><div class="stackTraceEntry">at org.concordion.Concordion.process (Concordion.java:33)</div><div class="stackTraceEntry">at org.concordion.Concordion.process (Concordion.java:26)</div><div class="stackTraceEntry">at org.concordion.internal.FixtureRunner.run (FixtureRunner.java:24)</div><div class="stackTraceEntry">at org.concordion.integration.junit4.ConcordionRunner$1.evaluate (ConcordionRunner.java:125)</div><div class="stackTraceEntry">at org.junit.internal.runners.statements.RunBefores.evaluate (RunBefores.java:26)</div><div class="stackTraceEntry">at org.junit.runners.ParentRunner.runLeaf (ParentRunner.java:325)</div><div class="stackTraceEntry">at org.junit.runners.BlockJUnit4ClassRunner.runChild (BlockJUnit4ClassRunner.java:78)</div><div class="stackTraceEntry">at org.concordion.integration.junit4.ConcordionRunner.runChild (ConcordionRunner.java:115)</div><div class="stackTraceEntry">at org.concordion.integration.junit4.ConcordionRunner.runChild (ConcordionRunner.java:21)</div><div class="stackTraceEntry">at org.junit.runners.ParentRunner$3.run (ParentRunner.java:290)</div><div class="stackTraceEntry">at org.junit.runners.ParentRunner$1.schedule (ParentRunner.java:71)</div><div class="stackTraceEntry">at org.junit.runners.ParentRunner.runChildren (ParentRunner.java:288)</div><div class="stackTraceEntry">at org.junit.runners.ParentRunner.access$000 (ParentRunner.java:58)</div><div class="stackTraceEntry">at org.junit.runners.ParentRunner$2.evaluate (ParentRunner.java:268)</div><div class="stackTraceEntry">at org.junit.internal.runners.statements.RunBefores.evaluate (RunBefores.java:26)</div><div class="stackTraceEntry">at org.junit.runners.ParentRunner.run (ParentRunner.java:363)</div><div class="stackTraceEntry">at org.junit.runners.Suite.runChild (Suite.java:128)</div><div class="stackTraceEntry">at org.junit.runners.Suite.runChild (Suite.java:27)</div><div class="stackTraceEntry">at org.junit.runners.ParentRunner$3.run (ParentRunner.java:290)</div><div class="stackTraceEntry">at org.junit.runners.ParentRunner$1.schedule (ParentRunner.java:71)</div><div class="stackTraceEntry">at org.junit.runners.ParentRunner.runChildren (ParentRunner.java:288)</div><div class="stackTraceEntry">at org.junit.runners.ParentRunner.access$000 (ParentRunner.java:58)</div><div class="stackTraceEntry">at org.junit.runners.ParentRunner$2.evaluate (ParentRunner.java:268)</div><div class="stackTraceEntry">at org.junit.runners.ParentRunner.run (ParentRunner.java:363)</div><div class="stackTraceEntry">at org.junit.runner.JUnitCore.run (JUnitCore.java:137)</div><div class="stackTraceEntry">at org.junit.runner.JUnitCore.run (JUnitCore.java:115)</div><div class="stackTraceEntry">at org.junit.runner.JUnitCore.run (JUnitCore.java:105)</div><div class="stackTraceEntry">at org.junit.runner.JUnitCore.runClasses (JUnitCore.java:62)</div><div class="stackTraceEntry">at org.junit.runner.JUnitCore.runClasses (JUnitCore.java:49)</div><div class="stackTraceEntry">at org.concordion.internal.runner.DefaultConcordionRunner.runJUnitClass (DefaultConcordionRunner.java:101)</div><div class="stackTraceEntry">at org.concordion.internal.runner.DefaultConcordionRunner.runTestClass (DefaultConcordionRunner.java:65)</div><div class="stackTraceEntry">at org.concordion.internal.runner.DefaultConcordionRunner.execute (DefaultConcordionRunner.java:28)</div><div class="stackTraceEntry">at org.concordion.ext.run.parallel.ParallelRunStrategy$1.call (ParallelRunStrategy.java:122)</div><div class="stackTraceEntry">at org.concordion.ext.run.parallel.ParallelRunStrategy$1.call (ParallelRunStrategy.java:117)</div><div class="stackTraceEntry">at com.google.common.util.concurrent.TrustedListenableFutureTask$TrustedFutureInterruptibleTask.runInterruptibly (TrustedListenableFutureTask.java:108)</div><div class="stackTraceEntry">at com.google.common.util.concurrent.InterruptibleTask.run (InterruptibleTask.java:41)</div><div class="stackTraceEntry">at com.google.common.util.concurrent.TrustedListenableFutureTask.run (TrustedListenableFutureTask.java:77)</div><div class="stackTraceEntry">at java.util.concurrent.ThreadPoolExecutor.runWorker (ThreadPoolExecutor.java:1149)</div><div class="stackTraceEntry">at java.util.concurrent.ThreadPoolExecutor$Worker.run (ThreadPoolExecutor.java:624)</div><div class="stackTraceEntry">at java.lang.Thread.run (Thread.java:748)</div><div class="stackTraceExceptionMessage">java.lang.NullPointerException: paymentId must not be null!</div><div class="stackTraceEntry">at com.google.common.base.Preconditions.checkNotNull (Preconditions.java:228)</div><div class="stackTraceEntry">at specs.BaseFixture.fetchPaymentById (BaseFixture.java:448)</div><div class="stackTraceEntry">at specs.BaseFixture.fetchPaymentByLegibleName (BaseFixture.java:437)</div><div class="stackTraceEntry">at specs.response.I18nPayoneResponseFixture.handleErrorJsonResponse (I18nPayoneResponseFixture.java:34)</div><div class="stackTraceEntry">at sun.reflect.NativeMethodAccessorImpl.invoke0 (NativeMethodAccessorImpl.java:-2)</div><div class="stackTraceEntry">at sun.reflect.NativeMethodAccessorImpl.invoke (NativeMethodAccessorImpl.java:62)</div><div class="stackTraceEntry">at sun.reflect.DelegatingMethodAccessorImpl.invoke (DelegatingMethodAccessorImpl.java:43)</div><div class="stackTraceEntry">at java.lang.reflect.Method.invoke (Method.java:498)</div><div class="stackTraceEntry">at ognl.OgnlRuntime.invokeMethod (OgnlRuntime.java:532)</div><div class="stackTraceEntry">at ognl.OgnlRuntime.callAppropriateMethod (OgnlRuntime.java:826)</div><div class="stackTraceEntry">at ognl.ObjectMethodAccessor.callMethod (ObjectMethodAccessor.java:61)</div><div class="stackTraceEntry">at ognl.OgnlRuntime.callMethod (OgnlRuntime.java:860)</div><div class="stackTraceEntry">at ognl.ASTMethod.getValueBody (ASTMethod.java:73)</div><div class="stackTraceEntry">at ognl.SimpleNode.evaluateGetValueBody (SimpleNode.java:170)</div><div class="stackTraceEntry">at ognl.SimpleNode.getValue (SimpleNode.java:210)</div><div class="stackTraceEntry">at ognl.ASTAssign.getValueBody (ASTAssign.java:49)</div><div class="stackTraceEntry">at ognl.SimpleNode.evaluateGetValueBody (SimpleNode.java:170)</div><div class="stackTraceEntry">at ognl.SimpleNode.getValue (SimpleNode.java:210)</div><div class="stackTraceEntry">at ognl.Ognl.getValue (Ognl.java:333)</div><div class="stackTraceEntry">at ognl.Ognl.getValue (Ognl.java:378)</div><div class="stackTraceEntry">at ognl.Ognl.getValue (Ognl.java:357)</div><div class="stackTraceEntry">at org.concordion.internal.OgnlEvaluator.evaluate (OgnlEvaluator.java:32)</div><div class="stackTraceEntry">at org.concordion.internal.command.ExecuteCommand$DefaultStrategy.execute (ExecuteCommand.java:52)</div><div class="stackTraceEntry">at org.concordion.internal.command.ExecuteCommand.execute (ExecuteCommand.java:39)</div><div class="stackTraceEntry">at org.concordion.api.AbstractCommandDecorator$2.run (AbstractCommandDecorator.java:23)</div><div class="stackTraceEntry">at org.concordion.internal.command.LocalTextDecorator.process (LocalTextDecorator.java:26)</div><div class="stackTraceEntry">at org.concordion.api.AbstractCommandDecorator.execute (AbstractCommandDecorator.java:21)</div><div class="stackTraceEntry">at org.concordion.api.AbstractCommandDecorator$2.run (AbstractCommandDecorator.java:23)</div><div class="stackTraceEntry">at org.concordion.internal.command.ThrowableCatchingDecorator.process (ThrowableCatchingDecorator.java:42)</div><div class="stackTraceEntry">at org.concordion.api.AbstractCommandDecorator.execute (AbstractCommandDecorator.java:21)</div><div class="stackTraceEntry">at org.concordion.api.CommandCall.execute (CommandCall.java:29)</div><div class="stackTraceEntry">at org.concordion.internal.command.ExecuteCommand$TableStrategy.execute (ExecuteCommand.java:70)</div><div class="stackTraceEntry">at org.concordion.internal.command.ExecuteCommand.execute (ExecuteCommand.java:39)</div><div class="stackTraceEntry">at org.concordion.api.AbstractCommandDecorator$2.run (AbstractCommandDecorator.java:23)</div><div class="stackTraceEntry">at org.concordion.internal.command.LocalTextDecorator.process (LocalTextDecorator.java:26)</div><div class="stackTraceEntry">at org.concordion.api.AbstractCommandDecorator.execute (AbstractCommandDecorator.java:21)</div><div class="stackTraceEntry">at org.concordion.api.AbstractCommandDecorator$2.run (AbstractCommandDecorator.java:23)</div><div class="stackTraceEntry">at org.concordion.internal.command.ThrowableCatchingDecorator.process (ThrowableCatchingDecorator.java:42)</div><div class="stackTraceEntry">at org.concordion.api.AbstractCommandDecorator.execute (AbstractCommandDecorator.java:21)</div><div class="stackTraceEntry">at org.concordion.api.CommandCall.execute (CommandCall.java:29)</div><div class="stackTraceEntry">at org.concordion.api.CommandCallList.processSequentially (CommandCallList.java:30)</div><div class="stackTraceEntry">at org.concordion.internal.command.SpecificationCommand.execute (SpecificationCommand.java:31)</div><div class="stackTraceEntry">at org.concordion.api.CommandCall.execute (CommandCall.java:29)</div><div class="stackTraceEntry">at org.concordion.internal.XMLSpecification.process (XMLSpecification.java:17)</div><div class="stackTraceEntry">at org.concordion.Concordion.process (Concordion.java:33)</div><div class="stackTraceEntry">at org.concordion.Concordion.process (Concordion.java:26)</div><div class="stackTraceEntry">at org.concordion.internal.FixtureRunner.run (FixtureRunner.java:24)</div><div class="stackTraceEntry">at org.concordion.integration.junit4.ConcordionRunner$1.evaluate (ConcordionRunner.java:125)</div><div class="stackTraceEntry">at org.junit.internal.runners.statements.RunBefores.evaluate (RunBefores.java:26)</div><div class="stackTraceEntry">at org.junit.runners.ParentRunner.runLeaf (ParentRunner.java:325)</div><div class="stackTraceEntry">at org.junit.runners.BlockJUnit4ClassRunner.runChild (BlockJUnit4ClassRunner.java:78)</div><div class="stackTraceEntry">at org.concordion.integration.junit4.ConcordionRunner.runChild (ConcordionRunner.java:115)</div><div class="stackTraceEntry">at org.concordion.integration.junit4.ConcordionRunner.runChild (ConcordionRunner.java:21)</div><div class="stackTraceEntry">at org.junit.runners.ParentRunner$3.run (ParentRunner.java:290)</div><div class="stackTraceEntry">at org.junit.runners.ParentRunner$1.schedule (ParentRunner.java:71)</div><div class="stackTraceEntry">at org.junit.runners.ParentRunner.runChildren (ParentRunner.java:288)</div><div class="stackTraceEntry">at org.junit.runners.ParentRunner.access$000 (ParentRunner.java:58)</div><div class="stackTraceEntry">at org.junit.runners.ParentRunner$2.evaluate (ParentRunner.java:268)</div><div class="stackTraceEntry">at org.junit.internal.runners.statements.RunBefores.evaluate (RunBefores.java:26)</div><div class="stackTraceEntry">at org.junit.runners.ParentRunner.run (ParentRunner.java:363)</div><div class="stackTraceEntry">at org.junit.runners.Suite.runChild (Suite.java:128)</div><div class="stackTraceEntry">at org.junit.runners.Suite.runChild (Suite.java:27)</div><div class="stackTraceEntry">at org.junit.runners.ParentRunner$3.run (ParentRunner.java:290)</div><div class="stackTraceEntry">at org.junit.runners.ParentRunner$1.schedule (ParentRunner.java:71)</div><div class="stackTraceEntry">at org.junit.runners.ParentRunner.runChildren (ParentRunner.java:288)</div><div class="stackTraceEntry">at org.junit.runners.ParentRunner.access$000 (ParentRunner.java:58)</div><div class="stackTraceEntry">at org.junit.runners.ParentRunner$2.evaluate (ParentRunner.java:268)</div><div class="stackTraceEntry">at org.junit.runners.ParentRunner.run (ParentRunner.java:363)</div><div class="stackTraceEntry">at org.junit.runner.JUnitCore.run (JUnitCore.java:137)</div><div class="stackTraceEntry">at org.junit.runner.JUnitCore.run (JUnitCore.java:115)</div><div class="stackTraceEntry">at org.junit.runner.JUnitCore.run (JUnitCore.java:105)</div><div class="stackTraceEntry">at org.junit.runner.JUnitCore.runClasses (JUnitCore.java:62)</div><div class="stackTraceEntry">at org.junit.runner.JUnitCore.runClasses (JUnitCore.java:49)</div><div class="stackTraceEntry">at org.concordion.internal.runner.DefaultConcordionRunner.runJUnitClass (DefaultConcordionRunner.java:101)</div><div class="stackTraceEntry">at org.concordion.internal.runner.DefaultConcordionRunner.runTestClass (DefaultConcordionRunner.java:65)</div><div class="stackTraceEntry">at org.concordion.internal.runner.DefaultConcordionRunner.execute (DefaultConcordionRunner.java:28)</div><div class="stackTraceEntry">at org.concordion.ext.run.parallel.ParallelRunStrategy$1.call (ParallelRunStrategy.java:122)</div><div class="stackTraceEntry">at org.concordion.ext.run.parallel.ParallelRunStrategy$1.call (ParallelRunStrategy.java:117)</div><div class="stackTraceEntry">at com.google.common.util.concurrent.TrustedListenableFutureTask$TrustedFutureInterruptibleTask.runInterruptibly (TrustedListenableFutureTask.java:108)</div><div class="stackTraceEntry">at com.google.common.util.concurrent.InterruptibleTask.run (InterruptibleTask.java:41)</div><div class="stackTraceEntry">at com.google.common.util.concurrent.TrustedListenableFutureTask.run (TrustedListenableFutureTask.java:77)</div><div class="stackTraceEntry">at java.util.concurrent.ThreadPoolExecutor.runWorker (ThreadPoolExecutor.java:1149)</div><div class="stackTraceEntry">at java.util.concurrent.ThreadPoolExecutor$Worker.run (ThreadPoolExecutor.java:624)</div><div class="stackTraceEntry">at java.lang.Thread.run (Thread.java:748)</div></div></tr>
        <tr><span class="failure"><del class="expected">
            <td class="inputvalue">Payment 3</td>
            <td>ERROR</td>
            <td>923</td>
            <td>Payment type not available for this currency or card type</td>
            <td>Configuratiefout. Gebruik s.v.p. een andere betalingsmethode.</td>
            <td />
        </del></span><span class="exceptionMessage">NullPointerException</span><input class="stackTraceButton" id="stackTraceButton9" type="button" onclick="javascript:toggleStackTrace('9')" value="View Stack" /><div class="stackTrace" id="stackTrace9"><p>While evaluating expression: <code>#response = handleErrorJsonResponse(#paymentName)</code></p><div class="stackTraceExceptionMessage">org.concordion.internal.InvalidExpressionException: NullPointerException</div><div class="stackTraceEntry">at com.google.common.base.Preconditions.checkNotNull (Preconditions.java:228)</div><div class="stackTraceEntry">at specs.BaseFixture.fetchPaymentById (BaseFixture.java:448)</div><div class="stackTraceEntry">at specs.BaseFixture.fetchPaymentByLegibleName (BaseFixture.java:437)</div><div class="stackTraceEntry">at specs.response.I18nPayoneResponseFixture.handleErrorJsonResponse (I18nPayoneResponseFixture.java:34)</div><div class="stackTraceEntry">at sun.reflect.NativeMethodAccessorImpl.invoke0 (NativeMethodAccessorImpl.java:-2)</div><div class="stackTraceEntry">at sun.reflect.NativeMethodAccessorImpl.invoke (NativeMethodAccessorImpl.java:62)</div><div class="stackTraceEntry">at sun.reflect.DelegatingMethodAccessorImpl.invoke (DelegatingMethodAccessorImpl.java:43)</div><div class="stackTraceEntry">at java.lang.reflect.Method.invoke (Method.java:498)</div><div class="stackTraceEntry">at ognl.OgnlRuntime.invokeMethod (OgnlRuntime.java:532)</div><div class="stackTraceEntry">at ognl.OgnlRuntime.callAppropriateMethod (OgnlRuntime.java:826)</div><div class="stackTraceEntry">at ognl.ObjectMethodAccessor.callMethod (ObjectMethodAccessor.java:61)</div><div class="stackTraceEntry">at ognl.OgnlRuntime.callMethod (OgnlRuntime.java:860)</div><div class="stackTraceEntry">at ognl.ASTMethod.getValueBody (ASTMethod.java:73)</div><div class="stackTraceEntry">at ognl.SimpleNode.evaluateGetValueBody (SimpleNode.java:170)</div><div class="stackTraceEntry">at ognl.SimpleNode.getValue (SimpleNode.java:210)</div><div class="stackTraceEntry">at ognl.ASTAssign.getValueBody (ASTAssign.java:49)</div><div class="stackTraceEntry">at ognl.SimpleNode.evaluateGetValueBody (SimpleNode.java:170)</div><div class="stackTraceEntry">at ognl.SimpleNode.getValue (SimpleNode.java:210)</div><div class="stackTraceEntry">at ognl.Ognl.getValue (Ognl.java:333)</div><div class="stackTraceEntry">at ognl.Ognl.getValue (Ognl.java:378)</div><div class="stackTraceEntry">at ognl.Ognl.getValue (Ognl.java:357)</div><div class="stackTraceEntry">at org.concordion.internal.OgnlEvaluator.evaluate (OgnlEvaluator.java:32)</div><div class="stackTraceEntry">at org.concordion.internal.command.ExecuteCommand$DefaultStrategy.execute (ExecuteCommand.java:52)</div><div class="stackTraceEntry">at org.concordion.internal.command.ExecuteCommand.execute (ExecuteCommand.java:39)</div><div class="stackTraceEntry">at org.concordion.api.AbstractCommandDecorator$2.run (AbstractCommandDecorator.java:23)</div><div class="stackTraceEntry">at org.concordion.internal.command.LocalTextDecorator.process (LocalTextDecorator.java:26)</div><div class="stackTraceEntry">at org.concordion.api.AbstractCommandDecorator.execute (AbstractCommandDecorator.java:21)</div><div class="stackTraceEntry">at org.concordion.api.AbstractCommandDecorator$2.run (AbstractCommandDecorator.java:23)</div><div class="stackTraceEntry">at org.concordion.internal.command.ThrowableCatchingDecorator.process (ThrowableCatchingDecorator.java:42)</div><div class="stackTraceEntry">at org.concordion.api.AbstractCommandDecorator.execute (AbstractCommandDecorator.java:21)</div><div class="stackTraceEntry">at org.concordion.api.CommandCall.execute (CommandCall.java:29)</div><div class="stackTraceEntry">at org.concordion.internal.command.ExecuteCommand$TableStrategy.execute (ExecuteCommand.java:70)</div><div class="stackTraceEntry">at org.concordion.internal.command.ExecuteCommand.execute (ExecuteCommand.java:39)</div><div class="stackTraceEntry">at org.concordion.api.AbstractCommandDecorator$2.run (AbstractCommandDecorator.java:23)</div><div class="stackTraceEntry">at org.concordion.internal.command.LocalTextDecorator.process (LocalTextDecorator.java:26)</div><div class="stackTraceEntry">at org.concordion.api.AbstractCommandDecorator.execute (AbstractCommandDecorator.java:21)</div><div class="stackTraceEntry">at org.concordion.api.AbstractCommandDecorator$2.run (AbstractCommandDecorator.java:23)</div><div class="stackTraceEntry">at org.concordion.internal.command.ThrowableCatchingDecorator.process (ThrowableCatchingDecorator.java:42)</div><div class="stackTraceEntry">at org.concordion.api.AbstractCommandDecorator.execute (AbstractCommandDecorator.java:21)</div><div class="stackTraceEntry">at org.concordion.api.CommandCall.execute (CommandCall.java:29)</div><div class="stackTraceEntry">at org.concordion.api.CommandCallList.processSequentially (CommandCallList.java:30)</div><div class="stackTraceEntry">at org.concordion.internal.command.SpecificationCommand.execute (SpecificationCommand.java:31)</div><div class="stackTraceEntry">at org.concordion.api.CommandCall.execute (CommandCall.java:29)</div><div class="stackTraceEntry">at org.concordion.internal.XMLSpecification.process (XMLSpecification.java:17)</div><div class="stackTraceEntry">at org.concordion.Concordion.process (Concordion.java:33)</div><div class="stackTraceEntry">at org.concordion.Concordion.process (Concordion.java:26)</div><div class="stackTraceEntry">at org.concordion.internal.FixtureRunner.run (FixtureRunner.java:24)</div><div class="stackTraceEntry">at org.concordion.integration.junit4.ConcordionRunner$1.evaluate (ConcordionRunner.java:125)</div><div class="stackTraceEntry">at org.junit.internal.runners.statements.RunBefores.evaluate (RunBefores.java:26)</div><div class="stackTraceEntry">at org.junit.runners.ParentRunner.runLeaf (ParentRunner.java:325)</div><div class="stackTraceEntry">at org.junit.runners.BlockJUnit4ClassRunner.runChild (BlockJUnit4ClassRunner.java:78)</div><div class="stackTraceEntry">at org.concordion.integration.junit4.ConcordionRunner.runChild (ConcordionRunner.java:115)</div><div class="stackTraceEntry">at org.concordion.integration.junit4.ConcordionRunner.runChild (ConcordionRunner.java:21)</div><div class="stackTraceEntry">at org.junit.runners.ParentRunner$3.run (ParentRunner.java:290)</div><div class="stackTraceEntry">at org.junit.runners.ParentRunner$1.schedule (ParentRunner.java:71)</div><div class="stackTraceEntry">at org.junit.runners.ParentRunner.runChildren (ParentRunner.java:288)</div><div class="stackTraceEntry">at org.junit.runners.ParentRunner.access$000 (ParentRunner.java:58)</div><div class="stackTraceEntry">at org.junit.runners.ParentRunner$2.evaluate (ParentRunner.java:268)</div><div class="stackTraceEntry">at org.junit.internal.runners.statements.RunBefores.evaluate (RunBefores.java:26)</div><div class="stackTraceEntry">at org.junit.runners.ParentRunner.run (ParentRunner.java:363)</div><div class="stackTraceEntry">at org.junit.runners.Suite.runChild (Suite.java:128)</div><div class="stackTraceEntry">at org.junit.runners.Suite.runChild (Suite.java:27)</div><div class="stackTraceEntry">at org.junit.runners.ParentRunner$3.run (ParentRunner.java:290)</div><div class="stackTraceEntry">at org.junit.runners.ParentRunner$1.schedule (ParentRunner.java:71)</div><div class="stackTraceEntry">at org.junit.runners.ParentRunner.runChildren (ParentRunner.java:288)</div><div class="stackTraceEntry">at org.junit.runners.ParentRunner.access$000 (ParentRunner.java:58)</div><div class="stackTraceEntry">at org.junit.runners.ParentRunner$2.evaluate (ParentRunner.java:268)</div><div class="stackTraceEntry">at org.junit.runners.ParentRunner.run (ParentRunner.java:363)</div><div class="stackTraceEntry">at org.junit.runner.JUnitCore.run (JUnitCore.java:137)</div><div class="stackTraceEntry">at org.junit.runner.JUnitCore.run (JUnitCore.java:115)</div><div class="stackTraceEntry">at org.junit.runner.JUnitCore.run (JUnitCore.java:105)</div><div class="stackTraceEntry">at org.junit.runner.JUnitCore.runClasses (JUnitCore.java:62)</div><div class="stackTraceEntry">at org.junit.runner.JUnitCore.runClasses (JUnitCore.java:49)</div><div class="stackTraceEntry">at org.concordion.internal.runner.DefaultConcordionRunner.runJUnitClass (DefaultConcordionRunner.java:101)</div><div class="stackTraceEntry">at org.concordion.internal.runner.DefaultConcordionRunner.runTestClass (DefaultConcordionRunner.java:65)</div><div class="stackTraceEntry">at org.concordion.internal.runner.DefaultConcordionRunner.execute (DefaultConcordionRunner.java:28)</div><div class="stackTraceEntry">at org.concordion.ext.run.parallel.ParallelRunStrategy$1.call (ParallelRunStrategy.java:122)</div><div class="stackTraceEntry">at org.concordion.ext.run.parallel.ParallelRunStrategy$1.call (ParallelRunStrategy.java:117)</div><div class="stackTraceEntry">at com.google.common.util.concurrent.TrustedListenableFutureTask$TrustedFutureInterruptibleTask.runInterruptibly (TrustedListenableFutureTask.java:108)</div><div class="stackTraceEntry">at com.google.common.util.concurrent.InterruptibleTask.run (InterruptibleTask.java:41)</div><div class="stackTraceEntry">at com.google.common.util.concurrent.TrustedListenableFutureTask.run (TrustedListenableFutureTask.java:77)</div><div class="stackTraceEntry">at java.util.concurrent.ThreadPoolExecutor.runWorker (ThreadPoolExecutor.java:1149)</div><div class="stackTraceEntry">at java.util.concurrent.ThreadPoolExecutor$Worker.run (ThreadPoolExecutor.java:624)</div><div class="stackTraceEntry">at java.lang.Thread.run (Thread.java:748)</div><div class="stackTraceExceptionMessage">java.lang.NullPointerException: paymentId must not be null!</div><div class="stackTraceEntry">at com.google.common.base.Preconditions.checkNotNull (Preconditions.java:228)</div><div class="stackTraceEntry">at specs.BaseFixture.fetchPaymentById (BaseFixture.java:448)</div><div class="stackTraceEntry">at specs.BaseFixture.fetchPaymentByLegibleName (BaseFixture.java:437)</div><div class="stackTraceEntry">at specs.response.I18nPayoneResponseFixture.handleErrorJsonResponse (I18nPayoneResponseFixture.java:34)</div><div class="stackTraceEntry">at sun.reflect.NativeMethodAccessorImpl.invoke0 (NativeMethodAccessorImpl.java:-2)</div><div class="stackTraceEntry">at sun.reflect.NativeMethodAccessorImpl.invoke (NativeMethodAccessorImpl.java:62)</div><div class="stackTraceEntry">at sun.reflect.DelegatingMethodAccessorImpl.invoke (DelegatingMethodAccessorImpl.java:43)</div><div class="stackTraceEntry">at java.lang.reflect.Method.invoke (Method.java:498)</div><div class="stackTraceEntry">at ognl.OgnlRuntime.invokeMethod (OgnlRuntime.java:532)</div><div class="stackTraceEntry">at ognl.OgnlRuntime.callAppropriateMethod (OgnlRuntime.java:826)</div><div class="stackTraceEntry">at ognl.ObjectMethodAccessor.callMethod (ObjectMethodAccessor.java:61)</div><div class="stackTraceEntry">at ognl.OgnlRuntime.callMethod (OgnlRuntime.java:860)</div><div class="stackTraceEntry">at ognl.ASTMethod.getValueBody (ASTMethod.java:73)</div><div class="stackTraceEntry">at ognl.SimpleNode.evaluateGetValueBody (SimpleNode.java:170)</div><div class="stackTraceEntry">at ognl.SimpleNode.getValue (SimpleNode.java:210)</div><div class="stackTraceEntry">at ognl.ASTAssign.getValueBody (ASTAssign.java:49)</div><div class="stackTraceEntry">at ognl.SimpleNode.evaluateGetValueBody (SimpleNode.java:170)</div><div class="stackTraceEntry">at ognl.SimpleNode.getValue (SimpleNode.java:210)</div><div class="stackTraceEntry">at ognl.Ognl.getValue (Ognl.java:333)</div><div class="stackTraceEntry">at ognl.Ognl.getValue (Ognl.java:378)</div><div class="stackTraceEntry">at ognl.Ognl.getValue (Ognl.java:357)</div><div class="stackTraceEntry">at org.concordion.internal.OgnlEvaluator.evaluate (OgnlEvaluator.java:32)</div><div class="stackTraceEntry">at org.concordion.internal.command.ExecuteCommand$DefaultStrategy.execute (ExecuteCommand.java:52)</div><div class="stackTraceEntry">at org.concordion.internal.command.ExecuteCommand.execute (ExecuteCommand.java:39)</div><div class="stackTraceEntry">at org.concordion.api.AbstractCommandDecorator$2.run (AbstractCommandDecorator.java:23)</div><div class="stackTraceEntry">at org.concordion.internal.command.LocalTextDecorator.process (LocalTextDecorator.java:26)</div><div class="stackTraceEntry">at org.concordion.api.AbstractCommandDecorator.execute (AbstractCommandDecorator.java:21)</div><div class="stackTraceEntry">at org.concordion.api.AbstractCommandDecorator$2.run (AbstractCommandDecorator.java:23)</div><div class="stackTraceEntry">at org.concordion.internal.command.ThrowableCatchingDecorator.process (ThrowableCatchingDecorator.java:42)</div><div class="stackTraceEntry">at org.concordion.api.AbstractCommandDecorator.execute (AbstractCommandDecorator.java:21)</div><div class="stackTraceEntry">at org.concordion.api.CommandCall.execute (CommandCall.java:29)</div><div class="stackTraceEntry">at org.concordion.internal.command.ExecuteCommand$TableStrategy.execute (ExecuteCommand.java:70)</div><div class="stackTraceEntry">at org.concordion.internal.command.ExecuteCommand.execute (ExecuteCommand.java:39)</div><div class="stackTraceEntry">at org.concordion.api.AbstractCommandDecorator$2.run (AbstractCommandDecorator.java:23)</div><div class="stackTraceEntry">at org.concordion.internal.command.LocalTextDecorator.process (LocalTextDecorator.java:26)</div><div class="stackTraceEntry">at org.concordion.api.AbstractCommandDecorator.execute (AbstractCommandDecorator.java:21)</div><div class="stackTraceEntry">at org.concordion.api.AbstractCommandDecorator$2.run (AbstractCommandDecorator.java:23)</div><div class="stackTraceEntry">at org.concordion.internal.command.ThrowableCatchingDecorator.process (ThrowableCatchingDecorator.java:42)</div><div class="stackTraceEntry">at org.concordion.api.AbstractCommandDecorator.execute (AbstractCommandDecorator.java:21)</div><div class="stackTraceEntry">at org.concordion.api.CommandCall.execute (CommandCall.java:29)</div><div class="stackTraceEntry">at org.concordion.api.CommandCallList.processSequentially (CommandCallList.java:30)</div><div class="stackTraceEntry">at org.concordion.internal.command.SpecificationCommand.execute (SpecificationCommand.java:31)</div><div class="stackTraceEntry">at org.concordion.api.CommandCall.execute (CommandCall.java:29)</div><div class="stackTraceEntry">at org.concordion.internal.XMLSpecification.process (XMLSpecification.java:17)</div><div class="stackTraceEntry">at org.concordion.Concordion.process (Concordion.java:33)</div><div class="stackTraceEntry">at org.concordion.Concordion.process (Concordion.java:26)</div><div class="stackTraceEntry">at org.concordion.internal.FixtureRunner.run (FixtureRunner.java:24)</div><div class="stackTraceEntry">at org.concordion.integration.junit4.ConcordionRunner$1.evaluate (ConcordionRunner.java:125)</div><div class="stackTraceEntry">at org.junit.internal.runners.statements.RunBefores.evaluate (RunBefores.java:26)</div><div class="stackTraceEntry">at org.junit.runners.ParentRunner.runLeaf (ParentRunner.java:325)</div><div class="stackTraceEntry">at org.junit.runners.BlockJUnit4ClassRunner.runChild (BlockJUnit4ClassRunner.java:78)</div><div class="stackTraceEntry">at org.concordion.integration.junit4.ConcordionRunner.runChild (ConcordionRunner.java:115)</div><div class="stackTraceEntry">at org.concordion.integration.junit4.ConcordionRunner.runChild (ConcordionRunner.java:21)</div><div class="stackTraceEntry">at org.junit.runners.ParentRunner$3.run (ParentRunner.java:290)</div><div class="stackTraceEntry">at org.junit.runners.ParentRunner$1.schedule (ParentRunner.java:71)</div><div class="stackTraceEntry">at org.junit.runners.ParentRunner.runChildren (ParentRunner.java:288)</div><div class="stackTraceEntry">at org.junit.runners.ParentRunner.access$000 (ParentRunner.java:58)</div><div class="stackTraceEntry">at org.junit.runners.ParentRunner$2.evaluate (ParentRunner.java:268)</div><div class="stackTraceEntry">at org.junit.internal.runners.statements.RunBefores.evaluate (RunBefores.java:26)</div><div class="stackTraceEntry">at org.junit.runners.ParentRunner.run (ParentRunner.java:363)</div><div class="stackTraceEntry">at org.junit.runners.Suite.runChild (Suite.java:128)</div><div class="stackTraceEntry">at org.junit.runners.Suite.runChild (Suite.java:27)</div><div class="stackTraceEntry">at org.junit.runners.ParentRunner$3.run (ParentRunner.java:290)</div><div class="stackTraceEntry">at org.junit.runners.ParentRunner$1.schedule (ParentRunner.java:71)</div><div class="stackTraceEntry">at org.junit.runners.ParentRunner.runChildren (ParentRunner.java:288)</div><div class="stackTraceEntry">at org.junit.runners.ParentRunner.access$000 (ParentRunner.java:58)</div><div class="stackTraceEntry">at org.junit.runners.ParentRunner$2.evaluate (ParentRunner.java:268)</div><div class="stackTraceEntry">at org.junit.runners.ParentRunner.run (ParentRunner.java:363)</div><div class="stackTraceEntry">at org.junit.runner.JUnitCore.run (JUnitCore.java:137)</div><div class="stackTraceEntry">at org.junit.runner.JUnitCore.run (JUnitCore.java:115)</div><div class="stackTraceEntry">at org.junit.runner.JUnitCore.run (JUnitCore.java:105)</div><div class="stackTraceEntry">at org.junit.runner.JUnitCore.runClasses (JUnitCore.java:62)</div><div class="stackTraceEntry">at org.junit.runner.JUnitCore.runClasses (JUnitCore.java:49)</div><div class="stackTraceEntry">at org.concordion.internal.runner.DefaultConcordionRunner.runJUnitClass (DefaultConcordionRunner.java:101)</div><div class="stackTraceEntry">at org.concordion.internal.runner.DefaultConcordionRunner.runTestClass (DefaultConcordionRunner.java:65)</div><div class="stackTraceEntry">at org.concordion.internal.runner.DefaultConcordionRunner.execute (DefaultConcordionRunner.java:28)</div><div class="stackTraceEntry">at org.concordion.ext.run.parallel.ParallelRunStrategy$1.call (ParallelRunStrategy.java:122)</div><div class="stackTraceEntry">at org.concordion.ext.run.parallel.ParallelRunStrategy$1.call (ParallelRunStrategy.java:117)</div><div class="stackTraceEntry">at com.google.common.util.concurrent.TrustedListenableFutureTask$TrustedFutureInterruptibleTask.runInterruptibly (TrustedListenableFutureTask.java:108)</div><div class="stackTraceEntry">at com.google.common.util.concurrent.InterruptibleTask.run (InterruptibleTask.java:41)</div><div class="stackTraceEntry">at com.google.common.util.concurrent.TrustedListenableFutureTask.run (TrustedListenableFutureTask.java:77)</div><div class="stackTraceEntry">at java.util.concurrent.ThreadPoolExecutor.runWorker (ThreadPoolExecutor.java:1149)</div><div class="stackTraceEntry">at java.util.concurrent.ThreadPoolExecutor$Worker.run (ThreadPoolExecutor.java:624)</div><div class="stackTraceEntry">at java.lang.Thread.run (Thread.java:748)</div></div></tr>
        <tr><span class="failure"><del class="expected">
            <td class="inputvalue">Payment 4</td>
            <td>ERROR</td>
            <td>1016</td>
            <td>Parameter {amount} faulty or missing</td>
            <td>Surgi un error durante el procesamiento de esta transaccin. (Parmetros errneos)</td>
            <td />
        </del></span><span class="exceptionMessage">NullPointerException</span><input class="stackTraceButton" id="stackTraceButton10" type="button" onclick="javascript:toggleStackTrace('10')" value="View Stack" /><div class="stackTrace" id="stackTrace10"><p>While evaluating expression: <code>#response = handleErrorJsonResponse(#paymentName)</code></p><div class="stackTraceExceptionMessage">org.concordion.internal.InvalidExpressionException: NullPointerException</div><div class="stackTraceEntry">at com.google.common.base.Preconditions.checkNotNull (Preconditions.java:228)</div><div class="stackTraceEntry">at specs.BaseFixture.fetchPaymentById (BaseFixture.java:448)</div><div class="stackTraceEntry">at specs.BaseFixture.fetchPaymentByLegibleName (BaseFixture.java:437)</div><div class="stackTraceEntry">at specs.response.I18nPayoneResponseFixture.handleErrorJsonResponse (I18nPayoneResponseFixture.java:34)</div><div class="stackTraceEntry">at sun.reflect.NativeMethodAccessorImpl.invoke0 (NativeMethodAccessorImpl.java:-2)</div><div class="stackTraceEntry">at sun.reflect.NativeMethodAccessorImpl.invoke (NativeMethodAccessorImpl.java:62)</div><div class="stackTraceEntry">at sun.reflect.DelegatingMethodAccessorImpl.invoke (DelegatingMethodAccessorImpl.java:43)</div><div class="stackTraceEntry">at java.lang.reflect.Method.invoke (Method.java:498)</div><div class="stackTraceEntry">at ognl.OgnlRuntime.invokeMethod (OgnlRuntime.java:532)</div><div class="stackTraceEntry">at ognl.OgnlRuntime.callAppropriateMethod (OgnlRuntime.java:826)</div><div class="stackTraceEntry">at ognl.ObjectMethodAccessor.callMethod (ObjectMethodAccessor.java:61)</div><div class="stackTraceEntry">at ognl.OgnlRuntime.callMethod (OgnlRuntime.java:860)</div><div class="stackTraceEntry">at ognl.ASTMethod.getValueBody (ASTMethod.java:73)</div><div class="stackTraceEntry">at ognl.SimpleNode.evaluateGetValueBody (SimpleNode.java:170)</div><div class="stackTraceEntry">at ognl.SimpleNode.getValue (SimpleNode.java:210)</div><div class="stackTraceEntry">at ognl.ASTAssign.getValueBody (ASTAssign.java:49)</div><div class="stackTraceEntry">at ognl.SimpleNode.evaluateGetValueBody (SimpleNode.java:170)</div><div class="stackTraceEntry">at ognl.SimpleNode.getValue (SimpleNode.java:210)</div><div class="stackTraceEntry">at ognl.Ognl.getValue (Ognl.java:333)</div><div class="stackTraceEntry">at ognl.Ognl.getValue (Ognl.java:378)</div><div class="stackTraceEntry">at ognl.Ognl.getValue (Ognl.java:357)</div><div class="stackTraceEntry">at org.concordion.internal.OgnlEvaluator.evaluate (OgnlEvaluator.java:32)</div><div class="stackTraceEntry">at org.concordion.internal.command.ExecuteCommand$DefaultStrategy.execute (ExecuteCommand.java:52)</div><div class="stackTraceEntry">at org.concordion.internal.command.ExecuteCommand.execute (ExecuteCommand.java:39)</div><div class="stackTraceEntry">at org.concordion.api.AbstractCommandDecorator$2.run (AbstractCommandDecorator.java:23)</div><div class="stackTraceEntry">at org.concordion.internal.command.LocalTextDecorator.process (LocalTextDecorator.java:26)</div><div class="stackTraceEntry">at org.concordion.api.AbstractCommandDecorator.execute (AbstractCommandDecorator.java:21)</div><div class="stackTraceEntry">at org.concordion.api.AbstractCommandDecorator$2.run (AbstractCommandDecorator.java:23)</div><div class="stackTraceEntry">at org.concordion.internal.command.ThrowableCatchingDecorator.process (ThrowableCatchingDecorator.java:42)</div><div class="stackTraceEntry">at org.concordion.api.AbstractCommandDecorator.execute (AbstractCommandDecorator.java:21)</div><div class="stackTraceEntry">at org.concordion.api.CommandCall.execute (CommandCall.java:29)</div><div class="stackTraceEntry">at org.concordion.internal.command.ExecuteCommand$TableStrategy.execute (ExecuteCommand.java:70)</div><div class="stackTraceEntry">at org.concordion.internal.command.ExecuteCommand.execute (ExecuteCommand.java:39)</div><div class="stackTraceEntry">at org.concordion.api.AbstractCommandDecorator$2.run (AbstractCommandDecorator.java:23)</div><div class="stackTraceEntry">at org.concordion.internal.command.LocalTextDecorator.process (LocalTextDecorator.java:26)</div><div class="stackTraceEntry">at org.concordion.api.AbstractCommandDecorator.execute (AbstractCommandDecorator.java:21)</div><div class="stackTraceEntry">at org.concordion.api.AbstractCommandDecorator$2.run (AbstractCommandDecorator.java:23)</div><div class="stackTraceEntry">at org.concordion.internal.command.ThrowableCatchingDecorator.process (ThrowableCatchingDecorator.java:42)</div><div class="stackTraceEntry">at org.concordion.api.AbstractCommandDecorator.execute (AbstractCommandDecorator.java:21)</div><div class="stackTraceEntry">at org.concordion.api.CommandCall.execute (CommandCall.java:29)</div><div class="stackTraceEntry">at org.concordion.api.CommandCallList.processSequentially (CommandCallList.java:30)</div><div class="stackTraceEntry">at org.concordion.internal.command.SpecificationCommand.execute (SpecificationCommand.java:31)</div><div class="stackTraceEntry">at org.concordion.api.CommandCall.execute (CommandCall.java:29)</div><div class="stackTraceEntry">at org.concordion.internal.XMLSpecification.process (XMLSpecification.java:17)</div><div class="stackTraceEntry">at org.concordion.Concordion.process (Concordion.java:33)</div><div class="stackTraceEntry">at org.concordion.Concordion.process (Concordion.java:26)</div><div class="stackTraceEntry">at org.concordion.internal.FixtureRunner.run (FixtureRunner.java:24)</div><div class="stackTraceEntry">at org.concordion.integration.junit4.ConcordionRunner$1.evaluate (ConcordionRunner.java:125)</div><div class="stackTraceEntry">at org.junit.internal.runners.statements.RunBefores.evaluate (RunBefores.java:26)</div><div class="stackTraceEntry">at org.junit.runners.ParentRunner.runLeaf (ParentRunner.java:325)</div><div class="stackTraceEntry">at org.junit.runners.BlockJUnit4ClassRunner.runChild (BlockJUnit4ClassRunner.java:78)</div><div class="stackTraceEntry">at org.concordion.integration.junit4.ConcordionRunner.runChild (ConcordionRunner.java:115)</div><div class="stackTraceEntry">at org.concordion.integration.junit4.ConcordionRunner.runChild (ConcordionRunner.java:21)</div><div class="stackTraceEntry">at org.junit.runners.ParentRunner$3.run (ParentRunner.java:290)</div><div class="stackTraceEntry">at org.junit.runners.ParentRunner$1.schedule (ParentRunner.java:71)</div><div class="stackTraceEntry">at org.junit.runners.ParentRunner.runChildren (ParentRunner.java:288)</div><div class="stackTraceEntry">at org.junit.runners.ParentRunner.access$000 (ParentRunner.java:58)</div><div class="stackTraceEntry">at org.junit.runners.ParentRunner$2.evaluate (ParentRunner.java:268)</div><div class="stackTraceEntry">at org.junit.internal.runners.statements.RunBefores.evaluate (RunBefores.java:26)</div><div class="stackTraceEntry">at org.junit.runners.ParentRunner.run (ParentRunner.java:363)</div><div class="stackTraceEntry">at org.junit.runners.Suite.runChild (Suite.java:128)</div><div class="stackTraceEntry">at org.junit.runners.Suite.runChild (Suite.java:27)</div><div class="stackTraceEntry">at org.junit.runners.ParentRunner$3.run (ParentRunner.java:290)</div><div class="stackTraceEntry">at org.junit.runners.ParentRunner$1.schedule (ParentRunner.java:71)</div><div class="stackTraceEntry">at org.junit.runners.ParentRunner.runChildren (ParentRunner.java:288)</div><div class="stackTraceEntry">at org.junit.runners.ParentRunner.access$000 (ParentRunner.java:58)</div><div class="stackTraceEntry">at org.junit.runners.ParentRunner$2.evaluate (ParentRunner.java:268)</div><div class="stackTraceEntry">at org.junit.runners.ParentRunner.run (ParentRunner.java:363)</div><div class="stackTraceEntry">at org.junit.runner.JUnitCore.run (JUnitCore.java:137)</div><div class="stackTraceEntry">at org.junit.runner.JUnitCore.run (JUnitCore.java:115)</div><div class="stackTraceEntry">at org.junit.runner.JUnitCore.run (JUnitCore.java:105)</div><div class="stackTraceEntry">at org.junit.runner.JUnitCore.runClasses (JUnitCore.java:62)</div><div class="stackTraceEntry">at org.junit.runner.JUnitCore.runClasses (JUnitCore.java:49)</div><div class="stackTraceEntry">at org.concordion.internal.runner.DefaultConcordionRunner.runJUnitClass (DefaultConcordionRunner.java:101)</div><div class="stackTraceEntry">at org.concordion.internal.runner.DefaultConcordionRunner.runTestClass (DefaultConcordionRunner.java:65)</div><div class="stackTraceEntry">at org.concordion.internal.runner.DefaultConcordionRunner.execute (DefaultConcordionRunner.java:28)</div><div class="stackTraceEntry">at org.concordion.ext.run.parallel.ParallelRunStrategy$1.call (ParallelRunStrategy.java:122)</div><div class="stackTraceEntry">at org.concordion.ext.run.parallel.ParallelRunStrategy$1.call (ParallelRunStrategy.java:117)</div><div class="stackTraceEntry">at com.google.common.util.concurrent.TrustedListenableFutureTask$TrustedFutureInterruptibleTask.runInterruptibly (TrustedListenableFutureTask.java:108)</div><div class="stackTraceEntry">at com.google.common.util.concurrent.InterruptibleTask.run (InterruptibleTask.java:41)</div><div class="stackTraceEntry">at com.google.common.util.concurrent.TrustedListenableFutureTask.run (TrustedListenableFutureTask.java:77)</div><div class="stackTraceEntry">at java.util.concurrent.ThreadPoolExecutor.runWorker (ThreadPoolExecutor.java:1149)</div><div class="stackTraceEntry">at java.util.concurrent.ThreadPoolExecutor$Worker.run (ThreadPoolExecutor.java:624)</div><div class="stackTraceEntry">at java.lang.Thread.run (Thread.java:748)</div><div class="stackTraceExceptionMessage">java.lang.NullPointerException: paymentId must not be null!</div><div class="stackTraceEntry">at com.google.common.base.Preconditions.checkNotNull (Preconditions.java:228)</div><div class="stackTraceEntry">at specs.BaseFixture.fetchPaymentById (BaseFixture.java:448)</div><div class="stackTraceEntry">at specs.BaseFixture.fetchPaymentByLegibleName (BaseFixture.java:437)</div><div class="stackTraceEntry">at specs.response.I18nPayoneResponseFixture.handleErrorJsonResponse (I18nPayoneResponseFixture.java:34)</div><div class="stackTraceEntry">at sun.reflect.NativeMethodAccessorImpl.invoke0 (NativeMethodAccessorImpl.java:-2)</div><div class="stackTraceEntry">at sun.reflect.NativeMethodAccessorImpl.invoke (NativeMethodAccessorImpl.java:62)</div><div class="stackTraceEntry">at sun.reflect.DelegatingMethodAccessorImpl.invoke (DelegatingMethodAccessorImpl.java:43)</div><div class="stackTraceEntry">at java.lang.reflect.Method.invoke (Method.java:498)</div><div class="stackTraceEntry">at ognl.OgnlRuntime.invokeMethod (OgnlRuntime.java:532)</div><div class="stackTraceEntry">at ognl.OgnlRuntime.callAppropriateMethod (OgnlRuntime.java:826)</div><div class="stackTraceEntry">at ognl.ObjectMethodAccessor.callMethod (ObjectMethodAccessor.java:61)</div><div class="stackTraceEntry">at ognl.OgnlRuntime.callMethod (OgnlRuntime.java:860)</div><div class="stackTraceEntry">at ognl.ASTMethod.getValueBody (ASTMethod.java:73)</div><div class="stackTraceEntry">at ognl.SimpleNode.evaluateGetValueBody (SimpleNode.java:170)</div><div class="stackTraceEntry">at ognl.SimpleNode.getValue (SimpleNode.java:210)</div><div class="stackTraceEntry">at ognl.ASTAssign.getValueBody (ASTAssign.java:49)</div><div class="stackTraceEntry">at ognl.SimpleNode.evaluateGetValueBody (SimpleNode.java:170)</div><div class="stackTraceEntry">at ognl.SimpleNode.getValue (SimpleNode.java:210)</div><div class="stackTraceEntry">at ognl.Ognl.getValue (Ognl.java:333)</div><div class="stackTraceEntry">at ognl.Ognl.getValue (Ognl.java:378)</div><div class="stackTraceEntry">at ognl.Ognl.getValue (Ognl.java:357)</div><div class="stackTraceEntry">at org.concordion.internal.OgnlEvaluator.evaluate (OgnlEvaluator.java:32)</div><div class="stackTraceEntry">at org.concordion.internal.command.ExecuteCommand$DefaultStrategy.execute (ExecuteCommand.java:52)</div><div class="stackTraceEntry">at org.concordion.internal.command.ExecuteCommand.execute (ExecuteCommand.java:39)</div><div class="stackTraceEntry">at org.concordion.api.AbstractCommandDecorator$2.run (AbstractCommandDecorator.java:23)</div><div class="stackTraceEntry">at org.concordion.internal.command.LocalTextDecorator.process (LocalTextDecorator.java:26)</div><div class="stackTraceEntry">at org.concordion.api.AbstractCommandDecorator.execute (AbstractCommandDecorator.java:21)</div><div class="stackTraceEntry">at org.concordion.api.AbstractCommandDecorator$2.run (AbstractCommandDecorator.java:23)</div><div class="stackTraceEntry">at org.concordion.internal.command.ThrowableCatchingDecorator.process (ThrowableCatchingDecorator.java:42)</div><div class="stackTraceEntry">at org.concordion.api.AbstractCommandDecorator.execute (AbstractCommandDecorator.java:21)</div><div class="stackTraceEntry">at org.concordion.api.CommandCall.execute (CommandCall.java:29)</div><div class="stackTraceEntry">at org.concordion.internal.command.ExecuteCommand$TableStrategy.execute (ExecuteCommand.java:70)</div><div class="stackTraceEntry">at org.concordion.internal.command.ExecuteCommand.execute (ExecuteCommand.java:39)</div><div class="stackTraceEntry">at org.concordion.api.AbstractCommandDecorator$2.run (AbstractCommandDecorator.java:23)</div><div class="stackTraceEntry">at org.concordion.internal.command.LocalTextDecorator.process (LocalTextDecorator.java:26)</div><div class="stackTraceEntry">at org.concordion.api.AbstractCommandDecorator.execute (AbstractCommandDecorator.java:21)</div><div class="stackTraceEntry">at org.concordion.api.AbstractCommandDecorator$2.run (AbstractCommandDecorator.java:23)</div><div class="stackTraceEntry">at org.concordion.internal.command.ThrowableCatchingDecorator.process (ThrowableCatchingDecorator.java:42)</div><div class="stackTraceEntry">at org.concordion.api.AbstractCommandDecorator.execute (AbstractCommandDecorator.java:21)</div><div class="stackTraceEntry">at org.concordion.api.CommandCall.execute (CommandCall.java:29)</div><div class="stackTraceEntry">at org.concordion.api.CommandCallList.processSequentially (CommandCallList.java:30)</div><div class="stackTraceEntry">at org.concordion.internal.command.SpecificationCommand.execute (SpecificationCommand.java:31)</div><div class="stackTraceEntry">at org.concordion.api.CommandCall.execute (CommandCall.java:29)</div><div class="stackTraceEntry">at org.concordion.internal.XMLSpecification.process (XMLSpecification.java:17)</div><div class="stackTraceEntry">at org.concordion.Concordion.process (Concordion.java:33)</div><div class="stackTraceEntry">at org.concordion.Concordion.process (Concordion.java:26)</div><div class="stackTraceEntry">at org.concordion.internal.FixtureRunner.run (FixtureRunner.java:24)</div><div class="stackTraceEntry">at org.concordion.integration.junit4.ConcordionRunner$1.evaluate (ConcordionRunner.java:125)</div><div class="stackTraceEntry">at org.junit.internal.runners.statements.RunBefores.evaluate (RunBefores.java:26)</div><div class="stackTraceEntry">at org.junit.runners.ParentRunner.runLeaf (ParentRunner.java:325)</div><div class="stackTraceEntry">at org.junit.runners.BlockJUnit4ClassRunner.runChild (BlockJUnit4ClassRunner.java:78)</div><div class="stackTraceEntry">at org.concordion.integration.junit4.ConcordionRunner.runChild (ConcordionRunner.java:115)</div><div class="stackTraceEntry">at org.concordion.integration.junit4.ConcordionRunner.runChild (ConcordionRunner.java:21)</div><div class="stackTraceEntry">at org.junit.runners.ParentRunner$3.run (ParentRunner.java:290)</div><div class="stackTraceEntry">at org.junit.runners.ParentRunner$1.schedule (ParentRunner.java:71)</div><div class="stackTraceEntry">at org.junit.runners.ParentRunner.runChildren (ParentRunner.java:288)</div><div class="stackTraceEntry">at org.junit.runners.ParentRunner.access$000 (ParentRunner.java:58)</div><div class="stackTraceEntry">at org.junit.runners.ParentRunner$2.evaluate (ParentRunner.java:268)</div><div class="stackTraceEntry">at org.junit.internal.runners.statements.RunBefores.evaluate (RunBefores.java:26)</div><div class="stackTraceEntry">at org.junit.runners.ParentRunner.run (ParentRunner.java:363)</div><div class="stackTraceEntry">at org.junit.runners.Suite.runChild (Suite.java:128)</div><div class="stackTraceEntry">at org.junit.runners.Suite.runChild (Suite.java:27)</div><div class="stackTraceEntry">at org.junit.runners.ParentRunner$3.run (ParentRunner.java:290)</div><div class="stackTraceEntry">at org.junit.runners.ParentRunner$1.schedule (ParentRunner.java:71)</div><div class="stackTraceEntry">at org.junit.runners.ParentRunner.runChildren (ParentRunner.java:288)</div><div class="stackTraceEntry">at org.junit.runners.ParentRunner.access$000 (ParentRunner.java:58)</div><div class="stackTraceEntry">at org.junit.runners.ParentRunner$2.evaluate (ParentRunner.java:268)</div><div class="stackTraceEntry">at org.junit.runners.ParentRunner.run (ParentRunner.java:363)</div><div class="stackTraceEntry">at org.junit.runner.JUnitCore.run (JUnitCore.java:137)</div><div class="stackTraceEntry">at org.junit.runner.JUnitCore.run (JUnitCore.java:115)</div><div class="stackTraceEntry">at org.junit.runner.JUnitCore.run (JUnitCore.java:105)</div><div class="stackTraceEntry">at org.junit.runner.JUnitCore.runClasses (JUnitCore.java:62)</div><div class="stackTraceEntry">at org.junit.runner.JUnitCore.runClasses (JUnitCore.java:49)</div><div class="stackTraceEntry">at org.concordion.internal.runner.DefaultConcordionRunner.runJUnitClass (DefaultConcordionRunner.java:101)</div><div class="stackTraceEntry">at org.concordion.internal.runner.DefaultConcordionRunner.runTestClass (DefaultConcordionRunner.java:65)</div><div class="stackTraceEntry">at org.concordion.internal.runner.DefaultConcordionRunner.execute (DefaultConcordionRunner.java:28)</div><div class="stackTraceEntry">at org.concordion.ext.run.parallel.ParallelRunStrategy$1.call (ParallelRunStrategy.java:122)</div><div class="stackTraceEntry">at org.concordion.ext.run.parallel.ParallelRunStrategy$1.call (ParallelRunStrategy.java:117)</div><div class="stackTraceEntry">at com.google.common.util.concurrent.TrustedListenableFutureTask$TrustedFutureInterruptibleTask.runInterruptibly (TrustedListenableFutureTask.java:108)</div><div class="stackTraceEntry">at com.google.common.util.concurrent.InterruptibleTask.run (InterruptibleTask.java:41)</div><div class="stackTraceEntry">at com.google.common.util.concurrent.TrustedListenableFutureTask.run (TrustedListenableFutureTask.java:77)</div><div class="stackTraceEntry">at java.util.concurrent.ThreadPoolExecutor.runWorker (ThreadPoolExecutor.java:1149)</div><div class="stackTraceEntry">at java.util.concurrent.ThreadPoolExecutor$Worker.run (ThreadPoolExecutor.java:624)</div><div class="stackTraceEntry">at java.lang.Thread.run (Thread.java:748)</div></div></tr>
        <tr><span class="failure"><del class="expected">
            <td class="inputvalue">Payment 5</td>
            <td>ERROR</td>
            <td>923</td>
            <td>Payment type not available for this currency or card type</td>
            <td>Configuration problem, please choose another payment method.</td>
            <td />
        </del></span><span class="exceptionMessage">NullPointerException</span><input class="stackTraceButton" id="stackTraceButton11" type="button" onclick="javascript:toggleStackTrace('11')" value="View Stack" /><div class="stackTrace" id="stackTrace11"><p>While evaluating expression: <code>#response = handleErrorJsonResponse(#paymentName)</code></p><div class="stackTraceExceptionMessage">org.concordion.internal.InvalidExpressionException: NullPointerException</div><div class="stackTraceEntry">at com.google.common.base.Preconditions.checkNotNull (Preconditions.java:228)</div><div class="stackTraceEntry">at specs.BaseFixture.fetchPaymentById (BaseFixture.java:448)</div><div class="stackTraceEntry">at specs.BaseFixture.fetchPaymentByLegibleName (BaseFixture.java:437)</div><div class="stackTraceEntry">at specs.response.I18nPayoneResponseFixture.handleErrorJsonResponse (I18nPayoneResponseFixture.java:34)</div><div class="stackTraceEntry">at sun.reflect.NativeMethodAccessorImpl.invoke0 (NativeMethodAccessorImpl.java:-2)</div><div class="stackTraceEntry">at sun.reflect.NativeMethodAccessorImpl.invoke (NativeMethodAccessorImpl.java:62)</div><div class="stackTraceEntry">at sun.reflect.DelegatingMethodAccessorImpl.invoke (DelegatingMethodAccessorImpl.java:43)</div><div class="stackTraceEntry">at java.lang.reflect.Method.invoke (Method.java:498)</div><div class="stackTraceEntry">at ognl.OgnlRuntime.invokeMethod (OgnlRuntime.java:532)</div><div class="stackTraceEntry">at ognl.OgnlRuntime.callAppropriateMethod (OgnlRuntime.java:826)</div><div class="stackTraceEntry">at ognl.ObjectMethodAccessor.callMethod (ObjectMethodAccessor.java:61)</div><div class="stackTraceEntry">at ognl.OgnlRuntime.callMethod (OgnlRuntime.java:860)</div><div class="stackTraceEntry">at ognl.ASTMethod.getValueBody (ASTMethod.java:73)</div><div class="stackTraceEntry">at ognl.SimpleNode.evaluateGetValueBody (SimpleNode.java:170)</div><div class="stackTraceEntry">at ognl.SimpleNode.getValue (SimpleNode.java:210)</div><div class="stackTraceEntry">at ognl.ASTAssign.getValueBody (ASTAssign.java:49)</div><div class="stackTraceEntry">at ognl.SimpleNode.evaluateGetValueBody (SimpleNode.java:170)</div><div class="stackTraceEntry">at ognl.SimpleNode.getValue (SimpleNode.java:210)</div><div class="stackTraceEntry">at ognl.Ognl.getValue (Ognl.java:333)</div><div class="stackTraceEntry">at ognl.Ognl.getValue (Ognl.java:378)</div><div class="stackTraceEntry">at ognl.Ognl.getValue (Ognl.java:357)</div><div class="stackTraceEntry">at org.concordion.internal.OgnlEvaluator.evaluate (OgnlEvaluator.java:32)</div><div class="stackTraceEntry">at org.concordion.internal.command.ExecuteCommand$DefaultStrategy.execute (ExecuteCommand.java:52)</div><div class="stackTraceEntry">at org.concordion.internal.command.ExecuteCommand.execute (ExecuteCommand.java:39)</div><div class="stackTraceEntry">at org.concordion.api.AbstractCommandDecorator$2.run (AbstractCommandDecorator.java:23)</div><div class="stackTraceEntry">at org.concordion.internal.command.LocalTextDecorator.process (LocalTextDecorator.java:26)</div><div class="stackTraceEntry">at org.concordion.api.AbstractCommandDecorator.execute (AbstractCommandDecorator.java:21)</div><div class="stackTraceEntry">at org.concordion.api.AbstractCommandDecorator$2.run (AbstractCommandDecorator.java:23)</div><div class="stackTraceEntry">at org.concordion.internal.command.ThrowableCatchingDecorator.process (ThrowableCatchingDecorator.java:42)</div><div class="stackTraceEntry">at org.concordion.api.AbstractCommandDecorator.execute (AbstractCommandDecorator.java:21)</div><div class="stackTraceEntry">at org.concordion.api.CommandCall.execute (CommandCall.java:29)</div><div class="stackTraceEntry">at org.concordion.internal.command.ExecuteCommand$TableStrategy.execute (ExecuteCommand.java:70)</div><div class="stackTraceEntry">at org.concordion.internal.command.ExecuteCommand.execute (ExecuteCommand.java:39)</div><div class="stackTraceEntry">at org.concordion.api.AbstractCommandDecorator$2.run (AbstractCommandDecorator.java:23)</div><div class="stackTraceEntry">at org.concordion.internal.command.LocalTextDecorator.process (LocalTextDecorator.java:26)</div><div class="stackTraceEntry">at org.concordion.api.AbstractCommandDecorator.execute (AbstractCommandDecorator.java:21)</div><div class="stackTraceEntry">at org.concordion.api.AbstractCommandDecorator$2.run (AbstractCommandDecorator.java:23)</div><div class="stackTraceEntry">at org.concordion.internal.command.ThrowableCatchingDecorator.process (ThrowableCatchingDecorator.java:42)</div><div class="stackTraceEntry">at org.concordion.api.AbstractCommandDecorator.execute (AbstractCommandDecorator.java:21)</div><div class="stackTraceEntry">at org.concordion.api.CommandCall.execute (CommandCall.java:29)</div><div class="stackTraceEntry">at org.concordion.api.CommandCallList.processSequentially (CommandCallList.java:30)</div><div class="stackTraceEntry">at org.concordion.internal.command.SpecificationCommand.execute (SpecificationCommand.java:31)</div><div class="stackTraceEntry">at org.concordion.api.CommandCall.execute (CommandCall.java:29)</div><div class="stackTraceEntry">at org.concordion.internal.XMLSpecification.process (XMLSpecification.java:17)</div><div class="stackTraceEntry">at org.concordion.Concordion.process (Concordion.java:33)</div><div class="stackTraceEntry">at org.concordion.Concordion.process (Concordion.java:26)</div><div class="stackTraceEntry">at org.concordion.internal.FixtureRunner.run (FixtureRunner.java:24)</div><div class="stackTraceEntry">at org.concordion.integration.junit4.ConcordionRunner$1.evaluate (ConcordionRunner.java:125)</div><div class="stackTraceEntry">at org.junit.internal.runners.statements.RunBefores.evaluate (RunBefores.java:26)</div><div class="stackTraceEntry">at org.junit.runners.ParentRunner.runLeaf (ParentRunner.java:325)</div><div class="stackTraceEntry">at org.junit.runners.BlockJUnit4ClassRunner.runChild (BlockJUnit4ClassRunner.java:78)</div><div class="stackTraceEntry">at org.concordion.integration.junit4.ConcordionRunner.runChild (ConcordionRunner.java:115)</div><div class="stackTraceEntry">at org.concordion.integration.junit4.ConcordionRunner.runChild (ConcordionRunner.java:21)</div><div class="stackTraceEntry">at org.junit.runners.ParentRunner$3.run (ParentRunner.java:290)</div><div class="stackTraceEntry">at org.junit.runners.ParentRunner$1.schedule (ParentRunner.java:71)</div><div class="stackTraceEntry">at org.junit.runners.ParentRunner.runChildren (ParentRunner.java:288)</div><div class="stackTraceEntry">at org.junit.runners.ParentRunner.access$000 (ParentRunner.java:58)</div><div class="stackTraceEntry">at org.junit.runners.ParentRunner$2.evaluate (ParentRunner.java:268)</div><div class="stackTraceEntry">at org.junit.internal.runners.statements.RunBefores.evaluate (RunBefores.java:26)</div><div class="stackTraceEntry">at org.junit.runners.ParentRunner.run (ParentRunner.java:363)</div><div class="stackTraceEntry">at org.junit.runners.Suite.runChild (Suite.java:128)</div><div class="stackTraceEntry">at org.junit.runners.Suite.runChild (Suite.java:27)</div><div class="stackTraceEntry">at org.junit.runners.ParentRunner$3.run (ParentRunner.java:290)</div><div class="stackTraceEntry">at org.junit.runners.ParentRunner$1.schedule (ParentRunner.java:71)</div><div class="stackTraceEntry">at org.junit.runners.ParentRunner.runChildren (ParentRunner.java:288)</div><div class="stackTraceEntry">at org.junit.runners.ParentRunner.access$000 (ParentRunner.java:58)</div><div class="stackTraceEntry">at org.junit.runners.ParentRunner$2.evaluate (ParentRunner.java:268)</div><div class="stackTraceEntry">at org.junit.runners.ParentRunner.run (ParentRunner.java:363)</div><div class="stackTraceEntry">at org.junit.runner.JUnitCore.run (JUnitCore.java:137)</div><div class="stackTraceEntry">at org.junit.runner.JUnitCore.run (JUnitCore.java:115)</div><div class="stackTraceEntry">at org.junit.runner.JUnitCore.run (JUnitCore.java:105)</div><div class="stackTraceEntry">at org.junit.runner.JUnitCore.runClasses (JUnitCore.java:62)</div><div class="stackTraceEntry">at org.junit.runner.JUnitCore.runClasses (JUnitCore.java:49)</div><div class="stackTraceEntry">at org.concordion.internal.runner.DefaultConcordionRunner.runJUnitClass (DefaultConcordionRunner.java:101)</div><div class="stackTraceEntry">at org.concordion.internal.runner.DefaultConcordionRunner.runTestClass (DefaultConcordionRunner.java:65)</div><div class="stackTraceEntry">at org.concordion.internal.runner.DefaultConcordionRunner.execute (DefaultConcordionRunner.java:28)</div><div class="stackTraceEntry">at org.concordion.ext.run.parallel.ParallelRunStrategy$1.call (ParallelRunStrategy.java:122)</div><div class="stackTraceEntry">at org.concordion.ext.run.parallel.ParallelRunStrategy$1.call (ParallelRunStrategy.java:117)</div><div class="stackTraceEntry">at com.google.common.util.concurrent.TrustedListenableFutureTask$TrustedFutureInterruptibleTask.runInterruptibly (TrustedListenableFutureTask.java:108)</div><div class="stackTraceEntry">at com.google.common.util.concurrent.InterruptibleTask.run (InterruptibleTask.java:41)</div><div class="stackTraceEntry">at com.google.common.util.concurrent.TrustedListenableFutureTask.run (TrustedListenableFutureTask.java:77)</div><div class="stackTraceEntry">at java.util.concurrent.ThreadPoolExecutor.runWorker (ThreadPoolExecutor.java:1149)</div><div class="stackTraceEntry">at java.util.concurrent.ThreadPoolExecutor$Worker.run (ThreadPoolExecutor.java:624)</div><div class="stackTraceEntry">at java.lang.Thread.run (Thread.java:748)</div><div class="stackTraceExceptionMessage">java.lang.NullPointerException: paymentId must not be null!</div><div class="stackTraceEntry">at com.google.common.base.Preconditions.checkNotNull (Preconditions.java:228)</div><div class="stackTraceEntry">at specs.BaseFixture.fetchPaymentById (BaseFixture.java:448)</div><div class="stackTraceEntry">at specs.BaseFixture.fetchPaymentByLegibleName (BaseFixture.java:437)</div><div class="stackTraceEntry">at specs.response.I18nPayoneResponseFixture.handleErrorJsonResponse (I18nPayoneResponseFixture.java:34)</div><div class="stackTraceEntry">at sun.reflect.NativeMethodAccessorImpl.invoke0 (NativeMethodAccessorImpl.java:-2)</div><div class="stackTraceEntry">at sun.reflect.NativeMethodAccessorImpl.invoke (NativeMethodAccessorImpl.java:62)</div><div class="stackTraceEntry">at sun.reflect.DelegatingMethodAccessorImpl.invoke (DelegatingMethodAccessorImpl.java:43)</div><div class="stackTraceEntry">at java.lang.reflect.Method.invoke (Method.java:498)</div><div class="stackTraceEntry">at ognl.OgnlRuntime.invokeMethod (OgnlRuntime.java:532)</div><div class="stackTraceEntry">at ognl.OgnlRuntime.callAppropriateMethod (OgnlRuntime.java:826)</div><div class="stackTraceEntry">at ognl.ObjectMethodAccessor.callMethod (ObjectMethodAccessor.java:61)</div><div class="stackTraceEntry">at ognl.OgnlRuntime.callMethod (OgnlRuntime.java:860)</div><div class="stackTraceEntry">at ognl.ASTMethod.getValueBody (ASTMethod.java:73)</div><div class="stackTraceEntry">at ognl.SimpleNode.evaluateGetValueBody (SimpleNode.java:170)</div><div class="stackTraceEntry">at ognl.SimpleNode.getValue (SimpleNode.java:210)</div><div class="stackTraceEntry">at ognl.ASTAssign.getValueBody (ASTAssign.java:49)</div><div class="stackTraceEntry">at ognl.SimpleNode.evaluateGetValueBody (SimpleNode.java:170)</div><div class="stackTraceEntry">at ognl.SimpleNode.getValue (SimpleNode.java:210)</div><div class="stackTraceEntry">at ognl.Ognl.getValue (Ognl.java:333)</div><div class="stackTraceEntry">at ognl.Ognl.getValue (Ognl.java:378)</div><div class="stackTraceEntry">at ognl.Ognl.getValue (Ognl.java:357)</div><div class="stackTraceEntry">at org.concordion.internal.OgnlEvaluator.evaluate (OgnlEvaluator.java:32)</div><div class="stackTraceEntry">at org.concordion.internal.command.ExecuteCommand$DefaultStrategy.execute (ExecuteCommand.java:52)</div><div class="stackTraceEntry">at org.concordion.internal.command.ExecuteCommand.execute (ExecuteCommand.java:39)</div><div class="stackTraceEntry">at org.concordion.api.AbstractCommandDecorator$2.run (AbstractCommandDecorator.java:23)</div><div class="stackTraceEntry">at org.concordion.internal.command.LocalTextDecorator.process (LocalTextDecorator.java:26)</div><div class="stackTraceEntry">at org.concordion.api.AbstractCommandDecorator.execute (AbstractCommandDecorator.java:21)</div><div class="stackTraceEntry">at org.concordion.api.AbstractCommandDecorator$2.run (AbstractCommandDecorator.java:23)</div><div class="stackTraceEntry">at org.concordion.internal.command.ThrowableCatchingDecorator.process (ThrowableCatchingDecorator.java:42)</div><div class="stackTraceEntry">at org.concordion.api.AbstractCommandDecorator.execute (AbstractCommandDecorator.java:21)</div><div class="stackTraceEntry">at org.concordion.api.CommandCall.execute (CommandCall.java:29)</div><div class="stackTraceEntry">at org.concordion.internal.command.ExecuteCommand$TableStrategy.execute (ExecuteCommand.java:70)</div><div class="stackTraceEntry">at org.concordion.internal.command.ExecuteCommand.execute (ExecuteCommand.java:39)</div><div class="stackTraceEntry">at org.concordion.api.AbstractCommandDecorator$2.run (AbstractCommandDecorator.java:23)</div><div class="stackTraceEntry">at org.concordion.internal.command.LocalTextDecorator.process (LocalTextDecorator.java:26)</div><div class="stackTraceEntry">at org.concordion.api.AbstractCommandDecorator.execute (AbstractCommandDecorator.java:21)</div><div class="stackTraceEntry">at org.concordion.api.AbstractCommandDecorator$2.run (AbstractCommandDecorator.java:23)</div><div class="stackTraceEntry">at org.concordion.internal.command.ThrowableCatchingDecorator.process (ThrowableCatchingDecorator.java:42)</div><div class="stackTraceEntry">at org.concordion.api.AbstractCommandDecorator.execute (AbstractCommandDecorator.java:21)</div><div class="stackTraceEntry">at org.concordion.api.CommandCall.execute (CommandCall.java:29)</div><div class="stackTraceEntry">at org.concordion.api.CommandCallList.processSequentially (CommandCallList.java:30)</div><div class="stackTraceEntry">at org.concordion.internal.command.SpecificationCommand.execute (SpecificationCommand.java:31)</div><div class="stackTraceEntry">at org.concordion.api.CommandCall.execute (CommandCall.java:29)</div><div class="stackTraceEntry">at org.concordion.internal.XMLSpecification.process (XMLSpecification.java:17)</div><div class="stackTraceEntry">at org.concordion.Concordion.process (Concordion.java:33)</div><div class="stackTraceEntry">at org.concordion.Concordion.process (Concordion.java:26)</div><div class="stackTraceEntry">at org.concordion.internal.FixtureRunner.run (FixtureRunner.java:24)</div><div class="stackTraceEntry">at org.concordion.integration.junit4.ConcordionRunner$1.evaluate (ConcordionRunner.java:125)</div><div class="stackTraceEntry">at org.junit.internal.runners.statements.RunBefores.evaluate (RunBefores.java:26)</div><div class="stackTraceEntry">at org.junit.runners.ParentRunner.runLeaf (ParentRunner.java:325)</div><div class="stackTraceEntry">at org.junit.runners.BlockJUnit4ClassRunner.runChild (BlockJUnit4ClassRunner.java:78)</div><div class="stackTraceEntry">at org.concordion.integration.junit4.ConcordionRunner.runChild (ConcordionRunner.java:115)</div><div class="stackTraceEntry">at org.concordion.integration.junit4.ConcordionRunner.runChild (ConcordionRunner.java:21)</div><div class="stackTraceEntry">at org.junit.runners.ParentRunner$3.run (ParentRunner.java:290)</div><div class="stackTraceEntry">at org.junit.runners.ParentRunner$1.schedule (ParentRunner.java:71)</div><div class="stackTraceEntry">at org.junit.runners.ParentRunner.runChildren (ParentRunner.java:288)</div><div class="stackTraceEntry">at org.junit.runners.ParentRunner.access$000 (ParentRunner.java:58)</div><div class="stackTraceEntry">at org.junit.runners.ParentRunner$2.evaluate (ParentRunner.java:268)</div><div class="stackTraceEntry">at org.junit.internal.runners.statements.RunBefores.evaluate (RunBefores.java:26)</div><div class="stackTraceEntry">at org.junit.runners.ParentRunner.run (ParentRunner.java:363)</div><div class="stackTraceEntry">at org.junit.runners.Suite.runChild (Suite.java:128)</div><div class="stackTraceEntry">at org.junit.runners.Suite.runChild (Suite.java:27)</div><div class="stackTraceEntry">at org.junit.runners.ParentRunner$3.run (ParentRunner.java:290)</div><div class="stackTraceEntry">at org.junit.runners.ParentRunner$1.schedule (ParentRunner.java:71)</div><div class="stackTraceEntry">at org.junit.runners.ParentRunner.runChildren (ParentRunner.java:288)</div><div class="stackTraceEntry">at org.junit.runners.ParentRunner.access$000 (ParentRunner.java:58)</div><div class="stackTraceEntry">at org.junit.runners.ParentRunner$2.evaluate (ParentRunner.java:268)</div><div class="stackTraceEntry">at org.junit.runners.ParentRunner.run (ParentRunner.java:363)</div><div class="stackTraceEntry">at org.junit.runner.JUnitCore.run (JUnitCore.java:137)</div><div class="stackTraceEntry">at org.junit.runner.JUnitCore.run (JUnitCore.java:115)</div><div class="stackTraceEntry">at org.junit.runner.JUnitCore.run (JUnitCore.java:105)</div><div class="stackTraceEntry">at org.junit.runner.JUnitCore.runClasses (JUnitCore.java:62)</div><div class="stackTraceEntry">at org.junit.runner.JUnitCore.runClasses (JUnitCore.java:49)</div><div class="stackTraceEntry">at org.concordion.internal.runner.DefaultConcordionRunner.runJUnitClass (DefaultConcordionRunner.java:101)</div><div class="stackTraceEntry">at org.concordion.internal.runner.DefaultConcordionRunner.runTestClass (DefaultConcordionRunner.java:65)</div><div class="stackTraceEntry">at org.concordion.internal.runner.DefaultConcordionRunner.execute (DefaultConcordionRunner.java:28)</div><div class="stackTraceEntry">at org.concordion.ext.run.parallel.ParallelRunStrategy$1.call (ParallelRunStrategy.java:122)</div><div class="stackTraceEntry">at org.concordion.ext.run.parallel.ParallelRunStrategy$1.call (ParallelRunStrategy.java:117)</div><div class="stackTraceEntry">at com.google.common.util.concurrent.TrustedListenableFutureTask$TrustedFutureInterruptibleTask.runInterruptibly (TrustedListenableFutureTask.java:108)</div><div class="stackTraceEntry">at com.google.common.util.concurrent.InterruptibleTask.run (InterruptibleTask.java:41)</div><div class="stackTraceEntry">at com.google.common.util.concurrent.TrustedListenableFutureTask.run (TrustedListenableFutureTask.java:77)</div><div class="stackTraceEntry">at java.util.concurrent.ThreadPoolExecutor.runWorker (ThreadPoolExecutor.java:1149)</div><div class="stackTraceEntry">at java.util.concurrent.ThreadPoolExecutor$Worker.run (ThreadPoolExecutor.java:624)</div><div class="stackTraceEntry">at java.lang.Thread.run (Thread.java:748)</div></div></tr>
        <tr><span class="failure"><del class="expected">
            <td class="inputvalue">Payment 6</td>
            <td>ERROR</td>
            <td>1341</td>
            <td>Parameter {language} faulty or missing</td>
            <td>Invalid language. Please verify your data.</td>
            <td />
        </del></span><span class="exceptionMessage">NullPointerException</span><input class="stackTraceButton" id="stackTraceButton12" type="button" onclick="javascript:toggleStackTrace('12')" value="View Stack" /><div class="stackTrace" id="stackTrace12"><p>While evaluating expression: <code>#response = handleErrorJsonResponse(#paymentName)</code></p><div class="stackTraceExceptionMessage">org.concordion.internal.InvalidExpressionException: NullPointerException</div><div class="stackTraceEntry">at com.google.common.base.Preconditions.checkNotNull (Preconditions.java:228)</div><div class="stackTraceEntry">at specs.BaseFixture.fetchPaymentById (BaseFixture.java:448)</div><div class="stackTraceEntry">at specs.BaseFixture.fetchPaymentByLegibleName (BaseFixture.java:437)</div><div class="stackTraceEntry">at specs.response.I18nPayoneResponseFixture.handleErrorJsonResponse (I18nPayoneResponseFixture.java:34)</div><div class="stackTraceEntry">at sun.reflect.NativeMethodAccessorImpl.invoke0 (NativeMethodAccessorImpl.java:-2)</div><div class="stackTraceEntry">at sun.reflect.NativeMethodAccessorImpl.invoke (NativeMethodAccessorImpl.java:62)</div><div class="stackTraceEntry">at sun.reflect.DelegatingMethodAccessorImpl.invoke (DelegatingMethodAccessorImpl.java:43)</div><div class="stackTraceEntry">at java.lang.reflect.Method.invoke (Method.java:498)</div><div class="stackTraceEntry">at ognl.OgnlRuntime.invokeMethod (OgnlRuntime.java:532)</div><div class="stackTraceEntry">at ognl.OgnlRuntime.callAppropriateMethod (OgnlRuntime.java:826)</div><div class="stackTraceEntry">at ognl.ObjectMethodAccessor.callMethod (ObjectMethodAccessor.java:61)</div><div class="stackTraceEntry">at ognl.OgnlRuntime.callMethod (OgnlRuntime.java:860)</div><div class="stackTraceEntry">at ognl.ASTMethod.getValueBody (ASTMethod.java:73)</div><div class="stackTraceEntry">at ognl.SimpleNode.evaluateGetValueBody (SimpleNode.java:170)</div><div class="stackTraceEntry">at ognl.SimpleNode.getValue (SimpleNode.java:210)</div><div class="stackTraceEntry">at ognl.ASTAssign.getValueBody (ASTAssign.java:49)</div><div class="stackTraceEntry">at ognl.SimpleNode.evaluateGetValueBody (SimpleNode.java:170)</div><div class="stackTraceEntry">at ognl.SimpleNode.getValue (SimpleNode.java:210)</div><div class="stackTraceEntry">at ognl.Ognl.getValue (Ognl.java:333)</div><div class="stackTraceEntry">at ognl.Ognl.getValue (Ognl.java:378)</div><div class="stackTraceEntry">at ognl.Ognl.getValue (Ognl.java:357)</div><div class="stackTraceEntry">at org.concordion.internal.OgnlEvaluator.evaluate (OgnlEvaluator.java:32)</div><div class="stackTraceEntry">at org.concordion.internal.command.ExecuteCommand$DefaultStrategy.execute (ExecuteCommand.java:52)</div><div class="stackTraceEntry">at org.concordion.internal.command.ExecuteCommand.execute (ExecuteCommand.java:39)</div><div class="stackTraceEntry">at org.concordion.api.AbstractCommandDecorator$2.run (AbstractCommandDecorator.java:23)</div><div class="stackTraceEntry">at org.concordion.internal.command.LocalTextDecorator.process (LocalTextDecorator.java:26)</div><div class="stackTraceEntry">at org.concordion.api.AbstractCommandDecorator.execute (AbstractCommandDecorator.java:21)</div><div class="stackTraceEntry">at org.concordion.api.AbstractCommandDecorator$2.run (AbstractCommandDecorator.java:23)</div><div class="stackTraceEntry">at org.concordion.internal.command.ThrowableCatchingDecorator.process (ThrowableCatchingDecorator.java:42)</div><div class="stackTraceEntry">at org.concordion.api.AbstractCommandDecorator.execute (AbstractCommandDecorator.java:21)</div><div class="stackTraceEntry">at org.concordion.api.CommandCall.execute (CommandCall.java:29)</div><div class="stackTraceEntry">at org.concordion.internal.command.ExecuteCommand$TableStrategy.execute (ExecuteCommand.java:70)</div><div class="stackTraceEntry">at org.concordion.internal.command.ExecuteCommand.execute (ExecuteCommand.java:39)</div><div class="stackTraceEntry">at org.concordion.api.AbstractCommandDecorator$2.run (AbstractCommandDecorator.java:23)</div><div class="stackTraceEntry">at org.concordion.internal.command.LocalTextDecorator.process (LocalTextDecorator.java:26)</div><div class="stackTraceEntry">at org.concordion.api.AbstractCommandDecorator.execute (AbstractCommandDecorator.java:21)</div><div class="stackTraceEntry">at org.concordion.api.AbstractCommandDecorator$2.run (AbstractCommandDecorator.java:23)</div><div class="stackTraceEntry">at org.concordion.internal.command.ThrowableCatchingDecorator.process (ThrowableCatchingDecorator.java:42)</div><div class="stackTraceEntry">at org.concordion.api.AbstractCommandDecorator.execute (AbstractCommandDecorator.java:21)</div><div class="stackTraceEntry">at org.concordion.api.CommandCall.execute (CommandCall.java:29)</div><div class="stackTraceEntry">at org.concordion.api.CommandCallList.processSequentially (CommandCallList.java:30)</div><div class="stackTraceEntry">at org.concordion.internal.command.SpecificationCommand.execute (SpecificationCommand.java:31)</div><div class="stackTraceEntry">at org.concordion.api.CommandCall.execute (CommandCall.java:29)</div><div class="stackTraceEntry">at org.concordion.internal.XMLSpecification.process (XMLSpecification.java:17)</div><div class="stackTraceEntry">at org.concordion.Concordion.process (Concordion.java:33)</div><div class="stackTraceEntry">at org.concordion.Concordion.process (Concordion.java:26)</div><div class="stackTraceEntry">at org.concordion.internal.FixtureRunner.run (FixtureRunner.java:24)</div><div class="stackTraceEntry">at org.concordion.integration.junit4.ConcordionRunner$1.evaluate (ConcordionRunner.java:125)</div><div class="stackTraceEntry">at org.junit.internal.runners.statements.RunBefores.evaluate (RunBefores.java:26)</div><div class="stackTraceEntry">at org.junit.runners.ParentRunner.runLeaf (ParentRunner.java:325)</div><div class="stackTraceEntry">at org.junit.runners.BlockJUnit4ClassRunner.runChild (BlockJUnit4ClassRunner.java:78)</div><div class="stackTraceEntry">at org.concordion.integration.junit4.ConcordionRunner.runChild (ConcordionRunner.java:115)</div><div class="stackTraceEntry">at org.concordion.integration.junit4.ConcordionRunner.runChild (ConcordionRunner.java:21)</div><div class="stackTraceEntry">at org.junit.runners.ParentRunner$3.run (ParentRunner.java:290)</div><div class="stackTraceEntry">at org.junit.runners.ParentRunner$1.schedule (ParentRunner.java:71)</div><div class="stackTraceEntry">at org.junit.runners.ParentRunner.runChildren (ParentRunner.java:288)</div><div class="stackTraceEntry">at org.junit.runners.ParentRunner.access$000 (ParentRunner.java:58)</div><div class="stackTraceEntry">at org.junit.runners.ParentRunner$2.evaluate (ParentRunner.java:268)</div><div class="stackTraceEntry">at org.junit.internal.runners.statements.RunBefores.evaluate (RunBefores.java:26)</div><div class="stackTraceEntry">at org.junit.runners.ParentRunner.run (ParentRunner.java:363)</div><div class="stackTraceEntry">at org.junit.runners.Suite.runChild (Suite.java:128)</div><div class="stackTraceEntry">at org.junit.runners.Suite.runChild (Suite.java:27)</div><div class="stackTraceEntry">at org.junit.runners.ParentRunner$3.run (ParentRunner.java:290)</div><div class="stackTraceEntry">at org.junit.runners.ParentRunner$1.schedule (ParentRunner.java:71)</div><div class="stackTraceEntry">at org.junit.runners.ParentRunner.runChildren (ParentRunner.java:288)</div><div class="stackTraceEntry">at org.junit.runners.ParentRunner.access$000 (ParentRunner.java:58)</div><div class="stackTraceEntry">at org.junit.runners.ParentRunner$2.evaluate (ParentRunner.java:268)</div><div class="stackTraceEntry">at org.junit.runners.ParentRunner.run (ParentRunner.java:363)</div><div class="stackTraceEntry">at org.junit.runner.JUnitCore.run (JUnitCore.java:137)</div><div class="stackTraceEntry">at org.junit.runner.JUnitCore.run (JUnitCore.java:115)</div><div class="stackTraceEntry">at org.junit.runner.JUnitCore.run (JUnitCore.java:105)</div><div class="stackTraceEntry">at org.junit.runner.JUnitCore.runClasses (JUnitCore.java:62)</div><div class="stackTraceEntry">at org.junit.runner.JUnitCore.runClasses (JUnitCore.java:49)</div><div class="stackTraceEntry">at org.concordion.internal.runner.DefaultConcordionRunner.runJUnitClass (DefaultConcordionRunner.java:101)</div><div class="stackTraceEntry">at org.concordion.internal.runner.DefaultConcordionRunner.runTestClass (DefaultConcordionRunner.java:65)</div><div class="stackTraceEntry">at org.concordion.internal.runner.DefaultConcordionRunner.execute (DefaultConcordionRunner.java:28)</div><div class="stackTraceEntry">at org.concordion.ext.run.parallel.ParallelRunStrategy$1.call (ParallelRunStrategy.java:122)</div><div class="stackTraceEntry">at org.concordion.ext.run.parallel.ParallelRunStrategy$1.call (ParallelRunStrategy.java:117)</div><div class="stackTraceEntry">at com.google.common.util.concurrent.TrustedListenableFutureTask$TrustedFutureInterruptibleTask.runInterruptibly (TrustedListenableFutureTask.java:108)</div><div class="stackTraceEntry">at com.google.common.util.concurrent.InterruptibleTask.run (InterruptibleTask.java:41)</div><div class="stackTraceEntry">at com.google.common.util.concurrent.TrustedListenableFutureTask.run (TrustedListenableFutureTask.java:77)</div><div class="stackTraceEntry">at java.util.concurrent.ThreadPoolExecutor.runWorker (ThreadPoolExecutor.java:1149)</div><div class="stackTraceEntry">at java.util.concurrent.ThreadPoolExecutor$Worker.run (ThreadPoolExecutor.java:624)</div><div class="stackTraceEntry">at java.lang.Thread.run (Thread.java:748)</div><div class="stackTraceExceptionMessage">java.lang.NullPointerException: paymentId must not be null!</div><div class="stackTraceEntry">at com.google.common.base.Preconditions.checkNotNull (Preconditions.java:228)</div><div class="stackTraceEntry">at specs.BaseFixture.fetchPaymentById (BaseFixture.java:448)</div><div class="stackTraceEntry">at specs.BaseFixture.fetchPaymentByLegibleName (BaseFixture.java:437)</div><div class="stackTraceEntry">at specs.response.I18nPayoneResponseFixture.handleErrorJsonResponse (I18nPayoneResponseFixture.java:34)</div><div class="stackTraceEntry">at sun.reflect.NativeMethodAccessorImpl.invoke0 (NativeMethodAccessorImpl.java:-2)</div><div class="stackTraceEntry">at sun.reflect.NativeMethodAccessorImpl.invoke (NativeMethodAccessorImpl.java:62)</div><div class="stackTraceEntry">at sun.reflect.DelegatingMethodAccessorImpl.invoke (DelegatingMethodAccessorImpl.java:43)</div><div class="stackTraceEntry">at java.lang.reflect.Method.invoke (Method.java:498)</div><div class="stackTraceEntry">at ognl.OgnlRuntime.invokeMethod (OgnlRuntime.java:532)</div><div class="stackTraceEntry">at ognl.OgnlRuntime.callAppropriateMethod (OgnlRuntime.java:826)</div><div class="stackTraceEntry">at ognl.ObjectMethodAccessor.callMethod (ObjectMethodAccessor.java:61)</div><div class="stackTraceEntry">at ognl.OgnlRuntime.callMethod (OgnlRuntime.java:860)</div><div class="stackTraceEntry">at ognl.ASTMethod.getValueBody (ASTMethod.java:73)</div><div class="stackTraceEntry">at ognl.SimpleNode.evaluateGetValueBody (SimpleNode.java:170)</div><div class="stackTraceEntry">at ognl.SimpleNode.getValue (SimpleNode.java:210)</div><div class="stackTraceEntry">at ognl.ASTAssign.getValueBody (ASTAssign.java:49)</div><div class="stackTraceEntry">at ognl.SimpleNode.evaluateGetValueBody (SimpleNode.java:170)</div><div class="stackTraceEntry">at ognl.SimpleNode.getValue (SimpleNode.java:210)</div><div class="stackTraceEntry">at ognl.Ognl.getValue (Ognl.java:333)</div><div class="stackTraceEntry">at ognl.Ognl.getValue (Ognl.java:378)</div><div class="stackTraceEntry">at ognl.Ognl.getValue (Ognl.java:357)</div><div class="stackTraceEntry">at org.concordion.internal.OgnlEvaluator.evaluate (OgnlEvaluator.java:32)</div><div class="stackTraceEntry">at org.concordion.internal.command.ExecuteCommand$DefaultStrategy.execute (ExecuteCommand.java:52)</div><div class="stackTraceEntry">at org.concordion.internal.command.ExecuteCommand.execute (ExecuteCommand.java:39)</div><div class="stackTraceEntry">at org.concordion.api.AbstractCommandDecorator$2.run (AbstractCommandDecorator.java:23)</div><div class="stackTraceEntry">at org.concordion.internal.command.LocalTextDecorator.process (LocalTextDecorator.java:26)</div><div class="stackTraceEntry">at org.concordion.api.AbstractCommandDecorator.execute (AbstractCommandDecorator.java:21)</div><div class="stackTraceEntry">at org.concordion.api.AbstractCommandDecorator$2.run (AbstractCommandDecorator.java:23)</div><div class="stackTraceEntry">at org.concordion.internal.command.ThrowableCatchingDecorator.process (ThrowableCatchingDecorator.java:42)</div><div class="stackTraceEntry">at org.concordion.api.AbstractCommandDecorator.execute (AbstractCommandDecorator.java:21)</div><div class="stackTraceEntry">at org.concordion.api.CommandCall.execute (CommandCall.java:29)</div><div class="stackTraceEntry">at org.concordion.internal.command.ExecuteCommand$TableStrategy.execute (ExecuteCommand.java:70)</div><div class="stackTraceEntry">at org.concordion.internal.command.ExecuteCommand.execute (ExecuteCommand.java:39)</div><div class="stackTraceEntry">at org.concordion.api.AbstractCommandDecorator$2.run (AbstractCommandDecorator.java:23)</div><div class="stackTraceEntry">at org.concordion.internal.command.LocalTextDecorator.process (LocalTextDecorator.java:26)</div><div class="stackTraceEntry">at org.concordion.api.AbstractCommandDecorator.execute (AbstractCommandDecorator.java:21)</div><div class="stackTraceEntry">at org.concordion.api.AbstractCommandDecorator$2.run (AbstractCommandDecorator.java:23)</div><div class="stackTraceEntry">at org.concordion.internal.command.ThrowableCatchingDecorator.process (ThrowableCatchingDecorator.java:42)</div><div class="stackTraceEntry">at org.concordion.api.AbstractCommandDecorator.execute (AbstractCommandDecorator.java:21)</div><div class="stackTraceEntry">at org.concordion.api.CommandCall.execute (CommandCall.java:29)</div><div class="stackTraceEntry">at org.concordion.api.CommandCallList.processSequentially (CommandCallList.java:30)</div><div class="stackTraceEntry">at org.concordion.internal.command.SpecificationCommand.execute (SpecificationCommand.java:31)</div><div class="stackTraceEntry">at org.concordion.api.CommandCall.execute (CommandCall.java:29)</div><div class="stackTraceEntry">at org.concordion.internal.XMLSpecification.process (XMLSpecification.java:17)</div><div class="stackTraceEntry">at org.concordion.Concordion.process (Concordion.java:33)</div><div class="stackTraceEntry">at org.concordion.Concordion.process (Concordion.java:26)</div><div class="stackTraceEntry">at org.concordion.internal.FixtureRunner.run (FixtureRunner.java:24)</div><div class="stackTraceEntry">at org.concordion.integration.junit4.ConcordionRunner$1.evaluate (ConcordionRunner.java:125)</div><div class="stackTraceEntry">at org.junit.internal.runners.statements.RunBefores.evaluate (RunBefores.java:26)</div><div class="stackTraceEntry">at org.junit.runners.ParentRunner.runLeaf (ParentRunner.java:325)</div><div class="stackTraceEntry">at org.junit.runners.BlockJUnit4ClassRunner.runChild (BlockJUnit4ClassRunner.java:78)</div><div class="stackTraceEntry">at org.concordion.integration.junit4.ConcordionRunner.runChild (ConcordionRunner.java:115)</div><div class="stackTraceEntry">at org.concordion.integration.junit4.ConcordionRunner.runChild (ConcordionRunner.java:21)</div><div class="stackTraceEntry">at org.junit.runners.ParentRunner$3.run (ParentRunner.java:290)</div><div class="stackTraceEntry">at org.junit.runners.ParentRunner$1.schedule (ParentRunner.java:71)</div><div class="stackTraceEntry">at org.junit.runners.ParentRunner.runChildren (ParentRunner.java:288)</div><div class="stackTraceEntry">at org.junit.runners.ParentRunner.access$000 (ParentRunner.java:58)</div><div class="stackTraceEntry">at org.junit.runners.ParentRunner$2.evaluate (ParentRunner.java:268)</div><div class="stackTraceEntry">at org.junit.internal.runners.statements.RunBefores.evaluate (RunBefores.java:26)</div><div class="stackTraceEntry">at org.junit.runners.ParentRunner.run (ParentRunner.java:363)</div><div class="stackTraceEntry">at org.junit.runners.Suite.runChild (Suite.java:128)</div><div class="stackTraceEntry">at org.junit.runners.Suite.runChild (Suite.java:27)</div><div class="stackTraceEntry">at org.junit.runners.ParentRunner$3.run (ParentRunner.java:290)</div><div class="stackTraceEntry">at org.junit.runners.ParentRunner$1.schedule (ParentRunner.java:71)</div><div class="stackTraceEntry">at org.junit.runners.ParentRunner.runChildren (ParentRunner.java:288)</div><div class="stackTraceEntry">at org.junit.runners.ParentRunner.access$000 (ParentRunner.java:58)</div><div class="stackTraceEntry">at org.junit.runners.ParentRunner$2.evaluate (ParentRunner.java:268)</div><div class="stackTraceEntry">at org.junit.runners.ParentRunner.run (ParentRunner.java:363)</div><div class="stackTraceEntry">at org.junit.runner.JUnitCore.run (JUnitCore.java:137)</div><div class="stackTraceEntry">at org.junit.runner.JUnitCore.run (JUnitCore.java:115)</div><div class="stackTraceEntry">at org.junit.runner.JUnitCore.run (JUnitCore.java:105)</div><div class="stackTraceEntry">at org.junit.runner.JUnitCore.runClasses (JUnitCore.java:62)</div><div class="stackTraceEntry">at org.junit.runner.JUnitCore.runClasses (JUnitCore.java:49)</div><div class="stackTraceEntry">at org.concordion.internal.runner.DefaultConcordionRunner.runJUnitClass (DefaultConcordionRunner.java:101)</div><div class="stackTraceEntry">at org.concordion.internal.runner.DefaultConcordionRunner.runTestClass (DefaultConcordionRunner.java:65)</div><div class="stackTraceEntry">at org.concordion.internal.runner.DefaultConcordionRunner.execute (DefaultConcordionRunner.java:28)</div><div class="stackTraceEntry">at org.concordion.ext.run.parallel.ParallelRunStrategy$1.call (ParallelRunStrategy.java:122)</div><div class="stackTraceEntry">at org.concordion.ext.run.parallel.ParallelRunStrategy$1.call (ParallelRunStrategy.java:117)</div><div class="stackTraceEntry">at com.google.common.util.concurrent.TrustedListenableFutureTask$TrustedFutureInterruptibleTask.runInterruptibly (TrustedListenableFutureTask.java:108)</div><div class="stackTraceEntry">at com.google.common.util.concurrent.InterruptibleTask.run (InterruptibleTask.java:41)</div><div class="stackTraceEntry">at com.google.common.util.concurrent.TrustedListenableFutureTask.run (TrustedListenableFutureTask.java:77)</div><div class="stackTraceEntry">at java.util.concurrent.ThreadPoolExecutor.runWorker (ThreadPoolExecutor.java:1149)</div><div class="stackTraceEntry">at java.util.concurrent.ThreadPoolExecutor$Worker.run (ThreadPoolExecutor.java:624)</div><div class="stackTraceEntry">at java.lang.Thread.run (Thread.java:748)</div></div></tr>
    </table>
</div>

<div class="footer">Results generated by <a href="http://www.concordion.org" style="font-weight: bold; text-decoration: none; color: #89C;">Concordion</a><div class="testTime">in 62557 ms on 21-Sep-2017 at 13:41:56 UTC</div></div></body>
</html>